wandb: [wandb.login()] Loaded credentials for https://api.wandb.ai from WANDB_API_KEY.
wandb: W&B API key is configured. Use `wandb login --relogin` to force relogin
wandb: setting up run 5kwnscai
wandb: Tracking run with wandb version 0.25.1
wandb: Run data is saved locally in /workspace/ml-intern-benchmark/target/wandb/run-20260429_190413-5kwnscai
wandb: Run `wandb offline` to turn off syncing.
wandb: Syncing run mlintern-pai2-24h-v2-r1/sub32k-h256-l8-mlp4-fourier-tpp
wandb: ⭐️ View project at https://wandb.ai/wandb-applied-ai-team/senpai-v1-ml-intern
wandb: 🚀 View run at https://wandb.ai/wandb-applied-ai-team/senpai-v1-ml-intern/runs/5kwnscai
Device: cuda
Train: 1499, val_single_in_dist: 100, val_geom_camber_rc: 100, val_geom_camber_cruise: 100, val_re_rand: 100
Model: Transolver (6.06M params)
Epoch   1 (124s) [23.6GB]  train[vol=1.9226 surf=0.9702]  val_avg_surf_p=258.4540 *  lr=5.00e-04
    val_single_in_dist         loss=15.9883  surf[p=297.6703 Ux=4.5299 Uy=1.5397]  vol[p=302.4513 Ux=11.8874 Uy=4.4141]
    val_geom_camber_rc         loss=9.5148  surf[p=266.3935 Ux=5.4304 Uy=1.9122]  vol[p=282.1207 Ux=12.3237 Uy=4.8552]
    val_geom_camber_cruise     loss=6.8049  surf[p=236.0134 Ux=4.7454 Uy=1.6360]  vol[p=229.7741 Ux=9.4143 Uy=3.8864]
    val_re_rand                loss=7.3169  surf[p=233.7388 Ux=5.0627 Uy=1.6900]  vol[p=233.6862 Ux=10.3012 Uy=4.1016]
Epoch   2 (123s) [23.6GB]  train[vol=1.1203 surf=0.5871]  val_avg_surf_p=228.9470 *  lr=4.98e-04
    val_single_in_dist         loss=19.3825  surf[p=317.6937 Ux=4.7298 Uy=1.5817]  vol[p=286.5116 Ux=10.8513 Uy=3.7050]
    val_geom_camber_rc         loss=7.5912  surf[p=226.8590 Ux=4.3189 Uy=1.6581]  vol[p=209.1867 Ux=9.9318 Uy=3.9618]
    val_geom_camber_cruise     loss=4.8841  surf[p=178.0374 Ux=4.2590 Uy=1.2095]  vol[p=162.1221 Ux=8.7505 Uy=3.1135]
    val_re_rand                loss=5.9157  surf[p=193.1979 Ux=4.1402 Uy=1.3372]  vol[p=174.0728 Ux=8.9403 Uy=3.3394]
Epoch   3 (123s) [23.6GB]  train[vol=0.9248 surf=0.5108]  val_avg_surf_p=215.6461 *  lr=4.96e-04
    val_single_in_dist         loss=12.4837  surf[p=260.2341 Ux=5.1950 Uy=1.4276]  vol[p=237.5916 Ux=9.4261 Uy=3.3173]
    val_geom_camber_rc         loss=6.9735  surf[p=207.4534 Ux=5.4361 Uy=1.4429]  vol[p=194.4287 Ux=9.1502 Uy=3.5686]
    val_geom_camber_cruise     loss=5.5086  surf[p=205.0718 Ux=5.5638 Uy=1.0120]  vol[p=186.5126 Ux=8.7353 Uy=2.4217]
    val_re_rand                loss=5.3991  surf[p=189.8251 Ux=5.3091 Uy=1.2236]  vol[p=176.2911 Ux=8.5807 Uy=2.8754]
Epoch   4 (123s) [23.6GB]  train[vol=0.8488 surf=0.4855]  val_avg_surf_p=218.0986  lr=4.92e-04
    val_single_in_dist         loss=11.4663  surf[p=264.7649 Ux=4.2695 Uy=1.2888]  vol[p=251.3048 Ux=9.7697 Uy=3.2470]
    val_geom_camber_rc         loss=6.7491  surf[p=210.5194 Ux=4.9324 Uy=1.3791]  vol[p=198.8237 Ux=9.2638 Uy=3.5718]
    val_geom_camber_cruise     loss=4.0895  surf[p=201.2905 Ux=3.4723 Uy=0.8921]  vol[p=208.8576 Ux=7.5029 Uy=2.3800]
    val_re_rand                loss=4.7880  surf[p=195.8195 Ux=4.1282 Uy=1.0987]  vol[p=194.7234 Ux=8.0508 Uy=2.8382]
Epoch   5 (123s) [23.6GB]  train[vol=0.7322 surf=0.4038]  val_avg_surf_p=180.4356 *  lr=4.88e-04
    val_single_in_dist         loss=8.9482  surf[p=205.9206 Ux=3.4916 Uy=1.1622]  vol[p=210.8468 Ux=7.4595 Uy=2.9152]
    val_geom_camber_rc         loss=6.4960  surf[p=203.9850 Ux=4.4731 Uy=1.4488]  vol[p=201.2550 Ux=7.8348 Uy=3.6257]
    val_geom_camber_cruise     loss=3.7004  surf[p=151.4807 Ux=4.3557 Uy=0.8451]  vol[p=147.4133 Ux=7.6841 Uy=2.1920]
    val_re_rand                loss=4.4847  surf[p=160.3560 Ux=4.3297 Uy=1.1059]  vol[p=156.9362 Ux=7.5369 Uy=2.7528]
Epoch   6 (123s) [23.6GB]  train[vol=0.6476 surf=0.3480]  val_avg_surf_p=191.1079  lr=4.82e-04
    val_single_in_dist         loss=11.6492  surf[p=250.8421 Ux=2.9063 Uy=1.3892]  vol[p=241.3765 Ux=7.9013 Uy=3.2948]
    val_geom_camber_rc         loss=6.4089  surf[p=202.8965 Ux=3.8586 Uy=1.5846]  vol[p=198.8026 Ux=7.7453 Uy=3.8708]
    val_geom_camber_cruise     loss=2.5454  surf[p=143.4512 Ux=2.0700 Uy=0.8563]  vol[p=139.0628 Ux=5.3712 Uy=2.2969]
    val_re_rand                loss=4.2716  surf[p=167.2417 Ux=2.8910 Uy=1.1610]  vol[p=157.7869 Ux=6.3269 Uy=2.9633]
Epoch   7 (123s) [23.6GB]  train[vol=0.8927 surf=0.5127]  val_avg_surf_p=184.2626  lr=4.76e-04
    val_single_in_dist         loss=10.7138  surf[p=225.1559 Ux=5.2248 Uy=1.6669]  vol[p=218.1524 Ux=7.7130 Uy=2.9640]
    val_geom_camber_rc         loss=7.5494  surf[p=214.7988 Ux=5.7358 Uy=1.8348]  vol[p=212.2725 Ux=7.6308 Uy=3.6649]
    val_geom_camber_cruise     loss=3.2886  surf[p=133.3410 Ux=5.0836 Uy=1.2573]  vol[p=120.0794 Ux=7.2631 Uy=2.2176]
    val_re_rand                loss=4.9985  surf[p=163.7549 Ux=4.9458 Uy=1.5287]  vol[p=150.1794 Ux=7.0469 Uy=2.8108]
Epoch   8 (123s) [23.6GB]  train[vol=0.6615 surf=0.3609]  val_avg_surf_p=180.7290  lr=4.69e-04
    val_single_in_dist         loss=7.6372  surf[p=216.5570 Ux=2.9248 Uy=1.1949]  vol[p=217.0519 Ux=7.2010 Uy=2.8853]
    val_geom_camber_rc         loss=6.2173  surf[p=205.0013 Ux=4.0985 Uy=1.4521]  vol[p=201.9509 Ux=7.4125 Uy=3.4950]
    val_geom_camber_cruise     loss=2.3141  surf[p=143.7605 Ux=2.2365 Uy=0.7812]  vol[p=129.4867 Ux=5.2511 Uy=1.8851]
    val_re_rand                loss=3.7562  surf[p=157.5971 Ux=2.8630 Uy=1.0571]  vol[p=147.3193 Ux=5.8953 Uy=2.5702]
Epoch   9 (123s) [23.6GB]  train[vol=0.5467 surf=0.2816]  val_avg_surf_p=158.1551 *  lr=4.61e-04
    val_single_in_dist         loss=7.0027  surf[p=180.0898 Ux=4.1981 Uy=1.1593]  vol[p=191.9909 Ux=7.4551 Uy=2.6814]
    val_geom_camber_rc         loss=5.8753  surf[p=186.3662 Ux=4.8991 Uy=1.4227]  vol[p=203.1327 Ux=7.6119 Uy=3.4769]
    val_geom_camber_cruise     loss=2.1453  surf[p=126.0614 Ux=3.2244 Uy=0.7768]  vol[p=113.8521 Ux=5.1944 Uy=1.7485]
    val_re_rand                loss=3.4106  surf[p=140.1031 Ux=3.6431 Uy=1.0356]  vol[p=137.7692 Ux=5.8154 Uy=2.4614]
Epoch  10 (123s) [23.6GB]  train[vol=0.6796 surf=0.3915]  val_avg_surf_p=162.6251  lr=4.52e-04
    val_single_in_dist         loss=8.6921  surf[p=209.7171 Ux=2.4459 Uy=1.0482]  vol[p=208.7994 Ux=6.4947 Uy=2.5934]
    val_geom_camber_rc         loss=4.9884  surf[p=186.3484 Ux=4.0828 Uy=1.2659]  vol[p=183.0644 Ux=7.0281 Uy=3.1672]
    val_geom_camber_cruise     loss=1.8707  surf[p=116.3223 Ux=1.7194 Uy=0.8314]  vol[p=120.1209 Ux=4.5349 Uy=1.8864]
    val_re_rand                loss=3.0739  surf[p=138.1126 Ux=2.4917 Uy=1.0102]  vol[p=135.5094 Ux=5.2908 Uy=2.4220]
Epoch  11 (123s) [23.6GB]  train[vol=0.5638 surf=0.2950]  val_avg_surf_p=158.4853  lr=4.43e-04
    val_single_in_dist         loss=6.0104  surf[p=197.7602 Ux=2.8423 Uy=1.0741]  vol[p=198.9751 Ux=6.1014 Uy=2.5331]
    val_geom_camber_rc         loss=4.2334  surf[p=153.9091 Ux=4.0433 Uy=1.2242]  vol[p=155.9787 Ux=6.8227 Uy=3.1455]
    val_geom_camber_cruise     loss=2.3535  surf[p=139.2698 Ux=2.0571 Uy=0.8978]  vol[p=126.7525 Ux=5.0240 Uy=2.0183]
    val_re_rand                loss=3.2572  surf[p=143.0019 Ux=3.0025 Uy=1.0283]  vol[p=137.1890 Ux=5.8130 Uy=2.4556]
Epoch  12 (123s) [23.6GB]  train[vol=0.6693 surf=0.3516]  val_avg_surf_p=217.9799  lr=4.32e-04
    val_single_in_dist         loss=9.1537  surf[p=255.4835 Ux=3.7099 Uy=1.2989]  vol[p=259.8291 Ux=8.0854 Uy=3.1354]
    val_geom_camber_rc         loss=5.9483  surf[p=226.0010 Ux=3.9095 Uy=1.4198]  vol[p=235.6930 Ux=7.7758 Uy=3.5027]
    val_geom_camber_cruise     loss=2.7271  surf[p=181.9734 Ux=3.4263 Uy=1.0129]  vol[p=189.4104 Ux=7.1010 Uy=2.2085]
    val_re_rand                loss=4.2517  surf[p=208.4615 Ux=3.6548 Uy=1.2150]  vol[p=210.5374 Ux=7.4745 Uy=2.7695]
Epoch  13 (123s) [23.6GB]  train[vol=0.7129 surf=0.3918]  val_avg_surf_p=148.9691 *  lr=4.21e-04
    val_single_in_dist         loss=5.5608  surf[p=168.2761 Ux=2.3458 Uy=0.9697]  vol[p=169.8478 Ux=5.5728 Uy=2.4553]
    val_geom_camber_rc         loss=4.5570  surf[p=168.7669 Ux=3.2773 Uy=1.2446]  vol[p=170.2402 Ux=6.1743 Uy=3.1709]
    val_geom_camber_cruise     loss=2.5943  surf[p=124.9739 Ux=3.5298 Uy=0.6954]  vol[p=119.9603 Ux=6.6839 Uy=1.7658]
    val_re_rand                loss=3.1950  surf[p=133.8595 Ux=3.0524 Uy=0.9140]  vol[p=132.0441 Ux=6.2182 Uy=2.3365]
Epoch  14 (123s) [23.6GB]  train[vol=0.4819 surf=0.2611]  val_avg_surf_p=161.9996  lr=4.09e-04
    val_single_in_dist         loss=6.2713  surf[p=197.9288 Ux=2.2375 Uy=1.0695]  vol[p=199.1594 Ux=5.6942 Uy=2.6341]
    val_geom_camber_rc         loss=6.4677  surf[p=204.4554 Ux=3.3656 Uy=1.3492]  vol[p=191.7310 Ux=6.2092 Uy=3.3074]
    val_geom_camber_cruise     loss=1.9015  surf[p=110.4741 Ux=1.5911 Uy=1.0391]  vol[p=106.6357 Ux=4.3050 Uy=1.9606]
    val_re_rand                loss=3.1011  surf[p=135.1402 Ux=2.2587 Uy=1.0880]  vol[p=129.1789 Ux=5.1245 Uy=2.5007]
Epoch  15 (123s) [23.6GB]  train[vol=0.4015 surf=0.1996]  val_avg_surf_p=175.3176  lr=3.97e-04
    val_single_in_dist         loss=9.3844  surf[p=233.3394 Ux=4.3604 Uy=1.0420]  vol[p=243.1950 Ux=8.1546 Uy=2.6812]
    val_geom_camber_rc         loss=5.8467  surf[p=198.8623 Ux=4.1056 Uy=1.3269]  vol[p=196.7604 Ux=7.0221 Uy=3.3513]
    val_geom_camber_cruise     loss=1.7954  surf[p=123.9909 Ux=1.9452 Uy=0.8118]  vol[p=121.1979 Ux=4.6068 Uy=1.7468]
    val_re_rand                loss=3.4156  surf[p=145.0780 Ux=2.5895 Uy=1.0022]  vol[p=143.7267 Ux=5.2493 Uy=2.4304]
Epoch  16 (123s) [23.6GB]  train[vol=0.5026 surf=0.2749]  val_avg_surf_p=156.5259  lr=3.84e-04
    val_single_in_dist         loss=9.0294  surf[p=202.3596 Ux=3.4612 Uy=1.0515]  vol[p=201.6697 Ux=6.9311 Uy=2.7665]
    val_geom_camber_rc         loss=4.7840  surf[p=170.8985 Ux=3.4417 Uy=1.2355]  vol[p=166.9162 Ux=6.6252 Uy=3.4173]
    val_geom_camber_cruise     loss=2.0411  surf[p=122.3272 Ux=2.2960 Uy=0.9111]  vol[p=124.6936 Ux=5.2641 Uy=2.1387]
    val_re_rand                loss=3.2010  surf[p=130.5181 Ux=2.7528 Uy=1.0197]  vol[p=128.7800 Ux=5.8001 Uy=2.5925]
Epoch  17 (123s) [23.6GB]  train[vol=0.4491 surf=0.2344]  val_avg_surf_p=139.3558 *  lr=3.70e-04
    val_single_in_dist         loss=5.6367  surf[p=164.8640 Ux=3.4278 Uy=0.8742]  vol[p=184.4422 Ux=6.5487 Uy=2.3588]
    val_geom_camber_rc         loss=4.2697  surf[p=166.0446 Ux=3.7996 Uy=1.1392]  vol[p=169.5913 Ux=6.6555 Uy=3.0532]
    val_geom_camber_cruise     loss=1.7966  surf[p=103.1945 Ux=2.5633 Uy=0.7454]  vol[p=100.7851 Ux=4.7845 Uy=1.7186]
    val_re_rand                loss=2.7391  surf[p=123.3200 Ux=2.8716 Uy=0.8714]  vol[p=122.9109 Ux=5.3381 Uy=2.2551]
Epoch  18 (123s) [23.6GB]  train[vol=0.4745 surf=0.2360]  val_avg_surf_p=129.4145 *  lr=3.56e-04
    val_single_in_dist         loss=6.4188  surf[p=173.9271 Ux=2.4810 Uy=0.9232]  vol[p=188.8452 Ux=5.8132 Uy=2.3685]
    val_geom_camber_rc         loss=3.4556  surf[p=143.5511 Ux=2.9535 Uy=1.0795]  vol[p=147.7782 Ux=5.6826 Uy=2.9173]
    val_geom_camber_cruise     loss=1.3499  surf[p=91.3477 Ux=1.5274 Uy=0.6953]  vol[p=93.4970 Ux=4.0516 Uy=1.5764]
    val_re_rand                loss=2.3176  surf[p=108.8323 Ux=2.2052 Uy=0.8671]  vol[p=112.3694 Ux=4.7949 Uy=2.1414]
Epoch  19 (123s) [23.6GB]  train[vol=0.4520 surf=0.2232]  val_avg_surf_p=146.9474  lr=3.42e-04
    val_single_in_dist         loss=5.3259  surf[p=172.2327 Ux=2.4229 Uy=0.8773]  vol[p=178.5713 Ux=5.4072 Uy=2.2919]
    val_geom_camber_rc         loss=4.3426  surf[p=181.1033 Ux=3.4905 Uy=1.0546]  vol[p=170.0494 Ux=6.1626 Uy=2.9519]
    val_geom_camber_cruise     loss=1.6281  surf[p=100.2593 Ux=1.9710 Uy=0.7693]  vol[p=93.7060 Ux=4.1968 Uy=1.6895]
    val_re_rand                loss=2.7637  surf[p=134.1942 Ux=2.4791 Uy=0.8986]  vol[p=123.4696 Ux=4.9899 Uy=2.2317]
Epoch  20 (123s) [23.6GB]  train[vol=0.3793 surf=0.1757]  val_avg_surf_p=129.5576  lr=3.27e-04
