wandb: [wandb.login()] Loaded credentials for https://api.wandb.ai from WANDB_API_KEY.
wandb: W&B API key is configured. Use `wandb login --relogin` to force relogin
wandb: Tracking run with wandb version 0.25.1
wandb: Run data is saved locally in /workspace/ml-intern-benchmark/target/wandb/run-20260430_033346-qktw07e8
wandb: Run `wandb offline` to turn off syncing.
wandb: Syncing run mlintern-pai2-24h-v2-r1/wc-lr1e3-sub32k-h256-l8-mlp4-100ep-seed2
wandb: ⭐️ View project at https://wandb.ai/wandb-applied-ai-team/senpai-v1-ml-intern
wandb: 🚀 View run at https://wandb.ai/wandb-applied-ai-team/senpai-v1-ml-intern/runs/qktw07e8
Device: cuda
Train: 1499, val_single_in_dist: 100, val_geom_camber_rc: 100, val_geom_camber_cruise: 100, val_re_rand: 100
Model: Transolver (6.04M params)
Epoch   1 (114s) [23.6GB]  train[vol=2.0025 surf=1.1357]  val_avg_surf_p=233.3211 *  lr=2.01e-04
    val_single_in_dist         loss=15.7259  surf[p=278.6385 Ux=4.2995 Uy=1.4880]  vol[p=253.9922 Ux=9.5448 Uy=4.2339]
    val_geom_camber_rc         loss=8.9266  surf[p=258.6653 Ux=5.3480 Uy=1.6381]  vol[p=248.8118 Ux=10.1145 Uy=4.3843]
    val_geom_camber_cruise     loss=4.3979  surf[p=187.7167 Ux=3.7154 Uy=1.0281]  vol[p=157.6233 Ux=7.3742 Uy=3.0678]
    val_re_rand                loss=6.6066  surf[p=208.2640 Ux=4.8432 Uy=1.2853]  vol[p=192.0083 Ux=9.0329 Uy=3.4511]
Epoch   2 (112s) [23.6GB]  train[vol=1.3310 surf=0.7597]  val_avg_surf_p=272.0180  lr=4.01e-04
    val_single_in_dist         loss=19.8299  surf[p=319.2536 Ux=5.6912 Uy=1.3650]  vol[p=245.2291 Ux=9.2301 Uy=3.5776]
    val_geom_camber_rc         loss=15.7107  surf[p=350.9448 Ux=6.8786 Uy=1.9085]  vol[p=253.5705 Ux=10.3985 Uy=4.1693]
    val_geom_camber_cruise     loss=5.0159  surf[p=187.7869 Ux=4.4443 Uy=0.9780]  vol[p=171.3715 Ux=8.1992 Uy=2.6830]
    val_re_rand                loss=8.4214  surf[p=230.0868 Ux=5.2048 Uy=1.2916]  vol[p=180.1318 Ux=8.8915 Uy=3.1471]
Epoch   3 (112s) [23.6GB]  train[vol=1.0189 surf=0.6093]  val_avg_surf_p=269.4912  lr=6.00e-04
    val_single_in_dist         loss=15.9877  surf[p=329.6228 Ux=7.2896 Uy=1.4431]  vol[p=282.9515 Ux=10.7142 Uy=3.2415]
    val_geom_camber_rc         loss=12.5021  surf[p=323.3893 Ux=5.9543 Uy=1.8754]  vol[p=284.1700 Ux=8.8058 Uy=4.1972]
    val_geom_camber_cruise     loss=3.6990  surf[p=181.7133 Ux=4.4589 Uy=0.8990]  vol[p=145.5877 Ux=7.1733 Uy=2.0234]
    val_re_rand                loss=8.5962  surf[p=243.2393 Ux=5.3160 Uy=1.3795]  vol[p=195.0907 Ux=7.9219 Uy=2.8679]
Epoch   4 (112s) [23.6GB]  train[vol=0.9236 surf=0.5895]  val_avg_surf_p=198.2782 *  lr=8.00e-04
    val_single_in_dist         loss=10.8771  surf[p=248.7231 Ux=3.3618 Uy=1.3231]  vol[p=218.8050 Ux=7.4028 Uy=3.3120]
    val_geom_camber_rc         loss=7.4915  surf[p=210.0470 Ux=5.1772 Uy=1.7396]  vol[p=202.6278 Ux=8.3029 Uy=4.0492]
    val_geom_camber_cruise     loss=3.9153  surf[p=164.3551 Ux=4.3006 Uy=1.0320]  vol[p=140.4768 Ux=7.9234 Uy=2.2607]
    val_re_rand                loss=5.0357  surf[p=169.9875 Ux=4.4418 Uy=1.3105]  vol[p=153.6486 Ux=7.9004 Uy=2.9263]
Epoch   5 (112s) [23.6GB]  train[vol=0.9338 surf=0.5711]  val_avg_surf_p=174.1533 *  lr=1.00e-03
    val_single_in_dist         loss=9.8030  surf[p=220.1414 Ux=2.5505 Uy=1.1234]  vol[p=210.4147 Ux=6.6826 Uy=2.7278]
    val_geom_camber_rc         loss=5.8856  surf[p=190.7179 Ux=3.7999 Uy=1.3250]  vol[p=178.9768 Ux=6.8508 Uy=3.2591]
    val_geom_camber_cruise     loss=2.3260  surf[p=131.1174 Ux=2.9915 Uy=0.6808]  vol[p=121.9414 Ux=5.7374 Uy=1.7995]
    val_re_rand                loss=3.6747  surf[p=154.6366 Ux=3.3435 Uy=0.9777]  vol[p=143.0844 Ux=6.5338 Uy=2.4062]
Epoch   6 (112s) [23.6GB]  train[vol=0.7109 surf=0.4326]  val_avg_surf_p=204.3496  lr=1.00e-03
    val_single_in_dist         loss=14.3800  surf[p=297.9266 Ux=3.7394 Uy=1.2997]  vol[p=283.3876 Ux=7.2921 Uy=3.2901]
    val_geom_camber_rc         loss=6.3433  surf[p=212.0294 Ux=4.5066 Uy=1.3909]  vol[p=185.7395 Ux=7.2054 Uy=3.4531]
    val_geom_camber_cruise     loss=2.3437  surf[p=144.0053 Ux=3.2011 Uy=0.7616]  vol[p=121.3815 Ux=5.3960 Uy=1.7715]
    val_re_rand                loss=3.6802  surf[p=163.4370 Ux=3.6394 Uy=1.0356]  vol[p=141.8765 Ux=6.1571 Uy=2.4720]
Epoch   7 (112s) [23.6GB]  train[vol=0.7274 surf=0.4395]  val_avg_surf_p=178.4929  lr=9.99e-04
    val_single_in_dist         loss=10.2358  surf[p=235.1650 Ux=2.6492 Uy=1.0411]  vol[p=216.3857 Ux=6.8855 Uy=2.7631]
    val_geom_camber_rc         loss=5.1120  surf[p=163.9484 Ux=3.6712 Uy=1.2799]  vol[p=150.6442 Ux=7.2374 Uy=3.2617]
    val_geom_camber_cruise     loss=3.1172  surf[p=167.0517 Ux=2.3599 Uy=0.7020]  vol[p=145.4990 Ux=5.7208 Uy=1.6941]
    val_re_rand                loss=3.2956  surf[p=147.8064 Ux=3.0584 Uy=0.8990]  vol[p=133.4555 Ux=6.2197 Uy=2.2300]
Epoch   8 (112s) [23.6GB]  train[vol=0.7481 surf=0.4362]  val_avg_surf_p=175.1814  lr=9.98e-04
    val_single_in_dist         loss=8.0628  surf[p=221.2893 Ux=2.1152 Uy=1.0803]  vol[p=199.5607 Ux=5.6548 Uy=2.6148]
    val_geom_camber_rc         loss=5.9633  surf[p=205.7912 Ux=3.2591 Uy=1.2868]  vol[p=187.9799 Ux=6.4172 Uy=3.1128]
    val_geom_camber_cruise     loss=2.2502  surf[p=124.9910 Ux=1.9436 Uy=0.7577]  vol[p=113.2536 Ux=5.0600 Uy=1.8093]
    val_re_rand                loss=3.4582  surf[p=148.6539 Ux=2.4648 Uy=0.9837]  vol[p=134.2167 Ux=5.4673 Uy=2.3412]
Epoch   9 (112s) [23.6GB]  train[vol=0.5124 surf=0.3018]  val_avg_surf_p=141.6475 *  lr=9.96e-04
    val_single_in_dist         loss=5.1173  surf[p=146.8323 Ux=2.0107 Uy=0.8810]  vol[p=144.0465 Ux=5.1559 Uy=2.1422]
    val_geom_camber_rc         loss=5.3951  surf[p=193.4643 Ux=3.1048 Uy=1.2283]  vol[p=187.9667 Ux=6.0675 Uy=3.1209]
    val_geom_camber_cruise     loss=1.3040  surf[p=93.0062 Ux=1.6222 Uy=0.6098]  vol[p=95.3091 Ux=4.0233 Uy=1.4512]
    val_re_rand                loss=3.2343  surf[p=133.2871 Ux=2.3232 Uy=0.9016]  vol[p=126.8376 Ux=4.8062 Uy=2.1589]
Epoch  10 (112s) [23.6GB]  train[vol=0.5098 surf=0.2833]  val_avg_surf_p=143.1903  lr=9.93e-04
    val_single_in_dist         loss=10.1492  surf[p=181.9078 Ux=3.1254 Uy=0.8535]  vol[p=174.3789 Ux=6.0308 Uy=2.5311]
    val_geom_camber_rc         loss=4.3730  surf[p=164.1524 Ux=3.3083 Uy=1.0897]  vol[p=153.8845 Ux=5.7598 Uy=3.0378]
    val_geom_camber_cruise     loss=1.4146  surf[p=100.0715 Ux=1.9297 Uy=0.6160]  vol[p=101.3713 Ux=4.2903 Uy=1.6200]
    val_re_rand                loss=2.7763  surf[p=126.6293 Ux=2.3813 Uy=0.8309]  vol[p=118.9858 Ux=4.6780 Uy=2.2026]
Epoch  11 (112s) [23.6GB]  train[vol=0.4105 surf=0.2508]  val_avg_surf_p=133.5885 *  lr=9.90e-04
    val_single_in_dist         loss=5.5402  surf[p=178.5885 Ux=1.9891 Uy=0.9930]  vol[p=173.6582 Ux=5.2759 Uy=2.3982]
    val_geom_camber_rc         loss=3.6849  surf[p=139.5849 Ux=2.5234 Uy=1.0961]  vol[p=147.8863 Ux=5.5949 Uy=2.7605]
    val_geom_camber_cruise     loss=1.4463  surf[p=96.3598 Ux=1.6534 Uy=0.7227]  vol[p=100.9976 Ux=4.4196 Uy=1.8009]
    val_re_rand                loss=2.4985  surf[p=119.8207 Ux=2.1529 Uy=0.8778]  vol[p=121.2040 Ux=4.9857 Uy=2.1712]
Epoch  12 (112s) [23.6GB]  train[vol=0.4961 surf=0.3132]  val_avg_surf_p=144.5129  lr=9.87e-04
    val_single_in_dist         loss=5.7523  surf[p=174.4679 Ux=2.4170 Uy=0.7949]  vol[p=199.7242 Ux=5.1487 Uy=2.1783]
    val_geom_camber_rc         loss=5.2496  surf[p=178.9752 Ux=3.3978 Uy=1.1449]  vol[p=160.5540 Ux=6.1413 Uy=3.0063]
    val_geom_camber_cruise     loss=1.5884  surf[p=104.6184 Ux=2.2435 Uy=0.5715]  vol[p=95.6978 Ux=4.3125 Uy=1.4577]
    val_re_rand                loss=2.6336  surf[p=119.9902 Ux=2.4512 Uy=0.8051]  vol[p=111.6672 Ux=4.7330 Uy=2.0674]
Epoch  13 (112s) [23.6GB]  train[vol=0.4438 surf=0.2516]  val_avg_surf_p=127.3919 *  lr=9.83e-04
    val_single_in_dist         loss=4.4813  surf[p=162.0703 Ux=2.5063 Uy=0.9029]  vol[p=145.1972 Ux=4.8591 Uy=2.0791]
    val_geom_camber_rc         loss=3.2610  surf[p=124.3108 Ux=2.6063 Uy=1.0117]  vol[p=117.8372 Ux=5.4088 Uy=2.8070]
    val_geom_camber_cruise     loss=1.6012  surf[p=105.7201 Ux=2.1738 Uy=0.6915]  vol[p=101.4704 Ux=4.0141 Uy=1.6451]
    val_re_rand                loss=2.3770  surf[p=117.4666 Ux=2.2528 Uy=0.8274]  vol[p=109.0491 Ux=4.5082 Uy=2.0624]
Epoch  14 (112s) [23.6GB]  train[vol=0.4594 surf=0.2684]  val_avg_surf_p=147.5319  lr=9.78e-04
    val_single_in_dist         loss=4.4378  surf[p=170.3900 Ux=2.2851 Uy=0.8051]  vol[p=141.7098 Ux=4.9765 Uy=1.9595]
    val_geom_camber_rc         loss=3.8604  surf[p=166.8493 Ux=2.8719 Uy=0.9445]  vol[p=140.8049 Ux=5.4584 Uy=2.6527]
    val_geom_camber_cruise     loss=1.4730  surf[p=104.2183 Ux=1.9031 Uy=0.6975]  vol[p=100.7241 Ux=3.9862 Uy=1.5968]
    val_re_rand                loss=3.2491  surf[p=148.6701 Ux=2.5264 Uy=0.8296]  vol[p=124.0123 Ux=4.6406 Uy=2.0618]
Epoch  15 (112s) [23.6GB]  train[vol=0.4223 surf=0.2395]  val_avg_surf_p=119.1361 *  lr=9.73e-04
    val_single_in_dist         loss=5.3899  surf[p=149.9521 Ux=2.5192 Uy=0.7648]  vol[p=142.9045 Ux=5.2262 Uy=2.0762]
    val_geom_camber_rc         loss=2.9024  surf[p=119.9065 Ux=2.4216 Uy=0.8803]  vol[p=133.6152 Ux=5.1396 Uy=2.5218]
    val_geom_camber_cruise     loss=1.3787  surf[p=95.5445 Ux=2.1400 Uy=0.6374]  vol[p=94.6198 Ux=4.4076 Uy=1.4080]
    val_re_rand                loss=2.2283  surf[p=111.1412 Ux=2.2139 Uy=0.7649]  vol[p=111.6996 Ux=4.6577 Uy=1.9066]
Epoch  16 (112s) [23.6GB]  train[vol=0.4138 surf=0.2313]  val_avg_surf_p=107.9886 *  lr=9.67e-04
    val_single_in_dist         loss=4.7565  surf[p=127.2811 Ux=2.1189 Uy=0.8466]  vol[p=122.1491 Ux=4.9147 Uy=2.0459]
    val_geom_camber_rc         loss=3.0439  surf[p=116.8204 Ux=2.1962 Uy=0.9975]  vol[p=122.0293 Ux=5.0513 Uy=2.5432]
    val_geom_camber_cruise     loss=1.2659  surf[p=82.1275 Ux=1.9729 Uy=0.6128]  vol[p=76.7290 Ux=4.6700 Uy=1.3932]
    val_re_rand                loss=2.3778  surf[p=105.7253 Ux=2.0826 Uy=0.7948]  vol[p=101.1797 Ux=4.9022 Uy=1.9133]
Epoch  17 (112s) [23.6GB]  train[vol=0.3641 surf=0.2046]  val_avg_surf_p=125.8047  lr=9.61e-04
    val_single_in_dist         loss=4.5449  surf[p=153.5041 Ux=2.1692 Uy=0.8197]  vol[p=153.7264 Ux=5.0565 Uy=2.1661]
    val_geom_camber_rc         loss=2.9285  surf[p=125.8343 Ux=2.4059 Uy=0.9861]  vol[p=118.9552 Ux=5.1963 Uy=2.8152]
    val_geom_camber_cruise     loss=1.7509  surf[p=99.7209 Ux=1.9733 Uy=0.6450]  vol[p=92.6780 Ux=4.6139 Uy=1.4608]
    val_re_rand                loss=3.0613  surf[p=124.1593 Ux=2.4863 Uy=0.7930]  vol[p=110.7208 Ux=5.1622 Uy=2.0096]
Epoch  18 (112s) [23.6GB]  train[vol=0.3606 surf=0.1934]  val_avg_surf_p=108.9576  lr=9.55e-04
    val_single_in_dist         loss=5.2147  surf[p=129.1708 Ux=1.3166 Uy=0.8102]  vol[p=131.4074 Ux=4.1311 Uy=1.9983]
    val_geom_camber_rc         loss=3.3841  surf[p=138.7346 Ux=2.2919 Uy=1.0062]  vol[p=124.3276 Ux=5.0457 Uy=2.5297]
    val_geom_camber_cruise     loss=0.8773  surf[p=72.1972 Ux=0.9766 Uy=0.5681]  vol[p=73.1754 Ux=3.2759 Uy=1.2429]
    val_re_rand                loss=1.9032  surf[p=95.7279 Ux=1.4801 Uy=0.7419]  vol[p=90.1411 Ux=3.8103 Uy=1.7492]
Epoch  19 (112s) [23.6GB]  train[vol=0.4344 surf=0.2270]  val_avg_surf_p=106.9495 *  lr=9.47e-04
    val_single_in_dist         loss=5.4636  surf[p=149.1225 Ux=2.0556 Uy=0.9443]  vol[p=146.3039 Ux=4.6197 Uy=2.2139]
    val_geom_camber_rc         loss=2.7680  surf[p=116.9700 Ux=2.2927 Uy=1.0202]  vol[p=114.9904 Ux=4.9347 Uy=2.5212]
    val_geom_camber_cruise     loss=0.9011  surf[p=69.4133 Ux=1.5063 Uy=0.5210]  vol[p=74.7179 Ux=3.7628 Uy=1.2879]
    val_re_rand                loss=1.9420  surf[p=92.2922 Ux=1.9315 Uy=0.7584]  vol[p=90.8752 Ux=4.3493 Uy=1.7831]
Epoch  20 (112s) [23.6GB]  train[vol=0.4030 surf=0.2142]  val_avg_surf_p=113.6679  lr=9.40e-04
    val_single_in_dist         loss=3.8789  surf[p=147.9351 Ux=1.4606 Uy=0.7891]  vol[p=130.3242 Ux=4.5981 Uy=1.7249]
    val_geom_camber_rc         loss=2.9137  surf[p=133.3353 Ux=2.2115 Uy=0.9380]  vol[p=120.7519 Ux=5.1673 Uy=2.2810]
    val_geom_camber_cruise     loss=0.9629  surf[p=74.6526 Ux=1.0734 Uy=0.5774]  vol[p=70.4469 Ux=3.7975 Uy=1.3282]
    val_re_rand                loss=1.8402  surf[p=98.7487 Ux=1.5817 Uy=0.7312]  vol[p=89.4478 Ux=4.2222 Uy=1.6830]
Epoch  21 (112s) [23.6GB]  train[vol=0.3616 surf=0.1886]  val_avg_surf_p=99.1697 *  lr=9.32e-04
    val_single_in_dist         loss=3.2261  surf[p=115.9332 Ux=1.5376 Uy=0.6959]  vol[p=121.8104 Ux=4.2324 Uy=1.7528]
    val_geom_camber_rc         loss=2.6500  surf[p=113.7744 Ux=2.0103 Uy=0.8914]  vol[p=113.7450 Ux=4.8988 Uy=2.2837]
    val_geom_camber_cruise     loss=0.9094  surf[p=75.4486 Ux=1.1519 Uy=0.5545]  vol[p=79.5152 Ux=3.1815 Uy=1.1901]
    val_re_rand                loss=1.6474  surf[p=91.5226 Ux=1.5386 Uy=0.6846]  vol[p=92.9533 Ux=3.7864 Uy=1.6296]
Epoch  22 (112s) [23.6GB]  train[vol=0.3584 surf=0.1839]  val_avg_surf_p=101.2420  lr=9.23e-04
    val_single_in_dist         loss=3.0034  surf[p=125.3652 Ux=1.5365 Uy=0.6546]  vol[p=119.8791 Ux=4.1671 Uy=1.5756]
    val_geom_camber_rc         loss=2.3163  surf[p=101.2189 Ux=1.7595 Uy=0.8049]  vol[p=102.5481 Ux=4.4321 Uy=2.1546]
    val_geom_camber_cruise     loss=0.9976  surf[p=82.4160 Ux=1.0151 Uy=0.5274]  vol[p=67.2817 Ux=3.0613 Uy=1.1819]
    val_re_rand                loss=1.7232  surf[p=95.9678 Ux=1.4408 Uy=0.6715]  vol[p=85.7495 Ux=3.6888 Uy=1.6310]
Epoch  23 (112s) [23.6GB]  train[vol=0.3607 surf=0.1853]  val_avg_surf_p=93.3530 *  lr=9.14e-04
    val_single_in_dist         loss=3.6558  surf[p=115.6078 Ux=1.5038 Uy=0.6668]  vol[p=117.9884 Ux=3.9086 Uy=1.6949]
    val_geom_camber_rc         loss=2.1809  surf[p=103.2659 Ux=1.9381 Uy=0.8584]  vol[p=115.3012 Ux=4.5126 Uy=2.2250]
    val_geom_camber_cruise     loss=0.7774  surf[p=67.2550 Ux=1.2993 Uy=0.5441]  vol[p=69.4615 Ux=3.3720 Uy=1.2158]
    val_re_rand                loss=1.7224  surf[p=87.2832 Ux=1.6577 Uy=0.6905]  vol[p=91.7639 Ux=3.7740 Uy=1.6623]
Epoch  24 (112s) [23.6GB]  train[vol=0.3555 surf=0.1772]  val_avg_surf_p=92.6691 *  lr=9.05e-04
    val_single_in_dist         loss=3.4766  surf[p=111.4571 Ux=1.3015 Uy=0.6874]  vol[p=115.6526 Ux=3.9479 Uy=1.6139]
    val_geom_camber_rc         loss=2.1470  surf[p=107.2378 Ux=1.8184 Uy=0.8723]  vol[p=102.6871 Ux=4.5858 Uy=2.1838]
    val_geom_camber_cruise     loss=0.6689  surf[p=64.1057 Ux=1.0042 Uy=0.4448]  vol[p=60.0843 Ux=2.9331 Uy=1.0753]
    val_re_rand                loss=1.7383  surf[p=87.8758 Ux=1.4385 Uy=0.6631]  vol[p=80.7760 Ux=3.5931 Uy=1.5621]
Epoch  25 (112s) [23.6GB]  train[vol=0.3195 surf=0.1510]  val_avg_surf_p=100.4621  lr=8.95e-04
    val_single_in_dist         loss=2.8660  surf[p=107.3301 Ux=1.7213 Uy=0.6167]  vol[p=107.6480 Ux=4.1053 Uy=1.4718]
    val_geom_camber_rc         loss=2.7576  surf[p=118.1413 Ux=2.2227 Uy=0.8547]  vol[p=111.0411 Ux=4.6063 Uy=2.1156]
    val_geom_camber_cruise     loss=0.9774  surf[p=78.6784 Ux=2.0328 Uy=0.6135]  vol[p=66.1813 Ux=4.1995 Uy=1.2485]
    val_re_rand                loss=1.8354  surf[p=97.6984 Ux=2.0986 Uy=0.7341]  vol[p=86.8353 Ux=4.2846 Uy=1.6204]
Epoch  26 (112s) [23.6GB]  train[vol=0.3293 surf=0.1524]  val_avg_surf_p=87.1338 *  lr=8.84e-04
    val_single_in_dist         loss=2.8675  surf[p=98.2823 Ux=1.2667 Uy=0.5529]  vol[p=100.9783 Ux=3.7919 Uy=1.4376]
    val_geom_camber_rc         loss=2.7331  surf[p=105.2412 Ux=1.7285 Uy=0.7795]  vol[p=101.0339 Ux=4.5886 Uy=2.0487]
    val_geom_camber_cruise     loss=0.7572  surf[p=67.3890 Ux=0.8862 Uy=0.5126]  vol[p=63.2914 Ux=2.8346 Uy=1.0783]
    val_re_rand                loss=1.4388  surf[p=77.6227 Ux=1.2789 Uy=0.6002]  vol[p=75.1499 Ux=3.4683 Uy=1.4441]
Epoch  27 (112s) [23.6GB]  train[vol=0.2494 surf=0.1209]  val_avg_surf_p=81.1042 *  lr=8.73e-04
    val_single_in_dist         loss=2.3477  surf[p=90.0462 Ux=1.0552 Uy=0.5885]  vol[p=87.8762 Ux=3.5063 Uy=1.4367]
    val_geom_camber_rc         loss=1.4520  surf[p=89.1984 Ux=1.5446 Uy=0.7252]  vol[p=91.4503 Ux=4.1073 Uy=1.9867]
    val_geom_camber_cruise     loss=0.8033  surf[p=68.0256 Ux=0.8478 Uy=0.5009]  vol[p=67.2671 Ux=2.8417 Uy=1.1708]
    val_re_rand                loss=1.3161  surf[p=77.1466 Ux=1.2395 Uy=0.5868]  vol[p=75.7964 Ux=3.3478 Uy=1.4600]
Epoch  28 (112s) [23.6GB]  train[vol=0.3438 surf=0.1682]  val_avg_surf_p=89.5271  lr=8.62e-04
    val_single_in_dist         loss=4.8312  surf[p=109.6918 Ux=1.5859 Uy=0.8212]  vol[p=98.7620 Ux=3.7895 Uy=1.7066]
    val_geom_camber_rc         loss=1.7992  surf[p=94.4762 Ux=1.8405 Uy=0.7872]  vol[p=96.2068 Ux=4.3259 Uy=2.1572]
    val_geom_camber_cruise     loss=0.9324  surf[p=69.2850 Ux=1.5235 Uy=0.7861]  vol[p=67.2805 Ux=3.3501 Uy=1.4191]
    val_re_rand                loss=1.6780  surf[p=84.6554 Ux=1.7311 Uy=0.7598]  vol[p=82.2105 Ux=3.7003 Uy=1.7157]
Epoch  29 (112s) [23.6GB]  train[vol=0.2823 surf=0.1435]  val_avg_surf_p=91.0412  lr=8.51e-04
    val_single_in_dist         loss=3.0279  surf[p=106.6223 Ux=1.7891 Uy=0.5854]  vol[p=96.3208 Ux=3.9044 Uy=1.4051]
    val_geom_camber_rc         loss=1.9169  surf[p=104.8171 Ux=1.9151 Uy=0.7658]  vol[p=100.1807 Ux=4.3355 Uy=1.9584]
    val_geom_camber_cruise     loss=0.7383  surf[p=69.0522 Ux=1.7756 Uy=0.4523]  vol[p=60.3525 Ux=3.4662 Uy=1.0010]
    val_re_rand                loss=1.6174  surf[p=83.6731 Ux=1.8629 Uy=0.5811]  vol[p=75.2825 Ux=3.8122 Uy=1.3775]
Epoch  30 (112s) [23.6GB]  train[vol=0.2815 surf=0.1355]  val_avg_surf_p=78.1152 *  lr=8.39e-04
    val_single_in_dist         loss=2.1666  surf[p=86.4192 Ux=1.4364 Uy=0.5593]  vol[p=96.3588 Ux=3.7466 Uy=1.4158]
    val_geom_camber_rc         loss=1.6551  surf[p=87.6709 Ux=1.5657 Uy=0.7091]  vol[p=86.1142 Ux=4.1214 Uy=1.8659]
    val_geom_camber_cruise     loss=0.6418  surf[p=63.3571 Ux=1.0222 Uy=0.4208]  vol[p=55.8190 Ux=2.6563 Uy=0.9810]
    val_re_rand                loss=1.2099  surf[p=75.0137 Ux=1.3697 Uy=0.5466]  vol[p=69.1910 Ux=3.2955 Uy=1.3545]
Epoch  31 (112s) [23.6GB]  train[vol=0.1974 surf=0.0946]  val_avg_surf_p=84.0740  lr=8.26e-04
    val_single_in_dist         loss=3.8724  surf[p=109.5698 Ux=1.5913 Uy=0.5673]  vol[p=106.7966 Ux=3.8232 Uy=1.4165]
    val_geom_camber_rc         loss=1.6680  surf[p=89.7501 Ux=1.6042 Uy=0.6669]  vol[p=93.5328 Ux=4.2175 Uy=1.9197]
    val_geom_camber_cruise     loss=0.6575  surf[p=59.9702 Ux=1.0409 Uy=0.4132]  vol[p=51.7264 Ux=2.9222 Uy=0.9525]
    val_re_rand                loss=1.4072  surf[p=77.0059 Ux=1.4483 Uy=0.5226]  vol[p=72.6629 Ux=3.5235 Uy=1.3494]
Epoch  32 (112s) [23.6GB]  train[vol=0.2266 surf=0.1110]  val_avg_surf_p=75.1224 *  lr=8.14e-04
    val_single_in_dist         loss=2.6469  surf[p=83.8368 Ux=1.9699 Uy=0.5655]  vol[p=87.4099 Ux=3.8608 Uy=1.3235]
    val_geom_camber_rc         loss=1.5461  surf[p=87.1642 Ux=2.3615 Uy=0.6749]  vol[p=92.7624 Ux=4.4925 Uy=1.8446]
    val_geom_camber_cruise     loss=0.5892  surf[p=53.9644 Ux=1.5817 Uy=0.4490]  vol[p=52.1438 Ux=3.2718 Uy=1.0067]
    val_re_rand                loss=1.4345  surf[p=75.5243 Ux=2.0608 Uy=0.5497]  vol[p=71.8888 Ux=3.8386 Uy=1.3533]
Epoch  33 (112s) [23.6GB]  train[vol=0.1671 surf=0.0798]  val_avg_surf_p=72.8633 *  lr=8.01e-04
    val_single_in_dist         loss=2.1647  surf[p=82.5393 Ux=1.0752 Uy=0.4960]  vol[p=86.3456 Ux=3.2818 Uy=1.2218]
    val_geom_camber_rc         loss=1.4037  surf[p=83.1191 Ux=1.4291 Uy=0.6318]  vol[p=84.4484 Ux=3.8254 Uy=1.7005]
    val_geom_camber_cruise     loss=0.5087  surf[p=54.7761 Ux=0.8696 Uy=0.4137]  vol[p=57.8250 Ux=2.8031 Uy=0.8929]
    val_re_rand                loss=1.1613  surf[p=71.0187 Ux=1.2633 Uy=0.5305]  vol[p=71.6339 Ux=3.2922 Uy=1.2463]
Epoch  34 (112s) [23.6GB]  train[vol=0.2777 surf=0.1295]  val_avg_surf_p=105.3497  lr=7.87e-04
    val_single_in_dist         loss=2.8428  surf[p=122.8346 Ux=1.2993 Uy=0.6243]  vol[p=125.1111 Ux=3.4763 Uy=1.4238]
    val_geom_camber_rc         loss=2.0028  surf[p=112.4816 Ux=1.4861 Uy=0.6769]  vol[p=109.9341 Ux=3.8861 Uy=1.8810]
    val_geom_camber_cruise     loss=0.8705  surf[p=85.3032 Ux=1.3332 Uy=0.5896]  vol[p=72.1755 Ux=3.2515 Uy=1.0659]
    val_re_rand                loss=1.7741  surf[p=100.7793 Ux=1.4341 Uy=0.6279]  vol[p=89.8437 Ux=3.4925 Uy=1.4018]
Epoch  35 (112s) [23.6GB]  train[vol=0.2994 surf=0.1321]  val_avg_surf_p=71.6941 *  lr=7.73e-04
    val_single_in_dist         loss=2.2096  surf[p=85.3509 Ux=0.9734 Uy=0.5781]  vol[p=84.2988 Ux=3.0174 Uy=1.2636]
    val_geom_camber_rc         loss=1.3674  surf[p=84.7926 Ux=1.5788 Uy=0.7177]  vol[p=89.7126 Ux=4.0024 Uy=1.8390]
    val_geom_camber_cruise     loss=0.4396  surf[p=49.4745 Ux=0.7808 Uy=0.4075]  vol[p=50.1023 Ux=2.4787 Uy=0.9410]
    val_re_rand                loss=1.4082  surf[p=67.1584 Ux=1.1364 Uy=0.5512]  vol[p=65.5846 Ux=3.0204 Uy=1.3075]
Epoch  36 (112s) [23.6GB]  train[vol=0.2350 surf=0.1144]  val_avg_surf_p=72.5506  lr=7.59e-04
    val_single_in_dist         loss=1.8805  surf[p=88.7985 Ux=1.0297 Uy=0.4948]  vol[p=89.0699 Ux=3.2037 Uy=1.2349]
    val_geom_camber_rc         loss=1.4921  surf[p=80.8426 Ux=1.3099 Uy=0.6323]  vol[p=82.3395 Ux=3.5045 Uy=1.7133]
    val_geom_camber_cruise     loss=0.4467  surf[p=52.2885 Ux=0.7327 Uy=0.3731]  vol[p=52.6977 Ux=2.5595 Uy=0.9284]
    val_re_rand                loss=1.1039  surf[p=68.2729 Ux=1.0147 Uy=0.4999]  vol[p=67.2952 Ux=2.8884 Uy=1.2522]
Epoch  37 (112s) [23.6GB]  train[vol=0.1906 surf=0.0923]  val_avg_surf_p=86.0292  lr=7.45e-04
    val_single_in_dist         loss=2.1218  surf[p=104.7716 Ux=1.0533 Uy=0.5308]  vol[p=94.2300 Ux=3.1217 Uy=1.2710]
    val_geom_camber_rc         loss=1.2883  surf[p=84.5269 Ux=1.3030 Uy=0.5958]  vol[p=86.0047 Ux=3.7622 Uy=1.7366]
    val_geom_camber_cruise     loss=0.7736  surf[p=77.5164 Ux=0.6913 Uy=0.4090]  vol[p=53.6786 Ux=2.3304 Uy=0.8562]
    val_re_rand                loss=1.3612  surf[p=77.3020 Ux=1.0516 Uy=0.4924]  vol[p=66.7247 Ux=2.9540 Uy=1.2060]
Epoch  38 (112s) [23.6GB]  train[vol=0.1901 surf=0.0796]  val_avg_surf_p=67.9200 *  lr=7.31e-04
    val_single_in_dist         loss=2.2364  surf[p=76.3218 Ux=1.1515 Uy=0.4391]  vol[p=79.2139 Ux=3.1246 Uy=1.1187]
    val_geom_camber_rc         loss=1.8946  surf[p=88.5928 Ux=1.3311 Uy=0.5889]  vol[p=94.5153 Ux=3.5886 Uy=1.6338]
    val_geom_camber_cruise     loss=0.3924  surf[p=43.1466 Ux=0.7314 Uy=0.3395]  vol[p=47.1614 Ux=2.5895 Uy=0.8364]
    val_re_rand                loss=1.0975  surf[p=63.6187 Ux=1.0405 Uy=0.4545]  vol[p=64.6821 Ux=2.9234 Uy=1.1636]
Epoch  39 (112s) [23.6GB]  train[vol=0.1630 surf=0.0742]  val_avg_surf_p=63.5838 *  lr=7.16e-04
    val_single_in_dist         loss=1.8935  surf[p=74.9566 Ux=1.0859 Uy=0.4701]  vol[p=76.2487 Ux=3.0590 Uy=1.1309]
    val_geom_camber_rc         loss=1.1688  surf[p=71.7018 Ux=1.2198 Uy=0.5715]  vol[p=75.3686 Ux=3.5454 Uy=1.6072]
    val_geom_camber_cruise     loss=0.4115  surf[p=45.5456 Ux=0.8205 Uy=0.3420]  vol[p=46.2253 Ux=2.7905 Uy=0.8302]
    val_re_rand                loss=1.0713  surf[p=62.1311 Ux=1.0434 Uy=0.4637]  vol[p=61.5336 Ux=3.0691 Uy=1.1550]
Epoch  40 (112s) [23.6GB]  train[vol=0.2044 surf=0.1102]  val_avg_surf_p=65.3331  lr=7.01e-04
    val_single_in_dist         loss=2.7226  surf[p=78.0215 Ux=1.0636 Uy=0.4621]  vol[p=77.6542 Ux=2.9848 Uy=1.1487]
    val_geom_camber_rc         loss=1.0108  surf[p=73.8333 Ux=1.1274 Uy=0.5645]  vol[p=77.1131 Ux=3.3662 Uy=1.6535]
    val_geom_camber_cruise     loss=0.4042  surf[p=46.7700 Ux=0.5574 Uy=0.3233]  vol[p=45.9917 Ux=2.3020 Uy=0.8217]
    val_re_rand                loss=1.1754  surf[p=62.7075 Ux=0.9122 Uy=0.4419]  vol[p=59.9510 Ux=2.7501 Uy=1.1498]
Epoch  41 (112s) [23.6GB]  train[vol=0.1920 surf=0.1004]  val_avg_surf_p=63.7757  lr=6.86e-04
    val_single_in_dist         loss=1.1058  surf[p=67.8928 Ux=1.3926 Uy=0.4494]  vol[p=73.2039 Ux=3.2894 Uy=1.0719]
    val_geom_camber_rc         loss=1.3239  surf[p=74.4597 Ux=1.4934 Uy=0.5548]  vol[p=79.7805 Ux=3.7089 Uy=1.5694]
    val_geom_camber_cruise     loss=0.4541  surf[p=49.0885 Ux=1.2361 Uy=0.3738]  vol[p=45.5611 Ux=2.8122 Uy=0.8433]
    val_re_rand                loss=1.0105  surf[p=63.6619 Ux=1.4249 Uy=0.4671]  vol[p=61.3631 Ux=3.1576 Uy=1.1528]
Epoch  42 (112s) [23.6GB]  train[vol=0.1961 surf=0.0951]  val_avg_surf_p=67.7834  lr=6.70e-04
    val_single_in_dist         loss=2.3397  surf[p=71.8297 Ux=0.8751 Uy=0.4238]  vol[p=72.4789 Ux=2.8555 Uy=1.0672]
    val_geom_camber_rc         loss=1.8828  surf[p=82.7744 Ux=1.3055 Uy=0.5906]  vol[p=78.9163 Ux=3.5615 Uy=1.6064]
    val_geom_camber_cruise     loss=0.4150  surf[p=49.1384 Ux=0.6396 Uy=0.3163]  vol[p=43.3458 Ux=2.4924 Uy=0.7835]
    val_re_rand                loss=1.0814  surf[p=67.3911 Ux=1.0134 Uy=0.4491]  vol[p=60.6030 Ux=2.9495 Uy=1.1327]
Epoch  43 (112s) [23.6GB]  train[vol=0.2958 surf=0.1399]  val_avg_surf_p=63.7713  lr=6.55e-04
    val_single_in_dist         loss=1.9455  surf[p=76.0129 Ux=1.1321 Uy=0.5190]  vol[p=79.0035 Ux=3.0723 Uy=1.1252]
    val_geom_camber_rc         loss=1.1597  surf[p=75.0423 Ux=1.6964 Uy=0.5990]  vol[p=76.3209 Ux=3.7589 Uy=1.5803]
    val_geom_camber_cruise     loss=0.3654  surf[p=44.4388 Ux=0.6055 Uy=0.3405]  vol[p=43.2607 Ux=2.1743 Uy=0.8287]
    val_re_rand                loss=1.2797  surf[p=59.5911 Ux=1.1071 Uy=0.4578]  vol[p=58.8242 Ux=2.7755 Uy=1.1301]
Epoch  44 (112s) [23.6GB]  train[vol=0.2346 surf=0.1069]  val_avg_surf_p=69.1589  lr=6.39e-04
    val_single_in_dist         loss=2.2649  surf[p=80.2485 Ux=0.9398 Uy=0.5361]  vol[p=72.5438 Ux=2.8761 Uy=1.0963]
    val_geom_camber_rc         loss=1.2708  surf[p=82.7930 Ux=1.2612 Uy=0.5896]  vol[p=79.6090 Ux=3.4690 Uy=1.5130]
    val_geom_camber_cruise     loss=0.3993  surf[p=47.2069 Ux=0.9501 Uy=0.3339]  vol[p=43.1781 Ux=2.6891 Uy=0.8264]
    val_re_rand                loss=1.0809  surf[p=66.3873 Ux=1.1700 Uy=0.4547]  vol[p=62.5531 Ux=3.0604 Uy=1.1281]
Epoch  45 (112s) [23.6GB]  train[vol=0.2430 surf=0.1024]  val_avg_surf_p=63.2945 *  lr=6.23e-04
    val_single_in_dist         loss=1.9554  surf[p=72.5685 Ux=1.0355 Uy=0.4479]  vol[p=75.8830 Ux=3.0419 Uy=1.0585]
    val_geom_camber_rc         loss=1.0199  surf[p=68.3928 Ux=1.1261 Uy=0.5238]  vol[p=74.6812 Ux=3.4556 Uy=1.5032]
    val_geom_camber_cruise     loss=0.3943  surf[p=49.2722 Ux=0.5576 Uy=0.3214]  vol[p=49.2764 Ux=2.3321 Uy=0.7570]
    val_re_rand                loss=0.9787  surf[p=62.9443 Ux=0.8994 Uy=0.4365]  vol[p=64.0370 Ux=2.8033 Uy=1.1144]
Epoch  46 (112s) [23.6GB]  train[vol=0.1430 surf=0.0615]  val_avg_surf_p=60.2032 *  lr=6.07e-04
    val_single_in_dist         loss=1.7024  surf[p=66.6845 Ux=1.2804 Uy=0.4111]  vol[p=69.9056 Ux=3.2451 Uy=0.9849]
    val_geom_camber_rc         loss=1.0026  surf[p=70.4150 Ux=1.4818 Uy=0.5749]  vol[p=70.9547 Ux=3.6698 Uy=1.5021]
    val_geom_camber_cruise     loss=0.4447  surf[p=46.3580 Ux=1.1368 Uy=0.3827]  vol[p=39.9316 Ux=2.8555 Uy=0.8269]
    val_re_rand                loss=0.9811  surf[p=57.3555 Ux=1.2495 Uy=0.4715]  vol[p=54.0297 Ux=3.0491 Uy=1.1108]
Epoch  47 (112s) [23.6GB]  train[vol=0.2198 surf=0.0992]  val_avg_surf_p=59.0764 *  lr=5.90e-04
    val_single_in_dist         loss=1.5206  surf[p=63.1782 Ux=0.9688 Uy=0.3976]  vol[p=66.4115 Ux=2.8197 Uy=1.0075]
    val_geom_camber_rc         loss=1.2986  surf[p=73.9395 Ux=1.2958 Uy=0.5465]  vol[p=71.7076 Ux=3.3911 Uy=1.5256]
    val_geom_camber_cruise     loss=0.3345  surf[p=40.1869 Ux=0.7641 Uy=0.3134]  vol[p=40.6547 Ux=2.4247 Uy=0.7580]
    val_re_rand                loss=0.9562  surf[p=59.0012 Ux=1.0422 Uy=0.4241]  vol[p=54.9804 Ux=2.7684 Uy=1.0752]
Epoch  48 (112s) [23.6GB]  train[vol=0.2775 surf=0.1178]  val_avg_surf_p=56.3629 *  lr=5.74e-04
    val_single_in_dist         loss=1.5239  surf[p=60.8881 Ux=0.7157 Uy=0.4020]  vol[p=61.8785 Ux=2.6769 Uy=0.9484]
    val_geom_camber_rc         loss=0.9482  surf[p=66.8423 Ux=1.1254 Uy=0.5208]  vol[p=72.4886 Ux=3.2454 Uy=1.4568]
    val_geom_camber_cruise     loss=0.3469  surf[p=41.3286 Ux=0.5485 Uy=0.3111]  vol[p=41.1370 Ux=2.6570 Uy=0.7428]
    val_re_rand                loss=1.1141  surf[p=56.3925 Ux=0.8397 Uy=0.4084]  vol[p=57.1619 Ux=2.7959 Uy=1.0497]
Epoch  49 (112s) [23.6GB]  train[vol=0.2319 surf=0.1079]  val_avg_surf_p=70.2137  lr=5.58e-04
    val_single_in_dist         loss=1.7028  surf[p=85.7000 Ux=0.8488 Uy=0.4705]  vol[p=86.5134 Ux=2.9798 Uy=1.1701]
    val_geom_camber_rc         loss=1.3147  surf[p=70.7347 Ux=1.2724 Uy=0.5345]  vol[p=73.3486 Ux=3.5154 Uy=1.4874]
    val_geom_camber_cruise     loss=0.6116  surf[p=58.2026 Ux=0.9247 Uy=0.3610]  vol[p=52.7282 Ux=2.8505 Uy=0.8798]
    val_re_rand                loss=1.1020  surf[p=66.2173 Ux=1.1282 Uy=0.4410]  vol[p=63.0606 Ux=3.1084 Uy=1.1185]
Epoch  50 (112s) [23.6GB]  train[vol=0.2929 surf=0.1296]  val_avg_surf_p=61.3350  lr=5.41e-04
    val_single_in_dist         loss=1.5510  surf[p=72.9295 Ux=0.9002 Uy=0.4320]  vol[p=76.5580 Ux=2.8190 Uy=1.0793]
    val_geom_camber_rc         loss=1.2321  surf[p=74.1980 Ux=1.3316 Uy=0.5057]  vol[p=74.3510 Ux=3.2435 Uy=1.4219]
    val_geom_camber_cruise     loss=0.3347  surf[p=41.4558 Ux=0.7028 Uy=0.2950]  vol[p=39.2952 Ux=2.3800 Uy=0.7091]
    val_re_rand                loss=0.9052  surf[p=56.7566 Ux=1.0108 Uy=0.3889]  vol[p=54.6379 Ux=2.6949 Uy=1.0021]
Epoch  51 (112s) [23.6GB]  train[vol=0.1952 surf=0.0811]  val_avg_surf_p=64.5400  lr=5.25e-04
    val_single_in_dist         loss=1.5682  surf[p=78.3896 Ux=0.7944 Uy=0.4412]  vol[p=74.6402 Ux=2.6865 Uy=1.0389]
    val_geom_camber_rc         loss=1.9538  surf[p=78.7816 Ux=1.1806 Uy=0.5761]  vol[p=80.5361 Ux=3.3393 Uy=1.5784]
    val_geom_camber_cruise     loss=0.3642  surf[p=41.8246 Ux=0.6179 Uy=0.2711]  vol[p=37.2290 Ux=2.5103 Uy=0.7041]
    val_re_rand                loss=0.9863  surf[p=59.1644 Ux=0.9140 Uy=0.4094]  vol[p=55.3556 Ux=2.8064 Uy=1.0579]
Epoch  52 (112s) [23.6GB]  train[vol=0.1291 surf=0.0653]  val_avg_surf_p=57.6182  lr=5.08e-04
    val_single_in_dist         loss=1.7409  surf[p=60.1243 Ux=0.7507 Uy=0.4184]  vol[p=60.2453 Ux=2.5164 Uy=0.9315]
    val_geom_camber_rc         loss=1.1747  surf[p=70.2595 Ux=1.0990 Uy=0.5500]  vol[p=71.3587 Ux=3.1255 Uy=1.4604]
    val_geom_camber_cruise     loss=0.3248  surf[p=43.4525 Ux=0.5512 Uy=0.2924]  vol[p=37.0647 Ux=2.2256 Uy=0.7182]
    val_re_rand                loss=0.8642  surf[p=56.6366 Ux=0.8417 Uy=0.4004]  vol[p=52.0368 Ux=2.5626 Uy=1.0184]
Epoch  53 (112s) [23.6GB]  train[vol=0.1434 surf=0.0594]  val_avg_surf_p=57.1056  lr=4.92e-04
    val_single_in_dist         loss=2.3317  surf[p=60.9932 Ux=1.0266 Uy=0.4150]  vol[p=61.4047 Ux=2.7857 Uy=0.9889]
    val_geom_camber_rc         loss=1.0408  surf[p=68.3624 Ux=1.3400 Uy=0.5351]  vol[p=67.5954 Ux=3.4771 Uy=1.4522]
    val_geom_camber_cruise     loss=0.3809  surf[p=42.9579 Ux=0.9264 Uy=0.3177]  vol[p=38.1638 Ux=2.7774 Uy=0.7871]
    val_re_rand                loss=0.8751  surf[p=56.1088 Ux=1.1524 Uy=0.4171]  vol[p=52.3076 Ux=3.0162 Uy=1.0616]
Epoch  54 (112s) [23.6GB]  train[vol=0.0948 surf=0.0434]  val_avg_surf_p=51.6344 *  lr=4.75e-04
    val_single_in_dist         loss=0.8767  surf[p=52.2827 Ux=0.6551 Uy=0.3648]  vol[p=55.7092 Ux=2.3664 Uy=0.8658]
    val_geom_camber_rc         loss=1.0854  surf[p=63.8537 Ux=1.0319 Uy=0.4936]  vol[p=65.7856 Ux=3.0400 Uy=1.3851]
    val_geom_camber_cruise     loss=0.3167  surf[p=38.8478 Ux=0.5517 Uy=0.2703]  vol[p=36.9208 Ux=2.3007 Uy=0.6958]
    val_re_rand                loss=0.7818  surf[p=51.5535 Ux=0.8015 Uy=0.3748]  vol[p=49.9338 Ux=2.5395 Uy=0.9932]
Epoch  55 (112s) [23.6GB]  train[vol=0.1097 surf=0.0513]  val_avg_surf_p=60.3553  lr=4.59e-04
    val_single_in_dist         loss=1.9045  surf[p=63.4886 Ux=0.6671 Uy=0.3723]  vol[p=62.0264 Ux=2.6039 Uy=0.8968]
    val_geom_camber_rc         loss=1.0149  surf[p=73.2730 Ux=1.1322 Uy=0.4823]  vol[p=69.7586 Ux=3.0876 Uy=1.3548]
    val_geom_camber_cruise     loss=0.3764  surf[p=47.3170 Ux=0.5742 Uy=0.2999]  vol[p=37.8797 Ux=2.2569 Uy=0.7504]
    val_re_rand                loss=0.8239  surf[p=57.3426 Ux=0.8663 Uy=0.3704]  vol[p=50.8429 Ux=2.5153 Uy=0.9767]
Epoch  56 (112s) [23.6GB]  train[vol=0.1098 surf=0.0505]  val_avg_surf_p=52.4776  lr=4.42e-04
    val_single_in_dist         loss=1.4831  surf[p=57.4763 Ux=0.7786 Uy=0.3620]  vol[p=58.7590 Ux=2.5024 Uy=0.8394]
    val_geom_camber_rc         loss=0.9463  surf[p=61.4231 Ux=0.9742 Uy=0.4845]  vol[p=63.4926 Ux=2.9406 Uy=1.3411]
    val_geom_camber_cruise     loss=0.3344  surf[p=40.8231 Ux=0.8457 Uy=0.2988]  vol[p=39.9395 Ux=2.4918 Uy=0.7079]
    val_re_rand                loss=0.7537  surf[p=50.1878 Ux=0.9503 Uy=0.3729]  vol[p=49.3142 Ux=2.6446 Uy=0.9540]
Epoch  57 (112s) [23.6GB]  train[vol=0.2037 surf=0.0918]  val_avg_surf_p=51.8344  lr=4.26e-04
    val_single_in_dist         loss=1.3334  surf[p=54.2027 Ux=0.8614 Uy=0.3662]  vol[p=56.0343 Ux=2.3827 Uy=0.8453]
    val_geom_camber_rc         loss=1.0688  surf[p=66.4636 Ux=1.0546 Uy=0.5026]  vol[p=68.7527 Ux=3.0173 Uy=1.3780]
    val_geom_camber_cruise     loss=0.2729  surf[p=35.4668 Ux=0.6854 Uy=0.2710]  vol[p=35.9475 Ux=2.2355 Uy=0.6421]
    val_re_rand                loss=0.7997  surf[p=51.2044 Ux=0.9393 Uy=0.3776]  vol[p=50.8996 Ux=2.5555 Uy=0.9566]
Epoch  58 (112s) [23.6GB]  train[vol=0.1936 surf=0.0761]  val_avg_surf_p=52.3791  lr=4.10e-04
    val_single_in_dist         loss=1.1627  surf[p=53.2494 Ux=0.7248 Uy=0.3650]  vol[p=54.4957 Ux=2.3670 Uy=0.8443]
    val_geom_camber_rc         loss=1.0005  surf[p=68.0727 Ux=1.1455 Uy=0.4987]  vol[p=68.9865 Ux=3.1711 Uy=1.3723]
    val_geom_camber_cruise     loss=0.3070  surf[p=37.1813 Ux=0.5664 Uy=0.3219]  vol[p=35.2858 Ux=2.2400 Uy=0.7304]
    val_re_rand                loss=0.9161  surf[p=51.0131 Ux=0.8539 Uy=0.4004]  vol[p=49.0409 Ux=2.5516 Uy=0.9983]
Epoch  59 (112s) [23.6GB]  train[vol=0.1118 surf=0.0516]  val_avg_surf_p=53.0668  lr=3.93e-04
    val_single_in_dist         loss=1.2881  surf[p=56.0323 Ux=0.6807 Uy=0.3549]  vol[p=56.9213 Ux=2.4406 Uy=0.8724]
    val_geom_camber_rc         loss=0.8979  surf[p=62.8835 Ux=0.9596 Uy=0.4654]  vol[p=63.9210 Ux=2.9219 Uy=1.2989]
    val_geom_camber_cruise     loss=0.3281  surf[p=40.1197 Ux=0.5121 Uy=0.2727]  vol[p=37.8286 Ux=2.2545 Uy=0.6902]
    val_re_rand                loss=0.8616  surf[p=53.2316 Ux=0.7421 Uy=0.3558]  vol[p=50.2778 Ux=2.4669 Uy=0.9467]
Epoch  60 (112s) [23.6GB]  train[vol=0.1234 surf=0.0511]  val_avg_surf_p=57.3986  lr=3.77e-04
    val_single_in_dist         loss=1.1114  surf[p=69.4370 Ux=1.0207 Uy=0.3774]  vol[p=64.4257 Ux=2.4809 Uy=0.8602]
    val_geom_camber_rc         loss=1.1515  surf[p=68.8796 Ux=1.0081 Uy=0.4954]  vol[p=64.8840 Ux=2.9382 Uy=1.3246]
    val_geom_camber_cruise     loss=0.3145  surf[p=38.7601 Ux=0.7662 Uy=0.2693]  vol[p=35.1579 Ux=2.2436 Uy=0.6442]
    val_re_rand                loss=0.8319  surf[p=52.5178 Ux=0.8790 Uy=0.3612]  vol[p=48.1953 Ux=2.4572 Uy=0.9184]
Epoch  61 (112s) [23.6GB]  train[vol=0.1031 surf=0.0507]  val_avg_surf_p=52.3651  lr=3.61e-04
