wandb: [wandb.login()] Loaded credentials for https://api.wandb.ai from WANDB_API_KEY.
wandb: W&B API key is configured. Use `wandb login --relogin` to force relogin
wandb: setting up run 9u4iyuby
wandb: Tracking run with wandb version 0.25.1
wandb: Run data is saved locally in /workspace/ml-intern-benchmark/target/wandb/run-20260430_020759-9u4iyuby
wandb: Run `wandb offline` to turn off syncing.
wandb: Syncing run mlintern-pai2-24h-v2-r1/wc-lr1e3-100ep-seed3
wandb: ⭐️ View project at https://wandb.ai/wandb-applied-ai-team/senpai-v1-ml-intern
wandb: 🚀 View run at https://wandb.ai/wandb-applied-ai-team/senpai-v1-ml-intern/runs/9u4iyuby
Device: cuda
Train: 1499, val_single_in_dist: 100, val_geom_camber_rc: 100, val_geom_camber_cruise: 100, val_re_rand: 100
Model: Transolver (0.66M params)
Epoch   1 (135s) [47.1GB]  train[vol=2.1422 surf=1.4813]  val_avg_surf_p=256.0023 *  lr=2.01e-04
    val_single_in_dist         loss=21.3370  surf[p=339.5476 Ux=4.7354 Uy=1.6150]  vol[p=310.4214 Ux=9.3204 Uy=4.5701]
    val_geom_camber_rc         loss=10.2420  surf[p=270.5606 Ux=5.7810 Uy=1.7290]  vol[p=269.5185 Ux=9.7522 Uy=4.6835]
    val_geom_camber_cruise     loss=5.4775  surf[p=202.9307 Ux=4.8839 Uy=1.3044]  vol[p=171.8474 Ux=7.3185 Uy=3.1238]
    val_re_rand                loss=6.7248  surf[p=210.9701 Ux=5.1390 Uy=1.3932]  vol[p=196.1290 Ux=8.2710 Uy=3.6025]
Epoch   2 (136s) [47.1GB]  train[vol=1.1898 surf=0.6517]  val_avg_surf_p=223.6578 *  lr=4.01e-04
    val_single_in_dist         loss=16.1134  surf[p=299.2480 Ux=3.4073 Uy=1.3963]  vol[p=310.8956 Ux=8.5343 Uy=4.0509]
    val_geom_camber_rc         loss=8.4831  surf[p=253.2520 Ux=4.2163 Uy=1.6415]  vol[p=253.8567 Ux=8.3252 Uy=4.2290]
    val_geom_camber_cruise     loss=3.4153  surf[p=156.4670 Ux=3.5810 Uy=0.8900]  vol[p=152.4373 Ux=6.0680 Uy=2.6352]
    val_re_rand                loss=5.6868  surf[p=185.6644 Ux=4.0093 Uy=1.2220]  vol[p=178.9191 Ux=7.1122 Uy=3.1985]
Epoch   3 (136s) [47.1GB]  train[vol=1.0190 surf=0.6519]  val_avg_surf_p=207.8687 *  lr=6.00e-04
    val_single_in_dist         loss=12.9241  surf[p=250.9927 Ux=3.7405 Uy=1.5193]  vol[p=253.7009 Ux=8.6086 Uy=3.7111]
    val_geom_camber_rc         loss=8.5166  surf[p=242.1076 Ux=4.6881 Uy=1.7615]  vol[p=229.4244 Ux=8.6201 Uy=4.1353]
    val_geom_camber_cruise     loss=3.4666  surf[p=167.9840 Ux=3.2449 Uy=0.9941]  vol[p=142.2596 Ux=5.7776 Uy=2.2471]
    val_re_rand                loss=4.6379  surf[p=170.3907 Ux=3.7930 Uy=1.2258]  vol[p=156.9194 Ux=6.9180 Uy=2.8988]
Epoch   4 (137s) [47.1GB]  train[vol=0.8010 surf=0.5308]  val_avg_surf_p=206.8029 *  lr=8.00e-04
    val_single_in_dist         loss=16.8329  surf[p=305.5026 Ux=3.8397 Uy=1.5161]  vol[p=333.2844 Ux=8.6584 Uy=3.6417]
    val_geom_camber_rc         loss=6.4038  surf[p=203.2401 Ux=3.8277 Uy=1.4714]  vol[p=211.4077 Ux=7.6550 Uy=3.6558]
    val_geom_camber_cruise     loss=3.3597  surf[p=148.9216 Ux=3.6937 Uy=0.9207]  vol[p=137.2134 Ux=7.4740 Uy=2.0651]
    val_re_rand                loss=4.6865  surf[p=169.5473 Ux=3.9318 Uy=1.1377]  vol[p=164.9189 Ux=7.7049 Uy=2.6724]
Epoch   5 (134s) [47.1GB]  train[vol=0.8249 surf=0.5313]  val_avg_surf_p=183.2641 *  lr=1.00e-03
    val_single_in_dist         loss=11.3589  surf[p=234.3956 Ux=2.5534 Uy=1.2683]  vol[p=211.0842 Ux=7.4394 Uy=3.1121]
    val_geom_camber_rc         loss=6.3547  surf[p=192.4590 Ux=4.2464 Uy=1.6106]  vol[p=182.0539 Ux=7.8685 Uy=3.9641]
    val_geom_camber_cruise     loss=3.1162  surf[p=147.5095 Ux=3.2650 Uy=1.2156]  vol[p=137.3528 Ux=6.1158 Uy=2.3496]
    val_re_rand                loss=4.3130  surf[p=158.6922 Ux=3.8406 Uy=1.3721]  vol[p=148.5108 Ux=7.1348 Uy=2.9828]
Epoch   6 (138s) [47.1GB]  train[vol=0.6795 surf=0.4465]  val_avg_surf_p=171.7762 *  lr=1.00e-03
    val_single_in_dist         loss=9.4026  surf[p=204.1041 Ux=2.6814 Uy=1.0210]  vol[p=211.2463 Ux=6.4675 Uy=2.7298]
    val_geom_camber_rc         loss=5.3380  surf[p=176.0334 Ux=4.0491 Uy=1.2650]  vol[p=174.8206 Ux=6.9678 Uy=3.2705]
    val_geom_camber_cruise     loss=2.7697  surf[p=152.4554 Ux=2.5103 Uy=0.8713]  vol[p=140.8375 Ux=5.1415 Uy=1.8183]
    val_re_rand                loss=3.7729  surf[p=154.5120 Ux=3.2618 Uy=1.0653]  vol[p=143.5597 Ux=5.7615 Uy=2.4075]
Epoch   7 (136s) [47.1GB]  train[vol=0.5521 surf=0.3492]  val_avg_surf_p=180.0085  lr=9.99e-04
    val_single_in_dist         loss=9.3089  surf[p=211.1102 Ux=2.1821 Uy=1.0244]  vol[p=208.8632 Ux=5.7110 Uy=2.7368]
    val_geom_camber_rc         loss=6.7813  surf[p=219.4653 Ux=3.8511 Uy=1.2668]  vol[p=229.2162 Ux=7.2495 Uy=3.5131]
    val_geom_camber_cruise     loss=2.3628  surf[p=124.8301 Ux=3.2644 Uy=0.6849]  vol[p=126.1518 Ux=6.2442 Uy=1.6598]
    val_re_rand                loss=4.4926  surf[p=164.6285 Ux=3.5995 Uy=0.9718]  vol[p=161.7631 Ux=6.7884 Uy=2.3597]
Epoch   8 (136s) [47.1GB]  train[vol=0.5938 surf=0.3961]  val_avg_surf_p=153.2930 *  lr=9.98e-04
    val_single_in_dist         loss=6.2873  surf[p=187.7355 Ux=3.3038 Uy=0.9393]  vol[p=177.3274 Ux=7.2695 Uy=2.5251]
    val_geom_camber_rc         loss=5.4623  surf[p=176.3326 Ux=3.5592 Uy=1.1777]  vol[p=157.6802 Ux=6.8286 Uy=3.1121]
    val_geom_camber_cruise     loss=1.5975  surf[p=111.0628 Ux=2.0258 Uy=0.6686]  vol[p=102.0067 Ux=4.4851 Uy=1.5939]
    val_re_rand                loss=3.1565  surf[p=138.0410 Ux=2.7287 Uy=0.9389]  vol[p=121.2088 Ux=5.4086 Uy=2.2165]
Epoch   9 (136s) [47.1GB]  train[vol=0.4832 surf=0.3210]  val_avg_surf_p=144.6203 *  lr=9.96e-04
    val_single_in_dist         loss=6.1848  surf[p=184.6300 Ux=2.8909 Uy=0.8978]  vol[p=191.0807 Ux=5.7560 Uy=2.3462]
    val_geom_camber_rc         loss=4.5456  surf[p=167.7558 Ux=3.7815 Uy=1.1952]  vol[p=159.1669 Ux=5.9998 Uy=2.9442]
    val_geom_camber_cruise     loss=1.3211  surf[p=100.5563 Ux=1.9715 Uy=0.6429]  vol[p=88.1122 Ux=3.8540 Uy=1.4559]
    val_re_rand                loss=2.5704  surf[p=125.5392 Ux=2.7981 Uy=0.9041]  vol[p=112.7833 Ux=4.7303 Uy=2.0591]
Epoch  10 (136s) [47.1GB]  train[vol=0.4644 surf=0.2941]  val_avg_surf_p=190.4049  lr=9.93e-04
    val_single_in_dist         loss=7.2693  surf[p=218.8977 Ux=2.2337 Uy=1.1891]  vol[p=181.6961 Ux=5.6450 Uy=2.7339]
    val_geom_camber_rc         loss=9.1359  surf[p=247.9260 Ux=3.4026 Uy=1.4211]  vol[p=239.1863 Ux=6.4017 Uy=3.5931]
    val_geom_camber_cruise     loss=1.9421  surf[p=117.5774 Ux=1.9907 Uy=0.7585]  vol[p=101.2729 Ux=4.3174 Uy=1.7471]
    val_re_rand                loss=5.5663  surf[p=177.2185 Ux=2.7433 Uy=1.0423]  vol[p=152.6992 Ux=5.2421 Uy=2.4448]
Epoch  11 (137s) [47.1GB]  train[vol=0.4320 surf=0.2798]  val_avg_surf_p=128.5327 *  lr=9.90e-04
    val_single_in_dist         loss=5.1158  surf[p=155.5309 Ux=3.1062 Uy=0.7771]  vol[p=158.2253 Ux=6.5881 Uy=2.1743]
    val_geom_camber_rc         loss=3.8963  surf[p=138.7453 Ux=3.0637 Uy=1.0156]  vol[p=144.5114 Ux=5.8417 Uy=2.8994]
    val_geom_camber_cruise     loss=1.4686  surf[p=99.9680 Ux=2.6377 Uy=0.6204]  vol[p=91.7943 Ux=5.0216 Uy=1.4328]
    val_re_rand                loss=2.6636  surf[p=119.8866 Ux=2.9640 Uy=0.8402]  vol[p=113.5072 Ux=5.5030 Uy=2.0447]
Epoch  12 (136s) [47.1GB]  train[vol=0.4995 surf=0.3177]  val_avg_surf_p=167.3815  lr=9.87e-04
    val_single_in_dist         loss=5.9396  surf[p=215.7250 Ux=2.4542 Uy=0.9024]  vol[p=186.8714 Ux=5.5938 Uy=2.1976]
    val_geom_camber_rc         loss=3.8976  surf[p=191.5098 Ux=2.5695 Uy=1.0446]  vol[p=159.5688 Ux=5.6272 Uy=2.8212]
    val_geom_camber_cruise     loss=1.5218  surf[p=111.8142 Ux=1.6956 Uy=0.6250]  vol[p=100.5220 Ux=4.0781 Uy=1.4154]
    val_re_rand                loss=2.9512  surf[p=150.4767 Ux=2.1460 Uy=0.8229]  vol[p=124.0668 Ux=4.7594 Uy=2.0167]
Epoch  13 (134s) [47.1GB]  train[vol=0.4204 surf=0.2609]  val_avg_surf_p=115.1795 *  lr=9.83e-04
    val_single_in_dist         loss=5.1551  surf[p=135.0780 Ux=1.6535 Uy=0.7070]  vol[p=141.6894 Ux=5.0085 Uy=2.0150]
    val_geom_camber_rc         loss=3.2655  surf[p=128.2704 Ux=2.3280 Uy=0.9063]  vol[p=123.3797 Ux=5.1692 Uy=2.6460]
    val_geom_camber_cruise     loss=1.1449  surf[p=89.9076 Ux=1.2545 Uy=0.5752]  vol[p=80.5849 Ux=3.4571 Uy=1.3405]
    val_re_rand                loss=2.1458  surf[p=107.4618 Ux=1.7543 Uy=0.7391]  vol[p=99.9647 Ux=4.1441 Uy=1.9049]
Epoch  14 (137s) [47.1GB]  train[vol=0.3940 surf=0.2496]  val_avg_surf_p=110.8144 *  lr=9.78e-04
    val_single_in_dist         loss=3.3819  surf[p=123.7266 Ux=1.7468 Uy=0.8801]  vol[p=128.5816 Ux=4.8460 Uy=2.3833]
    val_geom_camber_rc         loss=3.5453  surf[p=138.8399 Ux=2.6566 Uy=1.1255]  vol[p=127.4628 Ux=5.6661 Uy=2.9408]
    val_geom_camber_cruise     loss=1.0143  surf[p=81.6678 Ux=1.1268 Uy=0.6172]  vol[p=78.2301 Ux=3.3302 Uy=1.3329]
    val_re_rand                loss=1.9618  surf[p=99.0234 Ux=1.7238 Uy=0.8011]  vol[p=96.5773 Ux=4.1787 Uy=1.9572]
Epoch  15 (136s) [47.1GB]  train[vol=0.3951 surf=0.2329]  val_avg_surf_p=107.6254 *  lr=9.73e-04
    val_single_in_dist         loss=5.8483  surf[p=136.5913 Ux=2.2523 Uy=0.7686]  vol[p=145.3479 Ux=5.2272 Uy=1.9898]
    val_geom_camber_rc         loss=2.7691  surf[p=113.2766 Ux=2.4437 Uy=0.9633]  vol[p=123.3162 Ux=5.2524 Uy=2.6619]
    val_geom_camber_cruise     loss=1.0188  surf[p=82.8695 Ux=1.3187 Uy=0.5659]  vol[p=82.6169 Ux=3.6127 Uy=1.2924]
    val_re_rand                loss=1.9091  surf[p=97.7641 Ux=1.7782 Uy=0.7625]  vol[p=99.9739 Ux=4.1075 Uy=1.8917]
Epoch  16 (135s) [47.1GB]  train[vol=0.4198 surf=0.2705]  val_avg_surf_p=101.1732 *  lr=9.67e-04
    val_single_in_dist         loss=3.7070  surf[p=120.5909 Ux=1.7478 Uy=0.7675]  vol[p=126.4132 Ux=4.6213 Uy=1.9823]
    val_geom_camber_rc         loss=2.8601  surf[p=109.3982 Ux=2.3751 Uy=0.9760]  vol[p=124.7027 Ux=4.8599 Uy=2.6107]
    val_geom_camber_cruise     loss=1.0480  surf[p=79.3724 Ux=1.6303 Uy=0.5437]  vol[p=77.8832 Ux=3.5545 Uy=1.2474]
    val_re_rand                loss=2.0080  surf[p=95.3314 Ux=2.1319 Uy=0.7359]  vol[p=95.0048 Ux=4.1860 Uy=1.8074]
Epoch  17 (138s) [47.1GB]  train[vol=0.2800 surf=0.1675]  val_avg_surf_p=112.0875  lr=9.61e-04
    val_single_in_dist         loss=3.4071  surf[p=126.6538 Ux=2.4046 Uy=0.8214]  vol[p=127.1769 Ux=5.3023 Uy=2.0081]
    val_geom_camber_rc         loss=3.1539  surf[p=121.2745 Ux=2.4289 Uy=0.9720]  vol[p=113.6834 Ux=5.3191 Uy=2.4818]
    val_geom_camber_cruise     loss=1.4105  surf[p=94.6135 Ux=2.1551 Uy=0.6757]  vol[p=78.7948 Ux=4.1023 Uy=1.3643]
    val_re_rand                loss=2.0745  surf[p=105.8081 Ux=2.3692 Uy=0.7857]  vol[p=94.2467 Ux=4.6893 Uy=1.8244]
Epoch  18 (136s) [47.1GB]  train[vol=0.3507 surf=0.2233]  val_avg_surf_p=98.5175 *  lr=9.55e-04
    val_single_in_dist         loss=3.2817  surf[p=110.8639 Ux=1.5460 Uy=0.6718]  vol[p=116.0462 Ux=4.3184 Uy=1.7690]
    val_geom_camber_rc         loss=2.4381  surf[p=111.2780 Ux=2.0323 Uy=0.8539]  vol[p=114.9220 Ux=4.8764 Uy=2.3361]
    val_geom_camber_cruise     loss=0.8856  surf[p=77.4441 Ux=1.2270 Uy=0.5128]  vol[p=70.3504 Ux=3.2801 Uy=1.1617]
    val_re_rand                loss=1.7010  surf[p=94.4840 Ux=1.6554 Uy=0.6818]  vol[p=90.1318 Ux=4.0357 Uy=1.6685]
Epoch  19 (138s) [47.1GB]  train[vol=0.3994 surf=0.2454]  val_avg_surf_p=106.5075  lr=9.47e-04
    val_single_in_dist         loss=3.3647  surf[p=128.4601 Ux=1.4936 Uy=0.7291]  vol[p=116.6006 Ux=4.3154 Uy=1.8261]
    val_geom_camber_rc         loss=2.4012  surf[p=117.0565 Ux=2.0039 Uy=0.8851]  vol[p=117.8661 Ux=4.6173 Uy=2.3360]
    val_geom_camber_cruise     loss=0.8513  surf[p=79.7085 Ux=0.9710 Uy=0.5530]  vol[p=64.6493 Ux=3.0742 Uy=1.2192]
    val_re_rand                loss=1.8158  surf[p=100.8049 Ux=1.5813 Uy=0.6982]  vol[p=89.3029 Ux=3.8022 Uy=1.6993]
Epoch  20 (137s) [47.1GB]  train[vol=0.3302 surf=0.1966]  val_avg_surf_p=110.2561  lr=9.40e-04
    val_single_in_dist         loss=3.5962  surf[p=138.9178 Ux=1.7639 Uy=0.7488]  vol[p=131.4069 Ux=4.2794 Uy=1.8137]
    val_geom_camber_rc         loss=3.0762  surf[p=138.6819 Ux=2.2057 Uy=0.8348]  vol[p=138.3005 Ux=4.7620 Uy=2.4237]
    val_geom_camber_cruise     loss=0.7194  surf[p=65.3761 Ux=1.4491 Uy=0.4836]  vol[p=68.2875 Ux=3.3730 Uy=1.1095]
    val_re_rand                loss=2.0313  surf[p=98.0488 Ux=1.8030 Uy=0.6506]  vol[p=96.0976 Ux=3.9717 Uy=1.6536]
Epoch  21 (136s) [47.1GB]  train[vol=0.2580 surf=0.1413]  val_avg_surf_p=112.4899  lr=9.32e-04
    val_single_in_dist         loss=3.3382  surf[p=130.3962 Ux=1.5005 Uy=0.7158]  vol[p=126.0123 Ux=4.3142 Uy=1.7297]
    val_geom_camber_rc         loss=2.8825  surf[p=126.1118 Ux=2.0135 Uy=0.8296]  vol[p=134.1574 Ux=4.6702 Uy=2.3630]
    val_geom_camber_cruise     loss=0.8623  surf[p=87.1800 Ux=1.2336 Uy=0.5560]  vol[p=76.8993 Ux=3.4091 Uy=1.1981]
    val_re_rand                loss=1.7521  surf[p=106.2717 Ux=1.6127 Uy=0.6566]  vol[p=98.3476 Ux=3.9667 Uy=1.6322]
Epoch  22 (136s) [47.1GB]  train[vol=0.2686 surf=0.1834]  val_avg_surf_p=97.9202 *  lr=9.23e-04
    val_single_in_dist         loss=2.8517  surf[p=112.1619 Ux=1.2089 Uy=0.6902]  vol[p=113.2775 Ux=3.8527 Uy=1.7079]
    val_geom_camber_rc         loss=3.4164  surf[p=128.8587 Ux=1.8156 Uy=0.9186]  vol[p=123.8994 Ux=4.5097 Uy=2.4747]
    val_geom_camber_cruise     loss=0.6539  surf[p=60.8994 Ux=0.9736 Uy=0.4812]  vol[p=56.2253 Ux=2.7233 Uy=1.0734]
    val_re_rand                loss=1.8683  surf[p=89.7607 Ux=1.3685 Uy=0.6548]  vol[p=82.9897 Ux=3.4687 Uy=1.6164]
Epoch  23 (137s) [47.1GB]  train[vol=0.3109 surf=0.1813]  val_avg_surf_p=92.8027 *  lr=9.14e-04
    val_single_in_dist         loss=2.7850  surf[p=108.0725 Ux=1.4317 Uy=0.6402]  vol[p=102.6232 Ux=3.9621 Uy=1.6743]
    val_geom_camber_rc         loss=2.5071  surf[p=112.8912 Ux=2.0843 Uy=0.8336]  vol[p=106.1254 Ux=4.6617 Uy=2.3890]
    val_geom_camber_cruise     loss=0.6819  surf[p=61.8227 Ux=1.2710 Uy=0.4503]  vol[p=56.9202 Ux=2.8367 Uy=1.0550]
    val_re_rand                loss=1.8323  surf[p=88.4243 Ux=1.7486 Uy=0.6325]  vol[p=81.2551 Ux=3.6917 Uy=1.6119]
Epoch  24 (136s) [47.1GB]  train[vol=0.2952 surf=0.1858]  val_avg_surf_p=91.9606 *  lr=9.05e-04
    val_single_in_dist         loss=3.2865  surf[p=123.7701 Ux=2.2614 Uy=0.6991]  vol[p=121.3057 Ux=4.9465 Uy=1.7018]
    val_geom_camber_rc         loss=2.2844  surf[p=105.6533 Ux=1.8980 Uy=0.8109]  vol[p=100.0992 Ux=4.6501 Uy=2.2868]
    val_geom_camber_cruise     loss=0.7124  surf[p=59.5890 Ux=1.4092 Uy=0.5012]  vol[p=59.6609 Ux=3.0936 Uy=1.0667]
    val_re_rand                loss=1.5409  surf[p=78.8302 Ux=1.6138 Uy=0.6434]  vol[p=78.2795 Ux=3.7354 Uy=1.5364]
Epoch  25 (137s) [47.1GB]  train[vol=0.2143 surf=0.1141]  val_avg_surf_p=93.7011  lr=8.95e-04
    val_single_in_dist         loss=3.0864  surf[p=109.1001 Ux=1.3140 Uy=0.6892]  vol[p=120.7174 Ux=3.9021 Uy=1.7273]
    val_geom_camber_rc         loss=2.4636  surf[p=106.5317 Ux=1.7239 Uy=0.8479]  vol[p=119.4200 Ux=4.4331 Uy=2.3420]
    val_geom_camber_cruise     loss=0.6661  surf[p=68.8769 Ux=0.8289 Uy=0.4649]  vol[p=67.0383 Ux=2.6238 Uy=1.0321]
    val_re_rand                loss=1.6417  surf[p=90.2957 Ux=1.3012 Uy=0.6514]  vol[p=89.1884 Ux=3.4389 Uy=1.5719]
Epoch  26 (136s) [47.1GB]  train[vol=0.2077 surf=0.1146]  val_avg_surf_p=88.7309 *  lr=8.84e-04
    val_single_in_dist         loss=3.8324  surf[p=117.7381 Ux=1.5663 Uy=0.6993]  vol[p=118.9612 Ux=4.0275 Uy=1.7761]
    val_geom_camber_rc         loss=2.4053  surf[p=101.0259 Ux=1.8221 Uy=0.7790]  vol[p=103.5974 Ux=4.2846 Uy=2.1620]
    val_geom_camber_cruise     loss=0.6612  surf[p=59.2104 Ux=0.8596 Uy=0.4215]  vol[p=56.5568 Ux=2.6357 Uy=1.0186]
    val_re_rand                loss=1.3582  surf[p=76.9493 Ux=1.2600 Uy=0.5680]  vol[p=77.2044 Ux=3.2739 Uy=1.4785]
Epoch  27 (134s) [47.1GB]  train[vol=0.3131 surf=0.1804]  val_avg_surf_p=81.9802 *  lr=8.73e-04
    val_single_in_dist         loss=2.6707  surf[p=104.7368 Ux=1.3357 Uy=0.6424]  vol[p=111.3326 Ux=3.8125 Uy=1.6178]
    val_geom_camber_rc         loss=1.8412  surf[p=93.5778 Ux=1.8090 Uy=0.7842]  vol[p=93.1137 Ux=4.3268 Uy=2.1264]
    val_geom_camber_cruise     loss=0.5495  surf[p=54.1210 Ux=1.1083 Uy=0.5272]  vol[p=51.1466 Ux=2.6492 Uy=1.0724]
    val_re_rand                loss=1.3801  surf[p=75.4853 Ux=1.3837 Uy=0.6333]  vol[p=72.8214 Ux=3.3278 Uy=1.5234]
Epoch  28 (135s) [47.1GB]  train[vol=0.2002 surf=0.1131]  val_avg_surf_p=83.5664  lr=8.62e-04
    val_single_in_dist         loss=3.3769  surf[p=109.3645 Ux=1.2207 Uy=0.6587]  vol[p=111.3843 Ux=3.8857 Uy=1.7514]
    val_geom_camber_rc         loss=1.8425  surf[p=91.9970 Ux=1.6883 Uy=0.7479]  vol[p=97.8905 Ux=4.3130 Uy=2.0581]
    val_geom_camber_cruise     loss=0.5824  surf[p=56.6741 Ux=0.9183 Uy=0.4424]  vol[p=54.2444 Ux=2.5783 Uy=0.9714]
    val_re_rand                loss=1.3411  surf[p=76.2301 Ux=1.2449 Uy=0.5758]  vol[p=75.1191 Ux=3.2439 Uy=1.4346]
Epoch  29 (134s) [47.1GB]  train[vol=0.1966 surf=0.1090]  val_avg_surf_p=82.5951  lr=8.51e-04
    val_single_in_dist         loss=2.2843  surf[p=97.2629 Ux=1.0473 Uy=0.5999]  vol[p=103.9769 Ux=3.6200 Uy=1.5136]
    val_geom_camber_rc         loss=1.9455  surf[p=94.9834 Ux=1.5781 Uy=0.7556]  vol[p=102.7927 Ux=4.3049 Uy=2.0675]
    val_geom_camber_cruise     loss=0.5723  surf[p=59.1088 Ux=0.8274 Uy=0.4674]  vol[p=52.5053 Ux=2.5387 Uy=1.0469]
    val_re_rand                loss=1.5378  surf[p=79.0252 Ux=1.2636 Uy=0.6133]  vol[p=76.7782 Ux=3.3955 Uy=1.5074]
Epoch  30 (139s) [47.1GB]  train[vol=0.2375 surf=0.1345]  val_avg_surf_p=84.0584  lr=8.39e-04
    val_single_in_dist         loss=2.2774  surf[p=99.0396 Ux=1.1144 Uy=0.6097]  vol[p=102.5476 Ux=3.6323 Uy=1.5270]
    val_geom_camber_rc         loss=1.6815  surf[p=97.4148 Ux=1.6092 Uy=0.7403]  vol[p=97.7348 Ux=4.0627 Uy=2.0102]
    val_geom_camber_cruise     loss=0.4448  surf[p=58.0372 Ux=0.8615 Uy=0.4032]  vol[p=52.2790 Ux=2.5365 Uy=0.8860]
    val_re_rand                loss=1.5109  surf[p=81.7419 Ux=1.2782 Uy=0.5815]  vol[p=75.0065 Ux=3.2078 Uy=1.3857]
Epoch  31 (136s) [47.1GB]  train[vol=0.2934 surf=0.1687]  val_avg_surf_p=83.3379  lr=8.26e-04
    val_single_in_dist         loss=2.8634  surf[p=108.8854 Ux=1.4546 Uy=0.6467]  vol[p=112.0062 Ux=4.0819 Uy=1.6165]
    val_geom_camber_rc         loss=2.1413  surf[p=97.6059 Ux=1.7651 Uy=0.7491]  vol[p=99.7169 Ux=4.3381 Uy=2.0261]
    val_geom_camber_cruise     loss=0.5318  surf[p=50.7640 Ux=0.9753 Uy=0.4151]  vol[p=47.9214 Ux=2.7633 Uy=0.9153]
    val_re_rand                loss=1.4960  surf[p=76.0964 Ux=1.3404 Uy=0.5705]  vol[p=73.1066 Ux=3.3823 Uy=1.3988]
Epoch  32 (136s) [47.1GB]  train[vol=0.2134 surf=0.1229]  val_avg_surf_p=89.8456  lr=8.14e-04
    val_single_in_dist         loss=3.0941  surf[p=114.9141 Ux=2.9164 Uy=0.6035]  vol[p=115.1244 Ux=5.8619 Uy=1.5741]
    val_geom_camber_rc         loss=2.4872  surf[p=108.6352 Ux=2.4536 Uy=0.8430]  vol[p=106.9076 Ux=5.1190 Uy=2.2887]
    val_geom_camber_cruise     loss=0.6801  surf[p=54.0302 Ux=1.8819 Uy=0.3587]  vol[p=49.8590 Ux=3.9316 Uy=0.8524]
    val_re_rand                loss=1.6905  surf[p=81.8028 Ux=2.0677 Uy=0.5867]  vol[p=76.4601 Ux=4.2796 Uy=1.4730]
Epoch  33 (137s) [47.1GB]  train[vol=0.2378 surf=0.1356]  val_avg_surf_p=87.0858  lr=8.01e-04
    val_single_in_dist         loss=2.5196  surf[p=96.7564 Ux=1.2612 Uy=0.5750]  vol[p=102.7645 Ux=3.8413 Uy=1.4822]
    val_geom_camber_rc         loss=1.9095  surf[p=95.0324 Ux=1.8193 Uy=0.7121]  vol[p=101.0041 Ux=4.5633 Uy=2.0325]
    val_geom_camber_cruise     loss=0.7692  surf[p=72.9789 Ux=1.0732 Uy=0.4326]  vol[p=66.8647 Ux=3.0448 Uy=1.0121]
    val_re_rand                loss=1.5845  surf[p=83.5755 Ux=1.4118 Uy=0.5486]  vol[p=82.0919 Ux=3.6127 Uy=1.4384]
Epoch  34 (136s) [47.1GB]  train[vol=0.1964 surf=0.1127]  val_avg_surf_p=74.0194 *  lr=7.87e-04
    val_single_in_dist         loss=1.8674  surf[p=85.7317 Ux=1.0498 Uy=0.5596]  vol[p=95.6804 Ux=3.5454 Uy=1.5134]
    val_geom_camber_rc         loss=1.5100  surf[p=91.5732 Ux=1.6301 Uy=0.7281]  vol[p=92.1982 Ux=4.0435 Uy=2.0143]
    val_geom_camber_cruise     loss=0.4005  surf[p=47.1762 Ux=0.7570 Uy=0.4039]  vol[p=47.2343 Ux=2.3419 Uy=0.9373]
    val_re_rand                loss=1.3975  surf[p=71.5964 Ux=1.2254 Uy=0.5394]  vol[p=69.0615 Ux=3.1055 Uy=1.3608]
Epoch  35 (135s) [47.1GB]  train[vol=0.2113 surf=0.1143]  val_avg_surf_p=82.2762  lr=7.73e-04
    val_single_in_dist         loss=2.4407  surf[p=97.9199 Ux=1.2294 Uy=0.5003]  vol[p=100.4937 Ux=3.5410 Uy=1.3805]
    val_geom_camber_rc         loss=1.5135  surf[p=88.3276 Ux=1.4706 Uy=0.6665]  vol[p=89.5614 Ux=3.8965 Uy=1.8790]
    val_geom_camber_cruise     loss=0.5616  surf[p=63.5002 Ux=1.2883 Uy=0.4146]  vol[p=59.9259 Ux=2.7669 Uy=0.9240]
    val_re_rand                loss=1.3377  surf[p=79.3569 Ux=1.4399 Uy=0.5365]  vol[p=75.8150 Ux=3.2766 Uy=1.3472]
Epoch  36 (136s) [47.1GB]  train[vol=0.2065 surf=0.1121]  val_avg_surf_p=95.0360  lr=7.59e-04
    val_single_in_dist         loss=3.1420  surf[p=109.7717 Ux=1.2685 Uy=0.5774]  vol[p=103.5727 Ux=3.6795 Uy=1.4268]
    val_geom_camber_rc         loss=2.4891  surf[p=132.5784 Ux=1.9293 Uy=0.7604]  vol[p=124.4725 Ux=4.7346 Uy=2.0423]
    val_geom_camber_cruise     loss=0.5330  surf[p=53.7443 Ux=1.2877 Uy=0.3330]  vol[p=47.6199 Ux=2.6377 Uy=0.8100]
    val_re_rand                loss=1.5213  surf[p=84.0496 Ux=1.5222 Uy=0.5013]  vol[p=75.6117 Ux=3.4227 Uy=1.3192]
Epoch  37 (138s) [47.1GB]  train[vol=0.2162 surf=0.1239]  val_avg_surf_p=72.3845 *  lr=7.45e-04
    val_single_in_dist         loss=2.1548  surf[p=81.3322 Ux=0.9250 Uy=0.5316]  vol[p=86.2411 Ux=3.3642 Uy=1.3978]
    val_geom_camber_rc         loss=1.5507  surf[p=89.8376 Ux=1.3677 Uy=0.6749]  vol[p=90.0454 Ux=3.8491 Uy=1.8337]
    val_geom_camber_cruise     loss=0.3900  surf[p=48.0382 Ux=0.7570 Uy=0.3449]  vol[p=45.0763 Ux=2.5328 Uy=0.8298]
    val_re_rand                loss=1.2015  surf[p=70.3298 Ux=1.0498 Uy=0.4983]  vol[p=65.2878 Ux=3.0712 Uy=1.2744]
Epoch  38 (136s) [47.1GB]  train[vol=0.2577 surf=0.1447]  val_avg_surf_p=75.9158  lr=7.31e-04
    val_single_in_dist         loss=2.0865  surf[p=87.5610 Ux=1.1379 Uy=0.4892]  vol[p=95.9354 Ux=3.4319 Uy=1.3802]
    val_geom_camber_rc         loss=1.5765  surf[p=91.7567 Ux=1.5089 Uy=0.6272]  vol[p=92.5565 Ux=3.8933 Uy=1.8424]
    val_geom_camber_cruise     loss=0.4352  surf[p=50.9127 Ux=0.8051 Uy=0.3602]  vol[p=53.8455 Ux=2.3028 Uy=0.8762]
    val_re_rand                loss=1.1980  surf[p=73.4326 Ux=1.1678 Uy=0.4840]  vol[p=72.1992 Ux=3.0240 Uy=1.2905]
Epoch  39 (138s) [47.1GB]  train[vol=0.1911 surf=0.1059]  val_avg_surf_p=71.3281 *  lr=7.16e-04
    val_single_in_dist         loss=2.4131  surf[p=80.7933 Ux=1.4525 Uy=0.5561]  vol[p=83.7136 Ux=3.4251 Uy=1.3228]
    val_geom_camber_rc         loss=1.4158  surf[p=91.4225 Ux=1.7185 Uy=0.6856]  vol[p=86.9680 Ux=3.8934 Uy=1.7738]
    val_geom_camber_cruise     loss=0.4372  surf[p=45.4320 Ux=1.2895 Uy=0.3870]  vol[p=42.6561 Ux=2.7456 Uy=0.8550]
    val_re_rand                loss=1.1722  surf[p=67.6644 Ux=1.4178 Uy=0.5153]  vol[p=63.3095 Ux=3.1344 Uy=1.2600]
Epoch  40 (135s) [47.1GB]  train[vol=0.1968 surf=0.1067]  val_avg_surf_p=74.1577  lr=7.01e-04
    val_single_in_dist         loss=2.5886  surf[p=86.7891 Ux=1.1466 Uy=0.5152]  vol[p=90.1030 Ux=3.4923 Uy=1.3374]
    val_geom_camber_rc         loss=1.6649  surf[p=84.0761 Ux=1.4791 Uy=0.6653]  vol[p=88.9606 Ux=3.9477 Uy=1.8513]
    val_geom_camber_cruise     loss=0.4363  surf[p=52.3660 Ux=0.6899 Uy=0.3744]  vol[p=48.2936 Ux=2.2324 Uy=0.8671]
    val_re_rand                loss=1.2674  surf[p=73.3995 Ux=1.1472 Uy=0.5239]  vol[p=69.6511 Ux=3.0511 Uy=1.3122]
Epoch  41 (135s) [47.1GB]  train[vol=0.1880 surf=0.0973]  val_avg_surf_p=77.2180  lr=6.86e-04
    val_single_in_dist         loss=4.0008  surf[p=101.4380 Ux=1.4581 Uy=0.4865]  vol[p=100.9566 Ux=3.5846 Uy=1.3445]
    val_geom_camber_rc         loss=1.4396  surf[p=84.8073 Ux=1.4166 Uy=0.6208]  vol[p=95.6318 Ux=3.7703 Uy=1.8447]
    val_geom_camber_cruise     loss=0.4497  surf[p=50.1412 Ux=1.2021 Uy=0.3546]  vol[p=46.6430 Ux=2.6570 Uy=0.8426]
    val_re_rand                loss=1.4728  surf[p=72.4854 Ux=1.3790 Uy=0.4853]  vol[p=70.8399 Ux=3.2248 Uy=1.3095]
Epoch  42 (135s) [47.1GB]  train[vol=0.1691 surf=0.0901]  val_avg_surf_p=66.6132 *  lr=6.70e-04
    val_single_in_dist         loss=2.5107  surf[p=80.2917 Ux=1.1826 Uy=0.4599]  vol[p=81.7081 Ux=3.2876 Uy=1.2492]
    val_geom_camber_rc         loss=1.4432  surf[p=81.8359 Ux=1.3703 Uy=0.6537]  vol[p=90.4543 Ux=3.8846 Uy=1.8494]
    val_geom_camber_cruise     loss=0.3211  surf[p=40.6199 Ux=0.7687 Uy=0.3087]  vol[p=43.0535 Ux=2.1409 Uy=0.7791]
    val_re_rand                loss=1.3817  surf[p=63.7054 Ux=1.0282 Uy=0.4600]  vol[p=64.6152 Ux=2.8093 Uy=1.2201]
Epoch  43 (135s) [47.1GB]  train[vol=0.2247 surf=0.1242]  val_avg_surf_p=70.6929  lr=6.55e-04
    val_single_in_dist         loss=1.6354  surf[p=80.1540 Ux=1.3046 Uy=0.4975]  vol[p=87.5617 Ux=3.5418 Uy=1.2894]
    val_geom_camber_rc         loss=1.7596  surf[p=89.4888 Ux=1.4329 Uy=0.6475]  vol[p=88.0333 Ux=3.6541 Uy=1.6958]
    val_geom_camber_cruise     loss=0.4037  surf[p=45.5184 Ux=1.1342 Uy=0.3891]  vol[p=43.5792 Ux=2.4348 Uy=0.7517]
    val_re_rand                loss=1.2885  surf[p=67.6102 Ux=1.3649 Uy=0.5301]  vol[p=64.5381 Ux=3.0327 Uy=1.1818]
Epoch  44 (139s) [47.1GB]  train[vol=0.1809 surf=0.0881]  val_avg_surf_p=66.5826 *  lr=6.39e-04
    val_single_in_dist         loss=1.5610  surf[p=73.4872 Ux=0.8465 Uy=0.4352]  vol[p=78.1814 Ux=3.0172 Uy=1.1701]
    val_geom_camber_rc         loss=1.1896  surf[p=85.7778 Ux=1.3941 Uy=0.5715]  vol[p=89.2160 Ux=3.7042 Uy=1.6817]
    val_geom_camber_cruise     loss=0.3372  surf[p=42.4321 Ux=0.6463 Uy=0.2990]  vol[p=42.4765 Ux=2.1284 Uy=0.7335]
    val_re_rand                loss=1.0491  surf[p=64.6331 Ux=1.0408 Uy=0.4382]  vol[p=62.4777 Ux=2.8041 Uy=1.1560]
Epoch  45 (135s) [47.1GB]  train[vol=0.1678 surf=0.0896]  val_avg_surf_p=71.1259  lr=6.23e-04
    val_single_in_dist         loss=1.9213  surf[p=79.0845 Ux=0.8679 Uy=0.4666]  vol[p=83.2847 Ux=2.9833 Uy=1.1893]
    val_geom_camber_rc         loss=1.1558  surf[p=82.0185 Ux=1.3347 Uy=0.6538]  vol[p=87.2930 Ux=3.6364 Uy=1.7107]
    val_geom_camber_cruise     loss=0.3882  surf[p=52.7807 Ux=0.8524 Uy=0.2882]  vol[p=45.8280 Ux=2.1900 Uy=0.7503]
    val_re_rand                loss=1.1165  surf[p=70.6199 Ux=1.1343 Uy=0.4629]  vol[p=64.8663 Ux=2.8688 Uy=1.1875]
Epoch  46 (136s) [47.1GB]  train[vol=0.1199 surf=0.0576]  val_avg_surf_p=64.0690 *  lr=6.07e-04
    val_single_in_dist         loss=1.9363  surf[p=78.8126 Ux=0.8828 Uy=0.4344]  vol[p=85.5804 Ux=3.0125 Uy=1.1810]
    val_geom_camber_rc         loss=1.3307  surf[p=77.5714 Ux=1.2638 Uy=0.5744]  vol[p=83.1620 Ux=3.6217 Uy=1.6457]
    val_geom_camber_cruise     loss=0.3171  surf[p=40.5520 Ux=0.7741 Uy=0.3147]  vol[p=41.7831 Ux=2.1945 Uy=0.7079]
    val_re_rand                loss=1.1558  surf[p=59.3399 Ux=0.9863 Uy=0.4422]  vol[p=61.1665 Ux=2.7280 Uy=1.1173]
Epoch  47 (136s) [47.1GB]  train[vol=0.1465 surf=0.0703]  val_avg_surf_p=63.4447 *  lr=5.90e-04
    val_single_in_dist         loss=1.5398  surf[p=78.0460 Ux=0.8598 Uy=0.4922]  vol[p=87.3790 Ux=2.9922 Uy=1.2396]
    val_geom_camber_rc         loss=1.4684  surf[p=80.4690 Ux=1.3540 Uy=0.6019]  vol[p=85.9931 Ux=3.6607 Uy=1.6744]
    val_geom_camber_cruise     loss=0.2866  surf[p=36.4116 Ux=0.6571 Uy=0.3037]  vol[p=37.8636 Ux=2.1852 Uy=0.6941]
    val_re_rand                loss=1.0167  surf[p=58.8522 Ux=1.0187 Uy=0.4500]  vol[p=59.4264 Ux=2.7728 Uy=1.1287]
Epoch  48 (136s) [47.1GB]  train[vol=0.1731 surf=0.0873]  val_avg_surf_p=60.4845 *  lr=5.74e-04
    val_single_in_dist         loss=1.2603  surf[p=67.2458 Ux=0.7888 Uy=0.4069]  vol[p=73.5048 Ux=2.9226 Uy=1.1403]
    val_geom_camber_rc         loss=1.7176  surf[p=77.9138 Ux=1.1903 Uy=0.5831]  vol[p=81.5543 Ux=3.4558 Uy=1.6454]
    val_geom_camber_cruise     loss=0.3023  surf[p=37.9138 Ux=0.6587 Uy=0.2845]  vol[p=38.7370 Ux=2.0294 Uy=0.7103]
    val_re_rand                loss=1.0936  surf[p=58.8645 Ux=0.9797 Uy=0.4361]  vol[p=59.1329 Ux=2.6799 Uy=1.1382]
Epoch  49 (137s) [47.1GB]  train[vol=0.1211 surf=0.0623]  val_avg_surf_p=62.3326  lr=5.58e-04
    val_single_in_dist         loss=2.0185  surf[p=73.7209 Ux=0.8213 Uy=0.4682]  vol[p=80.5979 Ux=2.9575 Uy=1.2258]
    val_geom_camber_rc         loss=1.1114  surf[p=70.6822 Ux=1.1723 Uy=0.5691]  vol[p=77.8313 Ux=3.3873 Uy=1.5985]
    val_geom_camber_cruise     loss=0.3353  surf[p=44.2996 Ux=0.6996 Uy=0.3485]  vol[p=42.7703 Ux=2.1799 Uy=0.7335]
    val_re_rand                loss=1.0257  surf[p=60.6277 Ux=0.9667 Uy=0.4626]  vol[p=59.5845 Ux=2.7101 Uy=1.1186]
Epoch  50 (135s) [47.1GB]  train[vol=0.1775 surf=0.0990]  val_avg_surf_p=59.1525 *  lr=5.41e-04
    val_single_in_dist         loss=1.4198  surf[p=67.5950 Ux=0.8537 Uy=0.4198]  vol[p=79.6432 Ux=2.9214 Uy=1.1410]
    val_geom_camber_rc         loss=1.3681  surf[p=73.7218 Ux=1.1447 Uy=0.5481]  vol[p=79.7804 Ux=3.4295 Uy=1.5776]
    val_geom_camber_cruise     loss=0.2912  surf[p=36.2751 Ux=0.6761 Uy=0.2831]  vol[p=36.4523 Ux=2.2479 Uy=0.6784]
    val_re_rand                loss=1.0461  surf[p=59.0181 Ux=0.9915 Uy=0.4334]  vol[p=58.4181 Ux=2.7869 Uy=1.1041]
Epoch  51 (137s) [47.1GB]  train[vol=0.1700 surf=0.0826]  val_avg_surf_p=63.2230  lr=5.25e-04
    val_single_in_dist         loss=1.8128  surf[p=74.7180 Ux=0.8713 Uy=0.4072]  vol[p=77.6889 Ux=2.9048 Uy=1.1316]
    val_geom_camber_rc         loss=1.5560  surf[p=79.8660 Ux=1.2556 Uy=0.5660]  vol[p=83.3129 Ux=3.3984 Uy=1.6267]
    val_geom_camber_cruise     loss=0.3122  surf[p=38.8479 Ux=0.8256 Uy=0.2830]  vol[p=37.8642 Ux=2.3037 Uy=0.7368]
    val_re_rand                loss=1.0356  surf[p=59.4599 Ux=1.0308 Uy=0.4238]  vol[p=57.9074 Ux=2.7276 Uy=1.1313]
Epoch  52 (137s) [47.1GB]  train[vol=0.2014 surf=0.1061]  val_avg_surf_p=57.8721 *  lr=5.08e-04
    val_single_in_dist         loss=1.8617  surf[p=65.4655 Ux=0.8324 Uy=0.3928]  vol[p=72.5234 Ux=2.8610 Uy=1.0776]
    val_geom_camber_rc         loss=1.1995  surf[p=72.0146 Ux=1.2020 Uy=0.5429]  vol[p=78.0334 Ux=3.4188 Uy=1.5465]
    val_geom_camber_cruise     loss=0.2590  surf[p=36.0950 Ux=0.5094 Uy=0.2797]  vol[p=36.0618 Ux=1.9159 Uy=0.6936]
    val_re_rand                loss=0.9393  surf[p=57.9134 Ux=0.8816 Uy=0.4177]  vol[p=56.3081 Ux=2.5569 Uy=1.0787]
Epoch  53 (137s) [47.1GB]  train[vol=0.1946 surf=0.0935]  val_avg_surf_p=58.2216  lr=4.92e-04
    val_single_in_dist         loss=1.6561  surf[p=68.0096 Ux=0.8384 Uy=0.4294]  vol[p=79.1931 Ux=2.9377 Uy=1.1512]
    val_geom_camber_rc         loss=1.1004  surf[p=71.7707 Ux=1.2580 Uy=0.5632]  vol[p=77.4425 Ux=3.4037 Uy=1.6384]
    val_geom_camber_cruise     loss=0.2579  surf[p=36.2724 Ux=0.6053 Uy=0.2917]  vol[p=37.8767 Ux=1.9289 Uy=0.7042]
    val_re_rand                loss=0.9944  surf[p=56.8339 Ux=0.9074 Uy=0.4294]  vol[p=56.8265 Ux=2.5230 Uy=1.1371]
Epoch  54 (136s) [47.1GB]  train[vol=0.1276 surf=0.0662]  val_avg_surf_p=56.4569 *  lr=4.75e-04
    val_single_in_dist         loss=1.7687  surf[p=70.2309 Ux=0.7445 Uy=0.3748]  vol[p=74.9947 Ux=2.7393 Uy=1.0448]
    val_geom_camber_rc         loss=1.0926  surf[p=69.1958 Ux=1.2036 Uy=0.5592]  vol[p=76.9780 Ux=3.4204 Uy=1.6212]
    val_geom_camber_cruise     loss=0.2533  surf[p=33.4101 Ux=0.5739 Uy=0.2510]  vol[p=36.2296 Ux=1.8687 Uy=0.6708]
    val_re_rand                loss=1.1530  surf[p=52.9910 Ux=0.8993 Uy=0.3992]  vol[p=54.9113 Ux=2.5177 Uy=1.0742]
Epoch  55 (138s) [47.1GB]  train[vol=0.1419 surf=0.0768]  val_avg_surf_p=56.7131  lr=4.59e-04
    val_single_in_dist         loss=1.3463  surf[p=64.8506 Ux=0.7665 Uy=0.4017]  vol[p=74.2653 Ux=2.7540 Uy=1.0957]
    val_geom_camber_rc         loss=1.1211  surf[p=70.0432 Ux=1.1572 Uy=0.5467]  vol[p=76.6758 Ux=3.2719 Uy=1.5637]
    val_geom_camber_cruise     loss=0.2655  surf[p=36.3393 Ux=0.5314 Uy=0.2767]  vol[p=35.7999 Ux=1.8498 Uy=0.6783]
    val_re_rand                loss=0.9502  surf[p=55.6193 Ux=0.8984 Uy=0.4076]  vol[p=55.5179 Ux=2.4939 Uy=1.0647]
Epoch  56 (136s) [47.1GB]  train[vol=0.2366 surf=0.1305]  val_avg_surf_p=57.4062  lr=4.42e-04
    val_single_in_dist         loss=2.3014  surf[p=74.7817 Ux=0.8615 Uy=0.4166]  vol[p=74.8384 Ux=2.8386 Uy=1.1305]
    val_geom_camber_rc         loss=1.0404  surf[p=69.0348 Ux=1.1961 Uy=0.5504]  vol[p=74.5168 Ux=3.3195 Uy=1.5537]
    val_geom_camber_cruise     loss=0.2536  surf[p=33.4404 Ux=0.6138 Uy=0.2614]  vol[p=35.3195 Ux=1.9083 Uy=0.6483]
    val_re_rand                loss=0.8770  surf[p=52.3680 Ux=0.9481 Uy=0.3950]  vol[p=53.7301 Ux=2.5457 Uy=1.0487]
Epoch  57 (136s) [47.1GB]  train[vol=0.2000 surf=0.1044]  val_avg_surf_p=55.0987 *  lr=4.26e-04
    val_single_in_dist         loss=1.7808  surf[p=65.5851 Ux=0.7255 Uy=0.3962]  vol[p=70.8241 Ux=2.7724 Uy=1.0671]
    val_geom_camber_rc         loss=0.9402  surf[p=66.2298 Ux=1.1042 Uy=0.5181]  vol[p=70.7481 Ux=3.2520 Uy=1.5015]
    val_geom_camber_cruise     loss=0.2392  surf[p=33.5542 Ux=0.5145 Uy=0.2531]  vol[p=36.2362 Ux=1.8432 Uy=0.6586]
    val_re_rand                loss=0.9769  surf[p=55.0257 Ux=0.8457 Uy=0.4013]  vol[p=55.7166 Ux=2.4706 Uy=1.0659]
Epoch  58 (135s) [47.1GB]  train[vol=0.0958 surf=0.0428]  val_avg_surf_p=53.6932 *  lr=4.10e-04
    val_single_in_dist         loss=1.7169  surf[p=65.8752 Ux=0.6638 Uy=0.4021]  vol[p=69.7308 Ux=2.6731 Uy=1.0329]
    val_geom_camber_rc         loss=1.0263  surf[p=64.8806 Ux=1.0689 Uy=0.5182]  vol[p=71.0946 Ux=3.2260 Uy=1.4855]
    val_geom_camber_cruise     loss=0.2489  surf[p=32.9787 Ux=0.5391 Uy=0.2463]  vol[p=34.3911 Ux=1.8430 Uy=0.6270]
    val_re_rand                loss=0.9373  surf[p=51.0385 Ux=0.8538 Uy=0.3834]  vol[p=51.9112 Ux=2.4616 Uy=1.0025]
Epoch  59 (135s) [47.1GB]  train[vol=0.1041 surf=0.0474]  val_avg_surf_p=50.8080 *  lr=3.93e-04
    val_single_in_dist         loss=0.9148  surf[p=52.7730 Ux=0.6823 Uy=0.3717]  vol[p=62.6140 Ux=2.5822 Uy=0.9697]
    val_geom_camber_rc         loss=0.9089  surf[p=64.3733 Ux=1.0747 Uy=0.5075]  vol[p=70.0019 Ux=3.1221 Uy=1.4621]
    val_geom_camber_cruise     loss=0.2444  surf[p=34.5683 Ux=0.5344 Uy=0.2595]  vol[p=34.3763 Ux=1.7821 Uy=0.6313]
    val_re_rand                loss=0.8300  surf[p=51.5174 Ux=0.8345 Uy=0.3816]  vol[p=51.3594 Ux=2.3430 Uy=0.9922]
Epoch  60 (136s) [47.1GB]  train[vol=0.0944 surf=0.0425]  val_avg_surf_p=50.8608  lr=3.77e-04
    val_single_in_dist         loss=0.9291  surf[p=54.1991 Ux=0.7583 Uy=0.3371]  vol[p=62.3273 Ux=2.7006 Uy=0.9714]
    val_geom_camber_rc         loss=0.8775  surf[p=64.0788 Ux=1.0551 Uy=0.5035]  vol[p=68.6753 Ux=3.1745 Uy=1.4651]
    val_geom_camber_cruise     loss=0.2354  surf[p=33.6880 Ux=0.5458 Uy=0.2404]  vol[p=33.8905 Ux=1.8482 Uy=0.6238]
    val_re_rand                loss=0.8515  surf[p=51.4774 Ux=0.7989 Uy=0.3655]  vol[p=50.9814 Ux=2.3770 Uy=0.9954]
Epoch  61 (136s) [47.1GB]  train[vol=0.1411 surf=0.0639]  val_avg_surf_p=50.9353  lr=3.61e-04
    val_single_in_dist         loss=1.7079  surf[p=56.3229 Ux=0.6439 Uy=0.3697]  vol[p=63.8188 Ux=2.5704 Uy=0.9934]
    val_geom_camber_rc         loss=0.9582  surf[p=64.2883 Ux=1.0270 Uy=0.5071]  vol[p=70.9503 Ux=3.0797 Uy=1.4528]
    val_geom_camber_cruise     loss=0.2500  surf[p=33.6201 Ux=0.6513 Uy=0.2683]  vol[p=35.4938 Ux=1.9577 Uy=0.6319]
    val_re_rand                loss=0.7969  surf[p=49.5098 Ux=0.8699 Uy=0.3860]  vol[p=51.1024 Ux=2.4394 Uy=0.9994]
Epoch  62 (136s) [47.1GB]  train[vol=0.1009 surf=0.0422]  val_avg_surf_p=53.7217  lr=3.45e-04
    val_single_in_dist         loss=1.0503  surf[p=67.7993 Ux=0.7641 Uy=0.3796]  vol[p=72.6709 Ux=2.6164 Uy=1.0064]
    val_geom_camber_rc         loss=0.9083  surf[p=63.7654 Ux=1.0900 Uy=0.5068]  vol[p=68.8194 Ux=3.1243 Uy=1.4571]
    val_geom_camber_cruise     loss=0.2314  surf[p=32.6216 Ux=0.5525 Uy=0.2445]  vol[p=33.0964 Ux=1.7556 Uy=0.6387]
    val_re_rand                loss=0.8741  surf[p=50.7004 Ux=0.8786 Uy=0.3745]  vol[p=50.2345 Ux=2.3330 Uy=0.9951]
Epoch  63 (136s) [47.1GB]  train[vol=0.0902 surf=0.0370]  val_avg_surf_p=52.0468  lr=3.30e-04
    val_single_in_dist         loss=1.2849  surf[p=58.4694 Ux=0.6950 Uy=0.3841]  vol[p=63.1080 Ux=2.5690 Uy=0.9581]
    val_geom_camber_rc         loss=1.1180  surf[p=67.1164 Ux=1.0477 Uy=0.5365]  vol[p=70.0495 Ux=3.1236 Uy=1.4645]
    val_geom_camber_cruise     loss=0.2377  surf[p=31.8717 Ux=0.4437 Uy=0.2419]  vol[p=32.1939 Ux=1.7012 Uy=0.6204]
    val_re_rand                loss=0.8048  surf[p=50.7299 Ux=0.7678 Uy=0.3859]  vol[p=50.3687 Ux=2.2871 Uy=0.9862]
Epoch  64 (139s) [47.1GB]  train[vol=0.1017 surf=0.0437]  val_avg_surf_p=49.1049 *  lr=3.14e-04
    val_single_in_dist         loss=0.8392  surf[p=49.2457 Ux=0.6627 Uy=0.3378]  vol[p=60.6906 Ux=2.4833 Uy=0.9433]
    val_geom_camber_rc         loss=0.8813  surf[p=63.3664 Ux=1.0546 Uy=0.4930]  vol[p=69.6869 Ux=3.0871 Uy=1.4235]
    val_geom_camber_cruise     loss=0.2459  surf[p=33.3724 Ux=0.6234 Uy=0.2370]  vol[p=35.0584 Ux=1.7609 Uy=0.6240]
    val_re_rand                loss=0.8358  surf[p=50.4352 Ux=0.8925 Uy=0.3617]  vol[p=51.7276 Ux=2.3370 Uy=0.9820]
Epoch  65 (137s) [47.1GB]  train[vol=0.1104 surf=0.0427]  val_avg_surf_p=47.7595 *  lr=2.99e-04
    val_single_in_dist         loss=0.8696  surf[p=51.2917 Ux=0.6786 Uy=0.3441]  vol[p=59.2499 Ux=2.5977 Uy=0.9479]
    val_geom_camber_rc         loss=0.8415  surf[p=60.5276 Ux=0.9766 Uy=0.4904]  vol[p=66.5571 Ux=3.0234 Uy=1.4131]
    val_geom_camber_cruise     loss=0.2100  surf[p=29.9974 Ux=0.4626 Uy=0.2421]  vol[p=31.6645 Ux=1.6793 Uy=0.5940]
    val_re_rand                loss=0.8254  surf[p=49.2211 Ux=0.7588 Uy=0.3737]  vol[p=49.7269 Ux=2.2751 Uy=0.9749]
Epoch  66 (136s) [47.1GB]  train[vol=0.1184 surf=0.0532]  val_avg_surf_p=49.2975  lr=2.84e-04
    val_single_in_dist         loss=0.8697  surf[p=52.7159 Ux=0.6530 Uy=0.3523]  vol[p=61.2726 Ux=2.5014 Uy=0.9593]
    val_geom_camber_rc         loss=0.8832  surf[p=62.6382 Ux=1.0315 Uy=0.4847]  vol[p=68.0525 Ux=3.0904 Uy=1.4206]
    val_geom_camber_cruise     loss=0.2296  surf[p=32.0178 Ux=0.6521 Uy=0.2471]  vol[p=33.7709 Ux=1.8789 Uy=0.6117]
    val_re_rand                loss=0.8088  surf[p=49.8179 Ux=0.8230 Uy=0.3601]  vol[p=50.1478 Ux=2.3428 Uy=0.9611]
Epoch  67 (133s) [47.1GB]  train[vol=0.1153 surf=0.0616]  val_avg_surf_p=50.1048  lr=2.69e-04
    val_single_in_dist         loss=1.6010  surf[p=58.1024 Ux=0.6269 Uy=0.3562]  vol[p=65.8448 Ux=2.5438 Uy=1.0030]
    val_geom_camber_rc         loss=0.9626  surf[p=65.6201 Ux=1.0393 Uy=0.5047]  vol[p=70.8558 Ux=3.0460 Uy=1.4458]
    val_geom_camber_cruise     loss=0.2049  surf[p=29.0242 Ux=0.4837 Uy=0.2249]  vol[p=32.0263 Ux=1.6813 Uy=0.5867]
    val_re_rand                loss=0.8027  surf[p=47.6727 Ux=0.7742 Uy=0.3577]  vol[p=48.9669 Ux=2.2727 Uy=0.9625]
Epoch  68 (132s) [47.1GB]  train[vol=0.1614 surf=0.0784]  val_avg_surf_p=47.0480 *  lr=2.55e-04
    val_single_in_dist         loss=0.9953  surf[p=52.0129 Ux=0.6709 Uy=0.3542]  vol[p=60.0019 Ux=2.5195 Uy=0.9475]
    val_geom_camber_rc         loss=0.8755  surf[p=60.7336 Ux=0.9639 Uy=0.4924]  vol[p=68.5227 Ux=3.0695 Uy=1.4222]
    val_geom_camber_cruise     loss=0.2103  surf[p=29.1871 Ux=0.5038 Uy=0.2530]  vol[p=31.8381 Ux=1.7105 Uy=0.6154]
    val_re_rand                loss=0.7751  surf[p=46.2585 Ux=0.7251 Uy=0.3647]  vol[p=48.0800 Ux=2.2349 Uy=0.9538]
Epoch  69 (138s) [47.1GB]  train[vol=0.0848 surf=0.0280]  val_avg_surf_p=48.2496  lr=2.41e-04
    val_single_in_dist         loss=0.9467  surf[p=49.0273 Ux=0.5592 Uy=0.3462]  vol[p=59.2274 Ux=2.4652 Uy=0.9287]
    val_geom_camber_rc         loss=0.9792  surf[p=65.1885 Ux=0.9949 Uy=0.5098]  vol[p=71.8260 Ux=3.0321 Uy=1.4003]
    val_geom_camber_cruise     loss=0.1949  surf[p=29.1347 Ux=0.4219 Uy=0.2374]  vol[p=31.5979 Ux=1.6632 Uy=0.5947]
    val_re_rand                loss=0.8269  surf[p=49.6478 Ux=0.7358 Uy=0.3749]  vol[p=50.2253 Ux=2.2412 Uy=0.9748]
Epoch  70 (133s) [47.1GB]  train[vol=0.1374 surf=0.0623]  val_avg_surf_p=45.7016 *  lr=2.27e-04
    val_single_in_dist         loss=0.9238  surf[p=46.8506 Ux=0.5564 Uy=0.3162]  vol[p=57.7004 Ux=2.3902 Uy=0.8996]
    val_geom_camber_rc         loss=0.8921  surf[p=61.0256 Ux=0.9379 Uy=0.4795]  vol[p=68.2247 Ux=2.9509 Uy=1.3775]
    val_geom_camber_cruise     loss=0.1878  surf[p=27.5805 Ux=0.4153 Uy=0.2212]  vol[p=30.7397 Ux=1.6192 Uy=0.5791]
    val_re_rand                loss=0.8050  surf[p=47.3498 Ux=0.7142 Uy=0.3518]  vol[p=48.7916 Ux=2.1966 Uy=0.9534]
Epoch  71 (138s) [47.1GB]  train[vol=0.0973 surf=0.0398]  val_avg_surf_p=45.0121 *  lr=2.13e-04
    val_single_in_dist         loss=0.7966  surf[p=45.8508 Ux=0.5779 Uy=0.3218]  vol[p=55.0799 Ux=2.3651 Uy=0.8917]
    val_geom_camber_rc         loss=0.8655  surf[p=60.4618 Ux=0.9629 Uy=0.4822]  vol[p=66.3196 Ux=2.9774 Uy=1.4031]
    val_geom_camber_cruise     loss=0.1850  surf[p=27.6987 Ux=0.4531 Uy=0.2208]  vol[p=30.5317 Ux=1.6252 Uy=0.5720]
    val_re_rand                loss=0.7830  surf[p=46.0369 Ux=0.7340 Uy=0.3444]  vol[p=47.7584 Ux=2.1982 Uy=0.9384]
Epoch  72 (138s) [47.1GB]  train[vol=0.1380 surf=0.0592]  val_avg_surf_p=47.0731  lr=1.99e-04
    val_single_in_dist         loss=0.8939  surf[p=48.8895 Ux=0.6330 Uy=0.3278]  vol[p=59.7617 Ux=2.4436 Uy=0.9147]
    val_geom_camber_rc         loss=0.8802  surf[p=60.8165 Ux=1.0519 Uy=0.4737]  vol[p=67.5919 Ux=3.1160 Uy=1.4008]
    val_geom_camber_cruise     loss=0.2115  surf[p=31.6220 Ux=0.5106 Uy=0.2224]  vol[p=32.9236 Ux=1.7451 Uy=0.5831]
    val_re_rand                loss=0.7230  surf[p=46.9643 Ux=0.7795 Uy=0.3434]  vol[p=48.3295 Ux=2.2921 Uy=0.9319]
Epoch  73 (135s) [47.1GB]  train[vol=0.1153 surf=0.0498]  val_avg_surf_p=44.2511 *  lr=1.86e-04
    val_single_in_dist         loss=0.7778  surf[p=45.2477 Ux=0.5426 Uy=0.3179]  vol[p=55.2478 Ux=2.2965 Uy=0.8661]
    val_geom_camber_rc         loss=0.8442  surf[p=59.1166 Ux=0.9578 Uy=0.4758]  vol[p=64.8501 Ux=2.9569 Uy=1.3805]
    val_geom_camber_cruise     loss=0.1862  surf[p=26.9476 Ux=0.5077 Uy=0.2332]  vol[p=29.7620 Ux=1.6874 Uy=0.5698]
    val_re_rand                loss=0.7696  surf[p=45.6927 Ux=0.7521 Uy=0.3530]  vol[p=46.8754 Ux=2.2180 Uy=0.9389]
Epoch  74 (136s) [47.1GB]  train[vol=0.1112 surf=0.0548]  val_avg_surf_p=44.5139  lr=1.74e-04
    val_single_in_dist         loss=0.7099  surf[p=47.6975 Ux=0.5302 Uy=0.3192]  vol[p=55.7993 Ux=2.3283 Uy=0.8725]
    val_geom_camber_rc         loss=0.8455  surf[p=58.6518 Ux=0.9191 Uy=0.4731]  vol[p=64.5564 Ux=2.9669 Uy=1.3661]
    val_geom_camber_cruise     loss=0.1799  surf[p=26.6459 Ux=0.3832 Uy=0.2238]  vol[p=29.6181 Ux=1.5601 Uy=0.5713]
    val_re_rand                loss=0.7371  surf[p=45.0604 Ux=0.6626 Uy=0.3483]  vol[p=46.6278 Ux=2.1510 Uy=0.9275]
Epoch  75 (136s) [47.1GB]  train[vol=0.0772 surf=0.0346]  val_avg_surf_p=42.8006 *  lr=1.61e-04
    val_single_in_dist         loss=0.6625  surf[p=41.2218 Ux=0.5084 Uy=0.3058]  vol[p=52.2276 Ux=2.2612 Uy=0.8488]
    val_geom_camber_rc         loss=0.8419  surf[p=59.1077 Ux=0.9372 Uy=0.4655]  vol[p=65.3309 Ux=2.9794 Uy=1.3735]
    val_geom_camber_cruise     loss=0.1815  surf[p=26.4568 Ux=0.3841 Uy=0.2136]  vol[p=29.4209 Ux=1.5741 Uy=0.5578]
    val_re_rand                loss=0.7605  surf[p=44.4161 Ux=0.6759 Uy=0.3393]  vol[p=46.0832 Ux=2.1440 Uy=0.9173]
Epoch  76 (136s) [47.1GB]  train[vol=0.0827 surf=0.0344]  val_avg_surf_p=44.8773  lr=1.49e-04
    val_single_in_dist         loss=0.9035  surf[p=46.1426 Ux=0.5246 Uy=0.3239]  vol[p=53.9622 Ux=2.2721 Uy=0.8668]
    val_geom_camber_rc         loss=0.8423  surf[p=60.6553 Ux=0.9507 Uy=0.4771]  vol[p=65.7014 Ux=2.9831 Uy=1.3768]
    val_geom_camber_cruise     loss=0.1819  surf[p=26.1294 Ux=0.4073 Uy=0.2201]  vol[p=29.3690 Ux=1.5999 Uy=0.5651]
    val_re_rand                loss=0.7620  surf[p=46.5820 Ux=0.7051 Uy=0.3485]  vol[p=47.7829 Ux=2.1802 Uy=0.9357]
Epoch  77 (136s) [47.1GB]  train[vol=0.0934 surf=0.0407]  val_avg_surf_p=44.7544  lr=1.38e-04
    val_single_in_dist         loss=0.8249  surf[p=48.2259 Ux=0.5874 Uy=0.3089]  vol[p=55.1130 Ux=2.3031 Uy=0.8520]
    val_geom_camber_rc         loss=0.8128  surf[p=58.8761 Ux=0.9234 Uy=0.4591]  vol[p=64.3474 Ux=2.8904 Uy=1.3390]
    val_geom_camber_cruise     loss=0.1799  surf[p=26.0030 Ux=0.4151 Uy=0.2122]  vol[p=29.4035 Ux=1.5694 Uy=0.5514]
    val_re_rand                loss=0.7833  surf[p=45.9124 Ux=0.6859 Uy=0.3376]  vol[p=47.0389 Ux=2.1251 Uy=0.9130]
Epoch  78 (137s) [47.1GB]  train[vol=0.1042 surf=0.0466]  val_avg_surf_p=42.7533 *  lr=1.27e-04
    val_single_in_dist         loss=0.9682  surf[p=43.9508 Ux=0.5134 Uy=0.3170]  vol[p=53.0389 Ux=2.2547 Uy=0.8560]
    val_geom_camber_rc         loss=0.8022  surf[p=57.3709 Ux=0.9073 Uy=0.4568]  vol[p=64.6623 Ux=2.8758 Uy=1.3467]
    val_geom_camber_cruise     loss=0.1728  surf[p=25.8471 Ux=0.3651 Uy=0.2059]  vol[p=29.3375 Ux=1.5420 Uy=0.5433]
    val_re_rand                loss=0.7568  surf[p=43.8445 Ux=0.6560 Uy=0.3292]  vol[p=45.9718 Ux=2.0999 Uy=0.9071]
Epoch  79 (136s) [47.1GB]  train[vol=0.0945 surf=0.0287]  val_avg_surf_p=42.7888  lr=1.16e-04
    val_single_in_dist         loss=0.9080  surf[p=42.5567 Ux=0.4850 Uy=0.3040]  vol[p=52.4009 Ux=2.2306 Uy=0.8412]
    val_geom_camber_rc         loss=0.8267  surf[p=57.8089 Ux=0.9121 Uy=0.4703]  vol[p=63.5808 Ux=2.8764 Uy=1.3375]
    val_geom_camber_cruise     loss=0.1881  surf[p=26.4140 Ux=0.4097 Uy=0.2135]  vol[p=28.9178 Ux=1.5637 Uy=0.5426]
    val_re_rand                loss=0.7303  surf[p=44.3755 Ux=0.6618 Uy=0.3362]  vol[p=45.8907 Ux=2.0966 Uy=0.9094]
Epoch  80 (135s) [47.1GB]  train[vol=0.0840 surf=0.0254]  val_avg_surf_p=42.4214 *  lr=1.05e-04
    val_single_in_dist         loss=0.7740  surf[p=42.6150 Ux=0.5170 Uy=0.3022]  vol[p=51.2209 Ux=2.2366 Uy=0.8379]
    val_geom_camber_rc         loss=0.8215  surf[p=57.2471 Ux=0.8637 Uy=0.4560]  vol[p=63.7788 Ux=2.8492 Uy=1.3132]
    val_geom_camber_cruise     loss=0.1706  surf[p=24.8552 Ux=0.3701 Uy=0.2075]  vol[p=28.7786 Ux=1.5360 Uy=0.5416]
    val_re_rand                loss=0.7672  surf[p=44.9683 Ux=0.6403 Uy=0.3366]  vol[p=46.6024 Ux=2.0810 Uy=0.9119]
Epoch  81 (136s) [47.1GB]  train[vol=0.1103 surf=0.0438]  val_avg_surf_p=42.4508  lr=9.55e-05
    val_single_in_dist         loss=0.8984  surf[p=42.9246 Ux=0.4900 Uy=0.3054]  vol[p=51.2816 Ux=2.2339 Uy=0.8402]
    val_geom_camber_rc         loss=0.7984  surf[p=57.8107 Ux=0.8700 Uy=0.4613]  vol[p=63.6329 Ux=2.8621 Uy=1.3397]
    val_geom_camber_cruise     loss=0.1672  surf[p=24.8407 Ux=0.4005 Uy=0.2098]  vol[p=28.4608 Ux=1.5441 Uy=0.5443]
    val_re_rand                loss=0.7585  surf[p=44.2272 Ux=0.6460 Uy=0.3335]  vol[p=45.5698 Ux=2.0810 Uy=0.9032]
Epoch  82 (136s) [47.1GB]  train[vol=0.0836 surf=0.0292]  val_avg_surf_p=41.8028 *  lr=8.60e-05
    val_single_in_dist         loss=0.7354  surf[p=41.5263 Ux=0.4847 Uy=0.2964]  vol[p=50.8188 Ux=2.2271 Uy=0.8256]
    val_geom_camber_rc         loss=0.7969  surf[p=56.4483 Ux=0.8763 Uy=0.4566]  vol[p=62.5721 Ux=2.8679 Uy=1.3330]
    val_geom_camber_cruise     loss=0.1663  surf[p=24.9192 Ux=0.3671 Uy=0.2085]  vol[p=28.4573 Ux=1.5363 Uy=0.5465]
    val_re_rand                loss=0.7543  surf[p=44.3175 Ux=0.6350 Uy=0.3362]  vol[p=45.7556 Ux=2.0838 Uy=0.9092]
Epoch  83 (135s) [47.1GB]  train[vol=0.0573 surf=0.0165]  val_avg_surf_p=40.9783 *  lr=7.70e-05
    val_single_in_dist         loss=0.8021  surf[p=39.7116 Ux=0.4693 Uy=0.2940]  vol[p=50.3998 Ux=2.2005 Uy=0.8215]
    val_geom_camber_rc         loss=0.7782  surf[p=56.3074 Ux=0.8680 Uy=0.4543]  vol[p=63.4574 Ux=2.8536 Uy=1.3264]
    val_geom_camber_cruise     loss=0.1625  surf[p=24.2631 Ux=0.3573 Uy=0.2019]  vol[p=28.2634 Ux=1.5165 Uy=0.5354]
    val_re_rand                loss=0.7370  surf[p=43.6311 Ux=0.6376 Uy=0.3282]  vol[p=45.4364 Ux=2.0869 Uy=0.8979]
Epoch  84 (134s) [47.1GB]  train[vol=0.1106 surf=0.0545]  val_avg_surf_p=41.1443  lr=6.84e-05
    val_single_in_dist         loss=0.7175  surf[p=40.4263 Ux=0.4686 Uy=0.2972]  vol[p=50.4865 Ux=2.1894 Uy=0.8190]
    val_geom_camber_rc         loss=0.7986  surf[p=56.7192 Ux=0.8751 Uy=0.4556]  vol[p=62.9223 Ux=2.8466 Uy=1.3309]
    val_geom_camber_cruise     loss=0.1632  surf[p=24.1937 Ux=0.3713 Uy=0.2026]  vol[p=28.1569 Ux=1.5206 Uy=0.5336]
    val_re_rand                loss=0.7350  surf[p=43.2380 Ux=0.6354 Uy=0.3266]  vol[p=45.0204 Ux=2.0640 Uy=0.8945]
Epoch  85 (134s) [47.1GB]  train[vol=0.1240 surf=0.0583]  val_avg_surf_p=41.4770  lr=6.03e-05
    val_single_in_dist         loss=0.7587  surf[p=40.7535 Ux=0.4694 Uy=0.2936]  vol[p=50.6805 Ux=2.1778 Uy=0.8150]
    val_geom_camber_rc         loss=0.8164  surf[p=57.0149 Ux=0.8643 Uy=0.4541]  vol[p=62.9574 Ux=2.8352 Uy=1.3197]
    val_geom_camber_cruise     loss=0.1657  surf[p=24.8267 Ux=0.3576 Uy=0.2028]  vol[p=28.5156 Ux=1.5119 Uy=0.5377]
    val_re_rand                loss=0.7279  surf[p=43.3128 Ux=0.6214 Uy=0.3265]  vol[p=45.0744 Ux=2.0573 Uy=0.8925]
Epoch  86 (136s) [47.1GB]  train[vol=0.0964 surf=0.0418]  val_avg_surf_p=41.0319  lr=5.26e-05
    val_single_in_dist         loss=0.8296  surf[p=40.1159 Ux=0.4701 Uy=0.2903]  vol[p=50.7216 Ux=2.1756 Uy=0.8108]
    val_geom_camber_rc         loss=0.7984  surf[p=56.0877 Ux=0.8652 Uy=0.4517]  vol[p=62.4098 Ux=2.8115 Uy=1.3065]
    val_geom_camber_cruise     loss=0.1640  surf[p=24.5967 Ux=0.3680 Uy=0.1997]  vol[p=28.0286 Ux=1.5154 Uy=0.5304]
    val_re_rand                loss=0.7305  surf[p=43.3275 Ux=0.6382 Uy=0.3289]  vol[p=45.1566 Ux=2.0651 Uy=0.8935]
Epoch  87 (138s) [47.1GB]  train[vol=0.1161 surf=0.0505]  val_avg_surf_p=40.9216 *  lr=4.55e-05
    val_single_in_dist         loss=0.8262  surf[p=39.8630 Ux=0.4599 Uy=0.2898]  vol[p=49.7596 Ux=2.1745 Uy=0.8066]
    val_geom_camber_rc         loss=0.7999  surf[p=56.5920 Ux=0.8569 Uy=0.4512]  vol[p=63.6603 Ux=2.8447 Uy=1.3238]
    val_geom_camber_cruise     loss=0.1602  surf[p=24.3317 Ux=0.3613 Uy=0.2022]  vol[p=28.3856 Ux=1.5221 Uy=0.5349]
    val_re_rand                loss=0.7381  surf[p=42.8997 Ux=0.6203 Uy=0.3256]  vol[p=45.0315 Ux=2.0549 Uy=0.8895]
Epoch  88 (139s) [47.1GB]  train[vol=0.0564 surf=0.0164]  val_avg_surf_p=40.3684 *  lr=3.89e-05
