wandb: [wandb.login()] Loaded credentials for https://api.wandb.ai from WANDB_API_KEY.
wandb: W&B API key is configured. Use `wandb login --relogin` to force relogin
wandb: setting up run 9wka83hq
wandb: Tracking run with wandb version 0.25.1
wandb: Run data is saved locally in /workspace/ml-intern-benchmark/target/wandb/run-20260430_003336-9wka83hq
wandb: Run `wandb offline` to turn off syncing.
wandb: Syncing run mlintern-pai2-24h-v2-r1/wc-lr1e3-200ep-seed1
wandb: ⭐️ View project at https://wandb.ai/wandb-applied-ai-team/senpai-v1-ml-intern
wandb: 🚀 View run at https://wandb.ai/wandb-applied-ai-team/senpai-v1-ml-intern/runs/9wka83hq
Device: cuda
Train: 1499, val_single_in_dist: 100, val_geom_camber_rc: 100, val_geom_camber_cruise: 100, val_re_rand: 100
Model: Transolver (0.66M params)
Epoch   1 (137s) [46.6GB]  train[vol=2.3711 surf=1.6491]  val_avg_surf_p=258.3451 *  lr=1.01e-04
    val_single_in_dist         loss=25.9734  surf[p=353.5626 Ux=5.0422 Uy=1.6571]  vol[p=347.5782 Ux=10.4768 Uy=4.9033]
    val_geom_camber_rc         loss=13.5441  surf[p=296.0095 Ux=5.8687 Uy=2.0732]  vol[p=277.0214 Ux=9.8767 Uy=5.1067]
    val_geom_camber_cruise     loss=4.6088  surf[p=181.2380 Ux=3.1634 Uy=1.1910]  vol[p=182.7152 Ux=7.1653 Uy=3.2575]
    val_re_rand                loss=7.2083  surf[p=202.5703 Ux=4.0767 Uy=1.4401]  vol[p=195.7774 Ux=7.8305 Uy=3.8268]
Epoch   2 (137s) [46.6GB]  train[vol=1.3363 surf=0.7457]  val_avg_surf_p=213.2257 *  lr=2.01e-04
    val_single_in_dist         loss=15.2111  surf[p=272.6674 Ux=3.8024 Uy=1.5391]  vol[p=275.3777 Ux=9.4081 Uy=4.1583]
    val_geom_camber_rc         loss=8.5335  surf[p=245.6707 Ux=4.7841 Uy=1.8371]  vol[p=219.6186 Ux=8.8569 Uy=4.5036]
    val_geom_camber_cruise     loss=3.4759  surf[p=156.8725 Ux=3.1436 Uy=0.9373]  vol[p=139.5305 Ux=6.4709 Uy=2.7391]
    val_re_rand                loss=5.1137  surf[p=177.6922 Ux=3.7781 Uy=1.2766]  vol[p=160.7632 Ux=7.4715 Uy=3.2842]
Epoch   3 (136s) [47.1GB]  train[vol=1.0624 surf=0.6308]  val_avg_surf_p=239.0211  lr=3.01e-04
    val_single_in_dist         loss=17.9128  surf[p=321.1623 Ux=4.8358 Uy=1.8214]  vol[p=281.3762 Ux=9.5587 Uy=4.1296]
    val_geom_camber_rc         loss=11.0614  surf[p=298.6402 Ux=6.0028 Uy=1.9352]  vol[p=260.6209 Ux=9.1932 Uy=4.7699]
    val_geom_camber_cruise     loss=2.9058  surf[p=144.4693 Ux=3.4414 Uy=1.2541]  vol[p=139.3662 Ux=5.9527 Uy=2.6469]
    val_re_rand                loss=5.7555  surf[p=191.8127 Ux=4.2833 Uy=1.5015]  vol[p=173.4852 Ux=6.9994 Uy=3.4264]
Epoch   4 (135s) [47.1GB]  train[vol=0.8778 surf=0.5547]  val_avg_surf_p=199.8304 *  lr=4.01e-04
    val_single_in_dist         loss=13.8513  surf[p=268.4812 Ux=3.3677 Uy=1.3597]  vol[p=272.6350 Ux=7.9543 Uy=3.5527]
    val_geom_camber_rc         loss=7.1790  surf[p=218.2776 Ux=4.1545 Uy=1.5541]  vol[p=212.0658 Ux=7.9226 Uy=4.0990]
    val_geom_camber_cruise     loss=2.5972  surf[p=141.2574 Ux=2.4132 Uy=0.8697]  vol[p=124.9355 Ux=5.6127 Uy=2.1593]
    val_re_rand                loss=4.6150  surf[p=171.3052 Ux=3.4352 Uy=1.1775]  vol[p=159.6900 Ux=6.9320 Uy=2.9665]
Epoch   5 (137s) [47.1GB]  train[vol=0.8427 surf=0.5659]  val_avg_surf_p=221.8790  lr=5.01e-04
    val_single_in_dist         loss=11.1250  surf[p=237.5809 Ux=2.9105 Uy=1.3552]  vol[p=241.1896 Ux=6.9405 Uy=3.4705]
    val_geom_camber_rc         loss=9.3052  surf[p=286.2411 Ux=5.5496 Uy=1.5549]  vol[p=274.0413 Ux=8.7513 Uy=3.9530]
    val_geom_camber_cruise     loss=3.3090  surf[p=161.9331 Ux=2.2185 Uy=1.2520]  vol[p=149.1152 Ux=4.7925 Uy=2.3438]
    val_re_rand                loss=5.6769  surf[p=201.7610 Ux=3.4510 Uy=1.3559]  vol[p=183.5551 Ux=6.2934 Uy=2.8661]
Epoch   6 (138s) [47.1GB]  train[vol=0.7827 surf=0.5258]  val_avg_surf_p=207.5339  lr=6.00e-04
    val_single_in_dist         loss=12.8067  surf[p=278.2617 Ux=3.0463 Uy=1.2743]  vol[p=219.4113 Ux=7.1489 Uy=2.9847]
    val_geom_camber_rc         loss=9.2158  surf[p=237.9178 Ux=4.0424 Uy=1.6982]  vol[p=261.2733 Ux=7.1635 Uy=4.0204]
    val_geom_camber_cruise     loss=2.8156  surf[p=134.7844 Ux=3.2085 Uy=0.9562]  vol[p=120.0218 Ux=5.6132 Uy=1.8937]
    val_re_rand                loss=6.0551  surf[p=179.1719 Ux=3.5509 Uy=1.2809]  vol[p=172.4324 Ux=6.2516 Uy=2.7163]
Epoch   7 (135s) [47.1GB]  train[vol=0.7022 surf=0.4359]  val_avg_surf_p=153.4128 *  lr=7.00e-04
    val_single_in_dist         loss=8.7303  surf[p=194.7128 Ux=3.2487 Uy=1.1346]  vol[p=204.5121 Ux=7.6975 Uy=2.7016]
    val_geom_camber_rc         loss=5.1436  surf[p=171.1535 Ux=3.9309 Uy=1.3415]  vol[p=182.6815 Ux=6.9668 Uy=3.3800]
    val_geom_camber_cruise     loss=1.7632  surf[p=113.1488 Ux=2.2137 Uy=0.7459]  vol[p=117.4470 Ux=4.8943 Uy=1.7314]
    val_re_rand                loss=3.2887  surf[p=134.6362 Ux=2.9464 Uy=1.0006]  vol[p=138.0581 Ux=5.6832 Uy=2.3748]
Epoch   8 (135s) [47.1GB]  train[vol=0.6687 surf=0.4424]  val_avg_surf_p=151.1598 *  lr=8.00e-04
