wandb: [wandb.login()] Loaded credentials for https://api.wandb.ai from WANDB_API_KEY.
wandb: W&B API key is configured. Use `wandb login --relogin` to force relogin
wandb: setting up run a8t5v85k
wandb: Tracking run with wandb version 0.25.1
wandb: Run data is saved locally in /workspace/ml-intern-benchmark/target/wandb/run-20260429_184320-a8t5v85k
wandb: Run `wandb offline` to turn off syncing.
wandb: Syncing run mlintern-pai2-24h-v2-r1/mid-h192-l8-mlp4-tpp-bf16
wandb: ⭐️ View project at https://wandb.ai/wandb-applied-ai-team/senpai-v1-ml-intern
wandb: 🚀 View run at https://wandb.ai/wandb-applied-ai-team/senpai-v1-ml-intern/runs/a8t5v85k
Device: cuda
Train: 1499, val_single_in_dist: 100, val_geom_camber_rc: 100, val_geom_camber_cruise: 100, val_re_rand: 100
Model: Transolver (3.41M params)
Traceback (most recent call last):
  File "/workspace/ml-intern-benchmark/target/train.py", line 880, in <module>
    main()
  File "/workspace/ml-intern-benchmark/target/train.py", line 730, in main
    pred = model({"x": x_norm}, mask=mask)["preds"]
  File "/usr/local/lib/python3.10/dist-packages/torch/nn/modules/module.py", line 1776, in _wrapped_call_impl
    return self._call_impl(*args, **kwargs)
  File "/usr/local/lib/python3.10/dist-packages/torch/nn/modules/module.py", line 1787, in _call_impl
    return forward_call(*args, **kwargs)
  File "/workspace/ml-intern-benchmark/target/train.py", line 354, in forward
    fx = block(fx, mask=mask)
  File "/usr/local/lib/python3.10/dist-packages/torch/nn/modules/module.py", line 1776, in _wrapped_call_impl
    return self._call_impl(*args, **kwargs)
  File "/usr/local/lib/python3.10/dist-packages/torch/nn/modules/module.py", line 1787, in _call_impl
    return forward_call(*args, **kwargs)
  File "/workspace/ml-intern-benchmark/target/train.py", line 243, in forward
    fx = self.attn(self.ln_1(fx), mask=mask) + fx
  File "/usr/local/lib/python3.10/dist-packages/torch/nn/modules/module.py", line 1776, in _wrapped_call_impl
    return self._call_impl(*args, **kwargs)
  File "/usr/local/lib/python3.10/dist-packages/torch/nn/modules/module.py", line 1787, in _call_impl
    return forward_call(*args, **kwargs)
  File "/workspace/ml-intern-benchmark/target/train.py", line 170, in forward
    gumbel = -torch.log(-torch.log(eps))
torch.OutOfMemoryError: CUDA out of memory. Tried to allocate 1.80 GiB. GPU 0 has a total capacity of 94.97 GiB of which 353.75 MiB is free. Including non-PyTorch memory, this process has 94.62 GiB memory in use. Of the allocated memory 88.59 GiB is allocated by PyTorch, and 5.27 GiB is reserved by PyTorch but unallocated. If reserved but unallocated memory is large try setting PYTORCH_ALLOC_CONF=expandable_segments:True to avoid fragmentation.  See documentation for Memory Management  (https://pytorch.org/docs/stable/notes/cuda.html#environment-variables)
Traceback (most recent call last):
  File "/workspace/ml-intern-benchmark/target/train.py", line 880, in <module>
    main()
  File "/workspace/ml-intern-benchmark/target/train.py", line 730, in main
    pred = model({"x": x_norm}, mask=mask)["preds"]
  File "/usr/local/lib/python3.10/dist-packages/torch/nn/modules/module.py", line 1776, in _wrapped_call_impl
    return self._call_impl(*args, **kwargs)
  File "/usr/local/lib/python3.10/dist-packages/torch/nn/modules/module.py", line 1787, in _call_impl
    return forward_call(*args, **kwargs)
  File "/workspace/ml-intern-benchmark/target/train.py", line 354, in forward
    fx = block(fx, mask=mask)
  File "/usr/local/lib/python3.10/dist-packages/torch/nn/modules/module.py", line 1776, in _wrapped_call_impl
    return self._call_impl(*args, **kwargs)
  File "/usr/local/lib/python3.10/dist-packages/torch/nn/modules/module.py", line 1787, in _call_impl
    return forward_call(*args, **kwargs)
  File "/workspace/ml-intern-benchmark/target/train.py", line 243, in forward
    fx = self.attn(self.ln_1(fx), mask=mask) + fx
  File "/usr/local/lib/python3.10/dist-packages/torch/nn/modules/module.py", line 1776, in _wrapped_call_impl
    return self._call_impl(*args, **kwargs)
  File "/usr/local/lib/python3.10/dist-packages/torch/nn/modules/module.py", line 1787, in _call_impl
    return forward_call(*args, **kwargs)
  File "/workspace/ml-intern-benchmark/target/train.py", line 170, in forward
    gumbel = -torch.log(-torch.log(eps))
torch.OutOfMemoryError: CUDA out of memory. Tried to allocate 1.80 GiB. GPU 0 has a total capacity of 94.97 GiB of which 353.75 MiB is free. Including non-PyTorch memory, this process has 94.62 GiB memory in use. Of the allocated memory 88.59 GiB is allocated by PyTorch, and 5.27 GiB is reserved by PyTorch but unallocated. If reserved but unallocated memory is large try setting PYTORCH_ALLOC_CONF=expandable_segments:True to avoid fragmentation.  See documentation for Memory Management  (https://pytorch.org/docs/stable/notes/cuda.html#environment-variables)
[1;34mwandb[0m: 
[1;34mwandb[0m: 🚀 View run [33mmlintern-pai2-24h-v2-r1/mid-h192-l8-mlp4-tpp-bf16[0m at: [34mhttps://wandb.ai/wandb-applied-ai-team/senpai-v1-ml-intern/runs/a8t5v85k[0m
[1;34mwandb[0m: Find logs at: [1;35mwandb/run-20260429_184320-a8t5v85k/logs[0m
