wandb: [wandb.login()] Loaded credentials for https://api.wandb.ai from WANDB_API_KEY.
wandb: W&B API key is configured. Use `wandb login --relogin` to force relogin
wandb: setting up run y9of0py4
wandb: Tracking run with wandb version 0.25.1
wandb: Run data is saved locally in /workspace/ml-intern-benchmark/target/wandb/run-20260429_185150-y9of0py4
wandb: Run `wandb offline` to turn off syncing.
wandb: Syncing run mlintern-pai2-24h-v2-r1/default-warmup-clip
wandb: ⭐️ View project at https://wandb.ai/wandb-applied-ai-team/senpai-v1-ml-intern
wandb: 🚀 View run at https://wandb.ai/wandb-applied-ai-team/senpai-v1-ml-intern/runs/y9of0py4
Device: cuda
Train: 1499, val_single_in_dist: 100, val_geom_camber_rc: 100, val_geom_camber_cruise: 100, val_re_rand: 100
Model: Transolver (0.66M params)
Epoch   1 (140s) [46.6GB]  train[vol=2.1089 surf=1.4588]  val_avg_surf_p=243.1788 *  lr=2.00e-04
    val_single_in_dist         loss=24.4344  surf[p=362.1898 Ux=4.6588 Uy=1.9321]  vol[p=301.3759 Ux=12.1708 Uy=4.8889]
    val_geom_camber_rc         loss=11.1595  surf[p=257.8513 Ux=5.4471 Uy=2.0893]  vol[p=229.6555 Ux=10.7240 Uy=5.1154]
    val_geom_camber_cruise     loss=4.1089  surf[p=161.5069 Ux=3.6932 Uy=1.3097]  vol[p=152.9656 Ux=6.9625 Uy=3.0253]
    val_re_rand                loss=6.8714  surf[p=191.1672 Ux=4.9595 Uy=1.5278]  vol[p=179.6953 Ux=8.8203 Uy=3.7090]
Epoch   2 (134s) [47.1GB]  train[vol=1.2412 surf=0.6807]  val_avg_surf_p=224.6521 *  lr=4.00e-04
    val_single_in_dist         loss=15.2541  surf[p=281.6977 Ux=3.8687 Uy=1.8741]  vol[p=249.3832 Ux=9.3689 Uy=4.5027]
    val_geom_camber_rc         loss=7.6085  surf[p=232.3332 Ux=4.6449 Uy=1.7600]  vol[p=230.2354 Ux=9.0154 Uy=4.3088]
    val_geom_camber_cruise     loss=3.8745  surf[p=185.4264 Ux=3.1656 Uy=1.3603]  vol[p=152.5641 Ux=6.2072 Uy=3.3109]
    val_re_rand                loss=5.5193  surf[p=199.1511 Ux=3.9142 Uy=1.4787]  vol[p=176.0564 Ux=7.4988 Uy=3.6023]
Epoch   3 (136s) [47.1GB]  train[vol=1.0353 surf=0.6780]  val_avg_surf_p=233.8473  lr=5.00e-04
    val_single_in_dist         loss=13.9962  surf[p=278.7147 Ux=3.1921 Uy=1.2691]  vol[p=268.0458 Ux=8.9044 Uy=3.2315]
    val_geom_camber_rc         loss=11.1957  surf[p=310.8748 Ux=4.4120 Uy=1.6644]  vol[p=272.2846 Ux=8.1848 Uy=3.9670]
    val_geom_camber_cruise     loss=2.9912  surf[p=150.4562 Ux=2.6532 Uy=0.9387]  vol[p=140.8558 Ux=6.1491 Uy=2.1911]
    val_re_rand                loss=5.9471  surf[p=195.3435 Ux=3.5416 Uy=1.2054]  vol[p=175.5264 Ux=7.1267 Uy=2.8647]
Epoch   4 (138s) [47.1GB]  train[vol=0.8173 surf=0.5386]  val_avg_surf_p=197.4414 *  lr=4.99e-04
    val_single_in_dist         loss=13.1962  surf[p=249.3176 Ux=4.5258 Uy=1.1683]  vol[p=246.0681 Ux=8.7593 Uy=3.0502]
    val_geom_camber_rc         loss=7.2488  surf[p=228.6088 Ux=5.2716 Uy=1.4043]  vol[p=194.5552 Ux=7.6784 Uy=3.6288]
    val_geom_camber_cruise     loss=2.3015  surf[p=141.5337 Ux=2.6582 Uy=0.7922]  vol[p=132.8212 Ux=5.6037 Uy=2.1564]
    val_re_rand                loss=4.3712  surf[p=170.3056 Ux=3.6363 Uy=1.0533]  vol[p=152.2490 Ux=6.1339 Uy=2.6892]
Epoch   5 (136s) [47.1GB]  train[vol=0.6764 surf=0.4325]  val_avg_surf_p=176.1378 *  lr=4.97e-04
    val_single_in_dist         loss=10.1413  surf[p=229.9284 Ux=2.4337 Uy=1.1070]  vol[p=237.2860 Ux=7.1724 Uy=2.9124]
    val_geom_camber_rc         loss=5.7672  surf[p=191.3897 Ux=3.4319 Uy=1.3846]  vol[p=192.6183 Ux=6.8617 Uy=3.7523]
    val_geom_camber_cruise     loss=2.1032  surf[p=128.2903 Ux=1.9834 Uy=0.7811]  vol[p=120.1261 Ux=5.1492 Uy=1.8940]
    val_re_rand                loss=3.8670  surf[p=154.9430 Ux=2.6782 Uy=1.0875]  vol[p=148.1347 Ux=5.8670 Uy=2.6497]
Epoch   6 (137s) [47.1GB]  train[vol=0.6131 surf=0.3900]  val_avg_surf_p=162.5174 *  lr=4.93e-04
    val_single_in_dist         loss=8.7361  surf[p=208.6985 Ux=2.8458 Uy=1.0361]  vol[p=199.0137 Ux=7.3243 Uy=2.6734]
    val_geom_camber_rc         loss=4.5380  surf[p=158.5583 Ux=3.1639 Uy=1.1975]  vol[p=158.0220 Ux=6.3795 Uy=3.1715]
    val_geom_camber_cruise     loss=2.4990  surf[p=138.7117 Ux=2.9301 Uy=0.6708]  vol[p=120.2589 Ux=6.0682 Uy=1.6173]
    val_re_rand                loss=3.3320  surf[p=144.1012 Ux=3.1500 Uy=0.9032]  vol[p=135.3222 Ux=6.3732 Uy=2.2531]
Epoch   7 (136s) [47.1GB]  train[vol=0.5419 surf=0.3542]  val_avg_surf_p=152.9747 *  lr=4.89e-04
    val_single_in_dist         loss=7.4339  surf[p=213.5485 Ux=2.2535 Uy=0.8441]  vol[p=217.7395 Ux=5.9124 Uy=2.3605]
    val_geom_camber_rc         loss=4.3931  surf[p=160.9806 Ux=2.8727 Uy=1.2185]  vol[p=151.4794 Ux=5.9588 Uy=3.1859]
    val_geom_camber_cruise     loss=1.4893  surf[p=104.9152 Ux=1.4174 Uy=0.6235]  vol[p=94.4837 Ux=4.3390 Uy=1.5740]
    val_re_rand                loss=2.8837  surf[p=132.4546 Ux=2.2170 Uy=0.8831]  vol[p=121.4466 Ux=5.1951 Uy=2.2457]
Epoch   8 (136s) [47.1GB]  train[vol=0.5433 surf=0.3572]  val_avg_surf_p=147.7123 *  lr=4.84e-04
    val_single_in_dist         loss=6.3365  surf[p=183.5912 Ux=2.5512 Uy=0.9745]  vol[p=182.7964 Ux=6.0589 Uy=2.4979]
    val_geom_camber_rc         loss=4.5690  surf[p=172.5807 Ux=2.8753 Uy=1.1855]  vol[p=155.0944 Ux=5.8952 Uy=3.1106]
    val_geom_camber_cruise     loss=1.6742  surf[p=109.0392 Ux=1.4817 Uy=0.6658]  vol[p=101.3207 Ux=4.0374 Uy=1.6534]
    val_re_rand                loss=2.5993  surf[p=125.6382 Ux=2.0901 Uy=0.8763]  vol[p=115.4499 Ux=4.7967 Uy=2.1805]
Epoch   9 (138s) [47.1GB]  train[vol=0.4439 surf=0.2947]  val_avg_surf_p=154.9808  lr=4.77e-04
    val_single_in_dist         loss=7.8167  surf[p=198.2710 Ux=3.2567 Uy=0.9465]  vol[p=171.6649 Ux=6.8426 Uy=2.5291]
    val_geom_camber_rc         loss=5.3220  surf[p=178.1617 Ux=3.3853 Uy=1.1930]  vol[p=146.5510 Ux=6.4946 Uy=3.2132]
    val_geom_camber_cruise     loss=1.7362  surf[p=115.3591 Ux=1.6183 Uy=0.6616]  vol[p=102.5654 Ux=3.9545 Uy=1.5613]
    val_re_rand                loss=2.7934  surf[p=128.1314 Ux=2.2632 Uy=0.8508]  vol[p=113.1204 Ux=4.7783 Uy=2.1736]
Epoch  10 (137s) [47.1GB]  train[vol=0.4682 surf=0.2810]  val_avg_surf_p=132.3468 *  lr=4.70e-04
    val_single_in_dist         loss=5.9649  surf[p=161.6831 Ux=2.1321 Uy=0.8569]  vol[p=157.3417 Ux=5.6237 Uy=2.2664]
    val_geom_camber_rc         loss=4.7052  surf[p=151.3448 Ux=2.7230 Uy=1.1330]  vol[p=140.4025 Ux=5.4745 Uy=3.0586]
    val_geom_camber_cruise     loss=1.4772  surf[p=99.4895 Ux=1.5963 Uy=0.6380]  vol[p=88.8610 Ux=4.1699 Uy=1.4917]
    val_re_rand                loss=2.7701  surf[p=116.8700 Ux=2.1107 Uy=0.8397]  vol[p=103.9592 Ux=4.6364 Uy=2.1184]
Epoch  11 (135s) [47.1GB]  train[vol=0.4197 surf=0.2631]  val_avg_surf_p=122.0144 *  lr=4.62e-04
    val_single_in_dist         loss=4.3597  surf[p=144.1485 Ux=1.4416 Uy=0.8454]  vol[p=150.9771 Ux=5.1393 Uy=2.1189]
    val_geom_camber_rc         loss=3.5299  surf[p=139.1784 Ux=2.4432 Uy=1.0590]  vol[p=135.4352 Ux=5.5701 Uy=2.8280]
    val_geom_camber_cruise     loss=1.2447  surf[p=92.6757 Ux=1.4752 Uy=0.5783]  vol[p=82.2313 Ux=4.1804 Uy=1.4105]
    val_re_rand                loss=2.2692  surf[p=112.0550 Ux=1.8991 Uy=0.7924]  vol[p=103.3739 Ux=4.7200 Uy=1.9702]
Epoch  12 (137s) [47.1GB]  train[vol=0.3705 surf=0.2276]  val_avg_surf_p=138.5553  lr=4.52e-04
    val_single_in_dist         loss=4.4354  surf[p=148.1108 Ux=1.7281 Uy=0.9350]  vol[p=143.5650 Ux=4.9952 Uy=2.2475]
    val_geom_camber_rc         loss=4.1527  surf[p=170.9237 Ux=2.6686 Uy=1.1368]  vol[p=153.6077 Ux=5.3341 Uy=2.8515]
    val_geom_camber_cruise     loss=1.3190  surf[p=101.5574 Ux=1.5987 Uy=0.7254]  vol[p=84.2767 Ux=3.7176 Uy=1.4436]
    val_re_rand                loss=2.9740  surf[p=133.6291 Ux=2.1130 Uy=0.9145]  vol[p=115.9048 Ux=4.4718 Uy=2.0485]
Epoch  13 (135s) [47.1GB]  train[vol=0.3770 surf=0.2348]  val_avg_surf_p=109.5671 *  lr=4.42e-04
    val_single_in_dist         loss=4.6908  surf[p=135.8563 Ux=1.5669 Uy=0.7157]  vol[p=146.9079 Ux=4.7902 Uy=2.0153]
    val_geom_camber_rc         loss=3.0013  surf[p=124.3212 Ux=2.1153 Uy=0.9499]  vol[p=126.9524 Ux=5.0954 Uy=2.5837]
    val_geom_camber_cruise     loss=0.9590  surf[p=78.6008 Ux=1.0053 Uy=0.5377]  vol[p=75.2787 Ux=3.3125 Uy=1.3870]
    val_re_rand                loss=1.9522  surf[p=99.4899 Ux=1.7113 Uy=0.7296]  vol[p=95.9515 Ux=4.1183 Uy=1.8674]
Epoch  14 (135s) [47.1GB]  train[vol=0.4373 surf=0.2961]  val_avg_surf_p=137.8178  lr=4.31e-04
    val_single_in_dist         loss=5.0359  surf[p=178.8150 Ux=2.0297 Uy=0.7674]  vol[p=147.4668 Ux=4.9459 Uy=1.9676]
    val_geom_camber_rc         loss=3.8531  surf[p=168.9691 Ux=2.9690 Uy=1.0466]  vol[p=143.9472 Ux=5.5224 Uy=2.6815]
    val_geom_camber_cruise     loss=1.1230  surf[p=87.2435 Ux=1.3752 Uy=0.5785]  vol[p=77.1151 Ux=3.6498 Uy=1.2836]
    val_re_rand                loss=2.3496  surf[p=116.2436 Ux=1.9404 Uy=0.7735]  vol[p=98.5764 Ux=4.2999 Uy=1.8599]
Epoch  15 (136s) [47.1GB]  train[vol=0.3760 surf=0.2302]  val_avg_surf_p=131.6265  lr=4.19e-04
    val_single_in_dist         loss=5.3576  surf[p=151.3033 Ux=1.9884 Uy=0.8312]  vol[p=146.6604 Ux=5.1006 Uy=2.1315]
    val_geom_camber_rc         loss=4.9066  surf[p=183.3693 Ux=3.3839 Uy=1.1402]  vol[p=169.3558 Ux=6.5569 Uy=2.9195]
    val_geom_camber_cruise     loss=0.9008  surf[p=77.4730 Ux=1.1772 Uy=0.5394]  vol[p=70.6357 Ux=3.3782 Uy=1.1952]
    val_re_rand                loss=2.5855  surf[p=114.3604 Ux=1.9282 Uy=0.7751]  vol[p=102.2997 Ux=4.3560 Uy=1.8943]
Epoch  16 (137s) [47.1GB]  train[vol=0.3138 surf=0.1870]  val_avg_surf_p=107.5814 *  lr=4.07e-04
    val_single_in_dist         loss=3.0553  surf[p=116.7391 Ux=1.3949 Uy=0.6940]  vol[p=136.1446 Ux=4.6039 Uy=1.9364]
    val_geom_camber_rc         loss=2.8943  surf[p=121.1546 Ux=2.3204 Uy=0.9422]  vol[p=124.0987 Ux=5.2377 Uy=2.6419]
    val_geom_camber_cruise     loss=1.0494  surf[p=85.1077 Ux=1.0900 Uy=0.5384]  vol[p=74.2595 Ux=3.1493 Uy=1.2552]
    val_re_rand                loss=2.1917  surf[p=107.3241 Ux=1.8294 Uy=0.7065]  vol[p=98.6918 Ux=4.0774 Uy=1.8443]
Epoch  17 (133s) [47.1GB]  train[vol=0.3370 surf=0.1980]  val_avg_surf_p=100.9663 *  lr=3.94e-04
    val_single_in_dist         loss=3.7213  surf[p=128.9649 Ux=2.1003 Uy=0.7345]  vol[p=127.7518 Ux=5.3455 Uy=1.9603]
    val_geom_camber_rc         loss=2.8224  surf[p=114.3244 Ux=2.2754 Uy=0.9320]  vol[p=116.0230 Ux=5.1255 Uy=2.5351]
    val_geom_camber_cruise     loss=0.7911  surf[p=70.8858 Ux=1.2153 Uy=0.5070]  vol[p=68.7463 Ux=3.1745 Uy=1.2354]
    val_re_rand                loss=1.7976  surf[p=89.6903 Ux=1.7628 Uy=0.6891]  vol[p=87.2762 Ux=3.9898 Uy=1.7719]
Epoch  18 (137s) [47.1GB]  train[vol=0.2856 surf=0.1748]  val_avg_surf_p=96.3354 *  lr=3.80e-04
    val_single_in_dist         loss=4.3202  surf[p=117.7363 Ux=1.4135 Uy=0.7843]  vol[p=121.6618 Ux=4.5002 Uy=1.8813]
    val_geom_camber_rc         loss=2.5295  surf[p=107.9238 Ux=2.0381 Uy=0.9541]  vol[p=110.4723 Ux=4.8353 Uy=2.4119]
    val_geom_camber_cruise     loss=0.9772  surf[p=71.5419 Ux=1.1033 Uy=0.5820]  vol[p=67.2422 Ux=3.0402 Uy=1.2258]
    val_re_rand                loss=1.7266  surf[p=88.1396 Ux=1.5272 Uy=0.7546]  vol[p=84.1465 Ux=3.6966 Uy=1.7138]
Epoch  19 (135s) [47.1GB]  train[vol=0.2562 surf=0.1419]  val_avg_surf_p=98.2754  lr=3.65e-04
    val_single_in_dist         loss=3.6658  surf[p=119.1412 Ux=1.5411 Uy=0.6675]  vol[p=125.7285 Ux=4.3853 Uy=1.8524]
    val_geom_camber_rc         loss=2.3226  surf[p=109.0189 Ux=2.1561 Uy=0.8027]  vol[p=113.3918 Ux=4.9864 Uy=2.4018]
    val_geom_camber_cruise     loss=0.9380  surf[p=75.7196 Ux=1.1689 Uy=0.5144]  vol[p=67.9800 Ux=3.1303 Uy=1.1628]
    val_re_rand                loss=1.7477  surf[p=89.2222 Ux=1.6401 Uy=0.6585]  vol[p=85.7661 Ux=3.8317 Uy=1.7100]
Epoch  20 (136s) [47.1GB]  train[vol=0.2583 surf=0.1578]  val_avg_surf_p=95.3448 *  lr=3.50e-04
    val_single_in_dist         loss=2.8171  surf[p=114.5409 Ux=1.2320 Uy=0.6332]  vol[p=128.6875 Ux=4.0128 Uy=1.7904]
    val_geom_camber_rc         loss=2.3691  surf[p=108.1139 Ux=1.8685 Uy=0.8109]  vol[p=110.4901 Ux=4.4996 Uy=2.3879]
    val_geom_camber_cruise     loss=0.7615  surf[p=70.3933 Ux=0.8541 Uy=0.4676]  vol[p=64.7285 Ux=2.8103 Uy=1.1359]
    val_re_rand                loss=1.6949  surf[p=88.3312 Ux=1.4419 Uy=0.6256]  vol[p=85.3655 Ux=3.5975 Uy=1.6904]
Epoch  21 (138s) [47.1GB]  train[vol=0.3084 surf=0.1890]  val_avg_surf_p=90.3100 *  lr=3.35e-04
    val_single_in_dist         loss=3.2404  surf[p=105.8030 Ux=1.4007 Uy=0.6515]  vol[p=113.9915 Ux=4.1014 Uy=1.7782]
    val_geom_camber_rc         loss=2.3203  surf[p=96.7544 Ux=2.1719 Uy=0.7862]  vol[p=102.4687 Ux=4.7483 Uy=2.2384]
    val_geom_camber_cruise     loss=0.8205  surf[p=71.6855 Ux=1.6312 Uy=0.5641]  vol[p=64.1272 Ux=3.2245 Uy=1.0943]
    val_re_rand                loss=1.6612  surf[p=86.9971 Ux=1.8922 Uy=0.6783]  vol[p=80.7563 Ux=3.8573 Uy=1.6124]
Epoch  22 (137s) [47.1GB]  train[vol=0.2636 surf=0.1607]  val_avg_surf_p=94.8449  lr=3.19e-04
    val_single_in_dist         loss=3.4245  surf[p=107.9494 Ux=1.9917 Uy=0.5922]  vol[p=115.2574 Ux=4.6016 Uy=1.7045]
    val_geom_camber_rc         loss=2.5552  surf[p=110.7099 Ux=2.0973 Uy=0.8595]  vol[p=110.1724 Ux=4.5910 Uy=2.3053]
    val_geom_camber_cruise     loss=0.7438  surf[p=68.7656 Ux=1.0504 Uy=0.4589]  vol[p=65.2176 Ux=2.9992 Uy=1.1024]
    val_re_rand                loss=1.7294  surf[p=91.9548 Ux=1.5413 Uy=0.6792]  vol[p=88.3319 Ux=3.6274 Uy=1.6637]
Epoch  23 (135s) [47.1GB]  train[vol=0.3654 surf=0.1963]  val_avg_surf_p=92.8745  lr=3.03e-04
    val_single_in_dist         loss=3.5910  surf[p=119.5665 Ux=1.5487 Uy=0.6508]  vol[p=132.8009 Ux=4.1376 Uy=1.7760]
    val_geom_camber_rc         loss=2.3085  surf[p=105.4348 Ux=1.9655 Uy=0.8496]  vol[p=110.8233 Ux=4.5181 Uy=2.2770]
    val_geom_camber_cruise     loss=0.7057  surf[p=62.6924 Ux=0.9015 Uy=0.4244]  vol[p=59.8604 Ux=2.6430 Uy=1.0416]
    val_re_rand                loss=1.7013  surf[p=83.8045 Ux=1.3746 Uy=0.6334]  vol[p=81.4673 Ux=3.3700 Uy=1.5761]
Epoch  24 (137s) [47.1GB]  train[vol=0.2239 surf=0.1198]  val_avg_surf_p=84.9208 *  lr=2.87e-04
    val_single_in_dist         loss=2.5978  surf[p=94.5327 Ux=1.2735 Uy=0.6238]  vol[p=107.8947 Ux=3.9056 Uy=1.5370]
    val_geom_camber_rc         loss=2.1100  surf[p=102.8420 Ux=1.9198 Uy=0.7434]  vol[p=109.7802 Ux=4.5988 Uy=2.1770]
    val_geom_camber_cruise     loss=0.7015  surf[p=63.0215 Ux=1.0878 Uy=0.4714]  vol[p=61.7030 Ux=2.8387 Uy=1.0661]
    val_re_rand                loss=1.5518  surf[p=79.2871 Ux=1.4803 Uy=0.5982]  vol[p=79.1114 Ux=3.4689 Uy=1.5393]
Epoch  25 (137s) [47.1GB]  train[vol=0.2983 surf=0.1823]  val_avg_surf_p=92.2639  lr=2.71e-04
    val_single_in_dist         loss=2.5165  surf[p=105.4701 Ux=1.2597 Uy=0.6387]  vol[p=117.4881 Ux=4.0431 Uy=1.6541]
    val_geom_camber_rc         loss=2.3180  surf[p=102.3737 Ux=1.7633 Uy=0.8176]  vol[p=106.6207 Ux=4.3545 Uy=2.2358]
    val_geom_camber_cruise     loss=0.9694  surf[p=76.0037 Ux=0.8921 Uy=0.4713]  vol[p=68.5055 Ux=2.9191 Uy=1.1392]
    val_re_rand                loss=1.6197  surf[p=85.2081 Ux=1.2789 Uy=0.6322]  vol[p=80.3368 Ux=3.3603 Uy=1.5929]
Epoch  26 (135s) [47.1GB]  train[vol=0.1834 surf=0.0923]  val_avg_surf_p=89.4340  lr=2.54e-04
    val_single_in_dist         loss=2.7972  surf[p=96.5871 Ux=1.3281 Uy=0.5606]  vol[p=105.9612 Ux=3.9163 Uy=1.5649]
    val_geom_camber_rc         loss=1.8861  surf[p=101.2114 Ux=1.9056 Uy=0.8142]  vol[p=98.3093 Ux=4.4224 Uy=2.1916]
    val_geom_camber_cruise     loss=0.8885  surf[p=70.4674 Ux=1.5354 Uy=0.4191]  vol[p=65.3240 Ux=3.3095 Uy=1.1183]
    val_re_rand                loss=1.7963  surf[p=89.4703 Ux=1.8383 Uy=0.5868]  vol[p=82.6474 Ux=3.8230 Uy=1.5796]
Epoch  27 (135s) [47.1GB]  train[vol=0.2438 surf=0.1246]  val_avg_surf_p=77.4443 *  lr=2.38e-04
    val_single_in_dist         loss=2.4874  surf[p=89.1968 Ux=1.1555 Uy=0.5395]  vol[p=98.5544 Ux=3.7824 Uy=1.5637]
    val_geom_camber_rc         loss=2.2039  surf[p=94.9270 Ux=1.7623 Uy=0.7824]  vol[p=102.0999 Ux=4.5296 Uy=2.2596]
    val_geom_camber_cruise     loss=0.5033  surf[p=49.8211 Ux=0.8113 Uy=0.3642]  vol[p=51.3202 Ux=2.6357 Uy=0.9235]
    val_re_rand                loss=1.7281  surf[p=75.8322 Ux=1.3330 Uy=0.5742]  vol[p=75.7482 Ux=3.4093 Uy=1.5071]
Epoch  28 (134s) [47.1GB]  train[vol=0.2346 surf=0.1229]  val_avg_surf_p=77.7443  lr=2.21e-04
    val_single_in_dist         loss=2.6862  surf[p=90.2469 Ux=1.1610 Uy=0.5395]  vol[p=100.3174 Ux=3.5847 Uy=1.5051]
    val_geom_camber_rc         loss=1.6560  surf[p=89.9567 Ux=1.6825 Uy=0.7251]  vol[p=99.2378 Ux=4.1821 Uy=2.1084]
    val_geom_camber_cruise     loss=0.5447  surf[p=56.0089 Ux=0.8645 Uy=0.3829]  vol[p=54.5798 Ux=2.4858 Uy=0.9557]
    val_re_rand                loss=1.4737  surf[p=74.7649 Ux=1.2686 Uy=0.5748]  vol[p=73.0762 Ux=3.2148 Uy=1.4709]
Epoch  29 (135s) [47.1GB]  train[vol=0.2155 surf=0.1127]  val_avg_surf_p=77.6314  lr=2.05e-04
    val_single_in_dist         loss=2.1172  surf[p=83.4844 Ux=1.1130 Uy=0.5138]  vol[p=92.9556 Ux=3.5157 Uy=1.4034]
    val_geom_camber_rc         loss=1.8570  surf[p=101.8244 Ux=1.9907 Uy=0.7522]  vol[p=105.5459 Ux=4.4707 Uy=2.0600]
    val_geom_camber_cruise     loss=0.4670  surf[p=50.0248 Ux=0.6497 Uy=0.3766]  vol[p=48.5374 Ux=2.3131 Uy=0.8973]
    val_re_rand                loss=1.3889  surf[p=75.1919 Ux=1.2923 Uy=0.5621]  vol[p=72.4663 Ux=3.1671 Uy=1.4209]
Epoch  30 (135s) [47.1GB]  train[vol=0.1979 surf=0.1054]  val_avg_surf_p=71.0127 *  lr=1.89e-04
    val_single_in_dist         loss=2.1395  surf[p=78.7496 Ux=0.9806 Uy=0.4897]  vol[p=83.4548 Ux=3.3546 Uy=1.3916]
    val_geom_camber_rc         loss=1.6795  surf[p=89.2939 Ux=1.6897 Uy=0.7009]  vol[p=91.6484 Ux=4.2157 Uy=2.0363]
    val_geom_camber_cruise     loss=0.4694  surf[p=48.5569 Ux=0.6458 Uy=0.3632]  vol[p=46.3350 Ux=2.3216 Uy=0.8977]
    val_re_rand                loss=1.3659  surf[p=67.4504 Ux=1.1004 Uy=0.5239]  vol[p=66.4959 Ux=3.0255 Uy=1.3947]
Epoch  31 (137s) [47.1GB]  train[vol=0.1596 surf=0.0774]  val_avg_surf_p=65.2555 *  lr=1.73e-04
    val_single_in_dist         loss=2.0501  surf[p=70.8749 Ux=1.1745 Uy=0.4768]  vol[p=83.5436 Ux=3.4941 Uy=1.3419]
    val_geom_camber_rc         loss=1.4252  surf[p=78.4669 Ux=1.5741 Uy=0.6623]  vol[p=85.3221 Ux=4.0636 Uy=1.9858]
    val_geom_camber_cruise     loss=0.4086  surf[p=45.6400 Ux=0.7448 Uy=0.3417]  vol[p=45.7524 Ux=2.4483 Uy=0.8450]
    val_re_rand                loss=1.1901  surf[p=66.0401 Ux=1.1464 Uy=0.5160]  vol[p=65.2150 Ux=3.0725 Uy=1.3519]
Epoch  32 (136s) [47.1GB]  train[vol=0.1746 surf=0.0893]  val_avg_surf_p=72.1582  lr=1.57e-04
    val_single_in_dist         loss=2.1791  surf[p=85.8540 Ux=1.5572 Uy=0.5130]  vol[p=84.8099 Ux=3.9715 Uy=1.3936]
    val_geom_camber_rc         loss=1.5480  surf[p=88.3291 Ux=1.8161 Uy=0.6847]  vol[p=89.7022 Ux=4.4274 Uy=1.9819]
    val_geom_camber_cruise     loss=0.4235  surf[p=46.1153 Ux=0.8791 Uy=0.3406]  vol[p=45.3617 Ux=2.6056 Uy=0.8602]
    val_re_rand                loss=1.2478  surf[p=68.3343 Ux=1.3140 Uy=0.5064]  vol[p=65.4760 Ux=3.3084 Uy=1.3433]
Epoch  33 (136s) [47.1GB]  train[vol=0.1899 surf=0.0902]  val_avg_surf_p=66.7564  lr=1.42e-04
    val_single_in_dist         loss=2.5912  surf[p=75.9577 Ux=1.0460 Uy=0.4679]  vol[p=85.6649 Ux=3.3215 Uy=1.3201]
    val_geom_camber_rc         loss=1.4840  surf[p=80.0466 Ux=1.4993 Uy=0.6518]  vol[p=83.2456 Ux=3.9575 Uy=1.9231]
    val_geom_camber_cruise     loss=0.4457  surf[p=47.4631 Ux=0.6300 Uy=0.3319]  vol[p=46.4495 Ux=2.2659 Uy=0.8334]
    val_re_rand                loss=1.1885  surf[p=63.5583 Ux=1.0472 Uy=0.4847]  vol[p=62.7653 Ux=2.9358 Uy=1.2999]
Epoch  34 (138s) [47.1GB]  train[vol=0.1593 surf=0.0825]  val_avg_surf_p=67.5497  lr=1.27e-04
    val_single_in_dist         loss=1.9642  surf[p=80.2586 Ux=0.9304 Uy=0.4601]  vol[p=82.5805 Ux=3.2805 Uy=1.2834]
    val_geom_camber_rc         loss=1.3817  surf[p=75.9438 Ux=1.4838 Uy=0.6315]  vol[p=80.6306 Ux=4.0070 Uy=1.9239]
    val_geom_camber_cruise     loss=0.4275  surf[p=47.7290 Ux=0.6628 Uy=0.3385]  vol[p=44.8265 Ux=2.2128 Uy=0.8291]
    val_re_rand                loss=1.2206  surf[p=66.2674 Ux=1.0693 Uy=0.4955]  vol[p=63.1762 Ux=2.9228 Uy=1.3083]
Epoch  35 (136s) [47.1GB]  train[vol=0.2661 surf=0.1385]  val_avg_surf_p=66.2873  lr=1.13e-04
    val_single_in_dist         loss=2.4205  surf[p=74.0909 Ux=0.9289 Uy=0.4852]  vol[p=83.8528 Ux=3.1943 Uy=1.3341]
    val_geom_camber_rc         loss=1.3771  surf[p=81.1682 Ux=1.4509 Uy=0.6547]  vol[p=85.0045 Ux=3.9171 Uy=1.9422]
    val_geom_camber_cruise     loss=0.3749  surf[p=44.8227 Ux=0.6673 Uy=0.3264]  vol[p=44.8301 Ux=2.1883 Uy=0.8286]
    val_re_rand                loss=1.1755  surf[p=65.0675 Ux=1.0460 Uy=0.4918]  vol[p=64.9530 Ux=2.8978 Uy=1.3094]
Epoch  36 (136s) [47.1GB]  train[vol=0.2192 surf=0.1072]  val_avg_surf_p=62.2648 *  lr=9.97e-05
    val_single_in_dist         loss=2.1846  surf[p=73.5681 Ux=0.8713 Uy=0.4834]  vol[p=82.0331 Ux=3.2181 Uy=1.2998]
    val_geom_camber_rc         loss=1.2971  surf[p=72.4327 Ux=1.3925 Uy=0.6318]  vol[p=78.7803 Ux=3.8582 Uy=1.8713]
    val_geom_camber_cruise     loss=0.3403  surf[p=40.8727 Ux=0.6090 Uy=0.3135]  vol[p=42.3596 Ux=2.1370 Uy=0.8228]
    val_re_rand                loss=1.1400  surf[p=62.1857 Ux=1.0131 Uy=0.4792]  vol[p=61.8906 Ux=2.8349 Uy=1.2799]
Epoch  37 (137s) [47.1GB]  train[vol=0.1307 surf=0.0539]  val_avg_surf_p=62.2284 *  lr=8.68e-05
    val_single_in_dist         loss=1.8368  surf[p=67.6258 Ux=0.8356 Uy=0.4448]  vol[p=78.0137 Ux=3.1080 Uy=1.2557]
    val_geom_camber_rc         loss=1.4501  surf[p=77.5541 Ux=1.4174 Uy=0.6219]  vol[p=80.7326 Ux=3.8611 Uy=1.8755]
    val_geom_camber_cruise     loss=0.3825  surf[p=43.9420 Ux=0.5611 Uy=0.3234]  vol[p=43.2535 Ux=2.1446 Uy=0.7928]
    val_re_rand                loss=1.0418  surf[p=59.7916 Ux=0.9722 Uy=0.4782]  vol[p=60.0184 Ux=2.8029 Uy=1.2521]
Epoch  38 (137s) [47.1GB]  train[vol=0.2011 surf=0.1043]  val_avg_surf_p=59.6965 *  lr=7.47e-05
    val_single_in_dist         loss=2.2408  surf[p=66.0865 Ux=0.8073 Uy=0.4284]  vol[p=77.7411 Ux=3.0597 Uy=1.2355]
    val_geom_camber_rc         loss=1.2740  surf[p=74.4573 Ux=1.3564 Uy=0.6090]  vol[p=80.8685 Ux=3.8374 Uy=1.8504]
    val_geom_camber_cruise     loss=0.3379  surf[p=39.6841 Ux=0.5362 Uy=0.2989]  vol[p=41.2382 Ux=2.0875 Uy=0.7667]
    val_re_rand                loss=1.0626  surf[p=58.5580 Ux=0.9453 Uy=0.4611]  vol[p=59.5680 Ux=2.7748 Uy=1.2343]
Epoch  39 (137s) [47.1GB]  train[vol=0.1556 surf=0.0775]  val_avg_surf_p=59.2337 *  lr=6.33e-05
    val_single_in_dist         loss=2.0548  surf[p=65.3818 Ux=0.8473 Uy=0.4274]  vol[p=76.9520 Ux=3.0623 Uy=1.2448]
    val_geom_camber_rc         loss=1.2671  surf[p=72.0796 Ux=1.4600 Uy=0.6077]  vol[p=78.2752 Ux=3.8299 Uy=1.8381]
    val_geom_camber_cruise     loss=0.3447  surf[p=40.1654 Ux=0.5442 Uy=0.2967]  vol[p=41.0063 Ux=2.0858 Uy=0.7699]
    val_re_rand                loss=1.0729  surf[p=59.3078 Ux=0.9964 Uy=0.4624]  vol[p=59.8681 Ux=2.7878 Uy=1.2427]
Epoch  40 (135s) [47.1GB]  train[vol=0.1511 surf=0.0630]  val_avg_surf_p=56.4714 *  lr=5.27e-05
    val_single_in_dist         loss=1.7419  surf[p=59.2953 Ux=0.7598 Uy=0.4103]  vol[p=74.6604 Ux=2.9967 Uy=1.1949]
    val_geom_camber_rc         loss=1.2266  surf[p=69.8713 Ux=1.3470 Uy=0.5873]  vol[p=77.5084 Ux=3.7725 Uy=1.7983]
    val_geom_camber_cruise     loss=0.3174  surf[p=39.6344 Ux=0.5047 Uy=0.2863]  vol[p=41.1927 Ux=2.0727 Uy=0.7584]
    val_re_rand                loss=1.0039  surf[p=57.0845 Ux=0.9156 Uy=0.4454]  vol[p=58.9483 Ux=2.7210 Uy=1.2116]
Epoch  41 (137s) [47.1GB]  train[vol=0.2346 surf=0.1081]  val_avg_surf_p=55.9440 *  lr=4.30e-05
    val_single_in_dist         loss=1.8066  surf[p=60.1729 Ux=0.8099 Uy=0.4178]  vol[p=73.9272 Ux=3.0419 Uy=1.1977]
    val_geom_camber_rc         loss=1.3081  surf[p=70.2322 Ux=1.3325 Uy=0.5841]  vol[p=77.5265 Ux=3.8146 Uy=1.7998]
    val_geom_camber_cruise     loss=0.3071  surf[p=37.2523 Ux=0.5787 Uy=0.2824]  vol[p=39.6450 Ux=2.1295 Uy=0.7433]
    val_re_rand                loss=0.9980  surf[p=56.1186 Ux=0.9328 Uy=0.4475]  vol[p=57.8682 Ux=2.7620 Uy=1.2034]
Epoch  42 (136s) [47.1GB]  train[vol=0.2138 surf=0.1044]  val_avg_surf_p=55.8214 *  lr=3.42e-05
    val_single_in_dist         loss=1.7801  surf[p=59.0336 Ux=0.7789 Uy=0.4193]  vol[p=72.9869 Ux=2.9781 Uy=1.2001]
    val_geom_camber_rc         loss=1.2900  surf[p=70.5097 Ux=1.3191 Uy=0.5900]  vol[p=78.1440 Ux=3.7621 Uy=1.7883]
    val_geom_camber_cruise     loss=0.3044  surf[p=37.2660 Ux=0.5223 Uy=0.2759]  vol[p=39.6177 Ux=2.0289 Uy=0.7383]
    val_re_rand                loss=0.9971  surf[p=56.4764 Ux=0.9031 Uy=0.4461]  vol[p=58.2741 Ux=2.6977 Uy=1.1973]
Epoch  43 (136s) [47.1GB]  train[vol=0.1687 surf=0.0779]  val_avg_surf_p=55.5711 *  lr=2.63e-05
    val_single_in_dist         loss=1.8648  surf[p=57.9986 Ux=0.7776 Uy=0.4038]  vol[p=72.7176 Ux=2.9807 Uy=1.1735]
    val_geom_camber_rc         loss=1.1994  surf[p=70.9638 Ux=1.3362 Uy=0.5925]  vol[p=77.2389 Ux=3.7350 Uy=1.8047]
    val_geom_camber_cruise     loss=0.2983  surf[p=37.1747 Ux=0.4951 Uy=0.2792]  vol[p=39.6702 Ux=2.0266 Uy=0.7410]
    val_re_rand                loss=0.9984  surf[p=56.1474 Ux=0.8848 Uy=0.4404]  vol[p=57.8942 Ux=2.6815 Uy=1.1928]
Epoch  44 (137s) [47.1GB]  train[vol=0.1403 surf=0.0705]  val_avg_surf_p=55.0689 *  lr=1.94e-05
    val_single_in_dist         loss=1.8021  surf[p=58.5373 Ux=0.7566 Uy=0.3996]  vol[p=72.5851 Ux=2.9379 Uy=1.1776]
    val_geom_camber_rc         loss=1.2073  surf[p=69.3371 Ux=1.3181 Uy=0.5810]  vol[p=76.5888 Ux=3.7272 Uy=1.7814]
    val_geom_camber_cruise     loss=0.2979  surf[p=36.9266 Ux=0.4969 Uy=0.2733]  vol[p=39.1443 Ux=2.0176 Uy=0.7336]
    val_re_rand                loss=0.9711  surf[p=55.4746 Ux=0.8738 Uy=0.4355]  vol[p=57.2008 Ux=2.6622 Uy=1.1791]
Epoch  45 (136s) [47.1GB]  train[vol=0.1169 surf=0.0471]  val_avg_surf_p=54.9496 *  lr=1.35e-05
    val_single_in_dist         loss=1.7926  surf[p=58.5212 Ux=0.7465 Uy=0.3986]  vol[p=72.2408 Ux=2.9463 Uy=1.1639]
    val_geom_camber_rc         loss=1.2100  surf[p=69.1632 Ux=1.3107 Uy=0.5812]  vol[p=76.9394 Ux=3.7300 Uy=1.7821]
    val_geom_camber_cruise     loss=0.2888  surf[p=36.6586 Ux=0.4863 Uy=0.2757]  vol[p=39.1622 Ux=2.0076 Uy=0.7284]
    val_re_rand                loss=0.9850  surf[p=55.4553 Ux=0.8799 Uy=0.4399]  vol[p=57.4532 Ux=2.6646 Uy=1.1805]
Epoch  46 (136s) [47.1GB]  train[vol=0.1698 surf=0.0725]  val_avg_surf_p=54.3659 *  lr=8.70e-06
    val_single_in_dist         loss=1.7095  surf[p=57.2201 Ux=0.7446 Uy=0.3959]  vol[p=71.6244 Ux=2.9494 Uy=1.1641]
    val_geom_camber_rc         loss=1.1778  surf[p=68.7369 Ux=1.2969 Uy=0.5818]  vol[p=76.5107 Ux=3.7366 Uy=1.7782]
    val_geom_camber_cruise     loss=0.2852  surf[p=36.1516 Ux=0.4788 Uy=0.2722]  vol[p=39.0719 Ux=2.0011 Uy=0.7264]
    val_re_rand                loss=0.9954  surf[p=55.3549 Ux=0.8722 Uy=0.4360]  vol[p=57.4792 Ux=2.6693 Uy=1.1784]
Epoch  47 (135s) [47.1GB]  train[vol=0.1799 surf=0.0859]  val_avg_surf_p=54.2204 *  lr=4.90e-06
    val_single_in_dist         loss=1.7891  surf[p=56.9573 Ux=0.7433 Uy=0.3940]  vol[p=71.4079 Ux=2.9282 Uy=1.1584]
    val_geom_camber_rc         loss=1.1820  surf[p=68.8098 Ux=1.2940 Uy=0.5766]  vol[p=76.5621 Ux=3.7252 Uy=1.7748]
    val_geom_camber_cruise     loss=0.2900  surf[p=36.0361 Ux=0.4835 Uy=0.2719]  vol[p=39.0302 Ux=1.9941 Uy=0.7246]
    val_re_rand                loss=0.9852  surf[p=55.0786 Ux=0.8745 Uy=0.4352]  vol[p=57.3152 Ux=2.6585 Uy=1.1768]
Epoch  48 (136s) [47.1GB]  train[vol=0.2458 surf=0.1329]  val_avg_surf_p=53.7267 *  lr=2.18e-06
    val_single_in_dist         loss=1.7304  surf[p=56.2339 Ux=0.7387 Uy=0.3921]  vol[p=71.2430 Ux=2.9325 Uy=1.1597]
    val_geom_camber_rc         loss=1.1778  surf[p=67.8587 Ux=1.2925 Uy=0.5757]  vol[p=75.7673 Ux=3.7225 Uy=1.7646]
    val_geom_camber_cruise     loss=0.2851  surf[p=35.9380 Ux=0.4811 Uy=0.2718]  vol[p=39.0124 Ux=2.0000 Uy=0.7226]
    val_re_rand                loss=0.9800  surf[p=54.8762 Ux=0.8719 Uy=0.4353]  vol[p=57.1813 Ux=2.6601 Uy=1.1735]
Epoch  49 (136s) [47.1GB]  train[vol=0.3022 surf=0.1467]  val_avg_surf_p=53.7946  lr=5.47e-07
    val_single_in_dist         loss=1.7352  surf[p=56.2183 Ux=0.7363 Uy=0.3916]  vol[p=71.3606 Ux=2.9281 Uy=1.1570]
    val_geom_camber_rc         loss=1.1778  surf[p=68.0596 Ux=1.2886 Uy=0.5736]  vol[p=75.7786 Ux=3.7181 Uy=1.7659]
    val_geom_camber_cruise     loss=0.2860  surf[p=36.0330 Ux=0.4811 Uy=0.2712]  vol[p=39.0787 Ux=1.9975 Uy=0.7223]
    val_re_rand                loss=0.9783  surf[p=54.8677 Ux=0.8679 Uy=0.4338]  vol[p=57.1496 Ux=2.6546 Uy=1.1724]
Epoch  50 (136s) [47.1GB]  train[vol=0.1540 surf=0.0730]  val_avg_surf_p=53.7800  lr=0.00e+00
    val_single_in_dist         loss=1.7373  surf[p=56.2185 Ux=0.7366 Uy=0.3916]  vol[p=71.3634 Ux=2.9292 Uy=1.1568]
    val_geom_camber_rc         loss=1.1793  surf[p=68.0711 Ux=1.2899 Uy=0.5740]  vol[p=75.7443 Ux=3.7209 Uy=1.7661]
    val_geom_camber_cruise     loss=0.2855  surf[p=35.9838 Ux=0.4804 Uy=0.2711]  vol[p=39.0311 Ux=1.9989 Uy=0.7223]
    val_re_rand                loss=0.9774  surf[p=54.8466 Ux=0.8682 Uy=0.4338]  vol[p=57.1164 Ux=2.6556 Uy=1.1722]

Training done in 113.4 min

Best val: epoch 48, val_avg/mae_surf_p = 53.7267

Evaluating on held-out test splits...
Test: test_single_in_dist: 200, test_geom_camber_rc: 200, test_geom_camber_cruise: 200, test_re_rand: 200
wandb: uploading artifact model-mlintern-pai2-24h-v2-r1-default-warmup-clip-y9of0py4; updating run metadata
wandb: uploading artifact model-mlintern-pai2-24h-v2-r1-default-warmup-clip-y9of0py4
wandb: uploading output.log; uploading wandb-summary.json; uploading config.yaml
wandb: uploading summary, console lines 263-264
wandb: 
wandb: Run history:
wandb:                                    epoch ▁▁▁▁▂▂▂▂▂▃▃▃▃▃▃▄▄▄▄▄▅▅▅▅▅▆▆▆▆▆▆▇▇▇▇▇▇███
wandb:                             epoch_time_s █▂▄▆▄▄▄▆▅▃▄▄▄▅▁▃▄▆▃▅▃▂▃▃▅▄▆▄▄▅▅▃▅▄▄▄▄▃▄▄
wandb:                              global_step ▁▁▁▁▂▂▂▂▂▂▃▃▃▃▃▄▄▄▅▅▅▅▅▅▅▆▆▆▆▆▆▇▇▇▇▇▇███
wandb:                                       lr ▄▇███████▇▇▇▇▇▇▆▆▆▅▅▅▅▄▄▄▃▃▃▃▂▂▂▂▁▁▁▁▁▁▁
wandb: test/test_geom_camber_cruise/mae_surf_Ux ▁
wandb: test/test_geom_camber_cruise/mae_surf_Uy ▁
wandb:  test/test_geom_camber_cruise/mae_vol_Ux ▁
wandb:  test/test_geom_camber_cruise/mae_vol_Uy ▁
wandb:            test/test_geom_camber_rc/loss ▁
wandb:     test/test_geom_camber_rc/mae_surf_Ux ▁
wandb:                                      +82 ...
wandb: 
wandb: Run summary:
wandb:                               best_epoch 48
wandb:                  best_val_avg/mae_surf_p 53.72672
wandb:                                    epoch 50
wandb:                             epoch_time_s 136.22062
wandb:                              global_step 18750
wandb:                                       lr 0
wandb: test/test_geom_camber_cruise/mae_surf_Ux 0.44121
wandb: test/test_geom_camber_cruise/mae_surf_Uy 0.2474
wandb:  test/test_geom_camber_cruise/mae_vol_Ux 1.85879
wandb:  test/test_geom_camber_cruise/mae_vol_Uy 0.65819
wandb:                                      +79 ...
wandb: 
wandb: 🚀 View run mlintern-pai2-24h-v2-r1/default-warmup-clip at: https://wandb.ai/wandb-applied-ai-team/senpai-v1-ml-intern/runs/y9of0py4
wandb: ⭐️ View project at: https://wandb.ai/wandb-applied-ai-team/senpai-v1-ml-intern
wandb: Synced 7 W&B file(s), 0 media file(s), 3 artifact file(s) and 0 other file(s)
wandb: Find logs at: ./wandb/run-20260429_185150-y9of0py4/logs

  TEST  avg_surf_p=nan
    test_single_in_dist        loss=1.5460  surf[p=49.9389 Ux=0.7263 Uy=0.3817]  vol[p=63.9107 Ux=2.6909 Uy=1.0910]
    test_geom_camber_rc        loss=0.9352  surf[p=60.7144 Ux=1.2345 Uy=0.5400]  vol[p=69.3802 Ux=3.5342 Uy=1.6402]
    test_geom_camber_cruise    loss=nan  surf[p=nan Ux=0.4412 Uy=0.2474]  vol[p=nan Ux=1.8588 Uy=0.6582]
    test_re_rand               loss=0.5288  surf[p=45.2971 Ux=0.7515 Uy=0.3842]  vol[p=50.3836 Ux=2.4754 Uy=1.0583]

Logged model artifact 'model-mlintern-pai2-24h-v2-r1-default-warmup-clip-y9of0py4' (aliases: best, epoch-48)
