wandb: [wandb.login()] Loaded credentials for https://api.wandb.ai from WANDB_API_KEY.
wandb: W&B API key is configured. Use `wandb login --relogin` to force relogin
wandb: setting up run z8j45oth
wandb: Tracking run with wandb version 0.25.1
wandb: Run data is saved locally in /workspace/ml-intern-benchmark/target/wandb/run-20260429_235605-z8j45oth
wandb: Run `wandb offline` to turn off syncing.
wandb: Syncing run mlintern-pai2-24h-v2-r1/wc-lr1e3-sw50-100ep-seed3
wandb: ⭐️ View project at https://wandb.ai/wandb-applied-ai-team/senpai-v1-ml-intern
wandb: 🚀 View run at https://wandb.ai/wandb-applied-ai-team/senpai-v1-ml-intern/runs/z8j45oth
Device: cuda
Train: 1499, val_single_in_dist: 100, val_geom_camber_rc: 100, val_geom_camber_cruise: 100, val_re_rand: 100
Model: Transolver (0.66M params)
Epoch   1 (135s) [47.1GB]  train[vol=2.3642 surf=1.4869]  val_avg_surf_p=258.8537 *  lr=2.01e-04
    val_single_in_dist         loss=98.2046  surf[p=345.5582 Ux=4.9292 Uy=1.5469]  vol[p=385.1148 Ux=12.4757 Uy=5.1114]
    val_geom_camber_rc         loss=49.2452  surf[p=293.9698 Ux=6.3793 Uy=1.8588]  vol[p=371.8308 Ux=13.5409 Uy=5.3858]
    val_geom_camber_cruise     loss=17.7342  surf[p=182.0031 Ux=2.9113 Uy=1.1747]  vol[p=233.6787 Ux=9.4002 Uy=3.2296]
    val_re_rand                loss=28.3954  surf[p=213.8836 Ux=4.0900 Uy=1.4048]  vol[p=247.8173 Ux=10.6004 Uy=3.9608]
Epoch   2 (136s) [47.1GB]  train[vol=1.5669 surf=0.6513]  val_avg_surf_p=234.5244 *  lr=4.01e-04
    val_single_in_dist         loss=79.5242  surf[p=322.4215 Ux=3.9086 Uy=1.4484]  vol[p=304.4208 Ux=11.0334 Uy=5.0283]
    val_geom_camber_rc         loss=38.1098  surf[p=252.4323 Ux=4.8652 Uy=1.6910]  vol[p=241.7040 Ux=12.0830 Uy=5.2391]
    val_geom_camber_cruise     loss=15.0292  surf[p=174.2205 Ux=2.6868 Uy=0.8849]  vol[p=179.4997 Ux=8.8449 Uy=2.8130]
    val_re_rand                loss=23.5708  surf[p=189.0232 Ux=3.6600 Uy=1.1729]  vol[p=191.8396 Ux=10.1790 Uy=3.6935]
Epoch   3 (136s) [47.1GB]  train[vol=1.4444 surf=0.6248]  val_avg_surf_p=226.7350 *  lr=6.00e-04
    val_single_in_dist         loss=66.2616  surf[p=274.8765 Ux=4.7049 Uy=1.3069]  vol[p=271.2484 Ux=12.7552 Uy=4.8226]
    val_geom_camber_rc         loss=46.8788  surf[p=288.2411 Ux=4.7535 Uy=1.7425]  vol[p=266.8540 Ux=11.6487 Uy=5.2364]
    val_geom_camber_cruise     loss=13.1356  surf[p=152.8388 Ux=2.8258 Uy=0.8527]  vol[p=148.3134 Ux=9.0597 Uy=2.9058]
    val_re_rand                loss=25.0191  surf[p=190.9839 Ux=3.5666 Uy=1.1736]  vol[p=178.5729 Ux=9.8464 Uy=3.7230]
Epoch   4 (137s) [47.1GB]  train[vol=1.2965 surf=0.5213]  val_avg_surf_p=202.1811 *  lr=8.00e-04
    val_single_in_dist         loss=74.0729  surf[p=278.7640 Ux=3.0696 Uy=1.3417]  vol[p=300.9255 Ux=12.2627 Uy=4.3324]
    val_geom_camber_rc         loss=29.7439  surf[p=210.3881 Ux=3.8865 Uy=1.5134]  vol[p=204.5900 Ux=11.8389 Uy=4.6132]
    val_geom_camber_cruise     loss=13.2055  surf[p=150.6339 Ux=2.6985 Uy=0.7867]  vol[p=149.2170 Ux=7.7943 Uy=2.6743]
    val_re_rand                loss=19.1590  surf[p=168.9384 Ux=3.3544 Uy=1.1201]  vol[p=168.2965 Ux=9.3517 Uy=3.3761]
Epoch   5 (134s) [47.1GB]  train[vol=1.2807 surf=0.5128]  val_avg_surf_p=184.1505 *  lr=1.00e-03
    val_single_in_dist         loss=55.8846  surf[p=235.5081 Ux=4.2857 Uy=1.4050]  vol[p=273.7411 Ux=12.3080 Uy=4.1266]
    val_geom_camber_rc         loss=28.2849  surf[p=190.3803 Ux=4.0589 Uy=1.7585]  vol[p=240.6870 Ux=10.7955 Uy=4.6800]
    val_geom_camber_cruise     loss=19.6244  surf[p=150.9884 Ux=6.0705 Uy=1.1577]  vol[p=173.5293 Ux=11.6474 Uy=3.0351]
    val_re_rand                loss=21.9447  surf[p=159.7253 Ux=5.1961 Uy=1.4107]  vol[p=185.4585 Ux=11.0315 Uy=3.5858]
Epoch   6 (138s) [47.1GB]  train[vol=1.0840 surf=0.4517]  val_avg_surf_p=157.8561 *  lr=1.00e-03
    val_single_in_dist         loss=44.4857  surf[p=199.5440 Ux=2.6985 Uy=1.0052]  vol[p=236.2327 Ux=9.1185 Uy=3.5975]
    val_geom_camber_rc         loss=23.3215  surf[p=174.8787 Ux=3.3282 Uy=1.2622]  vol[p=202.2576 Ux=9.2591 Uy=4.1628]
    val_geom_camber_cruise     loss=9.4633  surf[p=117.2101 Ux=2.6792 Uy=0.7138]  vol[p=134.4205 Ux=7.3844 Uy=2.3016]
    val_re_rand                loss=15.9717  surf[p=139.7917 Ux=2.9814 Uy=0.9800]  vol[p=155.6654 Ux=8.1893 Uy=3.0078]
Epoch   7 (136s) [47.1GB]  train[vol=0.9303 surf=0.3637]  val_avg_surf_p=184.1850  lr=9.99e-04
    val_single_in_dist         loss=59.7505  surf[p=244.1397 Ux=2.6476 Uy=1.1083]  vol[p=291.3837 Ux=8.4326 Uy=3.6395]
    val_geom_camber_rc         loss=30.2134  surf[p=211.7440 Ux=3.8056 Uy=1.4144]  vol[p=274.5064 Ux=9.1476 Uy=4.1066]
    val_geom_camber_cruise     loss=10.0334  surf[p=124.7700 Ux=3.0621 Uy=0.7220]  vol[p=158.3098 Ux=6.7614 Uy=2.3899]
    val_re_rand                loss=18.6634  surf[p=156.0863 Ux=3.4676 Uy=1.0355]  vol[p=192.5362 Ux=7.8651 Uy=3.0009]
Epoch   8 (136s) [47.1GB]  train[vol=0.8993 surf=0.4073]  val_avg_surf_p=141.7949 *  lr=9.98e-04
    val_single_in_dist         loss=27.3371  surf[p=171.7837 Ux=2.6092 Uy=1.0180]  vol[p=225.8073 Ux=8.1138 Uy=3.3647]
    val_geom_camber_rc         loss=22.1310  surf[p=167.0060 Ux=3.6120 Uy=1.2176]  vol[p=183.5623 Ux=8.4678 Uy=3.8136]
    val_geom_camber_cruise     loss=7.0293  surf[p=101.6165 Ux=2.1853 Uy=0.7801]  vol[p=139.1804 Ux=6.2418 Uy=2.2008]
    val_re_rand                loss=12.8779  surf[p=126.7736 Ux=2.8384 Uy=1.0116]  vol[p=148.8090 Ux=7.1831 Uy=2.7976]
Epoch   9 (136s) [47.1GB]  train[vol=0.7393 surf=0.3321]  val_avg_surf_p=149.9520  lr=9.96e-04
    val_single_in_dist         loss=25.6252  surf[p=186.4976 Ux=2.8167 Uy=0.8439]  vol[p=213.9604 Ux=7.9007 Uy=3.1520]
    val_geom_camber_rc         loss=19.9722  surf[p=158.2182 Ux=3.6894 Uy=1.1388]  vol[p=171.9990 Ux=7.6831 Uy=3.6042]
    val_geom_camber_cruise     loss=8.1691  surf[p=120.8640 Ux=2.7702 Uy=0.6594]  vol[p=141.4863 Ux=6.0197 Uy=2.2190]
    val_re_rand                loss=13.2490  surf[p=134.2284 Ux=3.2599 Uy=0.8777]  vol[p=143.5967 Ux=6.7599 Uy=2.7658]
Epoch  10 (136s) [47.1GB]  train[vol=0.6591 surf=0.2995]  val_avg_surf_p=176.2671  lr=9.93e-04
    val_single_in_dist         loss=37.4149  surf[p=212.0209 Ux=3.1765 Uy=0.9797]  vol[p=198.8176 Ux=8.5549 Uy=3.0210]
    val_geom_camber_rc         loss=28.0579  surf[p=211.1970 Ux=3.7076 Uy=1.3011]  vol[p=229.4666 Ux=8.6060 Uy=3.6801]
    val_geom_camber_cruise     loss=9.8349  surf[p=121.0291 Ux=3.3011 Uy=0.7364]  vol[p=121.1912 Ux=6.9358 Uy=2.0837]
    val_re_rand                loss=18.8014  surf[p=160.8212 Ux=3.6826 Uy=0.9904]  vol[p=164.5149 Ux=7.7494 Uy=2.6746]
Epoch  11 (137s) [47.1GB]  train[vol=0.5906 surf=0.2737]  val_avg_surf_p=122.6641 *  lr=9.90e-04
    val_single_in_dist         loss=25.0331  surf[p=158.9853 Ux=2.1919 Uy=0.9240]  vol[p=190.2006 Ux=6.3220 Uy=2.9132]
    val_geom_camber_rc         loss=16.5007  surf[p=138.4562 Ux=2.8370 Uy=1.1282]  vol[p=176.1703 Ux=6.5165 Uy=3.4135]
    val_geom_camber_cruise     loss=5.0853  surf[p=84.3522 Ux=1.6857 Uy=0.7434]  vol[p=112.7882 Ux=4.4509 Uy=1.9315]
    val_re_rand                loss=10.3334  surf[p=108.8628 Ux=2.3461 Uy=0.9439]  vol[p=138.9859 Ux=5.4141 Uy=2.5229]
Epoch  12 (137s) [47.1GB]  train[vol=0.6358 surf=0.3286]  val_avg_surf_p=188.6014  lr=9.87e-04
    val_single_in_dist         loss=33.8914  surf[p=250.6280 Ux=2.8696 Uy=1.1453]  vol[p=264.4015 Ux=7.4644 Uy=3.0634]
    val_geom_camber_rc         loss=16.2485  surf[p=182.9856 Ux=2.7924 Uy=1.0277]  vol[p=185.9136 Ux=6.3583 Uy=3.4994]
    val_geom_camber_cruise     loss=10.0128  surf[p=151.5720 Ux=2.8780 Uy=0.6632]  vol[p=170.1055 Ux=6.6725 Uy=2.0126]
    val_re_rand                loss=13.7502  surf[p=169.2202 Ux=2.5367 Uy=0.8112]  vol[p=169.1767 Ux=6.1807 Uy=2.5974]
Epoch  13 (134s) [47.1GB]  train[vol=0.5558 surf=0.2635]  val_avg_surf_p=117.7684 *  lr=9.83e-04
    val_single_in_dist         loss=20.3552  surf[p=135.9421 Ux=1.9149 Uy=0.7490]  vol[p=166.3771 Ux=6.1961 Uy=2.6444]
    val_geom_camber_rc         loss=15.0275  surf[p=134.3131 Ux=2.4880 Uy=1.0292]  vol[p=152.7748 Ux=6.1775 Uy=3.3222]
    val_geom_camber_cruise     loss=5.5837  surf[p=90.3081 Ux=1.4542 Uy=0.7067]  vol[p=100.2781 Ux=4.5192 Uy=1.7307]
    val_re_rand                loss=10.1344  surf[p=110.5103 Ux=1.9316 Uy=0.8478]  vol[p=119.4803 Ux=5.2418 Uy=2.3686]
Epoch  14 (137s) [47.1GB]  train[vol=0.5202 surf=0.2588]  val_avg_surf_p=113.6142 *  lr=9.78e-04
    val_single_in_dist         loss=20.6083  surf[p=146.3638 Ux=1.7713 Uy=0.8038]  vol[p=172.6548 Ux=6.4658 Uy=2.6895]
    val_geom_camber_rc         loss=12.0330  surf[p=117.8538 Ux=2.3699 Uy=0.9366]  vol[p=136.2612 Ux=6.0573 Uy=3.1344]
    val_geom_camber_cruise     loss=4.9439  surf[p=86.7189 Ux=1.4489 Uy=0.5665]  vol[p=104.1132 Ux=4.5536 Uy=1.7865]
    val_re_rand                loss=9.4187  surf[p=103.5204 Ux=2.0886 Uy=0.7545]  vol[p=116.5010 Ux=5.4470 Uy=2.3213]
Epoch  15 (136s) [47.1GB]  train[vol=0.5428 surf=0.2504]  val_avg_surf_p=114.5519  lr=9.73e-04
    val_single_in_dist         loss=30.6769  surf[p=147.7844 Ux=2.1507 Uy=0.7600]  vol[p=181.9771 Ux=6.2578 Uy=2.4631]
    val_geom_camber_rc         loss=13.8840  surf[p=123.5560 Ux=2.6637 Uy=1.0397]  vol[p=151.6056 Ux=6.4376 Uy=3.2612]
    val_geom_camber_cruise     loss=4.3891  surf[p=85.9357 Ux=1.3707 Uy=0.5159]  vol[p=114.5700 Ux=4.2582 Uy=1.6968]
    val_re_rand                loss=8.8333  surf[p=100.9316 Ux=1.8858 Uy=0.7467]  vol[p=125.1444 Ux=4.9027 Uy=2.3045]
Epoch  16 (135s) [47.1GB]  train[vol=0.5480 surf=0.2737]  val_avg_surf_p=112.0773 *  lr=9.67e-04
    val_single_in_dist         loss=21.3223  surf[p=162.5375 Ux=1.8268 Uy=0.7821]  vol[p=181.4930 Ux=6.1816 Uy=2.5982]
    val_geom_camber_rc         loss=12.2231  surf[p=118.0700 Ux=2.2270 Uy=0.9326]  vol[p=147.9614 Ux=5.9551 Uy=3.2401]
    val_geom_camber_cruise     loss=3.9221  surf[p=72.0371 Ux=1.3303 Uy=0.5279]  vol[p=91.1280 Ux=4.0725 Uy=1.5819]
    val_re_rand                loss=9.4236  surf[p=95.6647 Ux=1.8060 Uy=0.7174]  vol[p=112.1340 Ux=4.8631 Uy=2.2902]
Epoch  17 (138s) [47.1GB]  train[vol=0.4058 surf=0.1777]  val_avg_surf_p=106.9362 *  lr=9.61e-04
    val_single_in_dist         loss=19.2457  surf[p=123.5058 Ux=1.5771 Uy=0.7542]  vol[p=160.2119 Ux=5.5624 Uy=2.3379]
    val_geom_camber_rc         loss=13.0739  surf[p=114.6249 Ux=2.1865 Uy=0.9379]  vol[p=136.4187 Ux=5.6739 Uy=3.1309]
    val_geom_camber_cruise     loss=5.5551  surf[p=90.0312 Ux=1.1896 Uy=0.5637]  vol[p=94.0410 Ux=3.7507 Uy=1.5290]
    val_re_rand                loss=8.5531  surf[p=99.5829 Ux=1.7182 Uy=0.7303]  vol[p=110.4080 Ux=4.5803 Uy=2.2072]
Epoch  18 (136s) [47.1GB]  train[vol=0.4598 surf=0.2202]  val_avg_surf_p=99.0612 *  lr=9.55e-04
    val_single_in_dist         loss=15.8010  surf[p=120.6068 Ux=1.3159 Uy=0.7635]  vol[p=148.8031 Ux=5.8067 Uy=2.5234]
    val_geom_camber_rc         loss=11.1633  surf[p=110.2366 Ux=1.8817 Uy=0.9174]  vol[p=135.3443 Ux=5.6114 Uy=3.1555]
    val_geom_camber_cruise     loss=4.0010  surf[p=74.6170 Ux=1.0054 Uy=0.5935]  vol[p=87.4284 Ux=4.1896 Uy=1.5470]
    val_re_rand                loss=7.1700  surf[p=90.7844 Ux=1.4484 Uy=0.7589]  vol[p=108.5760 Ux=4.8221 Uy=2.2414]
Epoch  19 (138s) [47.1GB]  train[vol=0.5053 surf=0.2492]  val_avg_surf_p=112.3869  lr=9.47e-04
    val_single_in_dist         loss=15.6299  surf[p=129.2608 Ux=1.9582 Uy=0.7595]  vol[p=156.9898 Ux=6.2176 Uy=2.4160]
    val_geom_camber_rc         loss=12.9184  surf[p=133.2892 Ux=2.2943 Uy=0.9471]  vol[p=158.4075 Ux=6.1608 Uy=3.1628]
    val_geom_camber_cruise     loss=4.4206  surf[p=83.0911 Ux=1.4094 Uy=0.5158]  vol[p=91.2738 Ux=4.4957 Uy=1.5695]
    val_re_rand                loss=9.1714  surf[p=103.9066 Ux=1.7115 Uy=0.6955]  vol[p=116.6602 Ux=4.9457 Uy=2.2080]
Epoch  20 (136s) [47.1GB]  train[vol=0.4484 surf=0.2100]  val_avg_surf_p=97.3553 *  lr=9.40e-04
    val_single_in_dist         loss=13.3835  surf[p=112.1573 Ux=1.3997 Uy=0.6625]  vol[p=138.3267 Ux=5.2325 Uy=2.2569]
    val_geom_camber_rc         loss=11.7858  surf[p=119.3067 Ux=2.0465 Uy=0.8392]  vol[p=134.5769 Ux=5.6560 Uy=3.0157]
    val_geom_camber_cruise     loss=3.0370  surf[p=64.8353 Ux=1.2148 Uy=0.5027]  vol[p=81.8247 Ux=3.8675 Uy=1.5024]
    val_re_rand                loss=8.6624  surf[p=93.1217 Ux=1.5812 Uy=0.6745]  vol[p=105.3448 Ux=4.5924 Uy=2.1522]
Epoch  21 (136s) [47.1GB]  train[vol=0.3693 surf=0.1435]  val_avg_surf_p=106.0327  lr=9.32e-04
    val_single_in_dist         loss=16.8189  surf[p=120.2350 Ux=1.4764 Uy=0.7064]  vol[p=145.2983 Ux=4.9329 Uy=2.2686]
    val_geom_camber_rc         loss=12.8812  surf[p=129.5309 Ux=2.0407 Uy=0.8448]  vol[p=146.2126 Ux=5.6612 Uy=2.9675]
    val_geom_camber_cruise     loss=3.5546  surf[p=76.8667 Ux=1.1047 Uy=0.5383]  vol[p=87.4207 Ux=3.6464 Uy=1.4185]
    val_re_rand                loss=7.7801  surf[p=97.4981 Ux=1.5357 Uy=0.6856]  vol[p=110.8646 Ux=4.4119 Uy=2.1005]
Epoch  22 (136s) [47.1GB]  train[vol=0.3695 surf=0.1780]  val_avg_surf_p=115.4276  lr=9.23e-04
    val_single_in_dist         loss=17.6165  surf[p=146.0337 Ux=2.0446 Uy=0.6434]  vol[p=147.2416 Ux=5.2276 Uy=2.2353]
    val_geom_camber_rc         loss=15.2304  surf[p=141.1600 Ux=2.4211 Uy=0.9248]  vol[p=132.5030 Ux=5.4717 Uy=2.9610]
    val_geom_camber_cruise     loss=3.6956  surf[p=75.0968 Ux=0.9791 Uy=0.4857]  vol[p=83.4847 Ux=3.5515 Uy=1.5232]
    val_re_rand                loss=8.2648  surf[p=99.4199 Ux=1.5487 Uy=0.6749]  vol[p=100.9813 Ux=4.2573 Uy=2.1566]
Epoch  23 (137s) [47.1GB]  train[vol=0.4097 surf=0.1838]  val_avg_surf_p=99.4570  lr=9.14e-04
    val_single_in_dist         loss=13.4368  surf[p=116.5565 Ux=1.4505 Uy=0.6371]  vol[p=127.6497 Ux=5.0351 Uy=2.1038]
    val_geom_camber_rc         loss=12.0485  surf[p=117.1543 Ux=2.0017 Uy=0.8335]  vol[p=126.2810 Ux=5.3085 Uy=2.9324]
    val_geom_camber_cruise     loss=3.3856  surf[p=68.7872 Ux=1.1883 Uy=0.4466]  vol[p=75.7862 Ux=3.6219 Uy=1.3647]
    val_re_rand                loss=8.8814  surf[p=95.3301 Ux=1.6689 Uy=0.6490]  vol[p=98.7559 Ux=4.3649 Uy=1.9939]
Epoch  24 (136s) [47.1GB]  train[vol=0.3764 surf=0.1829]  val_avg_surf_p=98.1328  lr=9.05e-04
    val_single_in_dist         loss=17.6622  surf[p=133.0697 Ux=1.6557 Uy=0.7141]  vol[p=177.9524 Ux=4.9237 Uy=2.2336]
    val_geom_camber_rc         loss=10.4356  surf[p=108.3308 Ux=1.8371 Uy=0.8142]  vol[p=124.2463 Ux=5.0672 Uy=2.8429]
    val_geom_camber_cruise     loss=3.0409  surf[p=65.6726 Ux=1.1149 Uy=0.4884]  vol[p=82.6102 Ux=3.5931 Uy=1.3774]
    val_re_rand                loss=7.1382  surf[p=85.4580 Ux=1.4219 Uy=0.6237]  vol[p=98.3676 Ux=4.1505 Uy=1.9932]
Epoch  25 (138s) [47.1GB]  train[vol=0.2997 surf=0.1120]  val_avg_surf_p=97.0269 *  lr=8.95e-04
    val_single_in_dist         loss=13.5324  surf[p=113.5845 Ux=1.2795 Uy=0.6574]  vol[p=127.4073 Ux=4.8352 Uy=2.0368]
    val_geom_camber_rc         loss=14.9806  surf[p=122.6379 Ux=1.9277 Uy=0.8331]  vol[p=123.7352 Ux=5.5449 Uy=2.7105]
    val_geom_camber_cruise     loss=3.2287  surf[p=62.0889 Ux=1.2625 Uy=0.4833]  vol[p=74.8239 Ux=4.1084 Uy=1.3954]
    val_re_rand                loss=8.2275  surf[p=89.7962 Ux=1.5359 Uy=0.6433]  vol[p=97.5804 Ux=4.6158 Uy=1.9849]
Epoch  26 (136s) [47.1GB]  train[vol=0.2936 surf=0.1210]  val_avg_surf_p=88.7361 *  lr=8.84e-04
    val_single_in_dist         loss=13.1536  surf[p=105.9429 Ux=1.7854 Uy=0.5957]  vol[p=130.7890 Ux=4.8717 Uy=2.0153]
    val_geom_camber_rc         loss=10.6621  surf[p=106.7563 Ux=2.3941 Uy=0.7422]  vol[p=124.1094 Ux=5.1822 Uy=2.6779]
    val_geom_camber_cruise     loss=3.1137  surf[p=61.9679 Ux=1.1428 Uy=0.4783]  vol[p=71.5917 Ux=3.5208 Uy=1.4034]
    val_re_rand                loss=6.3112  surf[p=80.2773 Ux=1.6451 Uy=0.5972]  vol[p=90.6677 Ux=4.1081 Uy=1.9529]
Epoch  27 (134s) [47.1GB]  train[vol=0.4090 surf=0.1874]  val_avg_surf_p=88.6971 *  lr=8.73e-04
    val_single_in_dist         loss=13.2147  surf[p=107.4239 Ux=1.4360 Uy=0.6242]  vol[p=148.6005 Ux=4.7003 Uy=1.9961]
    val_geom_camber_rc         loss=8.4257  surf[p=101.2601 Ux=1.7485 Uy=0.7531]  vol[p=129.3304 Ux=5.0582 Uy=2.6611]
    val_geom_camber_cruise     loss=3.2277  surf[p=63.5175 Ux=1.6724 Uy=0.4990]  vol[p=78.7203 Ux=3.7243 Uy=1.3280]
    val_re_rand                loss=6.7434  surf[p=82.5871 Ux=1.7126 Uy=0.6417]  vol[p=102.1766 Ux=4.3103 Uy=1.9453]
Epoch  28 (135s) [47.1GB]  train[vol=0.2861 surf=0.1137]  val_avg_surf_p=85.4312 *  lr=8.62e-04
    val_single_in_dist         loss=14.8903  surf[p=97.9697 Ux=1.1687 Uy=0.6372]  vol[p=128.9267 Ux=4.7259 Uy=1.9560]
    val_geom_camber_rc         loss=13.9373  surf[p=109.0457 Ux=1.6089 Uy=0.7980]  vol[p=119.6920 Ux=5.0820 Uy=2.5833]
    val_geom_camber_cruise     loss=2.6546  surf[p=57.5767 Ux=1.0045 Uy=0.4423]  vol[p=73.1535 Ux=3.4284 Uy=1.2865]
    val_re_rand                loss=6.6673  surf[p=77.1328 Ux=1.2415 Uy=0.5954]  vol[p=91.2689 Ux=4.0450 Uy=1.8670]
Epoch  29 (135s) [47.1GB]  train[vol=0.2763 surf=0.1097]  val_avg_surf_p=80.6004 *  lr=8.51e-04
    val_single_in_dist         loss=8.7261  surf[p=85.5841 Ux=1.1084 Uy=0.5433]  vol[p=123.9393 Ux=4.5264 Uy=1.8888]
    val_geom_camber_rc         loss=8.1116  surf[p=101.2645 Ux=1.6134 Uy=0.7212]  vol[p=118.9901 Ux=4.9756 Uy=2.5697]
    val_geom_camber_cruise     loss=2.5862  surf[p=57.2191 Ux=1.0616 Uy=0.4539]  vol[p=69.4220 Ux=3.4844 Uy=1.2749]
    val_re_rand                loss=6.1212  surf[p=78.3340 Ux=1.2961 Uy=0.5768]  vol[p=92.8240 Ux=4.0959 Uy=1.8494]
Epoch  30 (139s) [47.1GB]  train[vol=0.3206 surf=0.1381]  val_avg_surf_p=88.3131  lr=8.39e-04
    val_single_in_dist         loss=16.0958  surf[p=112.4811 Ux=1.0067 Uy=0.6315]  vol[p=129.4073 Ux=4.3221 Uy=1.9254]
    val_geom_camber_rc         loss=9.0600  surf[p=106.2230 Ux=1.5794 Uy=0.7688]  vol[p=118.1533 Ux=4.8579 Uy=2.5486]
    val_geom_camber_cruise     loss=2.1241  surf[p=54.0085 Ux=0.7749 Uy=0.3923]  vol[p=66.7382 Ux=2.9863 Uy=1.2192]
    val_re_rand                loss=6.8233  surf[p=80.5397 Ux=1.1911 Uy=0.5671]  vol[p=89.3460 Ux=3.7454 Uy=1.8065]
Epoch  31 (137s) [47.1GB]  train[vol=0.3720 surf=0.1746]  val_avg_surf_p=82.5112  lr=8.26e-04
    val_single_in_dist         loss=10.8455  surf[p=99.0327 Ux=1.2700 Uy=0.7138]  vol[p=124.6530 Ux=4.3626 Uy=2.0123]
    val_geom_camber_rc         loss=8.1070  surf[p=95.7151 Ux=1.9273 Uy=0.7454]  vol[p=110.7502 Ux=4.9056 Uy=2.5836]
    val_geom_camber_cruise     loss=2.8290  surf[p=57.3957 Ux=1.0663 Uy=0.4732]  vol[p=67.2757 Ux=3.0567 Uy=1.3049]
    val_re_rand                loss=6.2683  surf[p=77.9011 Ux=1.4893 Uy=0.5944]  vol[p=87.3122 Ux=3.8870 Uy=1.8441]
Epoch  32 (136s) [47.1GB]  train[vol=0.2929 surf=0.1244]  val_avg_surf_p=93.1483  lr=8.14e-04
    val_single_in_dist         loss=13.0052  surf[p=115.1494 Ux=1.6255 Uy=0.6095]  vol[p=138.4926 Ux=4.6177 Uy=1.9285]
    val_geom_camber_rc         loss=11.0226  surf[p=112.2884 Ux=1.7988 Uy=0.8006]  vol[p=131.0594 Ux=4.9513 Uy=2.6443]
    val_geom_camber_cruise     loss=2.4082  surf[p=59.6613 Ux=0.9352 Uy=0.4132]  vol[p=65.4119 Ux=3.1948 Uy=1.2451]
    val_re_rand                loss=7.4302  surf[p=85.4941 Ux=1.3310 Uy=0.6056]  vol[p=91.6595 Ux=3.9051 Uy=1.8537]
Epoch  33 (137s) [47.1GB]  train[vol=0.3180 surf=0.1401]  val_avg_surf_p=89.5728  lr=8.01e-04
    val_single_in_dist         loss=12.6263  surf[p=92.9794 Ux=1.3829 Uy=0.5565]  vol[p=124.7128 Ux=4.9805 Uy=1.9211]
    val_geom_camber_rc         loss=9.6152  surf[p=109.1358 Ux=2.4345 Uy=0.7241]  vol[p=113.2308 Ux=5.4441 Uy=2.4912]
    val_geom_camber_cruise     loss=2.8953  surf[p=65.3583 Ux=0.9691 Uy=0.4886]  vol[p=77.8243 Ux=3.3212 Uy=1.3607]
    val_re_rand                loss=9.3382  surf[p=90.8177 Ux=1.6392 Uy=0.5975]  vol[p=97.0491 Ux=4.2068 Uy=1.8709]
Epoch  34 (136s) [47.1GB]  train[vol=0.2729 surf=0.1208]  val_avg_surf_p=90.5968  lr=7.87e-04
    val_single_in_dist         loss=13.0632  surf[p=99.4045 Ux=1.0299 Uy=0.5992]  vol[p=127.3390 Ux=4.3890 Uy=1.9012]
    val_geom_camber_rc         loss=7.5332  surf[p=99.8834 Ux=1.6487 Uy=0.7465]  vol[p=113.4134 Ux=4.7008 Uy=2.3906]
    val_geom_camber_cruise     loss=3.7980  surf[p=73.7903 Ux=0.9778 Uy=0.5090]  vol[p=73.9117 Ux=3.1028 Uy=1.3687]
    val_re_rand                loss=7.8656  surf[p=89.3091 Ux=1.3623 Uy=0.6315]  vol[p=94.6040 Ux=3.8275 Uy=1.7978]
Epoch  35 (135s) [47.1GB]  train[vol=0.2842 surf=0.1185]  val_avg_surf_p=77.9671 *  lr=7.73e-04
    val_single_in_dist         loss=11.0799  surf[p=90.3426 Ux=1.1359 Uy=0.5757]  vol[p=113.5873 Ux=4.2735 Uy=1.7819]
    val_geom_camber_rc         loss=6.7530  surf[p=90.4638 Ux=1.5310 Uy=0.7012]  vol[p=111.0055 Ux=4.6004 Uy=2.4114]
    val_geom_camber_cruise     loss=2.0636  surf[p=55.1725 Ux=0.6484 Uy=0.4014]  vol[p=65.1530 Ux=2.8781 Uy=1.1356]
    val_re_rand                loss=5.5654  surf[p=75.8897 Ux=1.1188 Uy=0.5487]  vol[p=87.9356 Ux=3.5897 Uy=1.7244]
Epoch  36 (136s) [47.1GB]  train[vol=0.2756 surf=0.1169]  val_avg_surf_p=76.5468 *  lr=7.59e-04
    val_single_in_dist         loss=10.1456  surf[p=80.8003 Ux=1.1815 Uy=0.5485]  vol[p=112.8987 Ux=4.2266 Uy=1.7872]
    val_geom_camber_rc         loss=7.0334  surf[p=95.1990 Ux=1.6049 Uy=0.7163]  vol[p=107.1891 Ux=4.7347 Uy=2.4423]
    val_geom_camber_cruise     loss=2.4407  surf[p=55.5066 Ux=0.8961 Uy=0.3731]  vol[p=65.0650 Ux=3.0018 Uy=1.2046]
    val_re_rand                loss=6.1022  surf[p=74.6814 Ux=1.2773 Uy=0.5219]  vol[p=87.3797 Ux=3.7245 Uy=1.7329]
Epoch  37 (138s) [47.1GB]  train[vol=0.2855 surf=0.1216]  val_avg_surf_p=78.5254  lr=7.45e-04
    val_single_in_dist         loss=8.6366  surf[p=85.9848 Ux=0.9808 Uy=0.5701]  vol[p=114.5148 Ux=4.1727 Uy=1.7320]
    val_geom_camber_rc         loss=6.9864  surf[p=99.0029 Ux=1.5391 Uy=0.6888]  vol[p=106.5827 Ux=4.5394 Uy=2.2845]
    val_geom_camber_cruise     loss=2.0613  surf[p=52.9642 Ux=0.9969 Uy=0.3709]  vol[p=64.8021 Ux=3.2188 Uy=1.1639]
    val_re_rand                loss=5.9027  surf[p=76.1499 Ux=1.3050 Uy=0.5288]  vol[p=84.0648 Ux=3.8216 Uy=1.6840]
Epoch  38 (136s) [47.1GB]  train[vol=0.3365 surf=0.1501]  val_avg_surf_p=77.1108  lr=7.31e-04
    val_single_in_dist         loss=13.1940  surf[p=92.3398 Ux=1.0019 Uy=0.5322]  vol[p=117.5924 Ux=4.1255 Uy=1.7257]
    val_geom_camber_rc         loss=7.2989  surf[p=93.3406 Ux=1.5220 Uy=0.6669]  vol[p=105.6329 Ux=4.6604 Uy=2.2677]
    val_geom_camber_cruise     loss=1.9206  surf[p=48.6507 Ux=0.7213 Uy=0.3479]  vol[p=59.3868 Ux=2.8934 Uy=1.0881]
    val_re_rand                loss=5.6064  surf[p=74.1121 Ux=1.1376 Uy=0.5086]  vol[p=80.4978 Ux=3.6145 Uy=1.6210]
Epoch  39 (138s) [47.1GB]  train[vol=0.2609 surf=0.1125]  val_avg_surf_p=72.9799 *  lr=7.16e-04
    val_single_in_dist         loss=11.0048  surf[p=88.8032 Ux=1.0663 Uy=0.5128]  vol[p=126.7672 Ux=4.2219 Uy=1.7211]
    val_geom_camber_rc         loss=6.1371  surf[p=86.9789 Ux=1.4619 Uy=0.6429]  vol[p=109.8981 Ux=4.5526 Uy=2.3185]
    val_geom_camber_cruise     loss=1.6490  surf[p=45.7630 Ux=0.8041 Uy=0.3249]  vol[p=60.5195 Ux=3.0058 Uy=1.0958]
    val_re_rand                loss=5.5947  surf[p=70.3745 Ux=1.1169 Uy=0.4920]  vol[p=82.1092 Ux=3.6179 Uy=1.6309]
Epoch  40 (135s) [47.1GB]  train[vol=0.2679 surf=0.1100]  val_avg_surf_p=70.6335 *  lr=7.01e-04
    val_single_in_dist         loss=7.7599  surf[p=76.7212 Ux=0.9810 Uy=0.4992]  vol[p=104.5798 Ux=4.0464 Uy=1.6161]
    val_geom_camber_rc         loss=6.6673  surf[p=88.1779 Ux=1.6652 Uy=0.6164]  vol[p=106.2724 Ux=4.7543 Uy=2.2399]
    val_geom_camber_cruise     loss=1.5774  surf[p=47.4456 Ux=0.6530 Uy=0.3175]  vol[p=59.9060 Ux=2.9068 Uy=1.1191]
    val_re_rand                loss=5.1048  surf[p=70.1892 Ux=1.1740 Uy=0.4720]  vol[p=83.4433 Ux=3.7015 Uy=1.6314]
Epoch  41 (135s) [47.1GB]  train[vol=0.2537 surf=0.0997]  val_avg_surf_p=74.0398  lr=6.86e-04
    val_single_in_dist         loss=16.2885  surf[p=96.4713 Ux=1.4820 Uy=0.4961]  vol[p=131.8072 Ux=4.1393 Uy=1.6584]
    val_geom_camber_rc         loss=5.4753  surf[p=83.9557 Ux=1.4419 Uy=0.6695]  vol[p=102.7783 Ux=4.4228 Uy=2.2334]
    val_geom_camber_cruise     loss=1.5898  surf[p=46.3100 Ux=0.9259 Uy=0.3257]  vol[p=57.9932 Ux=2.8800 Uy=1.0301]
    val_re_rand                loss=6.1431  surf[p=69.4221 Ux=1.1717 Uy=0.4925]  vol[p=81.1478 Ux=3.5306 Uy=1.6002]
Epoch  42 (135s) [47.1GB]  train[vol=0.2373 surf=0.0936]  val_avg_surf_p=75.0806  lr=6.70e-04
    val_single_in_dist         loss=14.6053  surf[p=99.6424 Ux=0.9814 Uy=0.5143]  vol[p=115.0238 Ux=3.9296 Uy=1.6002]
    val_geom_camber_rc         loss=6.8838  surf[p=92.7322 Ux=1.6239 Uy=0.6856]  vol[p=107.3042 Ux=4.4317 Uy=2.1938]
    val_geom_camber_cruise     loss=1.4749  surf[p=42.5804 Ux=0.6655 Uy=0.3251]  vol[p=55.9341 Ux=2.6915 Uy=1.0347]
    val_re_rand                loss=6.0710  surf[p=65.3674 Ux=1.0643 Uy=0.4890]  vol[p=78.3286 Ux=3.4015 Uy=1.5449]
Epoch  43 (135s) [47.1GB]  train[vol=0.3044 surf=0.1293]  val_avg_surf_p=74.2851  lr=6.55e-04
    val_single_in_dist         loss=8.9875  surf[p=80.8291 Ux=1.7816 Uy=0.5063]  vol[p=115.5460 Ux=4.5343 Uy=1.6235]
    val_geom_camber_rc         loss=8.5360  surf[p=94.9616 Ux=1.7724 Uy=0.6643]  vol[p=106.9722 Ux=4.7224 Uy=2.1513]
    val_geom_camber_cruise     loss=1.9671  surf[p=48.7527 Ux=1.1961 Uy=0.3261]  vol[p=57.9049 Ux=3.1203 Uy=1.0328]
    val_re_rand                loss=6.2454  surf[p=72.5968 Ux=1.5121 Uy=0.4987]  vol[p=80.9732 Ux=3.7945 Uy=1.5540]
Epoch  44 (139s) [47.1GB]  train[vol=0.2498 surf=0.0927]  val_avg_surf_p=68.1881 *  lr=6.39e-04
    val_single_in_dist         loss=8.6811  surf[p=82.6305 Ux=0.8563 Uy=0.4741]  vol[p=108.5306 Ux=3.8457 Uy=1.6152]
    val_geom_camber_rc         loss=5.1768  surf[p=80.2335 Ux=1.3269 Uy=0.6075]  vol[p=99.4100 Ux=4.3486 Uy=2.1236]
    val_geom_camber_cruise     loss=1.5693  surf[p=45.5165 Ux=0.6065 Uy=0.3054]  vol[p=56.5207 Ux=2.6883 Uy=1.0264]
    val_re_rand                loss=4.6090  surf[p=64.3718 Ux=1.0031 Uy=0.4548]  vol[p=77.5241 Ux=3.3873 Uy=1.5337]
Epoch  45 (135s) [47.1GB]  train[vol=0.2261 surf=0.0863]  val_avg_surf_p=70.5257  lr=6.23e-04
    val_single_in_dist         loss=9.5634  surf[p=80.5225 Ux=0.8252 Uy=0.4598]  vol[p=108.7703 Ux=3.9141 Uy=1.5967]
    val_geom_camber_rc         loss=5.1869  surf[p=83.4509 Ux=1.2961 Uy=0.6228]  vol[p=97.9274 Ux=4.4085 Uy=2.1280]
    val_geom_camber_cruise     loss=1.5820  surf[p=50.0828 Ux=0.6704 Uy=0.3531]  vol[p=66.5121 Ux=2.9292 Uy=1.0660]
    val_re_rand                loss=5.0085  surf[p=68.0466 Ux=1.0062 Uy=0.4818]  vol[p=82.9076 Ux=3.5514 Uy=1.5482]
Epoch  46 (136s) [47.1GB]  train[vol=0.1786 surf=0.0595]  val_avg_surf_p=66.4749 *  lr=6.07e-04
    val_single_in_dist         loss=8.3657  surf[p=76.3148 Ux=1.2159 Uy=0.4572]  vol[p=100.8767 Ux=3.8960 Uy=1.5152]
    val_geom_camber_rc         loss=5.8729  surf[p=82.2501 Ux=1.5075 Uy=0.6266]  vol[p=98.8617 Ux=4.3909 Uy=2.1026]
    val_geom_camber_cruise     loss=1.6966  surf[p=44.6288 Ux=1.1056 Uy=0.3289]  vol[p=52.7873 Ux=2.9994 Uy=0.9866]
    val_re_rand                loss=6.1662  surf[p=62.7061 Ux=1.2146 Uy=0.4695]  vol[p=74.5074 Ux=3.5223 Uy=1.4868]
Epoch  47 (136s) [47.1GB]  train[vol=0.2085 surf=0.0712]  val_avg_surf_p=70.5969  lr=5.90e-04
    val_single_in_dist         loss=11.0732  surf[p=91.2009 Ux=0.9512 Uy=0.5313]  vol[p=119.7869 Ux=3.7786 Uy=1.6028]
    val_geom_camber_rc         loss=5.3433  surf[p=79.7771 Ux=1.4048 Uy=0.6021]  vol[p=96.7744 Ux=4.2553 Uy=2.0898]
    val_geom_camber_cruise     loss=1.5087  surf[p=46.2031 Ux=0.8139 Uy=0.2878]  vol[p=55.5463 Ux=2.6737 Uy=0.9820]
    val_re_rand                loss=4.5336  surf[p=65.2066 Ux=1.1336 Uy=0.4484]  vol[p=76.1878 Ux=3.3982 Uy=1.5018]
Epoch  48 (136s) [47.1GB]  train[vol=0.2428 surf=0.0923]  val_avg_surf_p=67.1584  lr=5.74e-04
    val_single_in_dist         loss=8.8413  surf[p=90.1859 Ux=0.8835 Uy=0.4706]  vol[p=101.7642 Ux=3.7572 Uy=1.6081]
    val_geom_camber_rc         loss=5.1096  surf[p=74.4682 Ux=1.1729 Uy=0.5756]  vol[p=91.4807 Ux=4.1078 Uy=2.0348]
    val_geom_camber_cruise     loss=1.6152  surf[p=42.9117 Ux=0.5378 Uy=0.2994]  vol[p=50.8602 Ux=2.5836 Uy=0.9485]
    val_re_rand                loss=4.5001  surf[p=61.0678 Ux=0.8902 Uy=0.4428]  vol[p=71.1708 Ux=3.2772 Uy=1.4519]
Epoch  49 (137s) [47.1GB]  train[vol=0.1809 surf=0.0656]  val_avg_surf_p=60.9162 *  lr=5.58e-04
    val_single_in_dist         loss=8.1944  surf[p=65.2503 Ux=0.8067 Uy=0.4368]  vol[p=93.8079 Ux=3.5330 Uy=1.4854]
    val_geom_camber_rc         loss=5.0613  surf[p=75.2545 Ux=1.2645 Uy=0.5932]  vol[p=89.2028 Ux=4.1240 Uy=2.0294]
    val_geom_camber_cruise     loss=1.5596  surf[p=43.2300 Ux=0.5974 Uy=0.3090]  vol[p=53.2799 Ux=2.5658 Uy=0.9749]
    val_re_rand                loss=4.4164  surf[p=59.9299 Ux=0.9199 Uy=0.4515]  vol[p=70.7929 Ux=3.2474 Uy=1.4460]
Epoch  50 (135s) [47.1GB]  train[vol=0.2440 surf=0.1042]  val_avg_surf_p=66.6571  lr=5.41e-04
    val_single_in_dist         loss=8.1405  surf[p=70.8549 Ux=0.9678 Uy=0.4488]  vol[p=97.1187 Ux=3.7381 Uy=1.5441]
    val_geom_camber_rc         loss=6.5881  surf[p=82.7159 Ux=1.2913 Uy=0.5843]  vol[p=97.6613 Ux=4.1956 Uy=2.0439]
    val_geom_camber_cruise     loss=1.3341  surf[p=46.2447 Ux=0.7461 Uy=0.3063]  vol[p=55.6039 Ux=2.6998 Uy=0.9677]
    val_re_rand                loss=4.8092  surf[p=66.8128 Ux=1.0636 Uy=0.4509]  vol[p=76.3376 Ux=3.3596 Uy=1.4613]
Epoch  51 (137s) [47.1GB]  train[vol=0.2302 surf=0.0868]  val_avg_surf_p=63.3766  lr=5.25e-04
    val_single_in_dist         loss=9.4119  surf[p=70.2933 Ux=0.8426 Uy=0.4074]  vol[p=94.5851 Ux=3.5266 Uy=1.4494]
    val_geom_camber_rc         loss=5.3928  surf[p=79.5008 Ux=1.3682 Uy=0.5878]  vol[p=93.8216 Ux=4.1392 Uy=1.9923]
    val_geom_camber_cruise     loss=1.5251  surf[p=42.6978 Ux=1.2142 Uy=0.2743]  vol[p=49.3970 Ux=2.9088 Uy=0.9344]
    val_re_rand                loss=4.2390  surf[p=61.0147 Ux=1.2547 Uy=0.4240]  vol[p=71.0757 Ux=3.4003 Uy=1.4377]
Epoch  52 (137s) [47.1GB]  train[vol=0.2768 surf=0.1147]  val_avg_surf_p=58.9682 *  lr=5.08e-04
    val_single_in_dist         loss=9.6341  surf[p=64.9014 Ux=0.8234 Uy=0.4041]  vol[p=90.7321 Ux=3.5560 Uy=1.4305]
    val_geom_camber_rc         loss=5.3114  surf[p=76.7937 Ux=1.2004 Uy=0.5840]  vol[p=92.4639 Ux=4.0228 Uy=2.0140]
    val_geom_camber_cruise     loss=1.1726  surf[p=36.8189 Ux=0.5532 Uy=0.2743]  vol[p=47.4687 Ux=2.4412 Uy=0.9209]
    val_re_rand                loss=4.2892  surf[p=57.3588 Ux=0.8861 Uy=0.4346]  vol[p=69.4602 Ux=3.1430 Uy=1.4355]
Epoch  53 (137s) [47.1GB]  train[vol=0.2622 surf=0.1009]  val_avg_surf_p=58.0281 *  lr=4.92e-04
    val_single_in_dist         loss=6.4361  surf[p=60.9301 Ux=0.7882 Uy=0.4242]  vol[p=91.9855 Ux=3.4744 Uy=1.4517]
    val_geom_camber_rc         loss=4.8479  surf[p=73.3248 Ux=1.2959 Uy=0.5857]  vol[p=95.5019 Ux=4.0380 Uy=2.0026]
    val_geom_camber_cruise     loss=1.3297  surf[p=40.7791 Ux=0.5760 Uy=0.2937]  vol[p=52.5202 Ux=2.4796 Uy=0.9632]
    val_re_rand                loss=3.7973  surf[p=57.0785 Ux=0.9391 Uy=0.4348]  vol[p=71.2157 Ux=3.1826 Uy=1.4401]
Epoch  54 (136s) [47.1GB]  train[vol=0.1841 surf=0.0661]  val_avg_surf_p=57.6990 *  lr=4.75e-04
    val_single_in_dist         loss=7.8398  surf[p=66.9992 Ux=0.7857 Uy=0.4082]  vol[p=91.6768 Ux=3.4140 Uy=1.3933]
    val_geom_camber_rc         loss=4.6617  surf[p=72.5574 Ux=1.1740 Uy=0.5707]  vol[p=87.9193 Ux=4.0886 Uy=1.9571]
    val_geom_camber_cruise     loss=1.1359  surf[p=35.3027 Ux=0.5618 Uy=0.2676]  vol[p=49.3644 Ux=2.4323 Uy=0.9022]
    val_re_rand                loss=5.1296  surf[p=55.9366 Ux=0.9175 Uy=0.4124]  vol[p=69.0684 Ux=3.2288 Uy=1.3923]
Epoch  55 (138s) [47.1GB]  train[vol=0.1922 surf=0.0777]  val_avg_surf_p=58.6196  lr=4.59e-04
    val_single_in_dist         loss=8.8354  surf[p=66.6836 Ux=0.7853 Uy=0.4381]  vol[p=92.6706 Ux=3.4106 Uy=1.4236]
    val_geom_camber_rc         loss=4.7802  surf[p=72.3265 Ux=1.2195 Uy=0.5441]  vol[p=90.4384 Ux=3.9694 Uy=1.9139]
    val_geom_camber_cruise     loss=1.2341  surf[p=38.8029 Ux=0.5890 Uy=0.2736]  vol[p=49.5314 Ux=2.4329 Uy=0.8912]
    val_re_rand                loss=3.9623  surf[p=56.6656 Ux=0.9177 Uy=0.4116]  vol[p=68.6514 Ux=3.1103 Uy=1.3713]
Epoch  56 (137s) [47.1GB]  train[vol=0.2913 surf=0.1295]  val_avg_surf_p=59.1906  lr=4.42e-04
    val_single_in_dist         loss=9.5913  surf[p=72.1351 Ux=0.8304 Uy=0.4135]  vol[p=92.0519 Ux=3.5162 Uy=1.4260]
    val_geom_camber_rc         loss=4.4009  surf[p=72.3197 Ux=1.2004 Uy=0.5573]  vol[p=89.1549 Ux=4.0141 Uy=1.9176]
    val_geom_camber_cruise     loss=1.1795  surf[p=37.0304 Ux=0.6115 Uy=0.2789]  vol[p=48.3913 Ux=2.4648 Uy=0.9041]
    val_re_rand                loss=4.0019  surf[p=55.2773 Ux=0.9264 Uy=0.4168]  vol[p=67.6885 Ux=3.1240 Uy=1.3648]
Epoch  57 (137s) [47.1GB]  train[vol=0.2657 surf=0.1054]  val_avg_surf_p=56.1701 *  lr=4.26e-04
    val_single_in_dist         loss=7.5763  surf[p=64.7526 Ux=0.8508 Uy=0.4096]  vol[p=94.3294 Ux=3.5680 Uy=1.4235]
    val_geom_camber_rc         loss=4.1519  surf[p=68.4333 Ux=1.1141 Uy=0.5282]  vol[p=86.6508 Ux=3.9528 Uy=1.9022]
    val_geom_camber_cruise     loss=1.1617  surf[p=35.7391 Ux=0.5582 Uy=0.2680]  vol[p=49.2492 Ux=2.4601 Uy=0.8986]
    val_re_rand                loss=4.5845  surf[p=55.7555 Ux=0.8812 Uy=0.4094]  vol[p=69.2805 Ux=3.1394 Uy=1.3703]
Epoch  58 (135s) [47.1GB]  train[vol=0.1473 surf=0.0433]  val_avg_surf_p=57.1745  lr=4.10e-04
    val_single_in_dist         loss=10.3063  surf[p=64.7312 Ux=0.7675 Uy=0.4157]  vol[p=94.3332 Ux=3.4474 Uy=1.4096]
    val_geom_camber_rc         loss=5.1193  surf[p=71.7312 Ux=1.1120 Uy=0.5591]  vol[p=89.9122 Ux=3.8690 Uy=1.9024]
    val_geom_camber_cruise     loss=1.2110  surf[p=37.0703 Ux=0.5438 Uy=0.2646]  vol[p=48.0780 Ux=2.3680 Uy=0.8889]
    val_re_rand                loss=4.4239  surf[p=55.1655 Ux=0.8234 Uy=0.4044]  vol[p=68.1516 Ux=3.0313 Uy=1.3613]
Epoch  59 (136s) [47.1GB]  train[vol=0.1582 surf=0.0510]  val_avg_surf_p=55.9508 *  lr=3.93e-04
    val_single_in_dist         loss=7.1151  surf[p=61.2502 Ux=0.8289 Uy=0.3803]  vol[p=86.6257 Ux=3.2898 Uy=1.3499]
    val_geom_camber_rc         loss=4.4814  surf[p=70.1133 Ux=1.2330 Uy=0.5276]  vol[p=87.6810 Ux=4.0082 Uy=1.8799]
    val_geom_camber_cruise     loss=1.2963  surf[p=38.3104 Ux=0.6002 Uy=0.2676]  vol[p=48.5859 Ux=2.4158 Uy=0.8895]
    val_re_rand                loss=4.1241  surf[p=54.1292 Ux=0.8955 Uy=0.3951]  vol[p=67.3815 Ux=3.0947 Uy=1.3458]
Epoch  60 (136s) [47.1GB]  train[vol=0.1470 surf=0.0459]  val_avg_surf_p=52.9590 *  lr=3.77e-04
    val_single_in_dist         loss=5.1502  surf[p=55.5820 Ux=0.6659 Uy=0.3852]  vol[p=82.1520 Ux=3.2625 Uy=1.3474]
    val_geom_camber_rc         loss=5.0310  surf[p=69.0790 Ux=1.0640 Uy=0.5423]  vol[p=86.9203 Ux=3.8245 Uy=1.8908]
    val_geom_camber_cruise     loss=1.0304  surf[p=35.0444 Ux=0.5525 Uy=0.2616]  vol[p=46.2213 Ux=2.3078 Uy=0.8765]
    val_re_rand                loss=3.3534  surf[p=52.1307 Ux=0.8191 Uy=0.3984]  vol[p=64.8665 Ux=2.9814 Uy=1.3304]
Epoch  61 (136s) [47.1GB]  train[vol=0.2061 surf=0.0716]  val_avg_surf_p=53.7509  lr=3.61e-04
    val_single_in_dist         loss=7.2755  surf[p=56.5818 Ux=0.8448 Uy=0.3924]  vol[p=83.8857 Ux=3.3610 Uy=1.3526]
    val_geom_camber_rc         loss=4.2715  surf[p=69.4674 Ux=1.3080 Uy=0.5277]  vol[p=84.4337 Ux=3.9989 Uy=1.8260]
    val_geom_camber_cruise     loss=1.2858  surf[p=36.7386 Ux=0.6187 Uy=0.2516]  vol[p=46.3360 Ux=2.3675 Uy=0.8631]
    val_re_rand                loss=3.9475  surf[p=52.2157 Ux=0.9681 Uy=0.3874]  vol[p=64.7353 Ux=3.0575 Uy=1.3091]
Epoch  62 (137s) [47.1GB]  train[vol=0.1537 surf=0.0442]  val_avg_surf_p=52.5170 *  lr=3.45e-04
    val_single_in_dist         loss=5.8685  surf[p=58.9731 Ux=0.7742 Uy=0.3963]  vol[p=91.5611 Ux=3.2902 Uy=1.3787]
    val_geom_camber_rc         loss=4.1342  surf[p=65.2216 Ux=1.0648 Uy=0.5092]  vol[p=83.5758 Ux=3.7972 Uy=1.8459]
    val_geom_camber_cruise     loss=1.0742  surf[p=33.3613 Ux=0.5182 Uy=0.2658]  vol[p=46.7280 Ux=2.2884 Uy=0.8709]
    val_re_rand                loss=4.8223  surf[p=52.5121 Ux=0.8403 Uy=0.3998]  vol[p=65.7515 Ux=2.9828 Uy=1.3274]
Epoch  63 (136s) [47.1GB]  train[vol=0.1413 surf=0.0380]  val_avg_surf_p=52.1306 *  lr=3.30e-04
    val_single_in_dist         loss=6.3926  surf[p=55.9416 Ux=0.6657 Uy=0.3530]  vol[p=85.9840 Ux=3.3012 Uy=1.3054]
    val_geom_camber_rc         loss=5.0731  surf[p=67.6359 Ux=1.0903 Uy=0.5254]  vol[p=84.0356 Ux=3.8433 Uy=1.8317]
    val_geom_camber_cruise     loss=1.0898  surf[p=33.5955 Ux=0.4658 Uy=0.2436]  vol[p=45.2209 Ux=2.2506 Uy=0.8530]
    val_re_rand                loss=3.5476  surf[p=51.3494 Ux=0.8121 Uy=0.3910]  vol[p=64.0252 Ux=2.9600 Uy=1.3099]
Epoch  64 (138s) [47.1GB]  train[vol=0.1573 surf=0.0451]  val_avg_surf_p=53.3397  lr=3.14e-04
    val_single_in_dist         loss=5.4558  surf[p=52.2796 Ux=0.6751 Uy=0.3512]  vol[p=83.2257 Ux=3.2201 Uy=1.3129]
    val_geom_camber_rc         loss=4.2896  surf[p=68.7079 Ux=1.0629 Uy=0.4973]  vol[p=86.1756 Ux=3.8016 Uy=1.8165]
    val_geom_camber_cruise     loss=1.2640  surf[p=38.5628 Ux=0.4672 Uy=0.2806]  vol[p=46.5009 Ux=2.2937 Uy=0.8957]
    val_re_rand                loss=3.9503  surf[p=53.8086 Ux=0.7845 Uy=0.3907]  vol[p=64.8080 Ux=2.9344 Uy=1.3195]
Epoch  65 (137s) [47.1GB]  train[vol=0.1569 surf=0.0451]  val_avg_surf_p=53.6554  lr=2.99e-04
    val_single_in_dist         loss=7.8749  surf[p=61.0572 Ux=0.9127 Uy=0.3713]  vol[p=86.4930 Ux=3.3480 Uy=1.3232]
    val_geom_camber_rc         loss=4.1839  surf[p=68.2975 Ux=1.0747 Uy=0.5228]  vol[p=84.3949 Ux=3.7874 Uy=1.8525]
    val_geom_camber_cruise     loss=1.0593  surf[p=33.1708 Ux=0.5463 Uy=0.2627]  vol[p=45.3750 Ux=2.3267 Uy=0.8549]
    val_re_rand                loss=4.3721  surf[p=52.0960 Ux=0.8276 Uy=0.3959]  vol[p=65.4187 Ux=2.9970 Uy=1.3258]
Epoch  66 (136s) [47.1GB]  train[vol=0.1738 surf=0.0577]  val_avg_surf_p=54.4868  lr=2.84e-04
    val_single_in_dist         loss=4.9192  surf[p=60.3432 Ux=0.7440 Uy=0.3739]  vol[p=88.2704 Ux=3.2468 Uy=1.3163]
    val_geom_camber_rc         loss=4.2227  surf[p=67.8666 Ux=1.0104 Uy=0.5174]  vol[p=83.6571 Ux=3.8069 Uy=1.8128]
    val_geom_camber_cruise     loss=1.3459  surf[p=37.1886 Ux=0.6111 Uy=0.2770]  vol[p=46.1395 Ux=2.3140 Uy=0.8771]
    val_re_rand                loss=4.4907  surf[p=52.5489 Ux=0.7903 Uy=0.3891]  vol[p=63.8200 Ux=2.9346 Uy=1.3079]
Epoch  67 (133s) [47.1GB]  train[vol=0.1668 surf=0.0638]  val_avg_surf_p=53.6439  lr=2.69e-04
    val_single_in_dist         loss=12.4453  surf[p=62.8001 Ux=0.6567 Uy=0.3785]  vol[p=84.9573 Ux=3.1086 Uy=1.2927]
    val_geom_camber_rc         loss=4.6440  surf[p=68.3426 Ux=1.0481 Uy=0.5109]  vol[p=82.7447 Ux=3.7353 Uy=1.8205]
    val_geom_camber_cruise     loss=1.1247  surf[p=33.3830 Ux=0.5087 Uy=0.2478]  vol[p=44.5500 Ux=2.2234 Uy=0.8392]
    val_re_rand                loss=3.9105  surf[p=50.0498 Ux=0.7852 Uy=0.3814]  vol[p=62.1253 Ux=2.8798 Uy=1.2908]
Epoch  68 (132s) [47.1GB]  train[vol=0.2273 surf=0.0855]  val_avg_surf_p=48.6904 *  lr=2.55e-04
    val_single_in_dist         loss=4.4851  surf[p=50.3577 Ux=0.6487 Uy=0.3539]  vol[p=80.7013 Ux=3.1462 Uy=1.2549]
    val_geom_camber_rc         loss=3.8913  surf[p=63.8820 Ux=0.9763 Uy=0.4979]  vol[p=78.2798 Ux=3.7800 Uy=1.7713]
    val_geom_camber_cruise     loss=0.9915  surf[p=31.9089 Ux=0.4883 Uy=0.2435]  vol[p=43.5584 Ux=2.2279 Uy=0.8422]
    val_re_rand                loss=3.5727  surf[p=48.6132 Ux=0.7594 Uy=0.3688]  vol[p=60.7160 Ux=2.9378 Uy=1.2669]
Epoch  69 (138s) [47.1GB]  train[vol=0.1295 surf=0.0290]  val_avg_surf_p=49.4724  lr=2.41e-04
    val_single_in_dist         loss=5.9575  surf[p=51.1054 Ux=0.6673 Uy=0.3394]  vol[p=77.9435 Ux=3.1345 Uy=1.2637]
    val_geom_camber_rc         loss=3.9242  surf[p=63.5159 Ux=0.9928 Uy=0.4961]  vol[p=81.3515 Ux=3.6576 Uy=1.7824]
    val_geom_camber_cruise     loss=1.0313  surf[p=33.2915 Ux=0.4739 Uy=0.2563]  vol[p=43.9288 Ux=2.1799 Uy=0.8352]
    val_re_rand                loss=3.8016  surf[p=49.9768 Ux=0.7519 Uy=0.3761]  vol[p=62.1582 Ux=2.8320 Uy=1.2794]
Epoch  70 (134s) [47.1GB]  train[vol=0.1941 surf=0.0646]  val_avg_surf_p=49.2713  lr=2.27e-04
    val_single_in_dist         loss=5.1291  surf[p=48.7599 Ux=0.6605 Uy=0.3398]  vol[p=80.4700 Ux=3.1687 Uy=1.2637]
    val_geom_camber_rc         loss=4.8341  surf[p=67.7375 Ux=1.0405 Uy=0.5110]  vol[p=86.9989 Ux=3.6755 Uy=1.7898]
    val_geom_camber_cruise     loss=0.9521  surf[p=30.8761 Ux=0.5524 Uy=0.2478]  vol[p=42.6430 Ux=2.2052 Uy=0.8195]
    val_re_rand                loss=3.5080  surf[p=49.7117 Ux=0.8119 Uy=0.3758]  vol[p=62.6207 Ux=2.8789 Uy=1.2628]
Epoch  71 (138s) [47.1GB]  train[vol=0.1518 surf=0.0425]  val_avg_surf_p=47.4858 *  lr=2.13e-04
    val_single_in_dist         loss=3.4830  surf[p=45.9523 Ux=0.5941 Uy=0.3421]  vol[p=77.8387 Ux=3.0999 Uy=1.2378]
    val_geom_camber_rc         loss=3.7955  surf[p=62.3168 Ux=0.9817 Uy=0.4944]  vol[p=78.1330 Ux=3.6722 Uy=1.7510]
    val_geom_camber_cruise     loss=0.9920  surf[p=31.9268 Ux=0.4544 Uy=0.2303]  vol[p=42.2069 Ux=2.1484 Uy=0.8033]
    val_re_rand                loss=4.4221  surf[p=49.7475 Ux=0.7512 Uy=0.3660]  vol[p=60.8415 Ux=2.8289 Uy=1.2458]
Epoch  72 (138s) [47.1GB]  train[vol=0.2088 surf=0.0682]  val_avg_surf_p=47.6601  lr=1.99e-04
    val_single_in_dist         loss=4.4443  surf[p=46.9279 Ux=0.6203 Uy=0.3518]  vol[p=76.4302 Ux=3.0745 Uy=1.2448]
    val_geom_camber_rc         loss=3.7360  surf[p=60.7154 Ux=0.9813 Uy=0.4838]  vol[p=77.3209 Ux=3.6413 Uy=1.7205]
    val_geom_camber_cruise     loss=1.1018  surf[p=34.5281 Ux=0.5188 Uy=0.2320]  vol[p=43.5300 Ux=2.2238 Uy=0.7991]
    val_re_rand                loss=3.6255  surf[p=48.4689 Ux=0.7593 Uy=0.3624]  vol[p=60.4800 Ux=2.8496 Uy=1.2342]
Epoch  73 (135s) [47.1GB]  train[vol=0.1696 surf=0.0521]  val_avg_surf_p=46.4688 *  lr=1.86e-04
    val_single_in_dist         loss=3.7276  surf[p=45.4877 Ux=0.5568 Uy=0.3234]  vol[p=76.4049 Ux=2.9983 Uy=1.2231]
    val_geom_camber_rc         loss=3.8938  surf[p=62.5540 Ux=0.9498 Uy=0.4883]  vol[p=78.7503 Ux=3.5955 Uy=1.7396]
    val_geom_camber_cruise     loss=0.9062  surf[p=30.3664 Ux=0.4289 Uy=0.2313]  vol[p=40.9918 Ux=2.1276 Uy=0.7985]
    val_re_rand                loss=3.3792  surf[p=47.4669 Ux=0.7120 Uy=0.3633]  vol[p=59.1856 Ux=2.7680 Uy=1.2290]
Epoch  74 (136s) [47.1GB]  train[vol=0.1558 surf=0.0552]  val_avg_surf_p=46.2853 *  lr=1.74e-04
    val_single_in_dist         loss=4.9557  surf[p=47.2493 Ux=0.5377 Uy=0.3248]  vol[p=77.6651 Ux=2.9818 Uy=1.1989]
    val_geom_camber_rc         loss=3.8723  surf[p=61.0626 Ux=0.9644 Uy=0.4849]  vol[p=77.2318 Ux=3.5712 Uy=1.7173]
    val_geom_camber_cruise     loss=0.9129  surf[p=29.9142 Ux=0.3958 Uy=0.2245]  vol[p=42.0018 Ux=2.1061 Uy=0.7811]
    val_re_rand                loss=3.6612  surf[p=46.9149 Ux=0.6942 Uy=0.3629]  vol[p=59.5209 Ux=2.7658 Uy=1.2235]
Epoch  75 (136s) [47.1GB]  train[vol=0.1234 surf=0.0367]  val_avg_surf_p=45.0678 *  lr=1.61e-04
    val_single_in_dist         loss=4.0564  surf[p=44.1765 Ux=0.5123 Uy=0.3243]  vol[p=74.8985 Ux=2.9542 Uy=1.1847]
    val_geom_camber_rc         loss=3.7992  surf[p=61.0493 Ux=0.9529 Uy=0.4862]  vol[p=76.4006 Ux=3.6061 Uy=1.7067]
    val_geom_camber_cruise     loss=0.8471  surf[p=28.2800 Ux=0.4006 Uy=0.2225]  vol[p=40.3707 Ux=2.0935 Uy=0.7776]
    val_re_rand                loss=4.0439  surf[p=46.7655 Ux=0.6981 Uy=0.3582]  vol[p=59.2206 Ux=2.7738 Uy=1.2134]
Epoch  76 (136s) [47.1GB]  train[vol=0.1249 surf=0.0353]  val_avg_surf_p=45.9701  lr=1.49e-04
    val_single_in_dist         loss=6.4283  surf[p=47.0926 Ux=0.5111 Uy=0.3249]  vol[p=75.7982 Ux=2.9990 Uy=1.2019]
    val_geom_camber_rc         loss=3.7572  surf[p=61.8888 Ux=0.9392 Uy=0.4830]  vol[p=77.3927 Ux=3.5836 Uy=1.7025]
    val_geom_camber_cruise     loss=0.8210  surf[p=27.7375 Ux=0.3884 Uy=0.2238]  vol[p=40.7283 Ux=2.0814 Uy=0.7840]
    val_re_rand                loss=3.8020  surf[p=47.1616 Ux=0.6883 Uy=0.3595]  vol[p=59.1130 Ux=2.7570 Uy=1.2167]
Epoch  77 (136s) [47.1GB]  train[vol=0.1388 surf=0.0414]  val_avg_surf_p=46.3510  lr=1.38e-04
    val_single_in_dist         loss=4.0907  surf[p=48.7259 Ux=0.5861 Uy=0.3271]  vol[p=78.8233 Ux=3.0100 Uy=1.2075]
    val_geom_camber_rc         loss=3.7011  surf[p=60.7010 Ux=0.9397 Uy=0.4706]  vol[p=78.0985 Ux=3.5412 Uy=1.7133]
    val_geom_camber_cruise     loss=0.8590  surf[p=28.2250 Ux=0.4022 Uy=0.2210]  vol[p=41.4583 Ux=2.1293 Uy=0.7889]
    val_re_rand                loss=3.8110  surf[p=47.7522 Ux=0.6977 Uy=0.3550]  vol[p=60.3415 Ux=2.7560 Uy=1.2175]
Epoch  78 (137s) [47.1GB]  train[vol=0.1542 surf=0.0492]  val_avg_surf_p=45.2077  lr=1.27e-04
    val_single_in_dist         loss=5.6893  surf[p=46.2636 Ux=0.5413 Uy=0.3215]  vol[p=74.2468 Ux=2.9647 Uy=1.1860]
    val_geom_camber_rc         loss=3.5543  surf[p=59.6171 Ux=0.9132 Uy=0.4691]  vol[p=76.4110 Ux=3.4975 Uy=1.6816]
    val_geom_camber_cruise     loss=0.8681  surf[p=28.7453 Ux=0.4083 Uy=0.2186]  vol[p=41.1463 Ux=2.0845 Uy=0.7740]
    val_re_rand                loss=3.7014  surf[p=46.2047 Ux=0.6862 Uy=0.3488]  vol[p=59.2551 Ux=2.7235 Uy=1.1953]
Epoch  79 (136s) [47.1GB]  train[vol=0.1574 surf=0.0339]  val_avg_surf_p=46.6704  lr=1.16e-04
    val_single_in_dist         loss=4.8138  surf[p=46.1118 Ux=0.5391 Uy=0.3112]  vol[p=73.6360 Ux=2.9319 Uy=1.1714]
    val_geom_camber_rc         loss=3.9528  surf[p=64.0146 Ux=0.9135 Uy=0.4781]  vol[p=78.2356 Ux=3.5339 Uy=1.7002]
    val_geom_camber_cruise     loss=0.8446  surf[p=28.9713 Ux=0.3894 Uy=0.2147]  vol[p=40.8104 Ux=2.0471 Uy=0.7639]
    val_re_rand                loss=3.5367  surf[p=47.5838 Ux=0.6727 Uy=0.3458]  vol[p=59.0109 Ux=2.7033 Uy=1.1971]
Epoch  80 (135s) [47.1GB]  train[vol=0.1415 surf=0.0305]  val_avg_surf_p=44.0350 *  lr=1.05e-04
    val_single_in_dist         loss=3.7965  surf[p=41.6378 Ux=0.5166 Uy=0.3133]  vol[p=71.8105 Ux=2.8978 Uy=1.1667]
    val_geom_camber_rc         loss=3.6746  surf[p=59.7374 Ux=0.9059 Uy=0.4636]  vol[p=75.5137 Ux=3.4798 Uy=1.6744]
    val_geom_camber_cruise     loss=0.8343  surf[p=27.7208 Ux=0.3888 Uy=0.2160]  vol[p=40.2092 Ux=2.0544 Uy=0.7642]
    val_re_rand                loss=3.7975  surf[p=47.0442 Ux=0.6866 Uy=0.3520]  vol[p=58.4902 Ux=2.6967 Uy=1.1931]
Epoch  81 (136s) [47.1GB]  train[vol=0.1711 surf=0.0495]  val_avg_surf_p=44.9523  lr=9.55e-05
    val_single_in_dist         loss=5.2450  surf[p=42.9542 Ux=0.5400 Uy=0.3108]  vol[p=72.9286 Ux=2.9303 Uy=1.1664]
    val_geom_camber_rc         loss=3.5953  surf[p=60.4618 Ux=0.9061 Uy=0.4645]  vol[p=75.8411 Ux=3.5144 Uy=1.6758]
    val_geom_camber_cruise     loss=0.8512  surf[p=28.8657 Ux=0.4510 Uy=0.2130]  vol[p=40.7569 Ux=2.0953 Uy=0.7681]
    val_re_rand                loss=3.9881  surf[p=47.5278 Ux=0.6944 Uy=0.3468]  vol[p=58.9418 Ux=2.7239 Uy=1.1913]
Epoch  82 (136s) [47.1GB]  train[vol=0.1357 surf=0.0326]  val_avg_surf_p=44.4433  lr=8.60e-05
    val_single_in_dist         loss=4.9290  surf[p=43.7123 Ux=0.5014 Uy=0.3092]  vol[p=72.2357 Ux=2.9245 Uy=1.1583]
    val_geom_camber_rc         loss=3.6972  surf[p=59.5094 Ux=0.9060 Uy=0.4688]  vol[p=75.2695 Ux=3.5296 Uy=1.6801]
    val_geom_camber_cruise     loss=0.8162  surf[p=27.3301 Ux=0.3774 Uy=0.2142]  vol[p=39.6603 Ux=2.0506 Uy=0.7646]
    val_re_rand                loss=4.1270  surf[p=47.2214 Ux=0.6677 Uy=0.3508]  vol[p=58.6586 Ux=2.7213 Uy=1.1930]
Epoch  83 (135s) [47.1GB]  train[vol=0.1006 surf=0.0174]  val_avg_surf_p=43.7686 *  lr=7.70e-05
    val_single_in_dist         loss=4.1948  surf[p=41.4858 Ux=0.5066 Uy=0.3084]  vol[p=71.9346 Ux=2.8927 Uy=1.1635]
    val_geom_camber_rc         loss=3.5752  surf[p=59.8168 Ux=0.8947 Uy=0.4623]  vol[p=75.8559 Ux=3.4766 Uy=1.6633]
    val_geom_camber_cruise     loss=0.8098  surf[p=27.6068 Ux=0.3789 Uy=0.2112]  vol[p=39.9447 Ux=2.0367 Uy=0.7617]
    val_re_rand                loss=3.9372  surf[p=46.1652 Ux=0.6588 Uy=0.3454]  vol[p=58.3402 Ux=2.6780 Uy=1.1842]
Epoch  84 (135s) [47.1GB]  train[vol=0.1623 surf=0.0577]  val_avg_surf_p=44.1084  lr=6.84e-05
    val_single_in_dist         loss=4.4205  surf[p=42.3875 Ux=0.4968 Uy=0.3065]  vol[p=70.9260 Ux=2.8714 Uy=1.1485]
    val_geom_camber_rc         loss=3.6813  surf[p=60.2860 Ux=0.9118 Uy=0.4628]  vol[p=76.1296 Ux=3.4950 Uy=1.6644]
    val_geom_camber_cruise     loss=0.7963  surf[p=27.4822 Ux=0.3972 Uy=0.2103]  vol[p=39.4055 Ux=2.0159 Uy=0.7619]
    val_re_rand                loss=4.0105  surf[p=46.2778 Ux=0.6803 Uy=0.3437]  vol[p=58.3464 Ux=2.6722 Uy=1.1845]
Epoch  85 (134s) [47.1GB]  train[vol=0.1813 surf=0.0625]  val_avg_surf_p=43.5520 *  lr=6.03e-05
    val_single_in_dist         loss=4.5424  surf[p=41.6797 Ux=0.4830 Uy=0.3041]  vol[p=71.6422 Ux=2.8633 Uy=1.1435]
    val_geom_camber_rc         loss=3.5476  surf[p=59.0982 Ux=0.8922 Uy=0.4624]  vol[p=74.6043 Ux=3.4871 Uy=1.6605]
    val_geom_camber_cruise     loss=0.8185  surf[p=27.6745 Ux=0.3743 Uy=0.2111]  vol[p=40.0497 Ux=2.0382 Uy=0.7618]
    val_re_rand                loss=3.9021  surf[p=45.7554 Ux=0.6544 Uy=0.3419]  vol[p=58.0184 Ux=2.6713 Uy=1.1787]
Epoch  86 (136s) [47.1GB]  train[vol=0.1477 surf=0.0453]  val_avg_surf_p=42.9826 *  lr=5.26e-05
    val_single_in_dist         loss=4.7780  surf[p=40.8118 Ux=0.4853 Uy=0.3032]  vol[p=70.8057 Ux=2.8480 Uy=1.1373]
    val_geom_camber_rc         loss=3.5252  surf[p=58.7251 Ux=0.8942 Uy=0.4583]  vol[p=74.5795 Ux=3.4626 Uy=1.6552]
    val_geom_camber_cruise     loss=0.7905  surf[p=26.6475 Ux=0.3739 Uy=0.2071]  vol[p=39.5367 Ux=2.0207 Uy=0.7555]
    val_re_rand                loss=3.8118  surf[p=45.7459 Ux=0.6615 Uy=0.3391]  vol[p=58.1255 Ux=2.6612 Uy=1.1736]
Epoch  87 (138s) [47.1GB]  train[vol=0.1818 surf=0.0579]  val_avg_surf_p=43.1830  lr=4.55e-05
    val_single_in_dist         loss=4.7093  surf[p=41.1152 Ux=0.4792 Uy=0.3004]  vol[p=71.3796 Ux=2.8536 Uy=1.1363]
    val_geom_camber_rc         loss=3.5684  surf[p=58.6945 Ux=0.8876 Uy=0.4572]  vol[p=75.1972 Ux=3.4807 Uy=1.6578]
    val_geom_camber_cruise     loss=0.8002  surf[p=27.1833 Ux=0.3734 Uy=0.2070]  vol[p=39.7565 Ux=2.0137 Uy=0.7567]
    val_re_rand                loss=4.0714  surf[p=45.7390 Ux=0.6585 Uy=0.3419]  vol[p=58.0635 Ux=2.6656 Uy=1.1761]
Epoch  88 (139s) [47.1GB]  train[vol=0.0956 surf=0.0171]  val_avg_surf_p=42.7300 *  lr=3.89e-05
    val_single_in_dist         loss=4.2777  surf[p=40.4471 Ux=0.4761 Uy=0.3026]  vol[p=69.9261 Ux=2.8526 Uy=1.1402]
    val_geom_camber_rc         loss=3.4458  surf[p=58.1894 Ux=0.8801 Uy=0.4527]  vol[p=74.1665 Ux=3.4444 Uy=1.6476]
    val_geom_camber_cruise     loss=0.7853  surf[p=26.6822 Ux=0.3615 Uy=0.2070]  vol[p=39.1918 Ux=2.0049 Uy=0.7551]
    val_re_rand                loss=4.0143  surf[p=45.6012 Ux=0.6475 Uy=0.3389]  vol[p=57.5692 Ux=2.6496 Uy=1.1703]
Epoch  89 (136s) [47.1GB]  train[vol=0.1498 surf=0.0400]  val_avg_surf_p=42.9689  lr=3.27e-05
    val_single_in_dist         loss=4.5212  surf[p=40.8541 Ux=0.4648 Uy=0.2980]  vol[p=70.6759 Ux=2.8337 Uy=1.1314]
    val_geom_camber_rc         loss=3.4959  surf[p=58.3475 Ux=0.8750 Uy=0.4552]  vol[p=73.9943 Ux=3.4509 Uy=1.6441]
    val_geom_camber_cruise     loss=0.7970  surf[p=27.0134 Ux=0.3631 Uy=0.2067]  vol[p=39.1963 Ux=2.0041 Uy=0.7504]
    val_re_rand                loss=3.9893  surf[p=45.6606 Ux=0.6467 Uy=0.3399]  vol[p=57.5401 Ux=2.6530 Uy=1.1689]
Epoch  90 (136s) [47.1GB]  train[vol=0.1872 surf=0.0551]  val_avg_surf_p=42.4341 *  lr=2.71e-05
    val_single_in_dist         loss=4.1176  surf[p=39.8201 Ux=0.4646 Uy=0.2972]  vol[p=70.2566 Ux=2.8450 Uy=1.1314]
    val_geom_camber_rc         loss=3.4557  surf[p=57.8470 Ux=0.8786 Uy=0.4530]  vol[p=73.5471 Ux=3.4408 Uy=1.6401]
    val_geom_camber_cruise     loss=0.7910  surf[p=26.6377 Ux=0.3617 Uy=0.2067]  vol[p=39.2111 Ux=2.0060 Uy=0.7501]
    val_re_rand                loss=3.9600  surf[p=45.4315 Ux=0.6468 Uy=0.3399]  vol[p=57.4709 Ux=2.6464 Uy=1.1664]
Epoch  91 (136s) [47.1GB]  train[vol=0.1159 surf=0.0213]  val_avg_surf_p=42.5050  lr=2.20e-05
    val_single_in_dist         loss=4.3961  surf[p=40.1683 Ux=0.4641 Uy=0.2968]  vol[p=70.1495 Ux=2.8346 Uy=1.1313]
    val_geom_camber_rc         loss=3.3970  surf[p=57.7143 Ux=0.8716 Uy=0.4513]  vol[p=73.9604 Ux=3.4395 Uy=1.6421]
    val_geom_camber_cruise     loss=0.7958  surf[p=26.7716 Ux=0.3632 Uy=0.2042]  vol[p=39.4242 Ux=2.0088 Uy=0.7492]
    val_re_rand                loss=3.9626  surf[p=45.3656 Ux=0.6436 Uy=0.3381]  vol[p=57.7641 Ux=2.6479 Uy=1.1660]
Epoch  92 (136s) [47.1GB]  train[vol=0.0979 surf=0.0178]  val_avg_surf_p=42.5858  lr=1.74e-05
    val_single_in_dist         loss=4.6119  surf[p=40.6951 Ux=0.4685 Uy=0.2951]  vol[p=69.7759 Ux=2.8447 Uy=1.1282]
    val_geom_camber_rc         loss=3.4230  surf[p=58.0018 Ux=0.8704 Uy=0.4495]  vol[p=73.8897 Ux=3.4422 Uy=1.6349]
    val_geom_camber_cruise     loss=0.7722  surf[p=26.2417 Ux=0.3590 Uy=0.2056]  vol[p=39.0274 Ux=2.0034 Uy=0.7498]
    val_re_rand                loss=3.9593  surf[p=45.4044 Ux=0.6469 Uy=0.3392]  vol[p=57.3861 Ux=2.6421 Uy=1.1639]
Epoch  93 (136s) [47.1GB]  train[vol=0.1787 surf=0.0703]  val_avg_surf_p=42.2426 *  lr=1.33e-05
    val_single_in_dist         loss=3.9511  surf[p=39.2979 Ux=0.4573 Uy=0.2945]  vol[p=69.6993 Ux=2.8299 Uy=1.1283]
    val_geom_camber_rc         loss=3.3959  surf[p=57.5798 Ux=0.8680 Uy=0.4490]  vol[p=73.3409 Ux=3.4337 Uy=1.6296]
    val_geom_camber_cruise     loss=0.7829  surf[p=26.5792 Ux=0.3577 Uy=0.2045]  vol[p=39.0230 Ux=1.9953 Uy=0.7473]
    val_re_rand                loss=3.8804  surf[p=45.5137 Ux=0.6484 Uy=0.3377]  vol[p=57.4563 Ux=2.6388 Uy=1.1606]
Epoch  94 (139s) [47.1GB]  train[vol=0.1221 surf=0.0285]  val_avg_surf_p=42.1321 *  lr=9.81e-06
    val_single_in_dist         loss=3.8678  surf[p=39.4533 Ux=0.4570 Uy=0.2938]  vol[p=69.7934 Ux=2.8270 Uy=1.1273]
    val_geom_camber_rc         loss=3.4198  surf[p=57.4992 Ux=0.8703 Uy=0.4506]  vol[p=73.3975 Ux=3.4303 Uy=1.6375]
    val_geom_camber_cruise     loss=0.7735  surf[p=26.3713 Ux=0.3572 Uy=0.2040]  vol[p=39.0615 Ux=1.9925 Uy=0.7468]
    val_re_rand                loss=3.9285  surf[p=45.2045 Ux=0.6441 Uy=0.3366]  vol[p=57.4037 Ux=2.6371 Uy=1.1621]
Epoch  95 (137s) [47.1GB]  train[vol=0.1652 surf=0.0561]  val_avg_surf_p=42.2301  lr=6.82e-06
    val_single_in_dist         loss=3.9318  surf[p=39.4553 Ux=0.4621 Uy=0.2946]  vol[p=69.5532 Ux=2.8260 Uy=1.1241]
    val_geom_camber_rc         loss=3.4363  surf[p=57.7744 Ux=0.8709 Uy=0.4517]  vol[p=73.4458 Ux=3.4301 Uy=1.6349]
    val_geom_camber_cruise     loss=0.7817  surf[p=26.4901 Ux=0.3575 Uy=0.2047]  vol[p=39.0631 Ux=1.9943 Uy=0.7460]
    val_re_rand                loss=3.9914  surf[p=45.2006 Ux=0.6430 Uy=0.3384]  vol[p=57.2953 Ux=2.6367 Uy=1.1631]
Epoch  96 (136s) [47.1GB]  train[vol=0.1815 surf=0.0609]  val_avg_surf_p=42.1181 *  lr=4.37e-06
    val_single_in_dist         loss=4.0918  surf[p=39.3104 Ux=0.4568 Uy=0.2938]  vol[p=69.4220 Ux=2.8233 Uy=1.1241]
    val_geom_camber_rc         loss=3.4275  surf[p=57.6626 Ux=0.8701 Uy=0.4511]  vol[p=73.6308 Ux=3.4270 Uy=1.6338]
    val_geom_camber_cruise     loss=0.7740  surf[p=26.3604 Ux=0.3561 Uy=0.2042]  vol[p=39.0731 Ux=1.9946 Uy=0.7455]
    val_re_rand                loss=3.9561  surf[p=45.1389 Ux=0.6424 Uy=0.3374]  vol[p=57.3578 Ux=2.6367 Uy=1.1617]
Epoch  97 (137s) [47.1GB]  train[vol=0.1315 surf=0.0340]  val_avg_surf_p=42.1438  lr=2.46e-06
    val_single_in_dist         loss=4.0314  surf[p=39.2263 Ux=0.4570 Uy=0.2943]  vol[p=69.4066 Ux=2.8248 Uy=1.1238]
    val_geom_camber_rc         loss=3.4351  surf[p=57.7155 Ux=0.8697 Uy=0.4508]  vol[p=73.6546 Ux=3.4303 Uy=1.6346]
    val_geom_camber_cruise     loss=0.7839  surf[p=26.4982 Ux=0.3574 Uy=0.2047]  vol[p=39.0832 Ux=1.9955 Uy=0.7455]
    val_re_rand                loss=3.9933  surf[p=45.1353 Ux=0.6411 Uy=0.3377]  vol[p=57.3022 Ux=2.6366 Uy=1.1613]
Epoch  98 (136s) [47.1GB]  train[vol=0.1305 surf=0.0246]  val_avg_surf_p=42.1354  lr=1.09e-06
    val_single_in_dist         loss=4.0028  surf[p=39.1912 Ux=0.4576 Uy=0.2938]  vol[p=69.5325 Ux=2.8260 Uy=1.1248]
    val_geom_camber_rc         loss=3.4219  surf[p=57.7070 Ux=0.8684 Uy=0.4508]  vol[p=73.6431 Ux=3.4295 Uy=1.6346]
    val_geom_camber_cruise     loss=0.7819  surf[p=26.5020 Ux=0.3570 Uy=0.2042]  vol[p=39.0861 Ux=1.9945 Uy=0.7452]
    val_re_rand                loss=3.9589  surf[p=45.1413 Ux=0.6416 Uy=0.3369]  vol[p=57.3199 Ux=2.6360 Uy=1.1606]
Epoch  99 (137s) [47.1GB]  train[vol=0.1031 surf=0.0169]  val_avg_surf_p=42.0909 *  lr=2.73e-07
    val_single_in_dist         loss=4.0250  surf[p=39.2080 Ux=0.4575 Uy=0.2936]  vol[p=69.5029 Ux=2.8253 Uy=1.1245]
    val_geom_camber_rc         loss=3.4152  surf[p=57.6377 Ux=0.8680 Uy=0.4502]  vol[p=73.5802 Ux=3.4291 Uy=1.6339]
    val_geom_camber_cruise     loss=0.7793  surf[p=26.4230 Ux=0.3566 Uy=0.2040]  vol[p=39.0558 Ux=1.9939 Uy=0.7451]
    val_re_rand                loss=3.9617  surf[p=45.0951 Ux=0.6412 Uy=0.3368]  vol[p=57.2869 Ux=2.6356 Uy=1.1604]
Epoch 100 (137s) [47.1GB]  train[vol=0.1865 surf=0.0547]  val_avg_surf_p=42.0936  lr=0.00e+00
    val_single_in_dist         loss=4.0279  surf[p=39.2154 Ux=0.4573 Uy=0.2936]  vol[p=69.5023 Ux=2.8251 Uy=1.1244]
    val_geom_camber_rc         loss=3.4155  surf[p=57.6389 Ux=0.8681 Uy=0.4501]  vol[p=73.5824 Ux=3.4287 Uy=1.6338]
    val_geom_camber_cruise     loss=0.7791  surf[p=26.4179 Ux=0.3565 Uy=0.2040]  vol[p=39.0590 Ux=1.9938 Uy=0.7451]
    val_re_rand                loss=3.9632  surf[p=45.1024 Ux=0.6413 Uy=0.3368]  vol[p=57.2906 Ux=2.6356 Uy=1.1604]

Training done in 226.9 min

Best val: epoch 99, val_avg/mae_surf_p = 42.0909

Evaluating on held-out test splits...
Test: test_single_in_dist: 200, test_geom_camber_rc: 200, test_geom_camber_cruise: 200, test_re_rand: 200
wandb: uploading artifact model-mlintern-pai2-24h-v2-r1-wc-lr1e3-sw50-100ep-seed3-z8j45oth
wandb: uploading history steps 37600-37600, summary, console lines 507-514
wandb: 
wandb: Run history:
wandb:                                    epoch ▁▁▁▁▂▂▂▂▃▃▃▃▃▄▄▄▄▄▅▅▅▅▅▅▅▆▆▆▆▇▇▇▇▇▇▇▇███
wandb:                             epoch_time_s ▄▅▅▆▃▆▅▅▆▆▅▄▆▅▇▄█▅▅▆▆▆▆▅▅▂▁█▄▅▅▃▇█▅▅█▆▆▇
wandb:                              global_step ▁▁▁▁▁▂▂▂▂▃▃▃▃▃▃▄▄▄▄▄▄▅▅▅▅▅▅▅▆▆▇▇▇▇██████
wandb:                                       lr ▄█████▇▇▇▇▇▆▆▆▆▆▅▅▅▄▄▄▄▄▄▃▃▃▃▂▂▂▂▂▂▁▁▁▁▁
wandb:        test/test_geom_camber_cruise/loss ▁
wandb: test/test_geom_camber_cruise/mae_surf_Ux ▁
wandb: test/test_geom_camber_cruise/mae_surf_Uy ▁
wandb:  test/test_geom_camber_cruise/mae_surf_p ▁
wandb:  test/test_geom_camber_cruise/mae_vol_Ux ▁
wandb:  test/test_geom_camber_cruise/mae_vol_Uy ▁
wandb:                                      +82 ...
wandb: 
wandb: Run summary:
wandb:                               best_epoch 99
wandb:                  best_val_avg/mae_surf_p 42.09092
wandb:                                    epoch 100
wandb:                             epoch_time_s 137.44618
wandb:                              global_step 37500
wandb:                                       lr 0
wandb:        test/test_geom_camber_cruise/loss 17.44568
wandb: test/test_geom_camber_cruise/mae_surf_Ux 0.32818
wandb: test/test_geom_camber_cruise/mae_surf_Uy 0.18387
wandb:  test/test_geom_camber_cruise/mae_surf_p 20.90556
wandb:                                      +85 ...
wandb: 
wandb: 🚀 View run mlintern-pai2-24h-v2-r1/wc-lr1e3-sw50-100ep-seed3 at: https://wandb.ai/wandb-applied-ai-team/senpai-v1-ml-intern/runs/z8j45oth
wandb: ⭐️ View project at: https://wandb.ai/wandb-applied-ai-team/senpai-v1-ml-intern
wandb: Synced 7 W&B file(s), 0 media file(s), 3 artifact file(s) and 0 other file(s)
wandb: Find logs at: ./wandb/run-20260429_235605-z8j45oth/logs

  TEST  avg_surf_p=36.1642
    test_single_in_dist        loss=4.3718  surf[p=37.5697 Ux=0.4907 Uy=0.2880]  vol[p=66.5413 Ux=2.6461 Uy=1.0959]
    test_geom_camber_rc        loss=3.0395  surf[p=50.9683 Ux=0.8503 Uy=0.4228]  vol[p=69.0127 Ux=3.3353 Uy=1.5340]
    test_geom_camber_cruise    loss=17.4457  surf[p=20.9056 Ux=0.3282 Uy=0.1839]  vol[p=33.2863 Ux=1.8667 Uy=0.6786]
    test_re_rand               loss=1.5969  surf[p=35.2133 Ux=0.5306 Uy=0.2879]  vol[p=49.3302 Ux=2.4568 Uy=1.0311]

Logged model artifact 'model-mlintern-pai2-24h-v2-r1-wc-lr1e3-sw50-100ep-seed3-z8j45oth' (aliases: best, epoch-99)
