wandb: [wandb.login()] Loaded credentials for https://api.wandb.ai from WANDB_API_KEY.
wandb: W&B API key is configured. Use `wandb login --relogin` to force relogin
wandb: setting up run nhj06b8t
wandb: Tracking run with wandb version 0.25.1
wandb: Run data is saved locally in /workspace/ml-intern-benchmark/target/wandb/run-20260429_194550-nhj06b8t
wandb: Run `wandb offline` to turn off syncing.
wandb: Syncing run mlintern-pai2-24h-v2-r1/wc-lr1e3-sw50-100ep-seed0
wandb: ⭐️ View project at https://wandb.ai/wandb-applied-ai-team/senpai-v1-ml-intern
wandb: 🚀 View run at https://wandb.ai/wandb-applied-ai-team/senpai-v1-ml-intern/runs/nhj06b8t
Device: cuda
Train: 1499, val_single_in_dist: 100, val_geom_camber_rc: 100, val_geom_camber_cruise: 100, val_re_rand: 100
Model: Transolver (0.66M params)
Epoch   1 (140s) [46.6GB]  train[vol=2.2970 surf=1.4548]  val_avg_surf_p=239.7191 *  lr=2.01e-04
    val_single_in_dist         loss=91.8432  surf[p=297.1613 Ux=4.9120 Uy=1.5345]  vol[p=283.8142 Ux=13.2266 Uy=5.1771]
    val_geom_camber_rc         loss=51.4305  surf[p=276.9480 Ux=7.6764 Uy=2.0332]  vol[p=306.4799 Ux=12.7580 Uy=5.4714]
    val_geom_camber_cruise     loss=20.7110  surf[p=181.3006 Ux=3.9182 Uy=1.2832]  vol[p=180.5797 Ux=8.9196 Uy=3.5649]
    val_re_rand                loss=29.9797  surf[p=203.4664 Ux=5.2227 Uy=1.4805]  vol[p=206.6451 Ux=9.9269 Uy=4.1444]
Epoch   2 (134s) [47.1GB]  train[vol=1.6064 surf=0.6879]  val_avg_surf_p=270.4553  lr=4.01e-04
    val_single_in_dist         loss=93.1611  surf[p=365.8178 Ux=4.6493 Uy=1.9127]  vol[p=371.0080 Ux=13.0074 Uy=5.1097]
    val_geom_camber_rc         loss=34.4987  surf[p=262.3735 Ux=4.7629 Uy=1.7080]  vol[p=264.3584 Ux=12.5821 Uy=5.0919]
    val_geom_camber_cruise     loss=17.6550  surf[p=214.1780 Ux=3.4636 Uy=1.2735]  vol[p=230.4425 Ux=9.6808 Uy=3.3801]
    val_re_rand                loss=26.3939  surf[p=239.4519 Ux=4.0197 Uy=1.4663]  vol[p=243.9211 Ux=10.5285 Uy=3.9752]
Epoch   3 (136s) [47.1GB]  train[vol=1.5745 surf=0.6921]  val_avg_surf_p=263.2472  lr=6.00e-04
    val_single_in_dist         loss=63.1188  surf[p=280.0582 Ux=4.4348 Uy=1.4122]  vol[p=385.8493 Ux=13.5354 Uy=4.7954]
    val_geom_camber_rc         loss=80.3452  surf[p=384.1962 Ux=7.6567 Uy=2.2258]  vol[p=311.9998 Ux=12.3265 Uy=5.4622]
    val_geom_camber_cruise     loss=15.8579  surf[p=153.8491 Ux=3.9663 Uy=1.0986]  vol[p=182.5639 Ux=9.4990 Uy=3.0930]
    val_re_rand                loss=41.1489  surf[p=234.8851 Ux=5.4864 Uy=1.4851]  vol[p=205.3296 Ux=9.9684 Uy=3.8861]
Epoch   4 (138s) [47.1GB]  train[vol=1.4548 surf=0.5882]  val_avg_surf_p=203.5079 *  lr=8.00e-04
    val_single_in_dist         loss=59.1410  surf[p=265.3457 Ux=3.5285 Uy=1.0887]  vol[p=264.4533 Ux=11.6976 Uy=4.3439]
    val_geom_camber_rc         loss=28.7161  surf[p=218.9865 Ux=4.0113 Uy=1.3571]  vol[p=232.4321 Ux=10.8111 Uy=4.5939]
    val_geom_camber_cruise     loss=10.2354  surf[p=156.0351 Ux=1.9543 Uy=0.8002]  vol[p=179.3414 Ux=8.5600 Uy=2.7594]
    val_re_rand                loss=17.9411  surf[p=173.6642 Ux=2.7844 Uy=1.0408]  vol[p=189.0494 Ux=9.0454 Uy=3.4105]
Epoch   5 (136s) [47.1GB]  train[vol=1.2662 surf=0.4888]  val_avg_surf_p=166.8575 *  lr=1.00e-03
    val_single_in_dist         loss=52.1894  surf[p=216.7988 Ux=2.8211 Uy=1.2181]  vol[p=258.8747 Ux=11.0524 Uy=4.2262]
    val_geom_camber_rc         loss=24.9107  surf[p=179.5937 Ux=3.9425 Uy=1.4600]  vol[p=194.1556 Ux=10.3860 Uy=4.6147]
    val_geom_camber_cruise     loss=9.7163  surf[p=125.0178 Ux=2.1965 Uy=0.8813]  vol[p=134.5964 Ux=7.5718 Uy=2.5239]
    val_re_rand                loss=15.7849  surf[p=146.0197 Ux=2.8844 Uy=1.1373]  vol[p=155.7906 Ux=8.7801 Uy=3.3023]
Epoch   6 (137s) [47.1GB]  train[vol=1.1179 surf=0.4374]  val_avg_surf_p=170.6765  lr=1.00e-03
    val_single_in_dist         loss=44.0208  surf[p=217.8542 Ux=2.9265 Uy=1.1463]  vol[p=256.3852 Ux=10.3703 Uy=3.9236]
    val_geom_camber_rc         loss=23.2515  surf[p=173.4416 Ux=3.6087 Uy=1.3264]  vol[p=203.7629 Ux=10.2702 Uy=4.1291]
    val_geom_camber_cruise     loss=11.5812  surf[p=142.3630 Ux=2.4817 Uy=0.7492]  vol[p=161.2911 Ux=7.9242 Uy=2.5173]
    val_re_rand                loss=16.2578  surf[p=149.0473 Ux=3.0942 Uy=1.0425]  vol[p=169.5333 Ux=8.9279 Uy=3.1134]
Epoch   7 (136s) [47.1GB]  train[vol=0.9527 surf=0.3942]  val_avg_surf_p=178.7038  lr=9.99e-04
    val_single_in_dist         loss=36.1394  surf[p=220.3212 Ux=2.3211 Uy=1.0146]  vol[p=246.9252 Ux=9.3360 Uy=3.6153]
    val_geom_camber_rc         loss=27.7682  surf[p=206.5442 Ux=3.3895 Uy=1.2604]  vol[p=228.9560 Ux=9.1653 Uy=4.0143]
    val_geom_camber_cruise     loss=8.9308  surf[p=127.5672 Ux=2.2281 Uy=0.7514]  vol[p=141.1028 Ux=6.8420 Uy=2.3812]
    val_re_rand                loss=17.6990  surf[p=160.3827 Ux=2.8125 Uy=1.0071]  vol[p=170.2087 Ux=7.7915 Uy=3.0284]
Epoch   8 (136s) [47.1GB]  train[vol=0.8881 surf=0.3897]  val_avg_surf_p=160.0681 *  lr=9.98e-04
    val_single_in_dist         loss=30.6415  surf[p=183.9417 Ux=2.4772 Uy=1.0563]  vol[p=209.0663 Ux=8.9431 Uy=3.3602]
    val_geom_camber_rc         loss=20.8450  surf[p=173.2013 Ux=3.4187 Uy=1.1799]  vol[p=178.5282 Ux=8.7174 Uy=3.6688]
    val_geom_camber_cruise     loss=12.4542  surf[p=142.2501 Ux=2.0804 Uy=0.7849]  vol[p=134.4914 Ux=6.2041 Uy=2.2886]
    val_re_rand                loss=14.6067  surf[p=140.8793 Ux=2.5821 Uy=0.9483]  vol[p=142.7402 Ux=7.0567 Uy=2.7779]
Epoch   9 (138s) [47.1GB]  train[vol=0.7592 surf=0.3324]  val_avg_surf_p=149.7131 *  lr=9.96e-04
    val_single_in_dist         loss=40.5663  surf[p=194.0173 Ux=2.8403 Uy=1.0642]  vol[p=208.4215 Ux=8.3528 Uy=3.4519]
    val_geom_camber_rc         loss=21.5714  surf[p=161.0828 Ux=3.1558 Uy=1.3076]  vol[p=171.0753 Ux=8.4143 Uy=3.9753]
    val_geom_camber_cruise     loss=8.1756  surf[p=113.5217 Ux=2.4974 Uy=0.6892]  vol[p=133.6819 Ux=6.1435 Uy=2.1627]
    val_re_rand                loss=13.1421  surf[p=130.2304 Ux=2.7857 Uy=0.9146]  vol[p=138.6365 Ux=7.1412 Uy=2.8229]
Epoch  10 (137s) [47.1GB]  train[vol=0.7388 surf=0.3077]  val_avg_surf_p=130.8149 *  lr=9.93e-04
    val_single_in_dist         loss=30.7011  surf[p=157.0479 Ux=3.5701 Uy=0.9435]  vol[p=206.3248 Ux=9.4787 Uy=3.2140]
    val_geom_camber_rc         loss=21.9239  surf[p=149.0371 Ux=3.2494 Uy=1.1875]  vol[p=163.9710 Ux=8.0601 Uy=3.5872]
    val_geom_camber_cruise     loss=7.2721  surf[p=98.4944 Ux=2.0033 Uy=0.6432]  vol[p=116.1422 Ux=5.9844 Uy=1.8348]
    val_re_rand                loss=13.3866  surf[p=118.6801 Ux=2.6991 Uy=0.8999]  vol[p=128.1870 Ux=6.9393 Uy=2.5384]
Epoch  11 (135s) [47.1GB]  train[vol=0.6973 surf=0.3006]  val_avg_surf_p=137.4673  lr=9.90e-04
    val_single_in_dist         loss=26.8928  surf[p=164.8941 Ux=2.5257 Uy=0.8943]  vol[p=192.7435 Ux=8.2318 Uy=2.7937]
    val_geom_camber_rc         loss=17.6756  surf[p=163.7152 Ux=2.7749 Uy=1.1593]  vol[p=174.3783 Ux=7.9064 Uy=3.4103]
    val_geom_camber_cruise     loss=5.6344  surf[p=99.5052 Ux=1.3459 Uy=0.6381]  vol[p=116.4339 Ux=5.0006 Uy=1.9772]
    val_re_rand                loss=10.5991  surf[p=121.7546 Ux=1.9744 Uy=0.8755]  vol[p=129.7051 Ux=6.0824 Uy=2.5226]
Epoch  12 (137s) [47.1GB]  train[vol=0.5763 surf=0.2416]  val_avg_surf_p=141.9752  lr=9.87e-04
    val_single_in_dist         loss=24.0704  surf[p=184.4618 Ux=2.7296 Uy=0.8404]  vol[p=185.7488 Ux=7.9555 Uy=2.8160]
    val_geom_camber_rc         loss=15.9892  surf[p=143.1625 Ux=2.7960 Uy=1.0811]  vol[p=175.8565 Ux=7.1503 Uy=3.4620]
    val_geom_camber_cruise     loss=7.1353  surf[p=109.9760 Ux=2.3022 Uy=0.5611]  vol[p=99.8114 Ux=5.1627 Uy=1.7914]
    val_re_rand                loss=12.5594  surf[p=130.3005 Ux=2.5440 Uy=0.8309]  vol[p=137.0021 Ux=5.9116 Uy=2.4465]
Epoch  13 (136s) [47.1GB]  train[vol=0.5742 surf=0.2589]  val_avg_surf_p=115.0315 *  lr=9.83e-04
    val_single_in_dist         loss=23.2281  surf[p=149.7539 Ux=2.4881 Uy=0.8226]  vol[p=177.1695 Ux=7.0912 Uy=2.5691]
    val_geom_camber_rc         loss=14.2353  surf[p=124.1063 Ux=2.4241 Uy=1.1128]  vol[p=145.7588 Ux=6.7541 Uy=3.3375]
    val_geom_camber_cruise     loss=4.2665  surf[p=79.6110 Ux=1.1912 Uy=0.6025]  vol[p=96.8649 Ux=4.2438 Uy=1.8809]
    val_re_rand                loss=9.9762  surf[p=106.6548 Ux=1.8756 Uy=0.8742]  vol[p=116.3084 Ux=5.3720 Uy=2.4413]
Epoch  14 (135s) [47.1GB]  train[vol=0.6139 surf=0.3122]  val_avg_surf_p=126.6710  lr=9.78e-04
    val_single_in_dist         loss=26.2111  surf[p=170.1545 Ux=2.6163 Uy=0.7955]  vol[p=180.4869 Ux=7.5466 Uy=2.6557]
    val_geom_camber_rc         loss=17.9285  surf[p=151.0349 Ux=2.8209 Uy=1.0276]  vol[p=147.6859 Ux=6.9038 Uy=3.2800]
    val_geom_camber_cruise     loss=4.7598  surf[p=81.2839 Ux=1.4909 Uy=0.6068]  vol[p=102.3792 Ux=5.0436 Uy=1.7707]
    val_re_rand                loss=9.5408  surf[p=104.2105 Ux=1.8827 Uy=0.7853]  vol[p=121.3141 Ux=5.4857 Uy=2.3456]
Epoch  15 (136s) [47.1GB]  train[vol=0.5231 surf=0.2337]  val_avg_surf_p=134.1192  lr=9.73e-04
    val_single_in_dist         loss=24.6266  surf[p=148.7147 Ux=1.9610 Uy=0.8299]  vol[p=161.2574 Ux=6.4160 Uy=2.6899]
    val_geom_camber_rc         loss=24.0744  surf[p=194.5854 Ux=3.5083 Uy=1.0395]  vol[p=184.7501 Ux=7.3971 Uy=3.3823]
    val_geom_camber_cruise     loss=4.2575  surf[p=79.2645 Ux=1.0989 Uy=0.6136]  vol[p=95.8435 Ux=4.1412 Uy=1.6794]
    val_re_rand                loss=11.2093  surf[p=113.9122 Ux=1.9109 Uy=0.7792]  vol[p=116.4192 Ux=5.2597 Uy=2.3494]
Epoch  16 (137s) [47.1GB]  train[vol=0.4745 surf=0.2082]  val_avg_surf_p=144.4543  lr=9.67e-04
    val_single_in_dist         loss=18.3439  surf[p=160.6230 Ux=1.6679 Uy=0.7420]  vol[p=181.5213 Ux=6.1708 Uy=2.4147]
    val_geom_camber_rc         loss=15.3411  surf[p=156.9466 Ux=2.4086 Uy=0.9453]  vol[p=174.6853 Ux=6.5145 Uy=3.1444]
    val_geom_camber_cruise     loss=6.6903  surf[p=110.7025 Ux=1.2639 Uy=0.5967]  vol[p=118.0110 Ux=4.2154 Uy=1.6688]
    val_re_rand                loss=15.9321  surf[p=149.5452 Ux=1.9840 Uy=0.7817]  vol[p=150.9227 Ux=5.4140 Uy=2.2914]
Epoch  17 (133s) [47.1GB]  train[vol=0.4910 surf=0.2152]  val_avg_surf_p=112.2120 *  lr=9.61e-04
    val_single_in_dist         loss=15.8317  surf[p=127.0632 Ux=1.4894 Uy=0.7296]  vol[p=147.9392 Ux=6.3626 Uy=2.4174]
    val_geom_camber_rc         loss=14.4246  surf[p=135.0138 Ux=2.2956 Uy=0.9159]  vol[p=142.4199 Ux=6.5440 Uy=3.0687]
    val_geom_camber_cruise     loss=4.3648  surf[p=83.8169 Ux=1.3449 Uy=0.5252]  vol[p=95.7481 Ux=5.0192 Uy=1.7112]
    val_re_rand                loss=9.6120  surf[p=102.9539 Ux=1.7625 Uy=0.6928]  vol[p=111.6054 Ux=5.5746 Uy=2.2799]
Epoch  18 (137s) [47.1GB]  train[vol=0.4304 surf=0.1951]  val_avg_surf_p=113.8262  lr=9.55e-04
    val_single_in_dist         loss=26.0905  surf[p=141.0344 Ux=1.6257 Uy=0.8793]  vol[p=158.3679 Ux=6.1604 Uy=2.7752]
    val_geom_camber_rc         loss=13.6486  surf[p=131.2781 Ux=2.1674 Uy=1.0371]  vol[p=142.6419 Ux=6.3351 Uy=3.1447]
    val_geom_camber_cruise     loss=5.1771  surf[p=84.0948 Ux=1.7461 Uy=0.6588]  vol[p=91.8904 Ux=4.6852 Uy=1.8372]
    val_re_rand                loss=8.4844  surf[p=98.8975 Ux=1.9890 Uy=0.7825]  vol[p=108.6908 Ux=5.4161 Uy=2.3259]
Epoch  19 (135s) [47.1GB]  train[vol=0.3897 surf=0.1566]  val_avg_surf_p=112.0675 *  lr=9.47e-04
    val_single_in_dist         loss=23.8697  surf[p=136.3059 Ux=1.4606 Uy=0.8090]  vol[p=167.1334 Ux=5.6070 Uy=2.6155]
    val_geom_camber_rc         loss=12.5883  surf[p=120.7789 Ux=2.2375 Uy=0.9656]  vol[p=151.2883 Ux=6.1425 Uy=3.3556]
    val_geom_camber_cruise     loss=5.8661  surf[p=88.2519 Ux=1.2030 Uy=0.6225]  vol[p=100.7285 Ux=4.4274 Uy=1.5948]
    val_re_rand                loss=9.8753  surf[p=102.9332 Ux=1.7273 Uy=0.7231]  vol[p=117.5475 Ux=5.1144 Uy=2.2429]
Epoch  20 (136s) [47.1GB]  train[vol=0.4051 surf=0.1884]  val_avg_surf_p=103.2174 *  lr=9.40e-04
    val_single_in_dist         loss=13.8941  surf[p=129.9211 Ux=1.7071 Uy=0.6809]  vol[p=144.2878 Ux=5.3469 Uy=2.2005]
    val_geom_camber_rc         loss=12.5977  surf[p=115.4289 Ux=2.1679 Uy=0.9001]  vol[p=140.6062 Ux=5.8594 Uy=3.0860]
    val_geom_camber_cruise     loss=3.4794  surf[p=73.8742 Ux=1.2174 Uy=0.5231]  vol[p=91.3131 Ux=4.0657 Uy=1.4178]
    val_re_rand                loss=8.1668  surf[p=93.6455 Ux=1.6768 Uy=0.6915]  vol[p=109.7023 Ux=4.7186 Uy=2.0898]
Epoch  21 (138s) [47.1GB]  train[vol=0.4239 surf=0.2048]  val_avg_surf_p=103.8585  lr=9.32e-04
    val_single_in_dist         loss=17.6668  surf[p=126.9815 Ux=1.6346 Uy=0.7270]  vol[p=154.1354 Ux=5.2047 Uy=2.1821]
    val_geom_camber_rc         loss=10.2819  surf[p=108.4457 Ux=2.0021 Uy=0.8947]  vol[p=133.4907 Ux=5.7934 Uy=2.9989]
    val_geom_camber_cruise     loss=4.5490  surf[p=83.6904 Ux=1.5171 Uy=0.6047]  vol[p=95.6792 Ux=4.3874 Uy=1.6041]
    val_re_rand                loss=8.1509  surf[p=96.3164 Ux=1.7259 Uy=0.7218]  vol[p=109.4746 Ux=4.8379 Uy=2.1643]
Epoch  22 (137s) [47.1GB]  train[vol=0.3726 surf=0.1788]  val_avg_surf_p=93.6891 *  lr=9.23e-04
    val_single_in_dist         loss=12.8353  surf[p=104.0198 Ux=1.5314 Uy=0.5886]  vol[p=135.2966 Ux=5.1036 Uy=2.1260]
    val_geom_camber_rc         loss=11.0227  surf[p=116.2372 Ux=2.1577 Uy=0.8469]  vol[p=140.0229 Ux=5.7595 Uy=2.8373]
    val_geom_camber_cruise     loss=2.8581  surf[p=63.5597 Ux=1.1986 Uy=0.4203]  vol[p=79.8717 Ux=3.8002 Uy=1.3360]
    val_re_rand                loss=7.5117  surf[p=90.9398 Ux=1.6071 Uy=0.6168]  vol[p=104.8912 Ux=4.6051 Uy=1.9973]
Epoch  23 (135s) [47.1GB]  train[vol=0.4741 surf=0.2088]  val_avg_surf_p=108.0563  lr=9.14e-04
    val_single_in_dist         loss=19.0279  surf[p=148.7492 Ux=1.8111 Uy=0.7711]  vol[p=175.4903 Ux=5.4896 Uy=2.2892]
    val_geom_camber_rc         loss=11.2741  surf[p=119.5706 Ux=1.9536 Uy=0.8020]  vol[p=146.8916 Ux=5.5084 Uy=2.8784]
    val_geom_camber_cruise     loss=3.4227  surf[p=67.2044 Ux=1.4273 Uy=0.4867]  vol[p=82.0413 Ux=4.1847 Uy=1.3534]
    val_re_rand                loss=9.1905  surf[p=96.7010 Ux=1.6884 Uy=0.6616]  vol[p=110.3821 Ux=4.7634 Uy=2.0153]
Epoch  24 (137s) [47.1GB]  train[vol=0.3321 surf=0.1400]  val_avg_surf_p=101.1557  lr=9.05e-04
    val_single_in_dist         loss=15.1715  surf[p=113.9047 Ux=1.6089 Uy=0.7808]  vol[p=142.5604 Ux=5.5184 Uy=2.2224]
    val_geom_camber_rc         loss=12.0983  surf[p=131.9239 Ux=2.1587 Uy=0.8895]  vol[p=143.2719 Ux=6.0183 Uy=2.8896]
    val_geom_camber_cruise     loss=3.6135  surf[p=66.3762 Ux=1.9027 Uy=0.5253]  vol[p=81.2906 Ux=4.5167 Uy=1.3296]
    val_re_rand                loss=8.6522  surf[p=92.4182 Ux=2.1376 Uy=0.6674]  vol[p=102.7783 Ux=5.2557 Uy=1.9564]
Epoch  25 (137s) [47.1GB]  train[vol=0.4068 surf=0.2001]  val_avg_surf_p=100.8137  lr=8.95e-04
    val_single_in_dist         loss=14.8905  surf[p=126.9177 Ux=1.9109 Uy=0.6009]  vol[p=139.7760 Ux=5.1911 Uy=1.9931]
    val_geom_camber_rc         loss=11.7222  surf[p=112.4042 Ux=2.0413 Uy=0.8694]  vol[p=140.2201 Ux=5.1975 Uy=2.7184]
    val_geom_camber_cruise     loss=3.6552  surf[p=73.0677 Ux=1.0278 Uy=0.4228]  vol[p=84.8536 Ux=3.8322 Uy=1.3476]
    val_re_rand                loss=7.9994  surf[p=90.8651 Ux=1.4560 Uy=0.6312]  vol[p=104.2614 Ux=4.2933 Uy=1.9417]
Epoch  26 (135s) [47.1GB]  train[vol=0.2863 surf=0.1079]  val_avg_surf_p=88.1833 *  lr=8.84e-04
    val_single_in_dist         loss=14.6096  surf[p=109.8870 Ux=1.7358 Uy=0.6559]  vol[p=139.6675 Ux=5.1400 Uy=2.0487]
    val_geom_camber_rc         loss=8.0534  surf[p=96.7270 Ux=2.0985 Uy=0.7374]  vol[p=119.9360 Ux=5.0633 Uy=2.6907]
    val_geom_camber_cruise     loss=3.1705  surf[p=65.0930 Ux=1.3860 Uy=0.4348]  vol[p=76.2734 Ux=3.5656 Uy=1.2833]
    val_re_rand                loss=7.2202  surf[p=81.0261 Ux=1.6950 Uy=0.5701]  vol[p=94.3732 Ux=4.1634 Uy=1.8661]
Epoch  27 (135s) [47.1GB]  train[vol=0.3486 surf=0.1482]  val_avg_surf_p=94.5331  lr=8.73e-04
    val_single_in_dist         loss=15.6622  surf[p=113.8386 Ux=1.6167 Uy=0.6178]  vol[p=131.9076 Ux=4.5937 Uy=2.0393]
    val_geom_camber_rc         loss=10.4175  surf[p=117.7719 Ux=1.8734 Uy=0.7976]  vol[p=136.1890 Ux=5.2720 Uy=2.9140]
    val_geom_camber_cruise     loss=2.5737  surf[p=56.6843 Ux=0.9760 Uy=0.4087]  vol[p=71.5819 Ux=3.3629 Uy=1.3169]
    val_re_rand                loss=9.1488  surf[p=89.8377 Ux=1.4731 Uy=0.6008]  vol[p=99.5335 Ux=4.2649 Uy=1.9638]
Epoch  28 (134s) [47.1GB]  train[vol=0.3474 surf=0.1486]  val_avg_surf_p=90.8797  lr=8.62e-04
    val_single_in_dist         loss=15.7020  surf[p=116.0418 Ux=1.2634 Uy=0.6589]  vol[p=134.0324 Ux=4.4542 Uy=1.9767]
    val_geom_camber_rc         loss=8.1499  surf[p=99.8200 Ux=1.7910 Uy=0.7848]  vol[p=124.1173 Ux=5.1600 Uy=2.6365]
    val_geom_camber_cruise     loss=2.5094  surf[p=62.9958 Ux=0.9937 Uy=0.4054]  vol[p=71.3942 Ux=3.4406 Uy=1.2692]
    val_re_rand                loss=7.9375  surf[p=84.6613 Ux=1.4392 Uy=0.5887]  vol[p=96.2551 Ux=4.2195 Uy=1.8451]
Epoch  29 (135s) [47.1GB]  train[vol=0.3207 surf=0.1392]  val_avg_surf_p=79.8408 *  lr=8.51e-04
    val_single_in_dist         loss=12.0675  surf[p=91.0936 Ux=1.0995 Uy=0.6565]  vol[p=123.0828 Ux=4.2901 Uy=1.9263]
    val_geom_camber_rc         loss=7.2824  surf[p=94.7949 Ux=1.7609 Uy=0.8108]  vol[p=120.4503 Ux=4.8333 Uy=2.5127]
    val_geom_camber_cruise     loss=2.4957  surf[p=55.2997 Ux=0.9204 Uy=0.4928]  vol[p=70.3418 Ux=3.0921 Uy=1.2282]
    val_re_rand                loss=6.8798  surf[p=78.1749 Ux=1.3481 Uy=0.6470]  vol[p=93.6681 Ux=3.8632 Uy=1.8276]
Epoch  30 (135s) [47.1GB]  train[vol=0.2970 surf=0.1320]  val_avg_surf_p=90.9859  lr=8.39e-04
    val_single_in_dist         loss=14.6221  surf[p=110.8726 Ux=1.2509 Uy=0.5970]  vol[p=127.5839 Ux=4.5358 Uy=1.9974]
    val_geom_camber_rc         loss=10.4331  surf[p=115.6756 Ux=1.7498 Uy=0.8325]  vol[p=127.9425 Ux=5.2148 Uy=2.6537]
    val_geom_camber_cruise     loss=2.3411  surf[p=54.5329 Ux=0.8333 Uy=0.3697]  vol[p=74.3871 Ux=3.3463 Uy=1.2313]
    val_re_rand                loss=8.4242  surf[p=82.8626 Ux=1.3382 Uy=0.5687]  vol[p=97.4160 Ux=4.2454 Uy=1.8491]
Epoch  31 (138s) [47.1GB]  train[vol=0.2577 surf=0.1063]  val_avg_surf_p=79.8768  lr=8.26e-04
    val_single_in_dist         loss=9.7468  surf[p=91.5327 Ux=1.3098 Uy=0.5494]  vol[p=123.2764 Ux=4.6253 Uy=1.8763]
    val_geom_camber_rc         loss=7.8564  surf[p=95.4495 Ux=1.8196 Uy=0.7084]  vol[p=116.4936 Ux=5.2504 Uy=2.5121]
    val_geom_camber_cruise     loss=2.2833  surf[p=55.0361 Ux=0.7880 Uy=0.3683]  vol[p=67.2153 Ux=3.1237 Uy=1.1588]
    val_re_rand                loss=8.2948  surf[p=77.4888 Ux=1.2624 Uy=0.5597]  vol[p=89.0687 Ux=3.9394 Uy=1.7644]
Epoch  32 (136s) [47.1GB]  train[vol=0.2617 surf=0.1114]  val_avg_surf_p=86.7735  lr=8.14e-04
    val_single_in_dist         loss=12.2317  surf[p=105.3182 Ux=1.0620 Uy=0.5602]  vol[p=133.5167 Ux=4.4043 Uy=1.8193]
    val_geom_camber_rc         loss=7.6779  surf[p=100.2656 Ux=1.6453 Uy=0.7128]  vol[p=114.5323 Ux=4.9183 Uy=2.4036]
    val_geom_camber_cruise     loss=2.2496  surf[p=58.5116 Ux=0.8068 Uy=0.4120]  vol[p=69.0931 Ux=3.3075 Uy=1.1936]
    val_re_rand                loss=6.7626  surf[p=82.9984 Ux=1.2150 Uy=0.5563]  vol[p=90.5312 Ux=3.9545 Uy=1.7356]
Epoch  33 (136s) [47.1GB]  train[vol=0.2910 surf=0.1204]  val_avg_surf_p=77.0007 *  lr=8.01e-04
    val_single_in_dist         loss=14.9624  surf[p=88.4558 Ux=1.1345 Uy=0.5514]  vol[p=128.7665 Ux=4.5560 Uy=1.8289]
    val_geom_camber_rc         loss=9.0297  surf[p=93.2411 Ux=1.5677 Uy=0.7410]  vol[p=113.4495 Ux=4.9815 Uy=2.4806]
    val_geom_camber_cruise     loss=2.6485  surf[p=53.9578 Ux=1.2869 Uy=0.3694]  vol[p=67.3502 Ux=3.8379 Uy=1.1845]
    val_re_rand                loss=5.9943  surf[p=72.3479 Ux=1.3498 Uy=0.5338]  vol[p=84.4231 Ux=4.2034 Uy=1.7514]
Epoch  34 (138s) [47.1GB]  train[vol=0.2591 surf=0.1151]  val_avg_surf_p=86.3918  lr=7.87e-04
    val_single_in_dist         loss=8.8567  surf[p=102.1456 Ux=1.0567 Uy=0.6411]  vol[p=120.1364 Ux=4.1641 Uy=1.8889]
    val_geom_camber_rc         loss=6.8111  surf[p=95.5490 Ux=1.6701 Uy=0.7143]  vol[p=104.7432 Ux=4.7782 Uy=2.3602]
    val_geom_camber_cruise     loss=3.1586  surf[p=64.7253 Ux=1.4895 Uy=0.4695]  vol[p=73.2351 Ux=3.6359 Uy=1.1054]
    val_re_rand                loss=7.2841  surf[p=83.1473 Ux=1.6204 Uy=0.5903]  vol[p=88.3849 Ux=4.2021 Uy=1.6435]
Epoch  35 (136s) [47.1GB]  train[vol=0.3699 surf=0.1722]  val_avg_surf_p=85.7661  lr=7.73e-04
    val_single_in_dist         loss=11.2217  surf[p=88.5916 Ux=1.0546 Uy=0.5311]  vol[p=114.7500 Ux=4.2341 Uy=1.8312]
    val_geom_camber_rc         loss=9.3480  surf[p=113.9878 Ux=1.7220 Uy=0.7881]  vol[p=126.1843 Ux=4.8249 Uy=2.4089]
    val_geom_camber_cruise     loss=2.4123  surf[p=58.4822 Ux=0.9164 Uy=0.3567]  vol[p=71.0070 Ux=3.1225 Uy=1.0791]
    val_re_rand                loss=7.5669  surf[p=82.0026 Ux=1.2774 Uy=0.5384]  vol[p=91.4010 Ux=3.7910 Uy=1.6334]
Epoch  36 (136s) [47.1GB]  train[vol=0.3150 surf=0.1344]  val_avg_surf_p=79.4813  lr=7.59e-04
    val_single_in_dist         loss=10.0375  surf[p=87.3433 Ux=1.3598 Uy=0.5821]  vol[p=114.5404 Ux=4.5110 Uy=1.8308]
    val_geom_camber_rc         loss=7.7004  surf[p=99.4496 Ux=2.4164 Uy=0.6925]  vol[p=109.9600 Ux=5.5718 Uy=2.4671]
    val_geom_camber_cruise     loss=2.0148  surf[p=48.6641 Ux=1.0983 Uy=0.3452]  vol[p=63.1947 Ux=3.3730 Uy=1.0961]
    val_re_rand                loss=7.6263  surf[p=82.4681 Ux=1.9098 Uy=0.5277]  vol[p=87.5788 Ux=4.4113 Uy=1.7006]
Epoch  37 (137s) [47.1GB]  train[vol=0.2188 surf=0.0770]  val_avg_surf_p=70.9662 *  lr=7.45e-04
    val_single_in_dist         loss=9.7251  surf[p=79.3542 Ux=1.0126 Uy=0.4625]  vol[p=102.5106 Ux=4.0277 Uy=1.7344]
    val_geom_camber_rc         loss=6.6387  surf[p=87.3436 Ux=1.7943 Uy=0.6269]  vol[p=103.0260 Ux=4.8860 Uy=2.2501]
    val_geom_camber_cruise     loss=1.7623  surf[p=47.9642 Ux=0.6286 Uy=0.3079]  vol[p=58.7342 Ux=2.8852 Uy=1.0425]
    val_re_rand                loss=5.6546  surf[p=69.2027 Ux=1.3136 Uy=0.4871]  vol[p=78.3565 Ux=3.8399 Uy=1.5745]
Epoch  38 (137s) [47.1GB]  train[vol=0.2880 surf=0.1264]  val_avg_surf_p=74.3822  lr=7.31e-04
    val_single_in_dist         loss=9.9021  surf[p=81.5967 Ux=1.0873 Uy=0.4964]  vol[p=114.0093 Ux=4.1698 Uy=1.7405]
    val_geom_camber_rc         loss=6.5830  surf[p=94.6187 Ux=1.8168 Uy=0.7062]  vol[p=109.0067 Ux=4.6698 Uy=2.3690]
    val_geom_camber_cruise     loss=1.8488  surf[p=48.0236 Ux=0.8487 Uy=0.3496]  vol[p=59.6714 Ux=2.9570 Uy=1.0800]
    val_re_rand                loss=6.6021  surf[p=73.2898 Ux=1.2947 Uy=0.5265]  vol[p=81.7145 Ux=3.7375 Uy=1.6501]
Epoch  39 (137s) [47.1GB]  train[vol=0.2387 surf=0.0995]  val_avg_surf_p=81.1564  lr=7.16e-04
    val_single_in_dist         loss=15.3944  surf[p=102.5219 Ux=1.5261 Uy=0.4842]  vol[p=128.0324 Ux=4.7408 Uy=1.7370]
    val_geom_camber_rc         loss=7.6792  surf[p=99.1064 Ux=1.8742 Uy=0.6603]  vol[p=112.2557 Ux=4.8798 Uy=2.2619]
    val_geom_camber_cruise     loss=2.8276  surf[p=50.9068 Ux=2.0419 Uy=0.3487]  vol[p=63.5341 Ux=4.0329 Uy=1.1097]
    val_re_rand                loss=6.1693  surf[p=72.0906 Ux=1.9977 Uy=0.5183]  vol[p=83.5644 Ux=4.3602 Uy=1.6346]
Epoch  40 (135s) [47.1GB]  train[vol=0.2285 surf=0.0828]  val_avg_surf_p=72.1017  lr=7.01e-04
    val_single_in_dist         loss=9.5334  surf[p=90.8463 Ux=0.9845 Uy=0.5377]  vol[p=116.5697 Ux=3.9976 Uy=1.6932]
    val_geom_camber_rc         loss=5.9633  surf[p=83.8044 Ux=1.6032 Uy=0.7026]  vol[p=101.5573 Ux=4.4955 Uy=2.2583]
    val_geom_camber_cruise     loss=1.5152  surf[p=46.1495 Ux=0.6813 Uy=0.3319]  vol[p=58.9063 Ux=2.7946 Uy=1.0264]
    val_re_rand                loss=5.6159  surf[p=67.6068 Ux=1.2135 Uy=0.5115]  vol[p=80.1210 Ux=3.6145 Uy=1.5719]
Epoch  41 (137s) [47.1GB]  train[vol=0.3162 surf=0.1265]  val_avg_surf_p=69.8157 *  lr=6.86e-04
    val_single_in_dist         loss=9.7512  surf[p=78.6557 Ux=0.9608 Uy=0.4909]  vol[p=103.6972 Ux=3.9899 Uy=1.6341]
    val_geom_camber_rc         loss=7.7069  surf[p=88.7265 Ux=1.6286 Uy=0.6579]  vol[p=100.0758 Ux=4.4805 Uy=2.2203]
    val_geom_camber_cruise     loss=1.6490  surf[p=44.9149 Ux=0.9047 Uy=0.3069]  vol[p=57.5803 Ux=3.0509 Uy=1.0210]
    val_re_rand                loss=5.3372  surf[p=66.9658 Ux=1.3082 Uy=0.4797]  vol[p=75.3396 Ux=3.6792 Uy=1.5562]
Epoch  42 (136s) [47.1GB]  train[vol=0.2898 surf=0.1202]  val_avg_surf_p=68.2251 *  lr=6.70e-04
    val_single_in_dist         loss=9.9992  surf[p=72.2029 Ux=0.9805 Uy=0.4739]  vol[p=102.6520 Ux=3.9034 Uy=1.6543]
    val_geom_camber_rc         loss=6.6418  surf[p=84.5108 Ux=1.3733 Uy=0.6752]  vol[p=99.2701 Ux=4.2801 Uy=2.2303]
    val_geom_camber_cruise     loss=1.8951  surf[p=47.6088 Ux=0.9197 Uy=0.3061]  vol[p=59.6499 Ux=2.8588 Uy=1.0128]
    val_re_rand                loss=5.4458  surf[p=68.5777 Ux=1.1802 Uy=0.4829]  vol[p=78.0351 Ux=3.5122 Uy=1.5408]
Epoch  43 (136s) [47.1GB]  train[vol=0.2386 surf=0.0956]  val_avg_surf_p=70.3268  lr=6.55e-04
    val_single_in_dist         loss=9.5713  surf[p=94.3772 Ux=1.3188 Uy=0.4785]  vol[p=117.2955 Ux=4.3446 Uy=1.6202]
    val_geom_camber_rc         loss=5.6288  surf[p=82.0387 Ux=1.4106 Uy=0.6019]  vol[p=97.2698 Ux=4.5336 Uy=2.1563]
    val_geom_camber_cruise     loss=1.4639  surf[p=42.4768 Ux=0.6727 Uy=0.2936]  vol[p=55.1165 Ux=2.7526 Uy=0.9574]
    val_re_rand                loss=5.0007  surf[p=62.4144 Ux=1.0610 Uy=0.4600]  vol[p=75.0023 Ux=3.4936 Uy=1.5081]
Epoch  44 (137s) [47.1GB]  train[vol=0.2124 surf=0.0822]  val_avg_surf_p=65.0134 *  lr=6.39e-04
    val_single_in_dist         loss=7.5993  surf[p=77.2093 Ux=0.8467 Uy=0.4792]  vol[p=104.4174 Ux=3.8591 Uy=1.6482]
    val_geom_camber_rc         loss=5.2859  surf[p=77.9065 Ux=1.3956 Uy=0.6106]  vol[p=94.5169 Ux=4.3239 Uy=2.1436]
    val_geom_camber_cruise     loss=1.4351  surf[p=41.1670 Ux=0.6280 Uy=0.3496]  vol[p=54.9048 Ux=2.7046 Uy=1.0149]
    val_re_rand                loss=5.7616  surf[p=63.7707 Ux=1.0846 Uy=0.4855]  vol[p=75.7321 Ux=3.4494 Uy=1.5154]
Epoch  45 (136s) [47.1GB]  train[vol=0.1806 surf=0.0582]  val_avg_surf_p=65.4901  lr=6.23e-04
    val_single_in_dist         loss=7.7508  surf[p=71.0429 Ux=1.0326 Uy=0.4573]  vol[p=99.8821 Ux=3.8895 Uy=1.5729]
    val_geom_camber_rc         loss=6.5201  surf[p=84.3869 Ux=1.6427 Uy=0.6658]  vol[p=99.7107 Ux=4.7183 Uy=2.1450]
    val_geom_camber_cruise     loss=1.4802  surf[p=42.2873 Ux=0.7982 Uy=0.2820]  vol[p=54.8246 Ux=2.8563 Uy=0.9894]
    val_re_rand                loss=4.8426  surf[p=64.2432 Ux=1.2053 Uy=0.4683]  vol[p=74.8201 Ux=3.5856 Uy=1.4951]
Epoch  46 (136s) [47.1GB]  train[vol=0.2379 surf=0.0912]  val_avg_surf_p=63.5664 *  lr=6.07e-04
    val_single_in_dist         loss=6.6270  surf[p=72.6297 Ux=1.0797 Uy=0.4447]  vol[p=99.9504 Ux=3.9043 Uy=1.5324]
    val_geom_camber_rc         loss=6.2570  surf[p=79.6482 Ux=1.5803 Uy=0.6025]  vol[p=95.1829 Ux=4.4839 Uy=2.0926]
    val_geom_camber_cruise     loss=1.3724  surf[p=40.9640 Ux=0.6245 Uy=0.2938]  vol[p=56.5934 Ux=2.7489 Uy=1.0293]
    val_re_rand                loss=4.7298  surf[p=61.0236 Ux=1.1322 Uy=0.4586]  vol[p=74.1568 Ux=3.5118 Uy=1.5152]
Epoch  47 (135s) [47.1GB]  train[vol=0.2490 surf=0.1009]  val_avg_surf_p=62.1359 *  lr=5.90e-04
    val_single_in_dist         loss=9.1958  surf[p=72.7255 Ux=1.0224 Uy=0.4341]  vol[p=106.4003 Ux=3.8546 Uy=1.5093]
    val_geom_camber_rc         loss=5.8677  surf[p=75.6653 Ux=1.2854 Uy=0.5757]  vol[p=92.9436 Ux=4.3610 Uy=2.0465]
    val_geom_camber_cruise     loss=1.3954  surf[p=40.9974 Ux=0.6766 Uy=0.2789]  vol[p=59.2708 Ux=2.9306 Uy=0.9665]
    val_re_rand                loss=4.5416  surf[p=59.1555 Ux=0.9755 Uy=0.4254]  vol[p=73.0304 Ux=3.4645 Uy=1.4513]
Epoch  48 (136s) [47.1GB]  train[vol=0.3106 surf=0.1453]  val_avg_surf_p=60.0008 *  lr=5.74e-04
    val_single_in_dist         loss=6.8616  surf[p=65.4446 Ux=0.8224 Uy=0.4169]  vol[p=92.0790 Ux=3.7052 Uy=1.5294]
    val_geom_camber_rc         loss=4.9435  surf[p=71.7607 Ux=1.2382 Uy=0.5764]  vol[p=88.2976 Ux=4.1855 Uy=2.0646]
    val_geom_camber_cruise     loss=1.3294  surf[p=40.6244 Ux=0.6598 Uy=0.2996]  vol[p=54.5165 Ux=2.6490 Uy=0.9858]
    val_re_rand                loss=5.0234  surf[p=62.1734 Ux=1.0223 Uy=0.4473]  vol[p=70.8641 Ux=3.3241 Uy=1.4869]
Epoch  49 (136s) [47.1GB]  train[vol=0.3482 surf=0.1392]  val_avg_surf_p=59.5196 *  lr=5.58e-04
    val_single_in_dist         loss=7.6576  surf[p=62.3051 Ux=0.7720 Uy=0.4125]  vol[p=88.3137 Ux=3.5086 Uy=1.4969]
    val_geom_camber_rc         loss=5.8591  surf[p=75.0908 Ux=1.2696 Uy=0.5791]  vol[p=87.9872 Ux=4.1473 Uy=2.0387]
    val_geom_camber_cruise     loss=1.4039  surf[p=40.8598 Ux=0.5862 Uy=0.2989]  vol[p=52.1142 Ux=2.5828 Uy=0.9163]
    val_re_rand                loss=4.6286  surf[p=59.8225 Ux=0.9654 Uy=0.4359]  vol[p=69.1111 Ux=3.2993 Uy=1.4228]
Epoch  50 (136s) [47.1GB]  train[vol=0.2096 surf=0.0837]  val_avg_surf_p=59.3736 *  lr=5.41e-04
    val_single_in_dist         loss=9.7119  surf[p=69.5789 Ux=0.9551 Uy=0.4537]  vol[p=94.3266 Ux=3.7736 Uy=1.5218]
    val_geom_camber_rc         loss=4.9160  surf[p=73.0784 Ux=1.3016 Uy=0.5799]  vol[p=91.2271 Ux=4.2124 Uy=2.0604]
    val_geom_camber_cruise     loss=1.2185  surf[p=37.2417 Ux=0.6480 Uy=0.2951]  vol[p=50.2001 Ux=2.6481 Uy=0.9282]
    val_re_rand                loss=4.3886  surf[p=57.5955 Ux=1.0218 Uy=0.4397]  vol[p=68.7684 Ux=3.3328 Uy=1.4223]
Epoch  51 (139s) [47.1GB]  train[vol=0.1734 surf=0.0604]  val_avg_surf_p=61.6181  lr=5.25e-04
    val_single_in_dist         loss=5.5402  surf[p=72.2571 Ux=1.2515 Uy=0.4386]  vol[p=89.3570 Ux=4.0228 Uy=1.4737]
    val_geom_camber_rc         loss=4.8974  surf[p=76.3161 Ux=1.8015 Uy=0.6086]  vol[p=89.5649 Ux=4.5719 Uy=2.0403]
    val_geom_camber_cruise     loss=1.2999  surf[p=38.1351 Ux=0.7838 Uy=0.2789]  vol[p=50.7037 Ux=2.6939 Uy=0.9335]
    val_re_rand                loss=4.8337  surf[p=59.7640 Ux=1.2429 Uy=0.4414]  vol[p=68.8227 Ux=3.4069 Uy=1.4230]
Epoch  52 (137s) [47.1GB]  train[vol=0.1854 surf=0.0611]  val_avg_surf_p=57.3833 *  lr=5.08e-04
    val_single_in_dist         loss=9.1604  surf[p=60.5417 Ux=0.7212 Uy=0.3919]  vol[p=89.7030 Ux=3.4944 Uy=1.4421]
    val_geom_camber_rc         loss=4.2690  surf[p=70.7547 Ux=1.1331 Uy=0.5565]  vol[p=85.4885 Ux=4.0890 Uy=1.9974]
    val_geom_camber_cruise     loss=1.3006  surf[p=40.5097 Ux=0.5238 Uy=0.3081]  vol[p=52.3238 Ux=2.5243 Uy=0.9506]
    val_re_rand                loss=4.5188  surf[p=57.7272 Ux=0.8639 Uy=0.4356]  vol[p=68.7956 Ux=3.1881 Uy=1.4153]
Epoch  53 (136s) [47.1GB]  train[vol=0.2053 surf=0.0774]  val_avg_surf_p=58.9692  lr=4.92e-04
    val_single_in_dist         loss=7.5907  surf[p=65.5625 Ux=0.7711 Uy=0.4032]  vol[p=92.0042 Ux=3.4887 Uy=1.4053]
    val_geom_camber_rc         loss=4.1358  surf[p=70.0442 Ux=1.2270 Uy=0.5509]  vol[p=86.2771 Ux=4.0377 Uy=1.9343]
    val_geom_camber_cruise     loss=1.3671  surf[p=41.0887 Ux=0.6000 Uy=0.2702]  vol[p=52.4778 Ux=2.5323 Uy=0.9044]
    val_re_rand                loss=4.7746  surf[p=59.1815 Ux=0.9376 Uy=0.4151]  vol[p=69.6792 Ux=3.1992 Uy=1.3812]
Epoch  54 (136s) [47.1GB]  train[vol=0.1747 surf=0.0542]  val_avg_surf_p=57.0475 *  lr=4.75e-04
    val_single_in_dist         loss=9.0049  surf[p=58.3615 Ux=0.7260 Uy=0.3813]  vol[p=90.6572 Ux=3.5376 Uy=1.4618]
    val_geom_camber_rc         loss=5.3420  surf[p=74.6490 Ux=1.1441 Uy=0.5678]  vol[p=87.9856 Ux=4.0543 Uy=2.0061]
    val_geom_camber_cruise     loss=1.1484  surf[p=35.9323 Ux=0.5848 Uy=0.2553]  vol[p=49.0486 Ux=2.5695 Uy=0.9170]
    val_re_rand                loss=4.9751  surf[p=59.2472 Ux=0.8765 Uy=0.4115]  vol[p=68.9412 Ux=3.1878 Uy=1.4075]
Epoch  55 (135s) [47.1GB]  train[vol=0.1960 surf=0.0688]  val_avg_surf_p=54.3323 *  lr=4.59e-04
    val_single_in_dist         loss=4.8182  surf[p=54.1783 Ux=0.6815 Uy=0.3955]  vol[p=83.5462 Ux=3.4808 Uy=1.3817]
    val_geom_camber_rc         loss=4.2737  surf[p=69.4874 Ux=1.1071 Uy=0.5524]  vol[p=85.3291 Ux=3.8920 Uy=1.9481]
    val_geom_camber_cruise     loss=1.1671  surf[p=37.6089 Ux=0.5883 Uy=0.2907]  vol[p=49.3718 Ux=2.5490 Uy=0.9065]
    val_re_rand                loss=4.7882  surf[p=56.0547 Ux=0.8622 Uy=0.4321]  vol[p=66.5008 Ux=3.1541 Uy=1.3837]
Epoch  56 (136s) [47.1GB]  train[vol=0.1748 surf=0.0640]  val_avg_surf_p=54.6557  lr=4.42e-04
    val_single_in_dist         loss=5.3432  surf[p=61.8669 Ux=0.7562 Uy=0.3927]  vol[p=91.1193 Ux=3.5194 Uy=1.4467]
    val_geom_camber_rc         loss=3.9801  surf[p=66.2458 Ux=1.1385 Uy=0.5338]  vol[p=84.8135 Ux=4.0078 Uy=1.9377]
    val_geom_camber_cruise     loss=1.0932  surf[p=35.6245 Ux=0.5118 Uy=0.2628]  vol[p=48.0890 Ux=2.4799 Uy=0.8881]
    val_re_rand                loss=4.9808  surf[p=54.8857 Ux=0.8835 Uy=0.4106]  vol[p=66.4298 Ux=3.2048 Uy=1.3807]
Epoch  57 (134s) [47.1GB]  train[vol=0.2018 surf=0.0702]  val_avg_surf_p=59.1802  lr=4.26e-04
    val_single_in_dist         loss=4.5602  surf[p=61.9595 Ux=0.8741 Uy=0.3939]  vol[p=91.3015 Ux=3.5496 Uy=1.4188]
    val_geom_camber_rc         loss=4.8567  surf[p=75.7322 Ux=1.2051 Uy=0.5915]  vol[p=88.3903 Ux=4.0338 Uy=1.9643]
    val_geom_camber_cruise     loss=1.4400  surf[p=41.6349 Ux=0.7342 Uy=0.2772]  vol[p=49.7593 Ux=2.6108 Uy=0.9175]
    val_re_rand                loss=4.3797  surf[p=57.3943 Ux=0.9112 Uy=0.4152]  vol[p=67.1161 Ux=3.1326 Uy=1.3810]
Epoch  58 (136s) [47.1GB]  train[vol=0.2105 surf=0.0830]  val_avg_surf_p=54.0760 *  lr=4.10e-04
    val_single_in_dist         loss=5.1510  surf[p=55.6774 Ux=0.7644 Uy=0.3716]  vol[p=84.0556 Ux=3.3895 Uy=1.3654]
    val_geom_camber_rc         loss=4.6680  surf[p=70.3415 Ux=1.1480 Uy=0.5482]  vol[p=85.3791 Ux=3.9082 Uy=1.9093]
    val_geom_camber_cruise     loss=1.1163  surf[p=35.2615 Ux=0.4960 Uy=0.2708]  vol[p=48.4885 Ux=2.5173 Uy=0.8657]
    val_re_rand                loss=4.8047  surf[p=55.0236 Ux=0.8183 Uy=0.4118]  vol[p=66.2097 Ux=3.0751 Uy=1.3420]
Epoch  59 (136s) [47.1GB]  train[vol=0.2785 surf=0.1083]  val_avg_surf_p=54.1136  lr=3.93e-04
    val_single_in_dist         loss=8.0047  surf[p=60.3963 Ux=0.8520 Uy=0.3801]  vol[p=81.9437 Ux=3.4085 Uy=1.3460]
    val_geom_camber_rc         loss=4.7816  surf[p=68.7791 Ux=1.0759 Uy=0.5392]  vol[p=83.1940 Ux=3.8281 Uy=1.8979]
    val_geom_camber_cruise     loss=1.0520  surf[p=33.1939 Ux=0.5022 Uy=0.2486]  vol[p=46.7256 Ux=2.5700 Uy=0.8851]
    val_re_rand                loss=4.0878  surf[p=54.0849 Ux=0.8118 Uy=0.3993]  vol[p=64.0892 Ux=3.0901 Uy=1.3471]
Epoch  60 (137s) [47.1GB]  train[vol=0.1349 surf=0.0327]  val_avg_surf_p=54.8588  lr=3.77e-04
    val_single_in_dist         loss=8.3861  surf[p=59.1895 Ux=0.6373 Uy=0.3567]  vol[p=82.7013 Ux=3.3475 Uy=1.3442]
    val_geom_camber_rc         loss=4.0660  surf[p=66.1976 Ux=1.0613 Uy=0.5230]  vol[p=85.1631 Ux=3.8436 Uy=1.8650]
    val_geom_camber_cruise     loss=1.2212  surf[p=38.9583 Ux=0.5014 Uy=0.2561]  vol[p=47.9707 Ux=2.4543 Uy=0.8650]
    val_re_rand                loss=4.0395  surf[p=55.0897 Ux=0.7946 Uy=0.3893]  vol[p=65.0478 Ux=3.0409 Uy=1.3390]
Epoch  61 (137s) [47.1GB]  train[vol=0.1623 surf=0.0441]  val_avg_surf_p=54.7093  lr=3.61e-04
    val_single_in_dist         loss=7.0939  surf[p=60.9879 Ux=0.7214 Uy=0.3559]  vol[p=83.6395 Ux=3.3177 Uy=1.3101]
    val_geom_camber_rc         loss=4.5182  surf[p=69.1612 Ux=1.1316 Uy=0.5338]  vol[p=86.9540 Ux=3.8934 Uy=1.8884]
    val_geom_camber_cruise     loss=1.0617  surf[p=35.8689 Ux=0.4924 Uy=0.2378]  vol[p=46.7455 Ux=2.3861 Uy=0.8383]
    val_re_rand                loss=4.9380  surf[p=52.8192 Ux=0.8245 Uy=0.3856]  vol[p=64.0450 Ux=3.0143 Uy=1.3023]
Epoch  62 (137s) [47.1GB]  train[vol=0.1547 surf=0.0447]  val_avg_surf_p=52.1173 *  lr=3.45e-04
    val_single_in_dist         loss=7.7061  surf[p=54.0163 Ux=0.6937 Uy=0.3492]  vol[p=80.7675 Ux=3.2797 Uy=1.3200]
    val_geom_camber_rc         loss=3.8379  surf[p=64.6538 Ux=1.0871 Uy=0.5062]  vol[p=80.6673 Ux=3.8062 Uy=1.8411]
    val_geom_camber_cruise     loss=1.0738  surf[p=36.1666 Ux=0.5729 Uy=0.2470]  vol[p=47.0411 Ux=2.4946 Uy=0.8750]
    val_re_rand                loss=4.6140  surf[p=53.6326 Ux=0.8492 Uy=0.3804]  vol[p=62.6800 Ux=3.0350 Uy=1.3124]
Epoch  63 (136s) [47.1GB]  train[vol=0.1890 surf=0.0725]  val_avg_surf_p=52.5005  lr=3.30e-04
    val_single_in_dist         loss=6.1921  surf[p=55.3652 Ux=0.7378 Uy=0.3721]  vol[p=79.6759 Ux=3.3445 Uy=1.3377]
    val_geom_camber_rc         loss=4.5211  surf[p=70.4295 Ux=1.0423 Uy=0.5246]  vol[p=84.7316 Ux=3.7341 Uy=1.8430]
    val_geom_camber_cruise     loss=0.9792  surf[p=31.7603 Ux=0.4717 Uy=0.2667]  vol[p=44.8854 Ux=2.3376 Uy=0.8477]
    val_re_rand                loss=3.9323  surf[p=52.4472 Ux=0.7864 Uy=0.3932]  vol[p=62.3106 Ux=2.9331 Uy=1.3110]
Epoch  64 (135s) [47.1GB]  train[vol=0.1822 surf=0.0719]  val_avg_surf_p=50.7426 *  lr=3.14e-04
    val_single_in_dist         loss=6.1885  surf[p=54.5317 Ux=0.8375 Uy=0.3532]  vol[p=79.9578 Ux=3.3422 Uy=1.3159]
    val_geom_camber_rc         loss=3.9017  surf[p=63.9766 Ux=1.2627 Uy=0.5097]  vol[p=81.8431 Ux=3.8301 Uy=1.7814]
    val_geom_camber_cruise     loss=1.1009  surf[p=33.3352 Ux=0.7567 Uy=0.2746]  vol[p=45.0500 Ux=2.4573 Uy=0.8749]
    val_re_rand                loss=4.2099  surf[p=51.1267 Ux=1.0600 Uy=0.4050]  vol[p=61.8423 Ux=3.0865 Uy=1.3067]
Epoch  65 (135s) [47.1GB]  train[vol=0.2107 surf=0.0693]  val_avg_surf_p=54.7447  lr=2.99e-04
    val_single_in_dist         loss=6.9623  surf[p=73.3297 Ux=0.8036 Uy=0.3559]  vol[p=95.3727 Ux=3.4701 Uy=1.3343]
    val_geom_camber_rc         loss=3.7946  surf[p=62.7234 Ux=1.0122 Uy=0.4907]  vol[p=80.4455 Ux=3.6795 Uy=1.7948]
    val_geom_camber_cruise     loss=1.0158  surf[p=32.6837 Ux=0.4993 Uy=0.2459]  vol[p=44.2325 Ux=2.3975 Uy=0.8598]
    val_re_rand                loss=3.9608  surf[p=50.2419 Ux=0.7755 Uy=0.3762]  vol[p=61.1526 Ux=2.9160 Uy=1.2922]
Epoch  66 (137s) [47.1GB]  train[vol=0.2048 surf=0.0753]  val_avg_surf_p=49.5169 *  lr=2.84e-04
    val_single_in_dist         loss=8.8299  surf[p=54.8404 Ux=0.5933 Uy=0.3510]  vol[p=77.6444 Ux=3.1927 Uy=1.2892]
    val_geom_camber_rc         loss=3.7729  surf[p=63.0371 Ux=0.9867 Uy=0.4886]  vol[p=81.2753 Ux=3.6796 Uy=1.7793]
    val_geom_camber_cruise     loss=0.9348  surf[p=30.5608 Ux=0.4503 Uy=0.2291]  vol[p=43.6734 Ux=2.3070 Uy=0.8340]
    val_re_rand                loss=3.7161  surf[p=49.6294 Ux=0.7403 Uy=0.3640]  vol[p=60.6059 Ux=2.8929 Uy=1.2643]
Epoch  67 (136s) [47.1GB]  train[vol=0.2466 surf=0.1023]  val_avg_surf_p=50.3070  lr=2.69e-04
    val_single_in_dist         loss=6.2469  surf[p=57.9847 Ux=0.7067 Uy=0.3464]  vol[p=78.2350 Ux=3.2894 Uy=1.2790]
    val_geom_camber_rc         loss=3.4806  surf[p=60.3025 Ux=0.9475 Uy=0.4920]  vol[p=78.1963 Ux=3.6030 Uy=1.7425]
    val_geom_camber_cruise     loss=0.9670  surf[p=32.3235 Ux=0.4917 Uy=0.2429]  vol[p=43.8411 Ux=2.3438 Uy=0.8327]
    val_re_rand                loss=3.9096  surf[p=50.6173 Ux=0.7606 Uy=0.3719]  vol[p=61.4077 Ux=2.8741 Uy=1.2585]
Epoch  68 (137s) [47.1GB]  train[vol=0.1548 surf=0.0450]  val_avg_surf_p=47.4757 *  lr=2.55e-04
    val_single_in_dist         loss=6.0276  surf[p=49.5954 Ux=0.5523 Uy=0.3350]  vol[p=77.9476 Ux=3.0865 Uy=1.2573]
    val_geom_camber_rc         loss=3.5379  surf[p=60.8483 Ux=0.9549 Uy=0.5044]  vol[p=79.2979 Ux=3.5954 Uy=1.7396]
    val_geom_camber_cruise     loss=0.9036  surf[p=30.3997 Ux=0.4321 Uy=0.2236]  vol[p=42.3828 Ux=2.2512 Uy=0.8209]
    val_re_rand                loss=3.8705  surf[p=49.0595 Ux=0.7467 Uy=0.3710]  vol[p=59.8499 Ux=2.8160 Uy=1.2468]
Epoch  69 (137s) [47.1GB]  train[vol=0.1881 surf=0.0576]  val_avg_surf_p=47.2745 *  lr=2.41e-04
    val_single_in_dist         loss=3.8083  surf[p=46.7262 Ux=0.7551 Uy=0.3295]  vol[p=81.0965 Ux=3.2170 Uy=1.2788]
    val_geom_camber_rc         loss=3.7934  surf[p=62.7065 Ux=1.0015 Uy=0.4957]  vol[p=79.7019 Ux=3.6373 Uy=1.7319]
    val_geom_camber_cruise     loss=0.9251  surf[p=30.4225 Ux=0.5487 Uy=0.2255]  vol[p=43.3658 Ux=2.3281 Uy=0.8310]
    val_re_rand                loss=3.7929  surf[p=49.2428 Ux=0.8025 Uy=0.3649]  vol[p=59.8258 Ux=2.8652 Uy=1.2573]
Epoch  70 (137s) [47.1GB]  train[vol=0.1725 surf=0.0528]  val_avg_surf_p=48.7688  lr=2.27e-04
    val_single_in_dist         loss=4.1880  surf[p=52.8530 Ux=0.7157 Uy=0.3415]  vol[p=81.3822 Ux=3.1974 Uy=1.3033]
    val_geom_camber_rc         loss=3.9050  surf[p=64.0436 Ux=1.0463 Uy=0.5098]  vol[p=81.4385 Ux=3.6970 Uy=1.7934]
    val_geom_camber_cruise     loss=0.8537  surf[p=28.7965 Ux=0.4414 Uy=0.2225]  vol[p=42.3599 Ux=2.2553 Uy=0.8129]
    val_re_rand                loss=4.6810  surf[p=49.3823 Ux=0.7580 Uy=0.3660]  vol[p=60.9558 Ux=2.8658 Uy=1.2672]
Epoch  71 (135s) [47.1GB]  train[vol=0.1894 surf=0.0516]  val_avg_surf_p=45.1265 *  lr=2.13e-04
    val_single_in_dist         loss=5.2685  surf[p=45.0188 Ux=0.5258 Uy=0.3253]  vol[p=74.3049 Ux=3.0629 Uy=1.2430]
    val_geom_camber_rc         loss=3.4084  surf[p=58.4870 Ux=0.9263 Uy=0.4809]  vol[p=76.2188 Ux=3.5705 Uy=1.7205]
    val_geom_camber_cruise     loss=0.8938  surf[p=29.1960 Ux=0.4289 Uy=0.2310]  vol[p=42.2314 Ux=2.2489 Uy=0.8207]
    val_re_rand                loss=3.9883  surf[p=47.8042 Ux=0.6947 Uy=0.3637]  vol[p=59.0485 Ux=2.7921 Uy=1.2390]
Epoch  72 (137s) [47.1GB]  train[vol=0.1400 surf=0.0460]  val_avg_surf_p=45.1690  lr=1.99e-04
    val_single_in_dist         loss=5.7505  surf[p=46.5681 Ux=0.6552 Uy=0.3158]  vol[p=73.9955 Ux=3.1261 Uy=1.2309]
    val_geom_camber_rc         loss=3.3834  surf[p=58.6714 Ux=0.9367 Uy=0.4673]  vol[p=76.1538 Ux=3.5361 Uy=1.6888]
    val_geom_camber_cruise     loss=0.8245  surf[p=28.3449 Ux=0.4448 Uy=0.2352]  vol[p=42.0374 Ux=2.2758 Uy=0.8124]
    val_re_rand                loss=3.5735  surf[p=47.0915 Ux=0.7089 Uy=0.3573]  vol[p=58.3914 Ux=2.7976 Uy=1.2218]
Epoch  73 (137s) [47.1GB]  train[vol=0.1112 surf=0.0209]  val_avg_surf_p=44.5321 *  lr=1.86e-04
    val_single_in_dist         loss=4.7684  surf[p=44.5565 Ux=0.4915 Uy=0.3101]  vol[p=72.7040 Ux=3.0240 Uy=1.2134]
    val_geom_camber_rc         loss=3.3659  surf[p=58.7380 Ux=0.9350 Uy=0.4726]  vol[p=77.1151 Ux=3.5132 Uy=1.6970]
    val_geom_camber_cruise     loss=0.8436  surf[p=28.5222 Ux=0.4006 Uy=0.2126]  vol[p=41.4269 Ux=2.1950 Uy=0.8059]
    val_re_rand                loss=3.9656  surf[p=46.3119 Ux=0.6943 Uy=0.3531]  vol[p=57.9586 Ux=2.7522 Uy=1.2268]
Epoch  74 (136s) [47.1GB]  train[vol=0.1076 surf=0.0207]  val_avg_surf_p=47.5354  lr=1.74e-04
    val_single_in_dist         loss=6.0661  surf[p=48.6293 Ux=0.5721 Uy=0.3201]  vol[p=79.2665 Ux=3.0504 Uy=1.2421]
    val_geom_camber_rc         loss=3.7668  surf[p=62.2650 Ux=0.9652 Uy=0.4830]  vol[p=80.7791 Ux=3.5395 Uy=1.7090]
    val_geom_camber_cruise     loss=0.9122  surf[p=30.6833 Ux=0.4242 Uy=0.2298]  vol[p=43.1998 Ux=2.2117 Uy=0.8167]
    val_re_rand                loss=3.7932  surf[p=48.5642 Ux=0.6980 Uy=0.3582]  vol[p=59.7208 Ux=2.7722 Uy=1.2384]
Epoch  75 (136s) [47.1GB]  train[vol=0.1306 surf=0.0366]  val_avg_surf_p=46.4634  lr=1.61e-04
    val_single_in_dist         loss=4.9520  surf[p=47.1629 Ux=0.5076 Uy=0.3006]  vol[p=72.5032 Ux=2.9849 Uy=1.1924]
    val_geom_camber_rc         loss=3.3860  surf[p=59.2017 Ux=0.9220 Uy=0.4653]  vol[p=78.1968 Ux=3.4833 Uy=1.6791]
    val_geom_camber_cruise     loss=0.8638  surf[p=30.5503 Ux=0.4073 Uy=0.2156]  vol[p=42.6168 Ux=2.1961 Uy=0.8026]
    val_re_rand                loss=4.0048  surf[p=48.9387 Ux=0.6815 Uy=0.3486]  vol[p=58.6047 Ux=2.7341 Uy=1.2162]
Epoch  76 (135s) [47.1GB]  train[vol=0.1845 surf=0.0597]  val_avg_surf_p=44.3533 *  lr=1.49e-04
    val_single_in_dist         loss=4.3616  surf[p=44.1849 Ux=0.4973 Uy=0.3063]  vol[p=73.3284 Ux=2.9775 Uy=1.1877]
    val_geom_camber_rc         loss=3.2777  surf[p=58.4421 Ux=0.9169 Uy=0.4745]  vol[p=77.4266 Ux=3.5152 Uy=1.6758]
    val_geom_camber_cruise     loss=0.8118  surf[p=27.9898 Ux=0.3924 Uy=0.2154]  vol[p=40.5663 Ux=2.1594 Uy=0.7909]
    val_re_rand                loss=3.5920  surf[p=46.7962 Ux=0.6630 Uy=0.3492]  vol[p=58.0356 Ux=2.7256 Uy=1.2051]
Epoch  77 (136s) [47.1GB]  train[vol=0.1724 surf=0.0687]  val_avg_surf_p=42.8943 *  lr=1.38e-04
    val_single_in_dist         loss=4.1579  surf[p=42.6104 Ux=0.5102 Uy=0.2999]  vol[p=71.6312 Ux=2.9805 Uy=1.1929]
    val_geom_camber_rc         loss=3.1857  surf[p=56.5898 Ux=0.8992 Uy=0.4620]  vol[p=76.3521 Ux=3.4613 Uy=1.6712]
    val_geom_camber_cruise     loss=0.8054  surf[p=27.3837 Ux=0.4298 Uy=0.2125]  vol[p=40.9043 Ux=2.1763 Uy=0.7899]
    val_re_rand                loss=3.7252  surf[p=44.9932 Ux=0.6868 Uy=0.3446]  vol[p=57.2415 Ux=2.7055 Uy=1.2034]
Epoch  78 (135s) [47.1GB]  train[vol=0.2297 surf=0.0923]  val_avg_surf_p=44.3964  lr=1.27e-04
    val_single_in_dist         loss=5.3704  surf[p=44.6084 Ux=0.5183 Uy=0.3099]  vol[p=72.1879 Ux=2.9811 Uy=1.2003]
    val_geom_camber_rc         loss=3.2445  surf[p=57.3697 Ux=0.9087 Uy=0.4595]  vol[p=76.4507 Ux=3.4982 Uy=1.6568]
    val_geom_camber_cruise     loss=0.8515  surf[p=29.4179 Ux=0.4170 Uy=0.2184]  vol[p=41.7661 Ux=2.1816 Uy=0.7961]
    val_re_rand                loss=3.6002  surf[p=46.1896 Ux=0.6807 Uy=0.3419]  vol[p=57.1665 Ux=2.7211 Uy=1.1960]
Epoch  79 (135s) [47.1GB]  train[vol=0.1911 surf=0.0522]  val_avg_surf_p=43.5918  lr=1.16e-04
    val_single_in_dist         loss=6.1548  surf[p=44.6599 Ux=0.5260 Uy=0.2986]  vol[p=73.2181 Ux=2.9520 Uy=1.1809]
    val_geom_camber_rc         loss=3.3220  surf[p=57.5546 Ux=0.9066 Uy=0.4607]  vol[p=76.5086 Ux=3.4621 Uy=1.6636]
    val_geom_camber_cruise     loss=0.8113  surf[p=27.2892 Ux=0.3882 Uy=0.2117]  vol[p=40.3053 Ux=2.1605 Uy=0.7924]
    val_re_rand                loss=3.5551  surf[p=44.8632 Ux=0.6508 Uy=0.3381]  vol[p=56.3694 Ux=2.6711 Uy=1.1904]
Epoch  80 (135s) [47.1GB]  train[vol=0.1429 surf=0.0320]  val_avg_surf_p=42.5445 *  lr=1.05e-04
    val_single_in_dist         loss=5.2819  surf[p=43.5357 Ux=0.4715 Uy=0.2943]  vol[p=73.0628 Ux=2.9277 Uy=1.1708]
    val_geom_camber_rc         loss=3.2119  surf[p=55.5274 Ux=0.8772 Uy=0.4543]  vol[p=74.8785 Ux=3.4539 Uy=1.6398]
    val_geom_camber_cruise     loss=0.7768  surf[p=26.7431 Ux=0.3862 Uy=0.2042]  vol[p=39.8593 Ux=2.1607 Uy=0.7867]
    val_re_rand                loss=3.6071  surf[p=44.3716 Ux=0.6633 Uy=0.3388]  vol[p=55.9721 Ux=2.6839 Uy=1.1859]
Epoch  81 (136s) [47.1GB]  train[vol=0.1880 surf=0.0803]  val_avg_surf_p=42.5249 *  lr=9.55e-05
    val_single_in_dist         loss=5.0602  surf[p=43.0885 Ux=0.4630 Uy=0.2996]  vol[p=71.3213 Ux=2.9596 Uy=1.1740]
    val_geom_camber_rc         loss=3.2314  surf[p=56.0290 Ux=0.8681 Uy=0.4588]  vol[p=74.9316 Ux=3.4537 Uy=1.6442]
    val_geom_camber_cruise     loss=0.7812  surf[p=26.2815 Ux=0.4054 Uy=0.2061]  vol[p=39.4758 Ux=2.1579 Uy=0.7761]
    val_re_rand                loss=3.7638  surf[p=44.7006 Ux=0.6511 Uy=0.3393]  vol[p=55.8257 Ux=2.6753 Uy=1.1810]
Epoch  82 (136s) [47.1GB]  train[vol=0.1518 surf=0.0612]  val_avg_surf_p=42.2535 *  lr=8.60e-05
    val_single_in_dist         loss=4.2739  surf[p=41.3233 Ux=0.4747 Uy=0.2945]  vol[p=70.6432 Ux=2.9315 Uy=1.1589]
    val_geom_camber_rc         loss=3.2101  surf[p=55.9130 Ux=0.8639 Uy=0.4553]  vol[p=74.3206 Ux=3.4356 Uy=1.6355]
    val_geom_camber_cruise     loss=0.7979  surf[p=27.0025 Ux=0.3851 Uy=0.2066]  vol[p=39.7760 Ux=2.1098 Uy=0.7761]
    val_re_rand                loss=3.6677  surf[p=44.7752 Ux=0.6486 Uy=0.3385]  vol[p=55.9423 Ux=2.6656 Uy=1.1814]
Epoch  83 (137s) [47.1GB]  train[vol=0.1776 surf=0.0692]  val_avg_surf_p=42.5190  lr=7.70e-05
    val_single_in_dist         loss=4.4828  surf[p=41.1179 Ux=0.4423 Uy=0.2937]  vol[p=70.6123 Ux=2.8919 Uy=1.1663]
    val_geom_camber_rc         loss=3.3315  surf[p=56.8683 Ux=0.8747 Uy=0.4560]  vol[p=75.7222 Ux=3.4445 Uy=1.6434]
    val_geom_camber_cruise     loss=0.8185  surf[p=27.2668 Ux=0.3793 Uy=0.2130]  vol[p=40.6444 Ux=2.1124 Uy=0.7835]
    val_re_rand                loss=3.6896  surf[p=44.8232 Ux=0.6440 Uy=0.3389]  vol[p=56.2014 Ux=2.6558 Uy=1.1876]
Epoch  84 (136s) [47.1GB]  train[vol=0.1558 surf=0.0588]  val_avg_surf_p=41.5529 *  lr=6.84e-05
    val_single_in_dist         loss=3.9782  surf[p=39.5708 Ux=0.4472 Uy=0.2910]  vol[p=70.3111 Ux=2.9059 Uy=1.1655]
    val_geom_camber_rc         loss=3.1957  surf[p=55.8470 Ux=0.8689 Uy=0.4568]  vol[p=74.8454 Ux=3.4193 Uy=1.6387]
    val_geom_camber_cruise     loss=0.7431  surf[p=26.1610 Ux=0.3857 Uy=0.2066]  vol[p=39.5350 Ux=2.1149 Uy=0.7725]
    val_re_rand                loss=3.8680  surf[p=44.6330 Ux=0.6509 Uy=0.3400]  vol[p=55.9943 Ux=2.6582 Uy=1.1811]
Epoch  85 (139s) [47.1GB]  train[vol=0.1373 surf=0.0401]  val_avg_surf_p=41.7134  lr=6.03e-05
    val_single_in_dist         loss=4.3122  surf[p=40.2871 Ux=0.4537 Uy=0.2898]  vol[p=69.7186 Ux=2.9000 Uy=1.1568]
    val_geom_camber_rc         loss=3.1992  surf[p=55.9945 Ux=0.8588 Uy=0.4522]  vol[p=74.7431 Ux=3.4071 Uy=1.6179]
    val_geom_camber_cruise     loss=0.7574  surf[p=26.0117 Ux=0.3717 Uy=0.2039]  vol[p=39.3062 Ux=2.0944 Uy=0.7699]
    val_re_rand                loss=3.6773  surf[p=44.5601 Ux=0.6365 Uy=0.3361]  vol[p=55.7229 Ux=2.6346 Uy=1.1724]
Epoch  86 (135s) [47.1GB]  train[vol=0.1720 surf=0.0480]  val_avg_surf_p=41.5822  lr=5.26e-05
    val_single_in_dist         loss=4.1298  surf[p=40.3900 Ux=0.4439 Uy=0.2869]  vol[p=69.4049 Ux=2.8902 Uy=1.1532]
    val_geom_camber_rc         loss=3.1743  surf[p=56.0053 Ux=0.8562 Uy=0.4497]  vol[p=75.6407 Ux=3.3964 Uy=1.6209]
    val_geom_camber_cruise     loss=0.7393  surf[p=25.6313 Ux=0.3633 Uy=0.1996]  vol[p=39.1780 Ux=2.0879 Uy=0.7743]
    val_re_rand                loss=3.7563  surf[p=44.3020 Ux=0.6267 Uy=0.3338]  vol[p=55.6189 Ux=2.6283 Uy=1.1687]
Epoch  87 (138s) [47.1GB]  train[vol=0.1770 surf=0.0623]  val_avg_surf_p=41.4672 *  lr=4.55e-05
    val_single_in_dist         loss=4.9197  surf[p=41.4542 Ux=0.4366 Uy=0.2867]  vol[p=69.7805 Ux=2.8854 Uy=1.1516]
    val_geom_camber_rc         loss=3.2033  surf[p=55.3776 Ux=0.8603 Uy=0.4487]  vol[p=74.8379 Ux=3.4045 Uy=1.6152]
    val_geom_camber_cruise     loss=0.7452  surf[p=25.6909 Ux=0.3659 Uy=0.1991]  vol[p=39.1062 Ux=2.0860 Uy=0.7699]
    val_re_rand                loss=3.7164  surf[p=43.3461 Ux=0.6204 Uy=0.3304]  vol[p=55.1371 Ux=2.6282 Uy=1.1643]
Epoch  88 (138s) [47.1GB]  train[vol=0.2380 surf=0.0810]  val_avg_surf_p=41.0810 *  lr=3.89e-05
    val_single_in_dist         loss=4.3279  surf[p=39.6991 Ux=0.4307 Uy=0.2862]  vol[p=69.8244 Ux=2.9006 Uy=1.1509]
    val_geom_camber_rc         loss=3.1920  surf[p=55.2650 Ux=0.8420 Uy=0.4484]  vol[p=73.7087 Ux=3.3935 Uy=1.6182]
    val_geom_camber_cruise     loss=0.7645  surf[p=25.8378 Ux=0.3624 Uy=0.2039]  vol[p=39.0383 Ux=2.1012 Uy=0.7663]
    val_re_rand                loss=3.7334  surf[p=43.5222 Ux=0.6245 Uy=0.3325]  vol[p=54.9627 Ux=2.6383 Uy=1.1657]
Epoch  89 (137s) [47.1GB]  train[vol=0.1361 surf=0.0376]  val_avg_surf_p=41.5210  lr=3.27e-05
    val_single_in_dist         loss=4.4117  surf[p=40.2624 Ux=0.4445 Uy=0.2880]  vol[p=69.9716 Ux=2.8888 Uy=1.1465]
    val_geom_camber_rc         loss=3.2437  surf[p=56.2835 Ux=0.8599 Uy=0.4500]  vol[p=75.4173 Ux=3.4008 Uy=1.6262]
    val_geom_camber_cruise     loss=0.7448  surf[p=25.6626 Ux=0.3750 Uy=0.1993]  vol[p=39.0623 Ux=2.0883 Uy=0.7689]
    val_re_rand                loss=3.8770  surf[p=43.8752 Ux=0.6228 Uy=0.3336]  vol[p=55.4745 Ux=2.6319 Uy=1.1668]
Epoch  90 (136s) [47.1GB]  train[vol=0.1269 surf=0.0248]  val_avg_surf_p=41.1499  lr=2.71e-05
    val_single_in_dist         loss=4.9336  surf[p=40.3357 Ux=0.4361 Uy=0.2822]  vol[p=69.3239 Ux=2.8609 Uy=1.1401]
    val_geom_camber_rc         loss=3.1762  surf[p=55.4175 Ux=0.8501 Uy=0.4472]  vol[p=74.3804 Ux=3.3890 Uy=1.6163]
    val_geom_camber_cruise     loss=0.7309  surf[p=25.3779 Ux=0.3583 Uy=0.1986]  vol[p=38.9594 Ux=2.0707 Uy=0.7625]
    val_re_rand                loss=3.6291  surf[p=43.4685 Ux=0.6201 Uy=0.3305]  vol[p=54.9825 Ux=2.6223 Uy=1.1635]
Epoch  91 (135s) [47.1GB]  train[vol=0.1351 surf=0.0262]  val_avg_surf_p=40.8172 *  lr=2.20e-05
    val_single_in_dist         loss=3.9440  surf[p=38.8293 Ux=0.4344 Uy=0.2850]  vol[p=68.6868 Ux=2.8701 Uy=1.1434]
    val_geom_camber_rc         loss=3.1727  surf[p=55.3608 Ux=0.8491 Uy=0.4479]  vol[p=74.7084 Ux=3.3855 Uy=1.6201]
    val_geom_camber_cruise     loss=0.7471  surf[p=25.6280 Ux=0.3646 Uy=0.1999]  vol[p=39.2085 Ux=2.0919 Uy=0.7626]
    val_re_rand                loss=3.6859  surf[p=43.4506 Ux=0.6174 Uy=0.3306]  vol[p=55.2005 Ux=2.6257 Uy=1.1638]
Epoch  92 (138s) [47.1GB]  train[vol=0.1297 surf=0.0331]  val_avg_surf_p=40.6446 *  lr=1.74e-05
    val_single_in_dist         loss=4.0670  surf[p=38.6236 Ux=0.4304 Uy=0.2823]  vol[p=68.7567 Ux=2.8668 Uy=1.1383]
    val_geom_camber_rc         loss=3.1680  surf[p=55.0512 Ux=0.8377 Uy=0.4451]  vol[p=74.1601 Ux=3.3809 Uy=1.6112]
    val_geom_camber_cruise     loss=0.7451  surf[p=25.4650 Ux=0.3706 Uy=0.2005]  vol[p=38.8921 Ux=2.0842 Uy=0.7656]
    val_re_rand                loss=3.7154  surf[p=43.4388 Ux=0.6172 Uy=0.3295]  vol[p=55.0553 Ux=2.6173 Uy=1.1640]
Epoch  93 (136s) [47.1GB]  train[vol=0.1805 surf=0.0558]  val_avg_surf_p=40.7885  lr=1.33e-05
    val_single_in_dist         loss=4.5468  surf[p=39.2536 Ux=0.4319 Uy=0.2816]  vol[p=69.2661 Ux=2.8680 Uy=1.1371]
    val_geom_camber_rc         loss=3.1653  surf[p=55.0486 Ux=0.8422 Uy=0.4451]  vol[p=74.1227 Ux=3.3821 Uy=1.6081]
    val_geom_camber_cruise     loss=0.7346  surf[p=25.3798 Ux=0.3599 Uy=0.1992]  vol[p=38.8197 Ux=2.0761 Uy=0.7627]
    val_re_rand                loss=3.6897  surf[p=43.4719 Ux=0.6137 Uy=0.3302]  vol[p=55.0791 Ux=2.6176 Uy=1.1616]
Epoch  94 (135s) [47.1GB]  train[vol=0.1417 surf=0.0444]  val_avg_surf_p=40.6154 *  lr=9.81e-06
    val_single_in_dist         loss=4.1735  surf[p=38.7613 Ux=0.4277 Uy=0.2813]  vol[p=68.7096 Ux=2.8649 Uy=1.1358]
    val_geom_camber_rc         loss=3.1753  surf[p=55.1306 Ux=0.8393 Uy=0.4436]  vol[p=74.1437 Ux=3.3817 Uy=1.6047]
    val_geom_camber_cruise     loss=0.7345  surf[p=25.2405 Ux=0.3575 Uy=0.1989]  vol[p=38.7585 Ux=2.0710 Uy=0.7678]
    val_re_rand                loss=3.6216  surf[p=43.3291 Ux=0.6100 Uy=0.3292]  vol[p=54.8329 Ux=2.6057 Uy=1.1616]
Epoch  95 (137s) [47.1GB]  train[vol=0.1489 surf=0.0347]  val_avg_surf_p=40.5827 *  lr=6.82e-06
    val_single_in_dist         loss=4.1848  surf[p=38.6905 Ux=0.4281 Uy=0.2808]  vol[p=68.6330 Ux=2.8630 Uy=1.1383]
    val_geom_camber_rc         loss=3.1747  surf[p=55.0617 Ux=0.8401 Uy=0.4445]  vol[p=74.1818 Ux=3.3786 Uy=1.6072]
    val_geom_camber_cruise     loss=0.7324  surf[p=25.2646 Ux=0.3587 Uy=0.1979]  vol[p=38.7548 Ux=2.0660 Uy=0.7653]
    val_re_rand                loss=3.6244  surf[p=43.3139 Ux=0.6132 Uy=0.3290]  vol[p=54.9090 Ux=2.6092 Uy=1.1612]
Epoch  96 (133s) [47.1GB]  train[vol=0.1322 surf=0.0329]  val_avg_surf_p=40.5418 *  lr=4.37e-06
    val_single_in_dist         loss=4.2448  surf[p=38.6522 Ux=0.4260 Uy=0.2804]  vol[p=68.6534 Ux=2.8661 Uy=1.1356]
    val_geom_camber_rc         loss=3.1718  surf[p=55.0320 Ux=0.8371 Uy=0.4443]  vol[p=74.0230 Ux=3.3740 Uy=1.6059]
    val_geom_camber_cruise     loss=0.7266  surf[p=25.1693 Ux=0.3574 Uy=0.1975]  vol[p=38.6358 Ux=2.0691 Uy=0.7642]
    val_re_rand                loss=3.6578  surf[p=43.3137 Ux=0.6109 Uy=0.3290]  vol[p=54.8404 Ux=2.6091 Uy=1.1605]
Epoch  97 (137s) [47.1GB]  train[vol=0.1449 surf=0.0296]  val_avg_surf_p=40.5576  lr=2.46e-06
    val_single_in_dist         loss=4.1464  surf[p=38.5849 Ux=0.4273 Uy=0.2803]  vol[p=68.5425 Ux=2.8643 Uy=1.1350]
    val_geom_camber_rc         loss=3.1776  surf[p=55.1601 Ux=0.8402 Uy=0.4447]  vol[p=74.2097 Ux=3.3773 Uy=1.6072]
    val_geom_camber_cruise     loss=0.7331  surf[p=25.2505 Ux=0.3587 Uy=0.1979]  vol[p=38.7260 Ux=2.0712 Uy=0.7641]
    val_re_rand                loss=3.6254  surf[p=43.2347 Ux=0.6099 Uy=0.3283]  vol[p=54.9069 Ux=2.6087 Uy=1.1608]
Epoch  98 (136s) [47.1GB]  train[vol=0.1702 surf=0.0616]  val_avg_surf_p=40.4996 *  lr=1.09e-06
    val_single_in_dist         loss=4.2089  surf[p=38.5849 Ux=0.4258 Uy=0.2802]  vol[p=68.6150 Ux=2.8634 Uy=1.1350]
    val_geom_camber_rc         loss=3.1713  surf[p=55.0369 Ux=0.8382 Uy=0.4445]  vol[p=73.9928 Ux=3.3765 Uy=1.6062]
    val_geom_camber_cruise     loss=0.7290  surf[p=25.1406 Ux=0.3562 Uy=0.1974]  vol[p=38.7001 Ux=2.0697 Uy=0.7636]
    val_re_rand                loss=3.6299  surf[p=43.2361 Ux=0.6086 Uy=0.3283]  vol[p=54.8529 Ux=2.6080 Uy=1.1608]
Epoch  99 (137s) [47.1GB]  train[vol=0.1378 surf=0.0376]  val_avg_surf_p=40.5213  lr=2.73e-07
    val_single_in_dist         loss=4.2343  surf[p=38.6255 Ux=0.4264 Uy=0.2801]  vol[p=68.6216 Ux=2.8623 Uy=1.1349]
    val_geom_camber_rc         loss=3.1726  surf[p=55.0635 Ux=0.8382 Uy=0.4446]  vol[p=74.0848 Ux=3.3748 Uy=1.6068]
    val_geom_camber_cruise     loss=0.7285  surf[p=25.1513 Ux=0.3564 Uy=0.1975]  vol[p=38.7002 Ux=2.0681 Uy=0.7631]
    val_re_rand                loss=3.6348  surf[p=43.2447 Ux=0.6091 Uy=0.3283]  vol[p=54.8607 Ux=2.6072 Uy=1.1606]
Epoch 100 (137s) [47.1GB]  train[vol=0.1630 surf=0.0447]  val_avg_surf_p=40.5251  lr=0.00e+00
    val_single_in_dist         loss=4.2361  surf[p=38.6232 Ux=0.4263 Uy=0.2801]  vol[p=68.6233 Ux=2.8626 Uy=1.1349]
    val_geom_camber_rc         loss=3.1735  surf[p=55.0716 Ux=0.8381 Uy=0.4446]  vol[p=74.0968 Ux=3.3750 Uy=1.6068]
    val_geom_camber_cruise     loss=0.7286  surf[p=25.1602 Ux=0.3566 Uy=0.1975]  vol[p=38.7070 Ux=2.0684 Uy=0.7632]
    val_re_rand                loss=3.6330  surf[p=43.2454 Ux=0.6091 Uy=0.3283]  vol[p=54.8641 Ux=2.6072 Uy=1.1606]

Training done in 227.0 min

Best val: epoch 98, val_avg/mae_surf_p = 40.4996

Evaluating on held-out test splits...
Test: test_single_in_dist: 200, test_geom_camber_rc: 200, test_geom_camber_cruise: 200, test_re_rand: 200
wandb: uploading artifact model-mlintern-pai2-24h-v2-r1-wc-lr1e3-sw50-100ep-seed0-nhj06b8t; updating run metadata
wandb: uploading artifact model-mlintern-pai2-24h-v2-r1-wc-lr1e3-sw50-100ep-seed0-nhj06b8t
wandb: uploading history steps 37600-37600, summary, console lines 507-514
wandb: 
wandb: Run history:
wandb:                                    epoch ▁▁▁▁▂▂▂▂▂▃▃▃▃▃▃▄▄▄▄▅▅▅▅▅▅▅▆▆▆▆▆▆▇▇▇▇▇███
wandb:                             epoch_time_s ▃▂▃▄▆▄▇▆▂▆▇▄▃▅▂▄▃▄▃▂▃▄█▅▃▁▃▄▆▄▅▅▄▃▄▂█▄▅▅
wandb:                              global_step ▁▁▁▁▂▂▂▃▃▃▃▃▃▃▃▃▄▄▄▄▄▅▅▅▅▅▅▅▅▆▆▆▆▆▆▆▇▇▇█
wandb:                                       lr ▄████████▇▇▇▇▇▇▆▅▅▅▅▅▄▄▄▄▃▃▃▃▂▂▂▂▂▂▁▁▁▁▁
wandb: test/test_geom_camber_cruise/mae_surf_Ux ▁
wandb: test/test_geom_camber_cruise/mae_surf_Uy ▁
wandb:  test/test_geom_camber_cruise/mae_vol_Ux ▁
wandb:  test/test_geom_camber_cruise/mae_vol_Uy ▁
wandb:            test/test_geom_camber_rc/loss ▁
wandb:     test/test_geom_camber_rc/mae_surf_Ux ▁
wandb:                                      +82 ...
wandb: 
wandb: Run summary:
wandb:                               best_epoch 98
wandb:                  best_val_avg/mae_surf_p 40.49963
wandb:                                    epoch 100
wandb:                             epoch_time_s 136.80199
wandb:                              global_step 37500
wandb:                                       lr 0
wandb: test/test_geom_camber_cruise/mae_surf_Ux 0.3282
wandb: test/test_geom_camber_cruise/mae_surf_Uy 0.17751
wandb:  test/test_geom_camber_cruise/mae_vol_Ux 1.91326
wandb:  test/test_geom_camber_cruise/mae_vol_Uy 0.69469
wandb:                                      +79 ...
wandb: 
wandb: 🚀 View run mlintern-pai2-24h-v2-r1/wc-lr1e3-sw50-100ep-seed0 at: https://wandb.ai/wandb-applied-ai-team/senpai-v1-ml-intern/runs/nhj06b8t
wandb: ⭐️ View project at: https://wandb.ai/wandb-applied-ai-team/senpai-v1-ml-intern
wandb: Synced 7 W&B file(s), 0 media file(s), 3 artifact file(s) and 0 other file(s)
wandb: Find logs at: ./wandb/run-20260429_194550-nhj06b8t/logs

  TEST  avg_surf_p=nan
    test_single_in_dist        loss=4.6023  surf[p=37.3915 Ux=0.4645 Uy=0.2807]  vol[p=65.1630 Ux=2.6677 Uy=1.1130]
    test_geom_camber_rc        loss=2.7765  surf[p=49.7936 Ux=0.8111 Uy=0.4147]  vol[p=67.9879 Ux=3.2315 Uy=1.5239]
    test_geom_camber_cruise    loss=nan  surf[p=nan Ux=0.3282 Uy=0.1775]  vol[p=nan Ux=1.9133 Uy=0.6947]
    test_re_rand               loss=1.4654  surf[p=33.9651 Ux=0.5142 Uy=0.2867]  vol[p=48.3821 Ux=2.4476 Uy=1.0334]

Logged model artifact 'model-mlintern-pai2-24h-v2-r1-wc-lr1e3-sw50-100ep-seed0-nhj06b8t' (aliases: best, epoch-98)
