wandb: [wandb.login()] Loaded credentials for https://api.wandb.ai from WANDB_API_KEY.
wandb: W&B API key is configured. Use `wandb login --relogin` to force relogin
wandb: setting up run y2s0betq
wandb: Tracking run with wandb version 0.25.1
wandb: Run data is saved locally in /workspace/ml-intern-benchmark/target/wandb/run-20260429_233403-y2s0betq
wandb: Run `wandb offline` to turn off syncing.
wandb: Syncing run mlintern-pai2-24h-v2-r1/wc-lr1e3-sw50-100ep-seed1
wandb: ⭐️ View project at https://wandb.ai/wandb-applied-ai-team/senpai-v1-ml-intern
wandb: 🚀 View run at https://wandb.ai/wandb-applied-ai-team/senpai-v1-ml-intern/runs/y2s0betq
Device: cuda
Train: 1499, val_single_in_dist: 100, val_geom_camber_rc: 100, val_geom_camber_cruise: 100, val_re_rand: 100
Model: Transolver (0.66M params)
Epoch   1 (137s) [46.6GB]  train[vol=2.4130 surf=1.4586]  val_avg_surf_p=239.5120 *  lr=2.01e-04
    val_single_in_dist         loss=99.3785  surf[p=313.4464 Ux=4.7790 Uy=1.6343]  vol[p=303.9357 Ux=13.1327 Uy=5.1494]
    val_geom_camber_rc         loss=43.5697  surf[p=248.3953 Ux=5.2086 Uy=1.9582]  vol[p=260.7219 Ux=12.0466 Uy=5.1755]
    val_geom_camber_cruise     loss=20.0891  surf[p=199.9743 Ux=2.9875 Uy=1.4515]  vol[p=233.6029 Ux=9.8017 Uy=3.6588]
    val_re_rand                loss=25.8553  surf[p=196.2320 Ux=3.7843 Uy=1.5723]  vol[p=220.5562 Ux=10.5795 Uy=4.1234]
Epoch   2 (138s) [46.6GB]  train[vol=1.6163 surf=0.7135]  val_avg_surf_p=216.3607 *  lr=4.01e-04
    val_single_in_dist         loss=67.0838  surf[p=273.0499 Ux=4.5101 Uy=1.6065]  vol[p=299.5293 Ux=12.6004 Uy=4.7284]
    val_geom_camber_rc         loss=32.3874  surf[p=230.1030 Ux=4.6297 Uy=1.7779]  vol[p=224.0440 Ux=11.5360 Uy=4.8290]
    val_geom_camber_cruise     loss=17.5115  surf[p=174.6983 Ux=2.8408 Uy=1.0694]  vol[p=207.9566 Ux=8.7510 Uy=3.1533]
    val_re_rand                loss=22.5058  surf[p=187.5914 Ux=3.4711 Uy=1.3418]  vol[p=203.0652 Ux=9.5745 Uy=3.6829]
Epoch   3 (136s) [47.1GB]  train[vol=1.4708 surf=0.6192]  val_avg_surf_p=231.6802  lr=6.00e-04
    val_single_in_dist         loss=76.7459  surf[p=311.5288 Ux=4.5176 Uy=1.1516]  vol[p=286.2725 Ux=11.3222 Uy=4.4286]
    val_geom_camber_rc         loss=45.4282  surf[p=286.9988 Ux=5.3161 Uy=1.5950]  vol[p=248.9825 Ux=11.6590 Uy=5.0449]
    val_geom_camber_cruise     loss=12.2660  surf[p=142.0297 Ux=2.6827 Uy=0.9062]  vol[p=164.0801 Ux=7.7285 Uy=2.9467]
    val_re_rand                loss=23.2538  surf[p=186.1634 Ux=3.5357 Uy=1.1362]  vol[p=177.3633 Ux=8.8856 Uy=3.6412]
Epoch   4 (135s) [47.1GB]  train[vol=1.3460 surf=0.5518]  val_avg_surf_p=210.3032 *  lr=8.00e-04
    val_single_in_dist         loss=59.6718  surf[p=272.4952 Ux=3.5439 Uy=1.3913]  vol[p=278.5431 Ux=11.5143 Uy=4.7771]
    val_geom_camber_rc         loss=35.0355  surf[p=251.8503 Ux=4.4993 Uy=1.6040]  vol[p=239.6773 Ux=11.5070 Uy=5.0792]
    val_geom_camber_cruise     loss=11.8010  surf[p=138.1527 Ux=2.6063 Uy=0.9073]  vol[p=163.3137 Ux=8.3581 Uy=2.9079]
    val_re_rand                loss=20.7897  surf[p=178.7145 Ux=3.4735 Uy=1.1803]  vol[p=181.6389 Ux=9.4732 Uy=3.6542]
Epoch   5 (137s) [47.1GB]  train[vol=1.3838 surf=0.5659]  val_avg_surf_p=195.8932 *  lr=1.00e-03
    val_single_in_dist         loss=51.0228  surf[p=233.6682 Ux=4.0125 Uy=1.1937]  vol[p=307.4102 Ux=10.7670 Uy=4.5226]
    val_geom_camber_rc         loss=27.9453  surf[p=211.0056 Ux=4.7699 Uy=1.3764]  vol[p=260.6999 Ux=10.0209 Uy=4.7868]
    val_geom_camber_cruise     loss=15.1310  surf[p=159.7916 Ux=3.3662 Uy=0.8585]  vol[p=190.8558 Ux=8.2393 Uy=2.7648]
    val_re_rand                loss=20.2127  surf[p=179.1073 Ux=4.0685 Uy=1.1040]  vol[p=207.2365 Ux=8.8235 Uy=3.4442]
Epoch   6 (138s) [47.1GB]  train[vol=1.1547 surf=0.4823]  val_avg_surf_p=179.1740 *  lr=1.00e-03
    val_single_in_dist         loss=43.0907  surf[p=233.8309 Ux=2.1841 Uy=1.2567]  vol[p=205.8260 Ux=8.7826 Uy=3.6746]
    val_geom_camber_rc         loss=27.9906  surf[p=203.1118 Ux=3.3759 Uy=1.4082]  vol[p=188.9713 Ux=9.6431 Uy=4.1672]
    val_geom_camber_cruise     loss=9.8083  surf[p=122.6766 Ux=2.1032 Uy=0.7584]  vol[p=133.2067 Ux=6.7113 Uy=2.2772]
    val_re_rand                loss=18.7952  surf[p=157.0768 Ux=2.7538 Uy=1.0907]  vol[p=150.2859 Ux=7.8997 Uy=3.0433]
Epoch   7 (135s) [47.1GB]  train[vol=1.0224 surf=0.4125]  val_avg_surf_p=151.5934 *  lr=9.99e-04
    val_single_in_dist         loss=40.0005  surf[p=193.8154 Ux=3.1004 Uy=0.8896]  vol[p=223.1630 Ux=9.4861 Uy=3.6456]
    val_geom_camber_rc         loss=21.1472  surf[p=170.4404 Ux=3.5561 Uy=1.1973]  vol[p=181.0829 Ux=9.0171 Uy=4.0448]
    val_geom_camber_cruise     loss=7.2433  surf[p=109.0202 Ux=1.9428 Uy=0.6528]  vol[p=147.3886 Ux=6.2688 Uy=2.2681]
    val_re_rand                loss=13.9439  surf[p=133.0978 Ux=2.5985 Uy=0.9145]  vol[p=151.1632 Ux=7.2298 Uy=2.9515]
Epoch   8 (135s) [47.1GB]  train[vol=0.8818 surf=0.3883]  val_avg_surf_p=142.3708 *  lr=9.98e-04
    val_single_in_dist         loss=33.3587  surf[p=173.8938 Ux=2.6352 Uy=0.9269]  vol[p=208.0548 Ux=8.8789 Uy=3.4000]
    val_geom_camber_rc         loss=20.7375  surf[p=165.0955 Ux=3.4657 Uy=1.2410]  vol[p=165.0680 Ux=8.7044 Uy=3.9002]
    val_geom_camber_cruise     loss=6.9807  surf[p=106.7214 Ux=1.7636 Uy=0.6380]  vol[p=156.8286 Ux=6.6838 Uy=2.2199]
    val_re_rand                loss=12.3236  surf[p=123.7724 Ux=2.4228 Uy=0.9035]  vol[p=147.3352 Ux=7.2652 Uy=2.8485]
Epoch   9 (137s) [47.1GB]  train[vol=0.7884 surf=0.3345]  val_avg_surf_p=149.9412  lr=9.96e-04
    val_single_in_dist         loss=30.8599  surf[p=183.9739 Ux=2.1937 Uy=0.9500]  vol[p=187.7396 Ux=7.7214 Uy=3.1775]
    val_geom_camber_rc         loss=20.0121  surf[p=167.4161 Ux=3.3156 Uy=1.2513]  vol[p=162.8878 Ux=8.6129 Uy=3.7375]
    val_geom_camber_cruise     loss=7.9995  surf[p=116.9305 Ux=1.9015 Uy=0.7561]  vol[p=123.4759 Ux=5.6800 Uy=2.0651]
    val_re_rand                loss=12.4868  surf[p=131.4442 Ux=2.4096 Uy=0.9645]  vol[p=132.3410 Ux=6.7291 Uy=2.6658]
Epoch  10 (136s) [47.1GB]  train[vol=0.6703 surf=0.2859]  val_avg_surf_p=127.0295 *  lr=9.93e-04
    val_single_in_dist         loss=27.1135  surf[p=156.9400 Ux=2.4191 Uy=1.0007]  vol[p=189.8895 Ux=8.3209 Uy=3.3526]
    val_geom_camber_rc         loss=16.4698  surf[p=136.0973 Ux=2.7895 Uy=1.1841]  vol[p=159.8388 Ux=7.7387 Uy=3.7356]
    val_geom_camber_cruise     loss=6.4486  surf[p=102.8112 Ux=1.3498 Uy=0.7540]  vol[p=128.7232 Ux=5.0425 Uy=2.1101]
    val_re_rand                loss=10.0757  surf[p=112.2696 Ux=1.9631 Uy=0.9442]  vol[p=129.5622 Ux=5.9753 Uy=2.7602]
Epoch  11 (136s) [47.1GB]  train[vol=0.6926 surf=0.3064]  val_avg_surf_p=131.9006  lr=9.90e-04
    val_single_in_dist         loss=30.8371  surf[p=175.3374 Ux=1.7564 Uy=0.8875]  vol[p=183.6007 Ux=6.9998 Uy=3.0703]
    val_geom_camber_rc         loss=16.2305  surf[p=138.4959 Ux=2.4501 Uy=1.0497]  vol[p=160.5729 Ux=7.0413 Uy=3.5483]
    val_geom_camber_cruise     loss=6.1977  surf[p=101.2153 Ux=1.3526 Uy=0.6126]  vol[p=130.7975 Ux=4.5199 Uy=1.9646]
    val_re_rand                loss=10.1248  surf[p=112.5537 Ux=1.9259 Uy=0.8322]  vol[p=131.2219 Ux=5.5598 Uy=2.5769]
Epoch  12 (134s) [47.1GB]  train[vol=0.6770 surf=0.3296]  val_avg_surf_p=139.7710  lr=9.87e-04
    val_single_in_dist         loss=25.6614  surf[p=159.5331 Ux=2.5983 Uy=0.8843]  vol[p=175.4722 Ux=6.5720 Uy=2.7081]
    val_geom_camber_rc         loss=18.0771  surf[p=164.8959 Ux=2.8350 Uy=1.1259]  vol[p=171.9256 Ux=6.6013 Uy=3.4352]
    val_geom_camber_cruise     loss=7.6231  surf[p=102.9982 Ux=2.8317 Uy=0.7694]  vol[p=131.9339 Ux=5.3863 Uy=1.9212]
    val_re_rand                loss=12.9755  surf[p=131.6566 Ux=2.7592 Uy=0.9694]  vol[p=143.1705 Ux=5.9095 Uy=2.5683]
Epoch  13 (135s) [47.1GB]  train[vol=0.5616 surf=0.2489]  val_avg_surf_p=125.8735 *  lr=9.83e-04
    val_single_in_dist         loss=17.9839  surf[p=135.4081 Ux=1.8561 Uy=0.8347]  vol[p=159.8481 Ux=6.2962 Uy=2.6194]
    val_geom_camber_rc         loss=14.4922  surf[p=130.0418 Ux=2.9024 Uy=1.0527]  vol[p=150.0378 Ux=7.0665 Uy=3.2737]
    val_geom_camber_cruise     loss=6.8860  surf[p=117.2116 Ux=1.6369 Uy=0.6629]  vol[p=121.7678 Ux=4.4247 Uy=1.9025]
    val_re_rand                loss=10.3331  surf[p=120.8326 Ux=2.2148 Uy=0.8467]  vol[p=125.9710 Ux=5.3881 Uy=2.4739]
Epoch  14 (136s) [47.1GB]  train[vol=0.5267 surf=0.2325]  val_avg_surf_p=126.8520  lr=9.78e-04
    val_single_in_dist         loss=24.3641  surf[p=145.1354 Ux=2.2272 Uy=0.8762]  vol[p=172.3341 Ux=6.5299 Uy=3.1106]
    val_geom_camber_rc         loss=17.1193  surf[p=159.3904 Ux=3.8745 Uy=1.1238]  vol[p=174.0395 Ux=7.9630 Uy=3.5426]
    val_geom_camber_cruise     loss=5.1904  surf[p=89.0827 Ux=1.7812 Uy=0.5623]  vol[p=105.9100 Ux=4.6173 Uy=1.7367]
    val_re_rand                loss=10.0952  surf[p=113.7995 Ux=2.6030 Uy=0.7853]  vol[p=125.1841 Ux=5.8523 Uy=2.4865]
Epoch  15 (135s) [47.1GB]  train[vol=0.5642 surf=0.2517]  val_avg_surf_p=119.2047 *  lr=9.73e-04
    val_single_in_dist         loss=21.1346  surf[p=137.4495 Ux=2.2536 Uy=0.7963]  vol[p=154.4089 Ux=6.4424 Uy=2.7659]
    val_geom_camber_rc         loss=16.3456  surf[p=137.4711 Ux=2.6803 Uy=1.0867]  vol[p=151.9775 Ux=6.8515 Uy=3.3305]
    val_geom_camber_cruise     loss=4.6505  surf[p=90.8185 Ux=1.0725 Uy=0.6620]  vol[p=126.1120 Ux=4.1948 Uy=1.7578]
    val_re_rand                loss=10.2611  surf[p=111.0796 Ux=1.7538 Uy=0.8308]  vol[p=130.2586 Ux=5.2425 Uy=2.4149]
Epoch  16 (138s) [47.1GB]  train[vol=0.4516 surf=0.1967]  val_avg_surf_p=112.8277 *  lr=9.67e-04
    val_single_in_dist         loss=21.2813  surf[p=135.0427 Ux=1.4890 Uy=0.7707]  vol[p=162.2855 Ux=5.9901 Uy=2.6410]
    val_geom_camber_rc         loss=14.1008  surf[p=125.8007 Ux=2.1935 Uy=1.0417]  vol[p=148.9326 Ux=6.6713 Uy=3.3608]
    val_geom_camber_cruise     loss=5.1465  surf[p=83.4325 Ux=1.8086 Uy=0.6327]  vol[p=98.8218 Ux=4.1405 Uy=1.7169]
    val_re_rand                loss=9.6700  surf[p=107.0349 Ux=2.0690 Uy=0.8186]  vol[p=115.9665 Ux=5.1982 Uy=2.3956]
Epoch  17 (136s) [47.1GB]  train[vol=0.5303 surf=0.2621]  val_avg_surf_p=110.4111 *  lr=9.61e-04
    val_single_in_dist         loss=19.1574  surf[p=128.1545 Ux=1.7100 Uy=0.8132]  vol[p=163.0177 Ux=6.1044 Uy=2.6305]
    val_geom_camber_rc         loss=11.8732  surf[p=115.3662 Ux=2.0922 Uy=0.9741]  vol[p=149.7957 Ux=6.2350 Uy=3.2330]
    val_geom_camber_cruise     loss=4.7627  surf[p=92.1562 Ux=1.0384 Uy=0.5281]  vol[p=121.8599 Ux=4.0051 Uy=1.6072]
    val_re_rand                loss=9.2909  surf[p=105.9676 Ux=1.6756 Uy=0.7122]  vol[p=126.4323 Ux=5.0312 Uy=2.2767]
Epoch  18 (137s) [47.1GB]  train[vol=0.4503 surf=0.1960]  val_avg_surf_p=112.4878  lr=9.55e-04
    val_single_in_dist         loss=21.3140  surf[p=134.5982 Ux=1.5913 Uy=0.7840]  vol[p=158.2008 Ux=5.4608 Uy=2.4455]
    val_geom_camber_rc         loss=13.7740  surf[p=135.1934 Ux=2.3333 Uy=0.9035]  vol[p=155.0846 Ux=5.8040 Uy=3.1606]
    val_geom_camber_cruise     loss=4.0437  surf[p=79.0724 Ux=1.2440 Uy=0.5355]  vol[p=99.9881 Ux=3.9527 Uy=1.5489]
    val_re_rand                loss=8.0819  surf[p=101.0871 Ux=1.7612 Uy=0.7010]  vol[p=115.5723 Ux=4.6041 Uy=2.2289]
Epoch  19 (136s) [47.1GB]  train[vol=0.4623 surf=0.2286]  val_avg_surf_p=117.6087  lr=9.47e-04
    val_single_in_dist         loss=20.7763  surf[p=131.7396 Ux=1.6411 Uy=0.7225]  vol[p=154.8545 Ux=5.5072 Uy=2.3480]
    val_geom_camber_rc         loss=18.4461  surf[p=155.3821 Ux=2.2020 Uy=0.9493]  vol[p=152.2165 Ux=6.0326 Uy=3.0857]
    val_geom_camber_cruise     loss=4.2292  surf[p=75.2132 Ux=1.5082 Uy=0.5407]  vol[p=89.2906 Ux=3.9748 Uy=1.4925]
    val_re_rand                loss=11.2008  surf[p=108.1000 Ux=1.7602 Uy=0.7046]  vol[p=112.6716 Ux=4.7808 Uy=2.1774]
Epoch  20 (138s) [47.1GB]  train[vol=0.3627 surf=0.1437]  val_avg_surf_p=91.3896 *  lr=9.40e-04
    val_single_in_dist         loss=12.7656  surf[p=101.9673 Ux=1.6464 Uy=0.7758]  vol[p=139.1500 Ux=5.5032 Uy=2.2145]
    val_geom_camber_rc         loss=10.7351  surf[p=103.8741 Ux=2.1118 Uy=0.9160]  vol[p=132.1540 Ux=5.8709 Uy=2.9485]
    val_geom_camber_cruise     loss=3.5309  surf[p=68.6650 Ux=1.4415 Uy=0.5364]  vol[p=93.0858 Ux=3.9810 Uy=1.5290]
    val_re_rand                loss=7.6804  surf[p=91.0520 Ux=1.8354 Uy=0.7046]  vol[p=109.4375 Ux=4.8062 Uy=2.1070]
Epoch  21 (137s) [47.1GB]  train[vol=0.3700 surf=0.1641]  val_avg_surf_p=98.5015  lr=9.32e-04
    val_single_in_dist         loss=12.0710  surf[p=112.4861 Ux=1.8286 Uy=0.6775]  vol[p=137.7710 Ux=5.6656 Uy=2.1348]
    val_geom_camber_rc         loss=11.9587  surf[p=113.8248 Ux=2.5099 Uy=0.8533]  vol[p=135.8912 Ux=6.0667 Uy=2.8924]
    val_geom_camber_cruise     loss=3.8206  surf[p=76.4527 Ux=1.3634 Uy=0.5196]  vol[p=96.0163 Ux=3.8939 Uy=1.4706]
    val_re_rand                loss=8.0286  surf[p=91.2426 Ux=1.9056 Uy=0.6601]  vol[p=108.0184 Ux=4.7333 Uy=2.0566]
Epoch  22 (137s) [47.1GB]  train[vol=0.4202 surf=0.1847]  val_avg_surf_p=99.0589  lr=9.23e-04
    val_single_in_dist         loss=14.6802  surf[p=109.8468 Ux=1.2915 Uy=0.6518]  vol[p=139.9618 Ux=5.0971 Uy=2.2482]
    val_geom_camber_rc         loss=10.7220  surf[p=113.0884 Ux=1.9621 Uy=0.8929]  vol[p=129.2295 Ux=5.6280 Uy=2.9644]
    val_geom_camber_cruise     loss=4.3844  surf[p=78.6506 Ux=1.0290 Uy=0.5128]  vol[p=93.1467 Ux=3.6395 Uy=1.4899]
    val_re_rand                loss=8.4674  surf[p=94.6496 Ux=1.5205 Uy=0.6741]  vol[p=106.3317 Ux=4.4428 Uy=2.0984]
Epoch  23 (137s) [47.1GB]  train[vol=0.4418 surf=0.2112]  val_avg_surf_p=104.0361  lr=9.14e-04
    val_single_in_dist         loss=12.0306  surf[p=108.2400 Ux=1.3871 Uy=0.6037]  vol[p=134.8940 Ux=5.2681 Uy=2.0013]
    val_geom_camber_rc         loss=14.5313  surf[p=134.0956 Ux=1.8171 Uy=0.8788]  vol[p=146.7132 Ux=5.3957 Uy=2.7594]
    val_geom_camber_cruise     loss=3.2750  surf[p=73.5203 Ux=0.9820 Uy=0.4562]  vol[p=89.8092 Ux=3.4672 Uy=1.3342]
    val_re_rand                loss=8.5663  surf[p=100.2884 Ux=1.4148 Uy=0.6363]  vol[p=112.8540 Ux=4.3330 Uy=1.9441]
Epoch  24 (134s) [47.1GB]  train[vol=0.3597 surf=0.1540]  val_avg_surf_p=90.8162 *  lr=9.05e-04
    val_single_in_dist         loss=11.3173  surf[p=107.3610 Ux=1.4415 Uy=0.6236]  vol[p=139.9856 Ux=4.9049 Uy=1.9912]
    val_geom_camber_rc         loss=9.7830  surf[p=104.2144 Ux=1.7864 Uy=0.8096]  vol[p=122.5247 Ux=5.3203 Uy=2.6766]
    val_geom_camber_cruise     loss=3.0160  surf[p=65.4496 Ux=1.2233 Uy=0.4619]  vol[p=86.7750 Ux=3.7205 Uy=1.4106]
    val_re_rand                loss=6.2756  surf[p=86.2401 Ux=1.4731 Uy=0.6200]  vol[p=100.6518 Ux=4.2932 Uy=1.9402]
Epoch  25 (135s) [47.1GB]  train[vol=0.4284 surf=0.1979]  val_avg_surf_p=98.8801  lr=8.95e-04
    val_single_in_dist         loss=14.6220  surf[p=113.3988 Ux=1.4455 Uy=0.6763]  vol[p=145.4801 Ux=4.6293 Uy=2.0802]
    val_geom_camber_rc         loss=11.5575  surf[p=125.3156 Ux=2.1358 Uy=0.8704]  vol[p=136.2656 Ux=5.3542 Uy=2.8476]
    val_geom_camber_cruise     loss=3.3537  surf[p=67.6587 Ux=1.0837 Uy=0.5905]  vol[p=83.6159 Ux=3.3706 Uy=1.4322]
    val_re_rand                loss=7.2335  surf[p=89.1474 Ux=1.5536 Uy=0.6812]  vol[p=100.7789 Ux=4.1933 Uy=1.9949]
Epoch  26 (135s) [47.1GB]  train[vol=0.4036 surf=0.1928]  val_avg_surf_p=86.2083 *  lr=8.84e-04
    val_single_in_dist         loss=13.5249  surf[p=105.3779 Ux=1.2339 Uy=0.5841]  vol[p=131.1028 Ux=4.6436 Uy=2.0683]
    val_geom_camber_rc         loss=9.3076  surf[p=102.1504 Ux=1.7750 Uy=0.8407]  vol[p=120.1314 Ux=5.1019 Uy=2.7565]
    val_geom_camber_cruise     loss=2.5146  surf[p=57.8121 Ux=0.7978 Uy=0.4044]  vol[p=76.0043 Ux=3.3667 Uy=1.3555]
    val_re_rand                loss=6.4036  surf[p=79.4929 Ux=1.2497 Uy=0.5943]  vol[p=93.1584 Ux=4.0823 Uy=1.9696]
Epoch  27 (136s) [47.1GB]  train[vol=0.3253 surf=0.1408]  val_avg_surf_p=91.8338  lr=8.73e-04
    val_single_in_dist         loss=12.7197  surf[p=114.7739 Ux=1.6010 Uy=0.6781]  vol[p=136.6111 Ux=5.2147 Uy=1.9048]
    val_geom_camber_rc         loss=9.9027  surf[p=105.2600 Ux=2.2625 Uy=0.8048]  vol[p=114.6388 Ux=5.7265 Uy=2.6733]
    val_geom_camber_cruise     loss=3.2339  surf[p=63.4945 Ux=1.7524 Uy=0.4626]  vol[p=74.4538 Ux=4.2796 Uy=1.3040]
    val_re_rand                loss=6.7636  surf[p=83.8067 Ux=1.8184 Uy=0.6203]  vol[p=91.8270 Ux=4.5857 Uy=1.8840]
Epoch  28 (138s) [47.1GB]  train[vol=0.3265 surf=0.1386]  val_avg_surf_p=100.2854  lr=8.62e-04
    val_single_in_dist         loss=24.8336  surf[p=145.5598 Ux=1.7917 Uy=0.7271]  vol[p=163.6778 Ux=5.3509 Uy=2.1346]
    val_geom_camber_rc         loss=10.0025  surf[p=108.1130 Ux=1.9818 Uy=0.8306]  vol[p=130.6664 Ux=5.8248 Uy=2.7616]
    val_geom_camber_cruise     loss=2.9091  surf[p=63.0611 Ux=1.4823 Uy=0.5269]  vol[p=84.8711 Ux=3.7284 Uy=1.3708]
    val_re_rand                loss=8.2301  surf[p=84.4075 Ux=1.7420 Uy=0.6497]  vol[p=103.6876 Ux=4.5061 Uy=1.9405]
Epoch  29 (137s) [47.1GB]  train[vol=0.3389 surf=0.1478]  val_avg_surf_p=92.6330  lr=8.51e-04
    val_single_in_dist         loss=14.4996  surf[p=125.8064 Ux=1.2784 Uy=0.6567]  vol[p=139.9724 Ux=4.4701 Uy=2.1580]
    val_geom_camber_rc         loss=7.5385  surf[p=92.0295 Ux=1.7669 Uy=0.8164]  vol[p=108.7211 Ux=5.3674 Uy=2.7196]
    val_geom_camber_cruise     loss=3.5826  surf[p=70.3163 Ux=0.8971 Uy=0.4513]  vol[p=76.3423 Ux=3.2938 Uy=1.3520]
    val_re_rand                loss=7.7561  surf[p=82.3799 Ux=1.2737 Uy=0.6074]  vol[p=91.8958 Ux=4.0204 Uy=1.9321]
Epoch  30 (137s) [47.1GB]  train[vol=0.2935 surf=0.1130]  val_avg_surf_p=85.6300 *  lr=8.39e-04
    val_single_in_dist         loss=9.8044  surf[p=94.4522 Ux=1.1779 Uy=0.5720]  vol[p=120.3777 Ux=4.4617 Uy=1.9558]
    val_geom_camber_rc         loss=9.8959  surf[p=95.3867 Ux=2.1229 Uy=0.7484]  vol[p=111.3392 Ux=5.6445 Uy=2.5180]
    val_geom_camber_cruise     loss=3.1689  surf[p=71.8755 Ux=1.1491 Uy=0.4761]  vol[p=72.2235 Ux=3.6065 Uy=1.4966]
    val_re_rand                loss=6.1574  surf[p=80.8057 Ux=1.5827 Uy=0.5953]  vol[p=88.5981 Ux=4.4995 Uy=1.8977]
Epoch  31 (138s) [47.1GB]  train[vol=0.2643 surf=0.1054]  val_avg_surf_p=94.5427  lr=8.26e-04
    val_single_in_dist         loss=11.3504  surf[p=110.1509 Ux=1.2985 Uy=0.5662]  vol[p=132.4456 Ux=4.5068 Uy=1.9231]
    val_geom_camber_rc         loss=10.8406  surf[p=118.8469 Ux=2.1584 Uy=0.7750]  vol[p=132.4722 Ux=5.4180 Uy=2.5936]
    val_geom_camber_cruise     loss=3.1548  surf[p=61.3282 Ux=0.8843 Uy=0.3684]  vol[p=68.0070 Ux=3.2498 Uy=1.2347]
    val_re_rand                loss=9.6251  surf[p=87.8449 Ux=1.4293 Uy=0.5501]  vol[p=95.8599 Ux=4.0196 Uy=1.8049]
Epoch  32 (137s) [47.1GB]  train[vol=0.2800 surf=0.1138]  val_avg_surf_p=92.0617  lr=8.14e-04
    val_single_in_dist         loss=10.1319  surf[p=116.5723 Ux=1.6102 Uy=0.6455]  vol[p=128.0232 Ux=4.9118 Uy=1.9302]
    val_geom_camber_rc         loss=8.7980  surf[p=107.1002 Ux=1.8079 Uy=0.7505]  vol[p=119.8988 Ux=5.0028 Uy=2.5267]
    val_geom_camber_cruise     loss=2.9021  surf[p=60.7584 Ux=1.3054 Uy=0.4387]  vol[p=71.3379 Ux=3.7758 Uy=1.2962]
    val_re_rand                loss=6.3009  surf[p=83.8161 Ux=1.5707 Uy=0.5834]  vol[p=94.6994 Ux=4.2244 Uy=1.8345]
Epoch  33 (136s) [47.1GB]  train[vol=0.3231 surf=0.1425]  val_avg_surf_p=78.4807 *  lr=8.01e-04
    val_single_in_dist         loss=8.8916  surf[p=88.8235 Ux=1.0195 Uy=0.5279]  vol[p=108.2711 Ux=4.1069 Uy=1.8087]
    val_geom_camber_rc         loss=9.3086  surf[p=99.3872 Ux=1.5636 Uy=0.6994]  vol[p=107.3355 Ux=4.8484 Uy=2.4064]
    val_geom_camber_cruise     loss=2.0887  surf[p=52.8758 Ux=0.6999 Uy=0.3447]  vol[p=63.3185 Ux=2.9622 Uy=1.1892]
    val_re_rand                loss=5.8048  surf[p=72.8364 Ux=1.1120 Uy=0.5045]  vol[p=82.0248 Ux=3.6906 Uy=1.6949]
Epoch  34 (136s) [47.1GB]  train[vol=0.3557 surf=0.1678]  val_avg_surf_p=82.3676  lr=7.87e-04
