wandb: [wandb.login()] Loaded credentials for https://api.wandb.ai from WANDB_API_KEY.
wandb: W&B API key is configured. Use `wandb login --relogin` to force relogin
wandb: setting up run z0fo93f1
wandb: Tracking run with wandb version 0.25.1
wandb: Run data is saved locally in /workspace/ml-intern-benchmark/target/wandb/run-20260429_225852-z0fo93f1
wandb: Run `wandb offline` to turn off syncing.
wandb: Syncing run mlintern-pai2-24h-v2-r1/wc-lr1e3-sub32k-h256-l8-mlp4-fourier-100ep-seed1
wandb: ⭐️ View project at https://wandb.ai/wandb-applied-ai-team/senpai-v1-ml-intern
wandb: 🚀 View run at https://wandb.ai/wandb-applied-ai-team/senpai-v1-ml-intern/runs/z0fo93f1
Device: cuda
Train: 1499, val_single_in_dist: 100, val_geom_camber_rc: 100, val_geom_camber_cruise: 100, val_re_rand: 100
Model: Transolver (6.06M params)
Epoch   1 (114s) [23.6GB]  train[vol=1.9837 surf=1.1307]  val_avg_surf_p=334.2848 *  lr=2.01e-04
    val_single_in_dist         loss=18.2758  surf[p=366.7145 Ux=4.3072 Uy=1.8109]  vol[p=309.9221 Ux=10.7923 Uy=4.0423]
    val_geom_camber_rc         loss=15.7762  surf[p=428.0674 Ux=5.6957 Uy=2.2003]  vol[p=321.0115 Ux=9.4459 Uy=4.3722]
    val_geom_camber_cruise     loss=5.5217  surf[p=238.8198 Ux=3.1011 Uy=1.1786]  vol[p=211.6952 Ux=7.5559 Uy=2.8513]
    val_re_rand                loss=9.8484  surf[p=303.5376 Ux=4.0619 Uy=1.5477]  vol[p=248.0524 Ux=8.0819 Uy=3.3266]
Epoch   2 (112s) [23.6GB]  train[vol=1.1861 surf=0.6628]  val_avg_surf_p=205.1860 *  lr=4.01e-04
    val_single_in_dist         loss=13.6809  surf[p=260.2187 Ux=3.2212 Uy=1.4673]  vol[p=237.4660 Ux=7.9114 Uy=3.2675]
    val_geom_camber_rc         loss=6.9919  surf[p=225.8413 Ux=4.1548 Uy=1.6972]  vol[p=196.7205 Ux=8.0161 Uy=3.9014]
    val_geom_camber_cruise     loss=2.9938  surf[p=143.9626 Ux=2.9609 Uy=1.1019]  vol[p=142.0851 Ux=6.3209 Uy=2.4158]
    val_re_rand                loss=5.4733  surf[p=190.7213 Ux=4.0551 Uy=1.3476]  vol[p=170.3583 Ux=7.6707 Uy=2.9623]
Epoch   3 (112s) [23.6GB]  train[vol=0.9878 surf=0.6125]  val_avg_surf_p=233.6367  lr=6.00e-04
    val_single_in_dist         loss=14.0004  surf[p=292.4217 Ux=2.8730 Uy=1.3257]  vol[p=262.5471 Ux=7.8364 Uy=3.1211]
    val_geom_camber_rc         loss=7.8885  surf[p=246.6738 Ux=5.5666 Uy=1.6166]  vol[p=220.8694 Ux=10.1068 Uy=3.8463]
    val_geom_camber_cruise     loss=3.1820  surf[p=192.3254 Ux=2.5797 Uy=0.9656]  vol[p=180.1131 Ux=6.3713 Uy=2.0220]
    val_re_rand                loss=5.0467  surf[p=203.1259 Ux=4.0360 Uy=1.2276]  vol[p=188.6042 Ux=8.0897 Uy=2.7739]
Epoch   4 (112s) [23.6GB]  train[vol=0.8848 surf=0.5378]  val_avg_surf_p=201.0624 *  lr=8.00e-04
    val_single_in_dist         loss=15.2463  surf[p=261.9430 Ux=3.6183 Uy=1.2864]  vol[p=240.6976 Ux=8.2898 Uy=3.4288]
    val_geom_camber_rc         loss=7.8663  surf[p=227.6267 Ux=4.2665 Uy=1.4749]  vol[p=189.4873 Ux=7.8568 Uy=3.8440]
    val_geom_camber_cruise     loss=3.0643  surf[p=141.2953 Ux=2.9600 Uy=0.9283]  vol[p=156.2522 Ux=6.1723 Uy=2.0908]
    val_re_rand                loss=4.5901  surf[p=173.3847 Ux=3.3206 Uy=1.1248]  vol[p=167.8186 Ux=6.6213 Uy=2.7511]
Epoch   5 (112s) [23.6GB]  train[vol=0.7819 surf=0.4768]  val_avg_surf_p=201.0964  lr=1.00e-03
    val_single_in_dist         loss=11.4870  surf[p=265.3559 Ux=5.1863 Uy=1.5737]  vol[p=237.1256 Ux=8.5084 Uy=3.1532]
    val_geom_camber_rc         loss=6.0478  surf[p=198.3624 Ux=5.2551 Uy=1.4696]  vol[p=180.4564 Ux=8.7005 Uy=3.4943]
    val_geom_camber_cruise     loss=3.2191  surf[p=166.8409 Ux=3.3019 Uy=1.0785]  vol[p=149.1404 Ux=6.3614 Uy=2.3020]
    val_re_rand                loss=4.6964  surf[p=173.8266 Ux=4.3760 Uy=1.2925]  vol[p=154.3131 Ux=7.5200 Uy=2.8089]
Epoch   6 (112s) [23.6GB]  train[vol=0.7665 surf=0.4508]  val_avg_surf_p=189.9277 *  lr=1.00e-03
    val_single_in_dist         loss=9.4315  surf[p=234.1154 Ux=2.2648 Uy=1.0534]  vol[p=221.8200 Ux=6.0693 Uy=2.7441]
    val_geom_camber_rc         loss=4.9805  surf[p=200.0970 Ux=3.6230 Uy=1.1733]  vol[p=190.8984 Ux=6.8328 Uy=3.3052]
    val_geom_camber_cruise     loss=2.0797  surf[p=149.8266 Ux=1.9856 Uy=0.7357]  vol[p=152.3401 Ux=5.5799 Uy=1.8858]
    val_re_rand                loss=3.6363  surf[p=175.6718 Ux=2.7694 Uy=0.9756]  vol[p=173.7788 Ux=6.0464 Uy=2.5048]
Epoch   7 (112s) [23.6GB]  train[vol=0.7377 surf=0.4404]  val_avg_surf_p=160.7979 *  lr=9.99e-04
    val_single_in_dist         loss=11.0464  surf[p=208.8776 Ux=2.7793 Uy=1.0233]  vol[p=196.7775 Ux=6.9196 Uy=2.7056]
    val_geom_camber_rc         loss=6.8391  surf[p=193.8101 Ux=4.0380 Uy=1.3721]  vol[p=174.2142 Ux=7.1386 Uy=3.4077]
    val_geom_camber_cruise     loss=1.5930  surf[p=106.9723 Ux=1.6388 Uy=0.6896]  vol[p=114.5393 Ux=4.4222 Uy=1.6771]
    val_re_rand                loss=3.4157  surf[p=133.5316 Ux=2.4774 Uy=0.9681]  vol[p=129.8880 Ux=5.2275 Uy=2.3336]
Epoch   8 (112s) [23.6GB]  train[vol=0.6160 surf=0.3646]  val_avg_surf_p=144.7839 *  lr=9.98e-04
    val_single_in_dist         loss=7.0236  surf[p=176.1357 Ux=3.8725 Uy=1.0831]  vol[p=169.4282 Ux=7.2791 Uy=2.7379]
    val_geom_camber_rc         loss=5.3169  surf[p=178.4444 Ux=4.9547 Uy=1.1570]  vol[p=156.1456 Ux=7.7105 Uy=3.2444]
    val_geom_camber_cruise     loss=1.7817  surf[p=101.5929 Ux=2.6391 Uy=0.8375]  vol[p=96.4417 Ux=4.8788 Uy=1.5957]
    val_re_rand                loss=2.7962  surf[p=122.9627 Ux=3.2116 Uy=0.9428]  vol[p=113.6636 Ux=5.4298 Uy=2.2552]
Epoch   9 (112s) [23.6GB]  train[vol=0.5338 surf=0.3206]  val_avg_surf_p=153.7714  lr=9.96e-04
    val_single_in_dist         loss=6.2728  surf[p=170.4368 Ux=2.7335 Uy=0.9101]  vol[p=170.7066 Ux=6.1239 Uy=2.3542]
    val_geom_camber_rc         loss=4.1330  surf[p=159.7936 Ux=3.4341 Uy=1.1342]  vol[p=161.6414 Ux=6.5208 Uy=3.1589]
    val_geom_camber_cruise     loss=2.4925  surf[p=142.9023 Ux=2.2891 Uy=0.8162]  vol[p=138.3972 Ux=5.7102 Uy=1.9051]
    val_re_rand                loss=3.1418  surf[p=141.9527 Ux=2.9073 Uy=0.9429]  vol[p=139.3786 Ux=5.9699 Uy=2.4433]
Epoch  10 (112s) [23.6GB]  train[vol=0.5685 surf=0.3039]  val_avg_surf_p=139.7723 *  lr=9.93e-04
    val_single_in_dist         loss=5.1700  surf[p=180.4551 Ux=2.6165 Uy=0.9344]  vol[p=166.3845 Ux=5.7011 Uy=2.3010]
    val_geom_camber_rc         loss=4.4813  surf[p=150.3340 Ux=3.2275 Uy=1.1795]  vol[p=139.7901 Ux=5.9413 Uy=2.9415]
    val_geom_camber_cruise     loss=1.7540  surf[p=106.8690 Ux=2.4047 Uy=0.7201]  vol[p=97.6151 Ux=4.7391 Uy=1.7342]
    val_re_rand                loss=2.5988  surf[p=121.4313 Ux=2.7313 Uy=0.9167]  vol[p=113.0480 Ux=5.1237 Uy=2.2675]
Epoch  11 (112s) [23.6GB]  train[vol=0.5156 surf=0.3054]  val_avg_surf_p=133.1028 *  lr=9.90e-04
    val_single_in_dist         loss=6.0001  surf[p=159.8237 Ux=2.2466 Uy=0.8912]  vol[p=156.8176 Ux=6.0850 Uy=2.2892]
    val_geom_camber_rc         loss=4.6363  surf[p=173.1034 Ux=3.0399 Uy=1.1592]  vol[p=172.1007 Ux=6.4151 Uy=2.9654]
    val_geom_camber_cruise     loss=1.2612  surf[p=83.1881 Ux=1.9556 Uy=0.6543]  vol[p=83.1779 Ux=4.9971 Uy=1.5160]
    val_re_rand                loss=2.6636  surf[p=116.2960 Ux=2.3239 Uy=0.8440]  vol[p=113.8817 Ux=5.3804 Uy=2.1171]
Epoch  12 (112s) [23.6GB]  train[vol=0.4378 surf=0.2480]  val_avg_surf_p=132.0371 *  lr=9.87e-04
    val_single_in_dist         loss=6.4519  surf[p=170.7789 Ux=2.2727 Uy=0.8720]  vol[p=165.8434 Ux=5.3751 Uy=2.2966]
    val_geom_camber_rc         loss=3.6288  surf[p=138.3100 Ux=2.8526 Uy=1.0559]  vol[p=140.6322 Ux=5.4452 Uy=2.8798]
    val_geom_camber_cruise     loss=1.6187  surf[p=102.0651 Ux=2.1846 Uy=0.7445]  vol[p=100.3123 Ux=4.6752 Uy=1.6146]
    val_re_rand                loss=2.3993  surf[p=116.9942 Ux=2.4905 Uy=0.8694]  vol[p=114.5978 Ux=4.8746 Uy=2.1280]
Epoch  13 (112s) [23.6GB]  train[vol=0.4382 surf=0.2419]  val_avg_surf_p=112.3798 *  lr=9.83e-04
    val_single_in_dist         loss=3.9396  surf[p=143.7946 Ux=1.8877 Uy=0.7767]  vol[p=145.4527 Ux=4.8544 Uy=1.9867]
    val_geom_camber_rc         loss=3.0759  surf[p=123.3198 Ux=2.5036 Uy=0.9912]  vol[p=123.8433 Ux=5.5343 Uy=2.6795]
    val_geom_camber_cruise     loss=1.0966  surf[p=77.9706 Ux=1.7809 Uy=0.5848]  vol[p=81.7461 Ux=4.4276 Uy=1.3952]
    val_re_rand                loss=2.1456  surf[p=104.4344 Ux=2.1449 Uy=0.7575]  vol[p=104.3326 Ux=4.8544 Uy=1.9575]
Epoch  14 (112s) [23.6GB]  train[vol=0.4324 surf=0.2166]  val_avg_surf_p=119.6427  lr=9.78e-04
    val_single_in_dist         loss=4.3977  surf[p=136.9526 Ux=1.8792 Uy=0.7399]  vol[p=136.6185 Ux=5.0562 Uy=1.9671]
    val_geom_camber_rc         loss=3.6968  surf[p=140.3563 Ux=2.2435 Uy=1.0298]  vol[p=137.0017 Ux=5.2092 Uy=2.7363]
    val_geom_camber_cruise     loss=1.0843  surf[p=88.4423 Ux=1.0731 Uy=0.5702]  vol[p=87.8303 Ux=3.5970 Uy=1.4379]
    val_re_rand                loss=2.4322  surf[p=112.8196 Ux=1.7569 Uy=0.7733]  vol[p=110.3965 Ux=4.3908 Uy=1.9824]
Epoch  15 (112s) [23.6GB]  train[vol=0.3645 surf=0.1918]  val_avg_surf_p=126.2845  lr=9.73e-04
    val_single_in_dist         loss=5.8545  surf[p=157.8278 Ux=2.0733 Uy=0.7700]  vol[p=155.1589 Ux=5.2938 Uy=1.9537]
    val_geom_camber_rc         loss=3.5606  surf[p=149.3757 Ux=2.3048 Uy=0.9575]  vol[p=147.6104 Ux=5.2522 Uy=2.5105]
    val_geom_camber_cruise     loss=1.0461  surf[p=86.7181 Ux=1.2702 Uy=0.5467]  vol[p=95.2207 Ux=3.7139 Uy=1.3680]
    val_re_rand                loss=2.0339  surf[p=111.2165 Ux=1.6952 Uy=0.7246]  vol[p=112.9796 Ux=4.1681 Uy=1.8474]
Epoch  16 (112s) [23.6GB]  train[vol=0.3448 surf=0.1842]  val_avg_surf_p=122.0552  lr=9.67e-04
    val_single_in_dist         loss=4.5969  surf[p=151.1204 Ux=2.7731 Uy=0.9124]  vol[p=149.6676 Ux=5.4324 Uy=2.1948]
    val_geom_camber_rc         loss=4.2391  surf[p=148.6569 Ux=3.7804 Uy=1.0113]  vol[p=142.0887 Ux=6.1911 Uy=2.7740]
    val_geom_camber_cruise     loss=1.1732  surf[p=85.0536 Ux=1.7539 Uy=0.6571]  vol[p=86.0149 Ux=3.8242 Uy=1.5073]
    val_re_rand                loss=2.3228  surf[p=103.3899 Ux=2.4767 Uy=0.7832]  vol[p=102.0364 Ux=4.5304 Uy=2.0293]
Epoch  17 (112s) [23.6GB]  train[vol=0.3242 surf=0.1763]  val_avg_surf_p=112.7900  lr=9.61e-04
    val_single_in_dist         loss=4.3577  surf[p=139.4959 Ux=2.0995 Uy=0.8810]  vol[p=139.4762 Ux=4.8806 Uy=2.1276]
    val_geom_camber_rc         loss=2.9891  surf[p=128.8193 Ux=3.0595 Uy=1.0648]  vol[p=137.1857 Ux=6.0780 Uy=2.8293]
    val_geom_camber_cruise     loss=1.0427  surf[p=79.1766 Ux=1.7226 Uy=0.6417]  vol[p=75.6107 Ux=4.0252 Uy=1.5357]
    val_re_rand                loss=2.0643  surf[p=103.6681 Ux=2.3505 Uy=0.8181]  vol[p=100.6311 Ux=4.8591 Uy=2.0502]
Epoch  18 (112s) [23.6GB]  train[vol=0.5088 surf=0.2278]  val_avg_surf_p=104.1512 *  lr=9.55e-04
    val_single_in_dist         loss=3.3815  surf[p=128.9844 Ux=1.6589 Uy=0.7336]  vol[p=130.0870 Ux=4.8792 Uy=1.9995]
    val_geom_camber_rc         loss=3.0064  surf[p=117.6542 Ux=2.0893 Uy=0.8544]  vol[p=114.8483 Ux=4.9072 Uy=2.3992]
    val_geom_camber_cruise     loss=0.9877  surf[p=72.3515 Ux=1.3122 Uy=0.5334]  vol[p=76.5933 Ux=3.8222 Uy=1.3721]
    val_re_rand                loss=2.1023  surf[p=97.6145 Ux=1.6850 Uy=0.6739]  vol[p=93.9370 Ux=4.2011 Uy=1.8197]
Epoch  19 (112s) [23.6GB]  train[vol=0.3585 surf=0.1902]  val_avg_surf_p=105.2989  lr=9.47e-04
    val_single_in_dist         loss=3.5820  surf[p=126.8194 Ux=1.5322 Uy=0.6956]  vol[p=132.5426 Ux=4.4431 Uy=1.8212]
    val_geom_camber_rc         loss=2.8775  surf[p=118.5895 Ux=2.0032 Uy=0.8814]  vol[p=121.1923 Ux=4.8347 Uy=2.3532]
    val_geom_camber_cruise     loss=0.8742  surf[p=74.5529 Ux=1.1530 Uy=0.5401]  vol[p=77.2846 Ux=3.2903 Uy=1.3312]
    val_re_rand                loss=2.3022  surf[p=101.2338 Ux=1.6428 Uy=0.7049]  vol[p=97.7497 Ux=4.0408 Uy=1.8055]
Epoch  20 (112s) [23.6GB]  train[vol=0.2915 surf=0.1458]  val_avg_surf_p=106.3263  lr=9.40e-04
    val_single_in_dist         loss=4.5479  surf[p=136.4672 Ux=2.5752 Uy=0.7964]  vol[p=132.5726 Ux=5.8405 Uy=2.0120]
    val_geom_camber_rc         loss=2.9067  surf[p=123.3289 Ux=3.1999 Uy=0.9697]  vol[p=127.0795 Ux=6.6202 Uy=2.5376]
    val_geom_camber_cruise     loss=0.9376  surf[p=68.1879 Ux=1.9635 Uy=0.5363]  vol[p=69.9838 Ux=4.7264 Uy=1.3219]
    val_re_rand                loss=2.1414  surf[p=97.3211 Ux=2.5050 Uy=0.7377]  vol[p=94.5365 Ux=5.4203 Uy=1.8420]
Epoch  21 (112s) [23.6GB]  train[vol=0.2914 surf=0.1343]  val_avg_surf_p=94.4571 *  lr=9.32e-04
    val_single_in_dist         loss=3.8602  surf[p=119.3724 Ux=1.5787 Uy=0.6494]  vol[p=119.7377 Ux=4.3322 Uy=1.7101]
    val_geom_camber_rc         loss=2.2161  surf[p=101.6959 Ux=1.9546 Uy=0.8383]  vol[p=101.1120 Ux=4.6513 Uy=2.2673]
    val_geom_camber_cruise     loss=0.7602  surf[p=65.4500 Ux=1.0581 Uy=0.5168]  vol[p=67.6780 Ux=3.0205 Uy=1.2423]
    val_re_rand                loss=1.7600  surf[p=91.3100 Ux=1.5899 Uy=0.6487]  vol[p=86.8321 Ux=3.7119 Uy=1.6921]
Epoch  22 (112s) [23.6GB]  train[vol=0.3957 surf=0.1895]  val_avg_surf_p=119.0117  lr=9.23e-04
    val_single_in_dist         loss=4.4107  surf[p=166.6948 Ux=1.6764 Uy=0.8200]  vol[p=170.5881 Ux=4.6243 Uy=2.0597]
    val_geom_camber_rc         loss=3.3308  surf[p=139.4097 Ux=1.9193 Uy=0.9066]  vol[p=141.4774 Ux=4.9007 Uy=2.4048]
    val_geom_camber_cruise     loss=0.8674  surf[p=66.3000 Ux=1.0177 Uy=0.4826]  vol[p=73.5461 Ux=3.4558 Uy=1.2270]
    val_re_rand                loss=2.3972  surf[p=103.6423 Ux=1.4914 Uy=0.6684]  vol[p=103.0480 Ux=3.9897 Uy=1.7233]
Epoch  23 (112s) [23.6GB]  train[vol=0.3096 surf=0.1492]  val_avg_surf_p=92.9852 *  lr=9.14e-04
    val_single_in_dist         loss=3.0939  surf[p=117.8821 Ux=1.4399 Uy=0.6251]  vol[p=116.1567 Ux=3.8975 Uy=1.6654]
    val_geom_camber_rc         loss=2.6191  surf[p=108.3613 Ux=1.9721 Uy=0.7688]  vol[p=112.4820 Ux=4.7696 Uy=2.2009]
    val_geom_camber_cruise     loss=0.7833  surf[p=63.4113 Ux=0.9774 Uy=0.4525]  vol[p=65.4040 Ux=3.2534 Uy=1.2059]
    val_re_rand                loss=1.5458  surf[p=82.2861 Ux=1.5283 Uy=0.5858]  vol[p=81.9103 Ux=3.9256 Uy=1.6525]
Epoch  24 (112s) [23.6GB]  train[vol=0.2915 surf=0.1378]  val_avg_surf_p=92.8716 *  lr=9.05e-04
    val_single_in_dist         loss=3.3508  surf[p=111.7501 Ux=1.4464 Uy=0.5816]  vol[p=109.1728 Ux=3.8051 Uy=1.5491]
    val_geom_camber_rc         loss=2.4014  surf[p=102.1476 Ux=1.9605 Uy=0.7770]  vol[p=102.5130 Ux=4.5253 Uy=2.1774]
    val_geom_camber_cruise     loss=0.8483  surf[p=72.3076 Ux=1.3319 Uy=0.5327]  vol[p=74.6007 Ux=3.2122 Uy=1.2196]
    val_re_rand                loss=1.4380  surf[p=85.2810 Ux=1.6736 Uy=0.6264]  vol[p=86.4547 Ux=3.7525 Uy=1.6134]
Epoch  25 (112s) [23.6GB]  train[vol=0.2966 surf=0.1362]  val_avg_surf_p=90.9990 *  lr=8.95e-04
    val_single_in_dist         loss=2.9660  surf[p=113.5116 Ux=1.8863 Uy=0.6492]  vol[p=127.8783 Ux=4.2869 Uy=1.6774]
    val_geom_camber_rc         loss=2.4082  surf[p=104.5212 Ux=1.8800 Uy=0.7944]  vol[p=111.9592 Ux=4.6868 Uy=2.1705]
    val_geom_camber_cruise     loss=0.8689  surf[p=61.8796 Ux=1.8043 Uy=0.4645]  vol[p=70.1531 Ux=3.9143 Uy=1.2319]
    val_re_rand                loss=1.6206  surf[p=84.0838 Ux=1.7433 Uy=0.6097]  vol[p=86.3949 Ux=4.0803 Uy=1.6102]
Epoch  26 (112s) [23.6GB]  train[vol=0.2531 surf=0.1173]  val_avg_surf_p=99.1227  lr=8.84e-04
    val_single_in_dist         loss=3.4668  surf[p=131.4506 Ux=2.1630 Uy=0.7219]  vol[p=121.2659 Ux=4.1872 Uy=1.6985]
    val_geom_camber_rc         loss=2.3521  surf[p=109.0397 Ux=2.0803 Uy=0.8258]  vol[p=110.0964 Ux=4.6972 Uy=2.2290]
    val_geom_camber_cruise     loss=0.8208  surf[p=69.3113 Ux=1.3081 Uy=0.5335]  vol[p=73.9742 Ux=3.2963 Uy=1.2139]
    val_re_rand                loss=1.5275  surf[p=86.6890 Ux=1.6203 Uy=0.6511]  vol[p=86.1948 Ux=3.7648 Uy=1.6361]
Epoch  27 (112s) [23.6GB]  train[vol=0.2350 surf=0.1180]  val_avg_surf_p=93.5704  lr=8.73e-04
    val_single_in_dist         loss=3.0022  surf[p=108.3942 Ux=1.3704 Uy=0.6995]  vol[p=114.5557 Ux=3.8064 Uy=1.7783]
    val_geom_camber_rc         loss=2.4693  surf[p=113.0086 Ux=1.8614 Uy=0.8955]  vol[p=115.9889 Ux=4.3379 Uy=2.3117]
    val_geom_camber_cruise     loss=0.9160  surf[p=69.2959 Ux=1.1282 Uy=0.5439]  vol[p=73.4175 Ux=3.1267 Uy=1.4158]
    val_re_rand                loss=1.6358  surf[p=83.5829 Ux=1.4118 Uy=0.6492]  vol[p=85.3163 Ux=3.4781 Uy=1.7125]
Epoch  28 (112s) [23.6GB]  train[vol=0.3054 surf=0.1399]  val_avg_surf_p=88.3079 *  lr=8.62e-04
    val_single_in_dist         loss=2.8418  surf[p=107.5370 Ux=1.4793 Uy=0.6020]  vol[p=102.8720 Ux=3.8944 Uy=1.4786]
    val_geom_camber_rc         loss=2.0151  surf[p=101.8315 Ux=2.0096 Uy=0.7666]  vol[p=102.9065 Ux=4.6332 Uy=2.0757]
    val_geom_camber_cruise     loss=0.6607  surf[p=60.7439 Ux=1.0338 Uy=0.4314]  vol[p=59.9997 Ux=2.8833 Uy=1.0719]
    val_re_rand                loss=1.4900  surf[p=83.1194 Ux=1.5414 Uy=0.5890]  vol[p=79.0674 Ux=3.6202 Uy=1.4912]
Epoch  29 (112s) [23.6GB]  train[vol=0.2198 surf=0.1152]  val_avg_surf_p=106.2559  lr=8.51e-04
    val_single_in_dist         loss=3.2341  surf[p=142.0218 Ux=1.9417 Uy=0.6957]  vol[p=142.3519 Ux=4.6251 Uy=1.7045]
    val_geom_camber_rc         loss=2.4997  surf[p=116.5387 Ux=1.6002 Uy=0.8060]  vol[p=111.6029 Ux=4.3679 Uy=2.1635]
    val_geom_camber_cruise     loss=0.8738  surf[p=74.6531 Ux=1.1998 Uy=0.5932]  vol[p=75.9469 Ux=3.2960 Uy=1.2397]
    val_re_rand                loss=1.6609  surf[p=91.8101 Ux=1.4264 Uy=0.6672]  vol[p=89.6072 Ux=3.7171 Uy=1.6215]
Epoch  30 (112s) [23.6GB]  train[vol=0.3037 surf=0.1527]  val_avg_surf_p=83.1558 *  lr=8.39e-04
    val_single_in_dist         loss=3.4976  surf[p=104.1885 Ux=1.5045 Uy=0.5998]  vol[p=101.8333 Ux=3.7655 Uy=1.4651]
    val_geom_camber_rc         loss=1.8628  surf[p=91.5484 Ux=1.6845 Uy=0.7288]  vol[p=92.8630 Ux=4.2755 Uy=1.9819]
    val_geom_camber_cruise     loss=0.7561  surf[p=62.2610 Ux=1.1260 Uy=0.4766]  vol[p=62.3326 Ux=3.0164 Uy=1.1292]
    val_re_rand                loss=1.2843  surf[p=74.6253 Ux=1.3462 Uy=0.5751]  vol[p=74.7710 Ux=3.4198 Uy=1.4742]
Epoch  31 (112s) [23.6GB]  train[vol=0.2325 surf=0.1147]  val_avg_surf_p=97.7606  lr=8.26e-04
    val_single_in_dist         loss=4.0289  surf[p=121.8078 Ux=1.1192 Uy=0.6490]  vol[p=116.0247 Ux=3.4570 Uy=1.5963]
    val_geom_camber_rc         loss=2.4807  surf[p=110.8958 Ux=1.5584 Uy=0.7888]  vol[p=107.5362 Ux=4.1592 Uy=2.1085]
    val_geom_camber_cruise     loss=0.9318  surf[p=70.6239 Ux=0.7987 Uy=0.4593]  vol[p=70.8067 Ux=3.0496 Uy=1.3141]
    val_re_rand                loss=1.7348  surf[p=87.7148 Ux=1.1790 Uy=0.5946]  vol[p=85.4410 Ux=3.4165 Uy=1.6129]
Epoch  32 (112s) [23.6GB]  train[vol=0.2492 surf=0.1071]  val_avg_surf_p=74.2895 *  lr=8.14e-04
    val_single_in_dist         loss=2.2452  surf[p=86.0773 Ux=1.1060 Uy=0.5749]  vol[p=83.5733 Ux=3.5149 Uy=1.3680]
    val_geom_camber_rc         loss=1.9585  surf[p=88.2862 Ux=1.5304 Uy=0.7162]  vol[p=87.4601 Ux=4.2597 Uy=1.9086]
    val_geom_camber_cruise     loss=0.5501  surf[p=50.9067 Ux=0.8407 Uy=0.4331]  vol[p=50.3675 Ux=2.7256 Uy=0.9973]
    val_re_rand                loss=1.3020  surf[p=71.8877 Ux=1.2321 Uy=0.5768]  vol[p=69.4789 Ux=3.3086 Uy=1.4039]
Epoch  33 (112s) [23.6GB]  train[vol=0.2101 surf=0.1002]  val_avg_surf_p=99.3639  lr=8.01e-04
    val_single_in_dist         loss=2.5375  surf[p=101.1398 Ux=1.1830 Uy=0.6031]  vol[p=101.2303 Ux=3.5247 Uy=1.5624]
    val_geom_camber_rc         loss=2.8231  surf[p=141.7178 Ux=2.0545 Uy=0.8795]  vol[p=128.7578 Ux=4.6785 Uy=2.1675]
    val_geom_camber_cruise     loss=0.6092  surf[p=56.4803 Ux=1.0879 Uy=0.4679]  vol[p=65.7458 Ux=3.0307 Uy=1.1311]
    val_re_rand                loss=2.0140  surf[p=98.1175 Ux=1.5002 Uy=0.6653]  vol[p=94.2826 Ux=3.6450 Uy=1.5754]
Epoch  34 (112s) [23.6GB]  train[vol=0.3030 surf=0.1368]  val_avg_surf_p=91.2201  lr=7.87e-04
    val_single_in_dist         loss=3.5171  surf[p=123.2397 Ux=1.3889 Uy=0.7307]  vol[p=112.6905 Ux=3.9338 Uy=1.7377]
    val_geom_camber_rc         loss=2.5332  surf[p=114.3630 Ux=1.7886 Uy=0.8608]  vol[p=112.0189 Ux=4.7071 Uy=2.2513]
    val_geom_camber_cruise     loss=0.5357  surf[p=50.0263 Ux=0.6528 Uy=0.3961]  vol[p=51.4512 Ux=2.5802 Uy=0.9735]
    val_re_rand                loss=1.3840  surf[p=77.2513 Ux=1.1614 Uy=0.5931]  vol[p=75.2033 Ux=3.3881 Uy=1.4816]
Epoch  35 (112s) [23.6GB]  train[vol=0.2006 surf=0.0904]  val_avg_surf_p=72.0910 *  lr=7.73e-04
    val_single_in_dist         loss=1.8920  surf[p=83.0034 Ux=1.1274 Uy=0.4723]  vol[p=88.5377 Ux=3.4049 Uy=1.2743]
    val_geom_camber_rc         loss=1.7954  surf[p=87.5025 Ux=1.4250 Uy=0.6589]  vol[p=86.1929 Ux=3.8040 Uy=1.7872]
    val_geom_camber_cruise     loss=0.5126  surf[p=49.6689 Ux=0.8190 Uy=0.3496]  vol[p=50.5435 Ux=2.3801 Uy=0.9047]
    val_re_rand                loss=1.1841  surf[p=68.1890 Ux=1.1359 Uy=0.4938]  vol[p=67.1236 Ux=2.9891 Uy=1.2708]
Epoch  36 (112s) [23.6GB]  train[vol=0.2356 surf=0.1141]  val_avg_surf_p=74.4859  lr=7.59e-04
    val_single_in_dist         loss=3.0874  surf[p=91.0247 Ux=1.3471 Uy=0.5499]  vol[p=88.5472 Ux=3.1489 Uy=1.2880]
    val_geom_camber_rc         loss=1.7159  surf[p=87.1891 Ux=1.7932 Uy=0.6520]  vol[p=84.1361 Ux=3.9310 Uy=1.7990]
    val_geom_camber_cruise     loss=0.5737  surf[p=51.5482 Ux=1.3266 Uy=0.4592]  vol[p=50.8594 Ux=2.8506 Uy=0.9503]
    val_re_rand                loss=1.2083  surf[p=68.1815 Ux=1.5887 Uy=0.5287]  vol[p=66.3076 Ux=3.3078 Uy=1.3140]
Epoch  37 (112s) [23.6GB]  train[vol=0.2155 surf=0.1093]  val_avg_surf_p=79.0450  lr=7.45e-04
    val_single_in_dist         loss=2.6989  surf[p=91.0088 Ux=1.0686 Uy=0.5081]  vol[p=92.3011 Ux=3.2436 Uy=1.3003]
    val_geom_camber_rc         loss=2.4256  surf[p=95.6584 Ux=1.5742 Uy=0.6935]  vol[p=97.1270 Ux=4.1324 Uy=1.9004]
    val_geom_camber_cruise     loss=0.5334  surf[p=54.2922 Ux=0.8745 Uy=0.3489]  vol[p=52.2755 Ux=2.8629 Uy=0.9780]
    val_re_rand                loss=1.3271  surf[p=75.2208 Ux=1.2031 Uy=0.5027]  vol[p=71.8284 Ux=3.3091 Uy=1.3638]
Epoch  38 (112s) [23.6GB]  train[vol=0.1966 surf=0.0930]  val_avg_surf_p=74.3258  lr=7.31e-04
    val_single_in_dist         loss=2.4190  surf[p=82.6846 Ux=0.9689 Uy=0.4841]  vol[p=81.6395 Ux=3.0798 Uy=1.2907]
    val_geom_camber_rc         loss=1.7646  surf[p=94.2928 Ux=1.4737 Uy=0.6626]  vol[p=92.6357 Ux=4.0185 Uy=1.8962]
    val_geom_camber_cruise     loss=0.5741  surf[p=49.2036 Ux=0.7470 Uy=0.4131]  vol[p=47.8742 Ux=2.5104 Uy=0.9847]
    val_re_rand                loss=1.1937  surf[p=71.1222 Ux=1.0857 Uy=0.5310]  vol[p=67.9323 Ux=3.0827 Uy=1.3742]
Epoch  39 (112s) [23.6GB]  train[vol=0.2331 surf=0.1131]  val_avg_surf_p=75.2114  lr=7.16e-04
    val_single_in_dist         loss=1.8977  surf[p=83.2500 Ux=1.4164 Uy=0.5186]  vol[p=82.5234 Ux=3.5748 Uy=1.2484]
    val_geom_camber_rc         loss=1.8519  surf[p=92.2055 Ux=1.4373 Uy=0.6474]  vol[p=89.9973 Ux=3.9296 Uy=1.7727]
    val_geom_camber_cruise     loss=0.5277  surf[p=54.0838 Ux=0.7106 Uy=0.4172]  vol[p=51.3499 Ux=2.6653 Uy=0.9418]
    val_re_rand                loss=1.1201  surf[p=71.3064 Ux=1.0427 Uy=0.5107]  vol[p=66.7045 Ux=3.1037 Uy=1.2702]
Epoch  40 (112s) [23.6GB]  train[vol=0.2584 surf=0.1260]  val_avg_surf_p=70.4876 *  lr=7.01e-04
    val_single_in_dist         loss=2.3491  surf[p=82.9414 Ux=0.9513 Uy=0.4981]  vol[p=82.0780 Ux=2.9857 Uy=1.2103]
    val_geom_camber_rc         loss=1.8935  surf[p=89.8537 Ux=1.3518 Uy=0.6459]  vol[p=86.2698 Ux=3.7408 Uy=1.7744]
    val_geom_camber_cruise     loss=0.4621  surf[p=43.5406 Ux=0.6820 Uy=0.4381]  vol[p=46.2973 Ux=2.3994 Uy=1.0131]
    val_re_rand                loss=1.1336  surf[p=65.6148 Ux=0.9814 Uy=0.5245]  vol[p=64.6808 Ux=2.8886 Uy=1.3365]
Epoch  41 (112s) [23.6GB]  train[vol=0.1600 surf=0.0684]  val_avg_surf_p=71.5472  lr=6.86e-04
    val_single_in_dist         loss=1.3037  surf[p=76.1837 Ux=0.9596 Uy=0.4713]  vol[p=78.8976 Ux=3.0169 Uy=1.2826]
    val_geom_camber_rc         loss=1.9443  surf[p=91.8155 Ux=1.4728 Uy=0.6816]  vol[p=87.8957 Ux=3.8381 Uy=1.7980]
    val_geom_camber_cruise     loss=0.5097  surf[p=49.1546 Ux=1.1956 Uy=0.3197]  vol[p=48.0363 Ux=3.0164 Uy=0.9049]
    val_re_rand                loss=1.1159  surf[p=69.0352 Ux=1.2560 Uy=0.4813]  vol[p=64.9445 Ux=3.2740 Uy=1.2847]
Epoch  42 (112s) [23.6GB]  train[vol=0.1922 surf=0.0836]  val_avg_surf_p=69.6144 *  lr=6.70e-04
    val_single_in_dist         loss=2.4965  surf[p=88.2743 Ux=1.3986 Uy=0.4643]  vol[p=90.3122 Ux=3.6784 Uy=1.1822]
    val_geom_camber_rc         loss=1.5282  surf[p=81.7154 Ux=1.5071 Uy=0.5967]  vol[p=83.5973 Ux=4.0304 Uy=1.7706]
    val_geom_camber_cruise     loss=0.4247  surf[p=44.0588 Ux=0.6343 Uy=0.3273]  vol[p=44.1524 Ux=2.3590 Uy=0.8391]
    val_re_rand                loss=1.0977  surf[p=64.4093 Ux=1.0715 Uy=0.4558]  vol[p=63.8156 Ux=3.0404 Uy=1.2489]
Epoch  43 (112s) [23.6GB]  train[vol=0.3165 surf=0.1293]  val_avg_surf_p=68.9434 *  lr=6.55e-04
    val_single_in_dist         loss=1.6421  surf[p=77.5219 Ux=1.1281 Uy=0.4479]  vol[p=73.3768 Ux=3.2618 Uy=1.1320]
    val_geom_camber_rc         loss=2.0964  surf[p=84.7001 Ux=1.2264 Uy=0.5978]  vol[p=83.9191 Ux=3.6276 Uy=1.6758]
    val_geom_camber_cruise     loss=0.4425  surf[p=46.7759 Ux=0.7545 Uy=0.3433]  vol[p=44.9936 Ux=2.5385 Uy=0.9070]
    val_re_rand                loss=1.1619  surf[p=66.7757 Ux=1.0231 Uy=0.4649]  vol[p=63.4608 Ux=2.9743 Uy=1.2462]
Epoch  44 (112s) [23.6GB]  train[vol=0.1396 surf=0.0661]  val_avg_surf_p=67.3330 *  lr=6.39e-04
    val_single_in_dist         loss=2.8868  surf[p=84.6370 Ux=1.1830 Uy=0.4741]  vol[p=82.6028 Ux=2.9618 Uy=1.0973]
    val_geom_camber_rc         loss=1.5493  surf[p=81.6031 Ux=1.2824 Uy=0.5972]  vol[p=83.5755 Ux=3.6642 Uy=1.6541]
    val_geom_camber_cruise     loss=0.4245  surf[p=42.5240 Ux=0.8928 Uy=0.3420]  vol[p=43.4351 Ux=2.4352 Uy=0.8606]
    val_re_rand                loss=1.0021  surf[p=60.5679 Ux=1.0534 Uy=0.4537]  vol[p=60.2683 Ux=2.8565 Uy=1.1929]
Epoch  45 (112s) [23.6GB]  train[vol=0.1447 surf=0.0677]  val_avg_surf_p=63.8222 *  lr=6.23e-04
    val_single_in_dist         loss=1.8886  surf[p=77.0522 Ux=0.9796 Uy=0.4766]  vol[p=76.3829 Ux=2.9546 Uy=1.1005]
    val_geom_camber_rc         loss=1.4441  surf[p=75.0934 Ux=1.2851 Uy=0.5967]  vol[p=74.7100 Ux=3.6776 Uy=1.6185]
    val_geom_camber_cruise     loss=0.4214  surf[p=44.0462 Ux=0.6550 Uy=0.3803]  vol[p=43.9388 Ux=2.3803 Uy=0.8527]
    val_re_rand                loss=0.9950  surf[p=59.0970 Ux=0.9731 Uy=0.4696]  vol[p=58.5185 Ux=2.8718 Uy=1.1797]
Epoch  46 (112s) [23.6GB]  train[vol=0.2275 surf=0.1145]  val_avg_surf_p=66.4742  lr=6.07e-04
    val_single_in_dist         loss=2.1375  surf[p=82.0825 Ux=1.3412 Uy=0.4293]  vol[p=85.0816 Ux=3.5025 Uy=1.1863]
    val_geom_camber_rc         loss=1.4586  surf[p=80.2277 Ux=1.6518 Uy=0.5658]  vol[p=81.5889 Ux=4.1184 Uy=1.6308]
    val_geom_camber_cruise     loss=0.3880  surf[p=41.8719 Ux=0.7766 Uy=0.3164]  vol[p=40.2547 Ux=2.5023 Uy=0.7781]
    val_re_rand                loss=1.1450  surf[p=61.7146 Ux=1.2156 Uy=0.4322]  vol[p=59.5638 Ux=3.1432 Uy=1.1750]
Epoch  47 (112s) [23.6GB]  train[vol=0.2313 surf=0.1004]  val_avg_surf_p=67.2608  lr=5.90e-04
    val_single_in_dist         loss=2.6202  surf[p=81.9059 Ux=0.9604 Uy=0.4525]  vol[p=74.9758 Ux=2.7761 Uy=1.0502]
    val_geom_camber_rc         loss=1.7060  surf[p=82.0463 Ux=1.1517 Uy=0.6093]  vol[p=78.3731 Ux=3.4566 Uy=1.5878]
    val_geom_camber_cruise     loss=0.4463  surf[p=43.7486 Ux=0.6931 Uy=0.3167]  vol[p=44.4367 Ux=2.4003 Uy=0.8118]
    val_re_rand                loss=1.0398  surf[p=61.3422 Ux=0.8969 Uy=0.4366]  vol[p=58.7791 Ux=2.8065 Uy=1.1474]
Epoch  48 (112s) [23.6GB]  train[vol=0.1570 surf=0.0696]  val_avg_surf_p=68.4500  lr=5.74e-04
    val_single_in_dist         loss=1.8761  surf[p=81.1938 Ux=1.1824 Uy=0.4358]  vol[p=73.6181 Ux=2.9822 Uy=1.0520]
    val_geom_camber_rc         loss=1.2986  surf[p=78.7380 Ux=1.4826 Uy=0.5964]  vol[p=74.3758 Ux=3.6002 Uy=1.6254]
    val_geom_camber_cruise     loss=0.4443  surf[p=49.7380 Ux=1.2113 Uy=0.3129]  vol[p=44.7379 Ux=2.6778 Uy=0.8014]
    val_re_rand                loss=1.0587  surf[p=64.1303 Ux=1.2968 Uy=0.4498]  vol[p=58.9086 Ux=3.0106 Uy=1.1589]
Epoch  49 (112s) [23.6GB]  train[vol=0.2612 surf=0.1113]  val_avg_surf_p=67.2749  lr=5.58e-04
    val_single_in_dist         loss=1.7272  surf[p=72.4108 Ux=0.7805 Uy=0.4139]  vol[p=68.3627 Ux=2.8133 Uy=1.0400]
    val_geom_camber_rc         loss=1.7233  surf[p=84.4126 Ux=1.2049 Uy=0.5840]  vol[p=80.7337 Ux=3.5114 Uy=1.5953]
    val_geom_camber_cruise     loss=0.4461  surf[p=47.6100 Ux=0.6248 Uy=0.3229]  vol[p=48.4176 Ux=2.2721 Uy=0.8355]
    val_re_rand                loss=0.9739  surf[p=64.6662 Ux=0.9252 Uy=0.4225]  vol[p=62.2976 Ux=2.7306 Uy=1.1432]
Epoch  50 (112s) [23.6GB]  train[vol=0.1231 surf=0.0499]  val_avg_surf_p=64.6947  lr=5.41e-04
    val_single_in_dist         loss=2.3528  surf[p=84.3978 Ux=1.0150 Uy=0.4766]  vol[p=79.1144 Ux=2.8182 Uy=1.0834]
    val_geom_camber_rc         loss=1.3545  surf[p=71.9429 Ux=1.1051 Uy=0.5342]  vol[p=71.2261 Ux=3.2695 Uy=1.4925]
    val_geom_camber_cruise     loss=0.4116  surf[p=42.8918 Ux=0.7220 Uy=0.3144]  vol[p=41.5563 Ux=2.2640 Uy=0.7957]
    val_re_rand                loss=0.9834  surf[p=59.5463 Ux=0.9310 Uy=0.4190]  vol[p=57.1606 Ux=2.6659 Uy=1.1073]
Epoch  51 (112s) [23.6GB]  train[vol=0.1500 surf=0.0544]  val_avg_surf_p=59.7837 *  lr=5.25e-04
    val_single_in_dist         loss=1.4112  surf[p=66.5363 Ux=1.0473 Uy=0.4408]  vol[p=68.5600 Ux=2.8163 Uy=1.0270]
    val_geom_camber_rc         loss=1.4932  surf[p=74.1695 Ux=1.3183 Uy=0.5622]  vol[p=71.6830 Ux=3.4742 Uy=1.5281]
    val_geom_camber_cruise     loss=0.3796  surf[p=41.4136 Ux=0.8417 Uy=0.2958]  vol[p=38.4252 Ux=2.4630 Uy=0.7671]
    val_re_rand                loss=0.9396  surf[p=57.0153 Ux=1.0512 Uy=0.4201]  vol[p=53.6980 Ux=2.8299 Uy=1.0927]
Epoch  52 (112s) [23.6GB]  train[vol=0.1527 surf=0.0693]  val_avg_surf_p=57.8469 *  lr=5.08e-04
    val_single_in_dist         loss=1.5698  surf[p=65.5781 Ux=0.7940 Uy=0.3872]  vol[p=63.9143 Ux=2.5649 Uy=0.9908]
    val_geom_camber_rc         loss=1.3484  surf[p=71.1224 Ux=1.0440 Uy=0.5357]  vol[p=69.8566 Ux=3.2060 Uy=1.4862]
    val_geom_camber_cruise     loss=0.3853  surf[p=41.4966 Ux=0.4758 Uy=0.2906]  vol[p=39.4446 Ux=2.0849 Uy=0.7613]
    val_re_rand                loss=0.8118  surf[p=53.1906 Ux=0.7308 Uy=0.3989]  vol[p=51.6682 Ux=2.5048 Uy=1.0686]
Epoch  53 (112s) [23.6GB]  train[vol=0.2491 surf=0.1115]  val_avg_surf_p=58.4294  lr=4.92e-04
    val_single_in_dist         loss=2.0522  surf[p=67.9599 Ux=0.8139 Uy=0.3878]  vol[p=63.1112 Ux=2.5139 Uy=0.9624]
    val_geom_camber_rc         loss=1.3374  surf[p=73.5350 Ux=1.0422 Uy=0.5286]  vol[p=70.5947 Ux=3.2863 Uy=1.5116]
    val_geom_camber_cruise     loss=0.3624  surf[p=38.9334 Ux=0.6506 Uy=0.2859]  vol[p=39.7118 Ux=2.2347 Uy=0.7640]
    val_re_rand                loss=0.8253  surf[p=53.2891 Ux=0.8210 Uy=0.3845]  vol[p=52.4230 Ux=2.5855 Uy=1.0651]
Epoch  54 (112s) [23.6GB]  train[vol=0.1107 surf=0.0418]  val_avg_surf_p=61.0110  lr=4.75e-04
    val_single_in_dist         loss=1.5268  surf[p=67.2679 Ux=0.7698 Uy=0.4535]  vol[p=63.1213 Ux=2.6117 Uy=1.0454]
    val_geom_camber_rc         loss=1.5192  surf[p=76.8052 Ux=1.1684 Uy=0.6032]  vol[p=70.7840 Ux=3.4313 Uy=1.5574]
    val_geom_camber_cruise     loss=0.3959  surf[p=43.2429 Ux=0.5882 Uy=0.3417]  vol[p=40.6309 Ux=2.3398 Uy=0.8165]
    val_re_rand                loss=0.8414  surf[p=56.7280 Ux=0.8612 Uy=0.4438]  vol[p=53.0077 Ux=2.7065 Uy=1.1106]
Epoch  55 (112s) [23.6GB]  train[vol=0.1298 surf=0.0673]  val_avg_surf_p=58.5737  lr=4.59e-04
    val_single_in_dist         loss=1.2187  surf[p=63.5960 Ux=0.8351 Uy=0.3772]  vol[p=63.6118 Ux=2.5847 Uy=0.9919]
    val_geom_camber_rc         loss=1.3991  surf[p=73.5918 Ux=1.1576 Uy=0.5338]  vol[p=68.6847 Ux=3.2099 Uy=1.4812]
    val_geom_camber_cruise     loss=0.3555  surf[p=39.9877 Ux=0.6928 Uy=0.3069]  vol[p=42.0818 Ux=2.3289 Uy=0.7947]
    val_re_rand                loss=0.8878  surf[p=57.1191 Ux=0.9524 Uy=0.4041]  vol[p=54.6192 Ux=2.6882 Uy=1.0846]
Epoch  56 (112s) [23.6GB]  train[vol=0.0906 surf=0.0381]  val_avg_surf_p=59.5902  lr=4.42e-04
    val_single_in_dist         loss=2.4718  surf[p=65.2629 Ux=0.7211 Uy=0.3782]  vol[p=66.5514 Ux=2.5685 Uy=0.9130]
    val_geom_camber_rc         loss=1.5409  surf[p=75.2834 Ux=1.1163 Uy=0.5484]  vol[p=77.0337 Ux=3.4165 Uy=1.5070]
    val_geom_camber_cruise     loss=0.3625  surf[p=41.6196 Ux=0.5297 Uy=0.2952]  vol[p=37.8815 Ux=2.2477 Uy=0.7620]
    val_re_rand                loss=0.8846  surf[p=56.1948 Ux=0.8000 Uy=0.4101]  vol[p=54.0560 Ux=2.6613 Uy=1.0797]
Epoch  57 (112s) [23.6GB]  train[vol=0.1281 surf=0.0557]  val_avg_surf_p=55.3299 *  lr=4.26e-04
    val_single_in_dist         loss=1.1404  surf[p=58.3674 Ux=0.7649 Uy=0.3437]  vol[p=59.0266 Ux=2.5220 Uy=0.8815]
    val_geom_camber_rc         loss=1.4511  surf[p=68.2442 Ux=1.0450 Uy=0.5167]  vol[p=68.2704 Ux=3.2410 Uy=1.4527]
    val_geom_camber_cruise     loss=0.3607  surf[p=40.7009 Ux=0.5905 Uy=0.2577]  vol[p=37.3594 Ux=2.2214 Uy=0.7313]
    val_re_rand                loss=0.8555  surf[p=54.0072 Ux=0.7884 Uy=0.3651]  vol[p=51.2105 Ux=2.5506 Uy=1.0271]
Epoch  58 (112s) [23.6GB]  train[vol=0.1214 surf=0.0439]  val_avg_surf_p=52.1701 *  lr=4.10e-04
    val_single_in_dist         loss=1.4903  surf[p=60.1967 Ux=0.6457 Uy=0.3576]  vol[p=58.4492 Ux=2.2463 Uy=0.9170]
    val_geom_camber_rc         loss=1.2634  surf[p=65.0762 Ux=0.9555 Uy=0.5025]  vol[p=66.7418 Ux=3.0988 Uy=1.4094]
    val_geom_camber_cruise     loss=0.2870  surf[p=33.5415 Ux=0.4996 Uy=0.2627]  vol[p=34.5552 Ux=1.9431 Uy=0.7051]
    val_re_rand                loss=0.8094  surf[p=49.8657 Ux=0.7136 Uy=0.3714]  vol[p=49.4170 Ux=2.3634 Uy=1.0125]
Epoch  59 (112s) [23.6GB]  train[vol=0.1002 surf=0.0366]  val_avg_surf_p=60.0416  lr=3.93e-04
    val_single_in_dist         loss=1.8289  surf[p=64.2089 Ux=0.6619 Uy=0.3563]  vol[p=60.7738 Ux=2.3215 Uy=0.8793]
    val_geom_camber_rc         loss=1.4586  surf[p=76.4478 Ux=1.0173 Uy=0.5329]  vol[p=71.1724 Ux=3.0878 Uy=1.4442]
    val_geom_camber_cruise     loss=0.3340  surf[p=42.2613 Ux=0.6296 Uy=0.2853]  vol[p=40.2045 Ux=2.1936 Uy=0.7390]
    val_re_rand                loss=0.8024  surf[p=57.2485 Ux=0.7839 Uy=0.3914]  vol[p=53.2139 Ux=2.4675 Uy=1.0214]
Epoch  60 (112s) [23.6GB]  train[vol=0.1038 surf=0.0409]  val_avg_surf_p=53.9223  lr=3.77e-04
    val_single_in_dist         loss=1.6613  surf[p=61.4967 Ux=0.7581 Uy=0.3977]  vol[p=58.9358 Ux=2.3009 Uy=0.9498]
    val_geom_camber_rc         loss=1.4977  surf[p=66.0329 Ux=1.0859 Uy=0.5302]  vol[p=66.7113 Ux=3.1240 Uy=1.4767]
    val_geom_camber_cruise     loss=0.3153  surf[p=36.4569 Ux=0.5133 Uy=0.2859]  vol[p=38.1561 Ux=2.0208 Uy=0.7454]
    val_re_rand                loss=0.8125  surf[p=51.7028 Ux=0.7988 Uy=0.4051]  vol[p=51.3637 Ux=2.4343 Uy=1.0708]
Epoch  61 (112s) [23.6GB]  train[vol=0.1676 surf=0.0747]  val_avg_surf_p=55.7976  lr=3.61e-04
