wandb: [wandb.login()] Loaded credentials for https://api.wandb.ai from WANDB_API_KEY.
wandb: W&B API key is configured. Use `wandb login --relogin` to force relogin
wandb: setting up run whfz8spw
wandb: Tracking run with wandb version 0.25.1
wandb: Run data is saved locally in /workspace/ml-intern-benchmark/target/wandb/run-20260430_000203-whfz8spw
wandb: Run `wandb offline` to turn off syncing.
wandb: Syncing run mlintern-pai2-24h-v2-r1/wc-lr1e3-sub32k-h256-l8-mlp4-100ep-seed1
wandb: ⭐️ View project at https://wandb.ai/wandb-applied-ai-team/senpai-v1-ml-intern
wandb: 🚀 View run at https://wandb.ai/wandb-applied-ai-team/senpai-v1-ml-intern/runs/whfz8spw
Device: cuda
Train: 1499, val_single_in_dist: 100, val_geom_camber_rc: 100, val_geom_camber_cruise: 100, val_re_rand: 100
Model: Transolver (6.04M params)
Epoch   1 (113s) [23.6GB]  train[vol=1.7805 surf=1.0393]  val_avg_surf_p=248.4905 *  lr=2.01e-04
    val_single_in_dist         loss=19.4720  surf[p=326.0030 Ux=5.7252 Uy=1.5788]  vol[p=303.3404 Ux=8.6870 Uy=3.7473]
    val_geom_camber_rc         loss=11.3253  surf[p=276.7948 Ux=6.6655 Uy=1.9644]  vol[p=233.9862 Ux=8.6415 Uy=4.1859]
    val_geom_camber_cruise     loss=4.7090  surf[p=189.0187 Ux=5.1258 Uy=1.1518]  vol[p=162.4568 Ux=8.6992 Uy=2.7651]
    val_re_rand                loss=6.7965  surf[p=202.1454 Ux=5.5182 Uy=1.4418]  vol[p=177.4457 Ux=8.6389 Uy=3.2105]
Epoch   2 (112s) [23.6GB]  train[vol=1.2354 surf=0.7571]  val_avg_surf_p=207.1265 *  lr=4.01e-04
    val_single_in_dist         loss=13.4658  surf[p=267.0848 Ux=3.7953 Uy=1.3491]  vol[p=272.3781 Ux=7.7011 Uy=3.2576]
    val_geom_camber_rc         loss=8.4122  surf[p=239.1806 Ux=5.6261 Uy=1.7543]  vol[p=226.0298 Ux=9.8085 Uy=3.8828]
    val_geom_camber_cruise     loss=2.7201  surf[p=140.9820 Ux=3.7751 Uy=0.9047]  vol[p=131.9037 Ux=5.6699 Uy=2.2931]
    val_re_rand                loss=5.3463  surf[p=181.2584 Ux=4.7095 Uy=1.2644]  vol[p=169.4618 Ux=7.5677 Uy=2.9424]
Epoch   3 (112s) [23.6GB]  train[vol=1.0815 surf=0.6780]  val_avg_surf_p=208.9303  lr=6.00e-04
    val_single_in_dist         loss=11.0121  surf[p=258.6731 Ux=3.9876 Uy=1.1864]  vol[p=224.5152 Ux=7.7398 Uy=2.8876]
    val_geom_camber_rc         loss=6.4404  surf[p=223.0781 Ux=4.6722 Uy=1.3552]  vol[p=188.3144 Ux=7.5157 Uy=3.5490]
    val_geom_camber_cruise     loss=3.1079  surf[p=174.0396 Ux=3.7718 Uy=0.8566]  vol[p=146.9836 Ux=6.2793 Uy=2.0969]
    val_re_rand                loss=4.1402  surf[p=179.9305 Ux=4.0629 Uy=1.0512]  vol[p=153.8152 Ux=6.6228 Uy=2.6537]
Epoch   4 (112s) [23.6GB]  train[vol=0.9835 surf=0.5929]  val_avg_surf_p=195.2587 *  lr=8.00e-04
    val_single_in_dist         loss=12.3529  surf[p=242.4648 Ux=3.6370 Uy=1.4230]  vol[p=231.9463 Ux=7.0535 Uy=3.2950]
    val_geom_camber_rc         loss=7.9839  surf[p=232.9399 Ux=3.9384 Uy=1.6341]  vol[p=212.7918 Ux=6.9849 Uy=3.8453]
    val_geom_camber_cruise     loss=2.8117  surf[p=146.6968 Ux=2.9215 Uy=0.8472]  vol[p=139.0453 Ux=5.8827 Uy=2.1543]
    val_re_rand                loss=4.2450  surf[p=158.9332 Ux=3.1093 Uy=1.1681]  vol[p=151.4080 Ux=6.3240 Uy=2.8040]
Epoch   5 (112s) [23.6GB]  train[vol=0.8918 surf=0.5516]  val_avg_surf_p=185.1563 *  lr=1.00e-03
    val_single_in_dist         loss=10.9483  surf[p=236.2793 Ux=3.4693 Uy=1.1601]  vol[p=223.9452 Ux=7.6944 Uy=2.8626]
    val_geom_camber_rc         loss=6.5431  surf[p=206.3760 Ux=3.6420 Uy=1.5026]  vol[p=207.9347 Ux=7.3482 Uy=3.5777]
    val_geom_camber_cruise     loss=3.2084  surf[p=136.9969 Ux=3.9927 Uy=0.8701]  vol[p=126.7287 Ux=6.8152 Uy=1.9580]
    val_re_rand                loss=4.3484  surf[p=160.9732 Ux=3.7073 Uy=1.1539]  vol[p=150.6568 Ux=6.9624 Uy=2.5980]
Epoch   6 (112s) [23.6GB]  train[vol=0.7555 surf=0.4700]  val_avg_surf_p=164.2687 *  lr=1.00e-03
    val_single_in_dist         loss=9.7954  surf[p=220.5346 Ux=2.4812 Uy=1.2442]  vol[p=195.7265 Ux=6.4336 Uy=2.8302]
    val_geom_camber_rc         loss=5.0949  surf[p=156.9640 Ux=3.5212 Uy=1.3502]  vol[p=158.1963 Ux=6.5825 Uy=3.3184]
    val_geom_camber_cruise     loss=2.6467  surf[p=136.6147 Ux=2.3191 Uy=1.0504]  vol[p=118.4522 Ux=4.8505 Uy=2.0376]
    val_re_rand                loss=3.4089  surf[p=142.9616 Ux=2.7700 Uy=1.1577]  vol[p=130.3911 Ux=5.5110 Uy=2.5041]
Epoch   7 (112s) [23.6GB]  train[vol=0.7320 surf=0.4422]  val_avg_surf_p=148.9398 *  lr=9.99e-04
    val_single_in_dist         loss=5.8162  surf[p=170.3266 Ux=2.7701 Uy=1.0092]  vol[p=169.3878 Ux=7.0726 Uy=2.6427]
    val_geom_camber_rc         loss=5.8778  surf[p=180.3692 Ux=3.7111 Uy=1.3599]  vol[p=172.8558 Ux=7.0123 Uy=3.3900]
    val_geom_camber_cruise     loss=1.8950  surf[p=111.2859 Ux=2.0790 Uy=0.7583]  vol[p=108.4749 Ux=5.7021 Uy=1.7674]
    val_re_rand                loss=3.2465  surf[p=133.7776 Ux=2.8141 Uy=0.9849]  vol[p=125.8200 Ux=6.1350 Uy=2.3676]
Epoch   8 (112s) [23.6GB]  train[vol=0.6712 surf=0.3696]  val_avg_surf_p=152.7996  lr=9.98e-04
    val_single_in_dist         loss=5.8412  surf[p=181.0446 Ux=2.4398 Uy=0.9389]  vol[p=174.0324 Ux=5.6985 Uy=2.3608]
    val_geom_camber_rc         loss=4.2288  surf[p=161.0908 Ux=3.4066 Uy=1.1131]  vol[p=153.7513 Ux=6.2135 Uy=3.0245]
    val_geom_camber_cruise     loss=1.9599  surf[p=124.4717 Ux=1.7926 Uy=0.7273]  vol[p=107.3831 Ux=4.7226 Uy=1.8830]
    val_re_rand                loss=3.0984  surf[p=144.5913 Ux=2.5928 Uy=0.8903]  vol[p=130.7091 Ux=5.2411 Uy=2.3374]
Epoch   9 (112s) [23.6GB]  train[vol=0.6388 surf=0.3650]  val_avg_surf_p=133.5500 *  lr=9.96e-04
    val_single_in_dist         loss=4.6648  surf[p=162.1550 Ux=1.6248 Uy=0.9215]  vol[p=160.4436 Ux=4.9858 Uy=2.2811]
    val_geom_camber_rc         loss=3.8472  surf[p=150.2907 Ux=2.8316 Uy=1.0659]  vol[p=135.0926 Ux=6.1215 Uy=2.8951]
    val_geom_camber_cruise     loss=1.4661  surf[p=99.7325 Ux=1.4951 Uy=0.6439]  vol[p=95.2943 Ux=4.0349 Uy=1.6369]
    val_re_rand                loss=2.6315  surf[p=122.0218 Ux=2.0536 Uy=0.8447]  vol[p=110.7454 Ux=4.6768 Uy=2.1713]
Epoch  10 (112s) [23.6GB]  train[vol=0.5050 surf=0.3069]  val_avg_surf_p=157.9324  lr=9.93e-04
    val_single_in_dist         loss=6.2306  surf[p=167.2863 Ux=2.8867 Uy=1.0941]  vol[p=170.0322 Ux=5.2615 Uy=2.5158]
    val_geom_camber_rc         loss=5.1894  surf[p=206.0930 Ux=3.3986 Uy=1.1073]  vol[p=193.6942 Ux=5.5637 Uy=2.9157]
    val_geom_camber_cruise     loss=1.6844  surf[p=106.8715 Ux=2.4287 Uy=0.6906]  vol[p=94.3936 Ux=4.2436 Uy=1.5699]
    val_re_rand                loss=3.6775  surf[p=151.4788 Ux=3.1227 Uy=0.9005]  vol[p=138.0572 Ux=5.0185 Uy=2.1642]
Epoch  11 (112s) [23.6GB]  train[vol=0.4648 surf=0.2850]  val_avg_surf_p=149.3758  lr=9.90e-04
    val_single_in_dist         loss=6.0782  surf[p=197.4858 Ux=2.4120 Uy=1.0813]  vol[p=176.1568 Ux=5.2236 Uy=2.5244]
    val_geom_camber_rc         loss=3.9165  surf[p=154.9026 Ux=2.5058 Uy=1.1583]  vol[p=154.1604 Ux=5.4927 Uy=2.9765]
    val_geom_camber_cruise     loss=1.7249  surf[p=117.7769 Ux=1.7313 Uy=0.8072]  vol[p=105.9636 Ux=4.4188 Uy=1.8954]
    val_re_rand                loss=2.6337  surf[p=127.3377 Ux=2.0741 Uy=0.9547]  vol[p=116.1694 Ux=4.6360 Uy=2.3046]
Epoch  12 (112s) [23.6GB]  train[vol=0.5516 surf=0.3106]  val_avg_surf_p=129.7192 *  lr=9.87e-04
    val_single_in_dist         loss=8.7112  surf[p=170.5083 Ux=2.1197 Uy=0.9973]  vol[p=154.9430 Ux=4.7848 Uy=2.4595]
    val_geom_camber_rc         loss=3.5203  surf[p=133.6566 Ux=2.7147 Uy=1.0595]  vol[p=131.9176 Ux=5.2942 Uy=2.8868]
    val_geom_camber_cruise     loss=1.6411  surf[p=99.4365 Ux=1.8210 Uy=0.7649]  vol[p=89.4470 Ux=3.7402 Uy=1.5512]
    val_re_rand                loss=2.5040  surf[p=115.2754 Ux=2.3069 Uy=0.9034]  vol[p=107.6493 Ux=4.4864 Uy=2.0959]
Epoch  13 (112s) [23.6GB]  train[vol=0.5033 surf=0.2612]  val_avg_surf_p=139.5091  lr=9.83e-04
    val_single_in_dist         loss=4.5071  surf[p=169.5294 Ux=2.0315 Uy=1.0327]  vol[p=158.5503 Ux=5.2914 Uy=2.2043]
    val_geom_camber_rc         loss=4.2116  surf[p=156.5797 Ux=2.2886 Uy=1.1412]  vol[p=159.9916 Ux=5.0637 Uy=2.7142]
    val_geom_camber_cruise     loss=1.1879  surf[p=93.1756 Ux=1.3832 Uy=0.8286]  vol[p=90.0779 Ux=3.6932 Uy=1.4945]
    val_re_rand                loss=3.5011  surf[p=138.7517 Ux=1.9533 Uy=0.9761]  vol[p=130.2588 Ux=4.3827 Uy=2.0455]
Epoch  14 (112s) [23.6GB]  train[vol=0.4185 surf=0.2594]  val_avg_surf_p=118.5356 *  lr=9.78e-04
    val_single_in_dist         loss=5.0869  surf[p=159.5871 Ux=2.2843 Uy=0.8071]  vol[p=154.4140 Ux=5.0207 Uy=1.9250]
    val_geom_camber_rc         loss=3.1836  surf[p=124.0278 Ux=2.6810 Uy=0.9845]  vol[p=123.1961 Ux=5.4629 Uy=2.5696]
    val_geom_camber_cruise     loss=1.1982  surf[p=87.4875 Ux=2.1212 Uy=0.6139]  vol[p=85.6195 Ux=4.6420 Uy=1.3502]
    val_re_rand                loss=2.2245  surf[p=103.0401 Ux=2.3203 Uy=0.7651]  vol[p=102.0998 Ux=4.8786 Uy=1.8629]
Epoch  15 (112s) [23.6GB]  train[vol=0.4288 surf=0.2419]  val_avg_surf_p=114.9066 *  lr=9.73e-04
    val_single_in_dist         loss=3.5381  surf[p=129.5478 Ux=2.0882 Uy=0.8295]  vol[p=126.8327 Ux=4.5258 Uy=1.9338]
    val_geom_camber_rc         loss=2.9423  surf[p=121.4515 Ux=2.7141 Uy=1.0085]  vol[p=120.2317 Ux=5.1144 Uy=2.5651]
    val_geom_camber_cruise     loss=1.2478  surf[p=95.0518 Ux=2.2883 Uy=0.6907]  vol[p=84.9696 Ux=4.1885 Uy=1.3701]
    val_re_rand                loss=2.3245  surf[p=113.5754 Ux=2.5546 Uy=0.8367]  vol[p=102.9073 Ux=4.5230 Uy=1.8727]
Epoch  16 (112s) [23.6GB]  train[vol=0.3376 surf=0.1855]  val_avg_surf_p=114.7758 *  lr=9.67e-04
    val_single_in_dist         loss=3.9282  surf[p=137.4774 Ux=1.5307 Uy=0.8721]  vol[p=131.3166 Ux=4.1812 Uy=2.0366]
    val_geom_camber_rc         loss=2.8218  surf[p=131.5219 Ux=2.2894 Uy=0.9300]  vol[p=123.1359 Ux=4.9996 Uy=2.5752]
    val_geom_camber_cruise     loss=1.1078  surf[p=81.5511 Ux=1.2093 Uy=0.6168]  vol[p=74.6035 Ux=3.6632 Uy=1.3698]
    val_re_rand                loss=2.2794  surf[p=108.5528 Ux=1.6340 Uy=0.7571]  vol[p=100.2888 Ux=4.0843 Uy=1.8800]
Epoch  17 (112s) [23.6GB]  train[vol=0.4020 surf=0.2191]  val_avg_surf_p=106.9003 *  lr=9.61e-04
    val_single_in_dist         loss=3.8483  surf[p=127.1574 Ux=2.9316 Uy=0.8553]  vol[p=125.6989 Ux=5.0346 Uy=1.9654]
    val_geom_camber_rc         loss=3.0752  surf[p=126.9457 Ux=2.4203 Uy=1.0337]  vol[p=121.4332 Ux=5.1523 Uy=2.6563]
    val_geom_camber_cruise     loss=0.9062  surf[p=74.1389 Ux=1.4770 Uy=0.5058]  vol[p=67.9888 Ux=3.6357 Uy=1.2552]
    val_re_rand                loss=2.0285  surf[p=99.3592 Ux=1.9876 Uy=0.7676]  vol[p=92.3613 Ux=4.3765 Uy=1.8674]
Epoch  18 (112s) [23.6GB]  train[vol=0.4539 surf=0.2460]  val_avg_surf_p=120.6371  lr=9.55e-04
    val_single_in_dist         loss=3.7165  surf[p=143.9716 Ux=1.4497 Uy=0.7347]  vol[p=125.9578 Ux=4.0675 Uy=1.9475]
    val_geom_camber_rc         loss=3.7132  surf[p=144.8443 Ux=2.5723 Uy=0.9822]  vol[p=138.0444 Ux=5.2908 Uy=2.8148]
    val_geom_camber_cruise     loss=1.0778  surf[p=85.9307 Ux=1.4448 Uy=0.5385]  vol[p=69.3194 Ux=3.3913 Uy=1.3467]
    val_re_rand                loss=2.4477  surf[p=107.8018 Ux=1.9617 Uy=0.7121]  vol[p=95.5971 Ux=4.1086 Uy=1.9251]
Epoch  19 (112s) [23.6GB]  train[vol=0.3779 surf=0.2154]  val_avg_surf_p=119.5145  lr=9.47e-04
    val_single_in_dist         loss=6.7499  surf[p=172.6945 Ux=2.7560 Uy=0.7966]  vol[p=152.1848 Ux=6.1370 Uy=2.1417]
    val_geom_camber_rc         loss=2.9112  surf[p=119.4119 Ux=2.3091 Uy=0.9165]  vol[p=115.2215 Ux=5.1363 Uy=2.5191]
    val_geom_camber_cruise     loss=1.0956  surf[p=82.3197 Ux=1.5835 Uy=0.6571]  vol[p=75.0815 Ux=4.2546 Uy=1.4691]
    val_re_rand                loss=2.1546  surf[p=103.6317 Ux=1.7806 Uy=0.7859]  vol[p=95.9455 Ux=4.3596 Uy=1.9313]
Epoch  20 (183s) [23.6GB]  train[vol=0.3417 surf=0.1856]  val_avg_surf_p=91.7418 *  lr=9.40e-04
    val_single_in_dist         loss=2.3707  surf[p=107.2609 Ux=1.6342 Uy=0.7180]  vol[p=115.3974 Ux=4.2334 Uy=1.8180]
    val_geom_camber_rc         loss=2.5280  surf[p=108.9735 Ux=2.2116 Uy=0.9578]  vol[p=110.4290 Ux=5.0282 Uy=2.3525]
    val_geom_camber_cruise     loss=0.7038  surf[p=63.4014 Ux=1.2283 Uy=0.5141]  vol[p=66.2130 Ux=3.0589 Uy=1.1643]
    val_re_rand                loss=1.6573  surf[p=87.3316 Ux=1.6454 Uy=0.6984]  vol[p=85.8568 Ux=3.7981 Uy=1.6672]
Epoch  21 (249s) [23.6GB]  train[vol=0.3736 surf=0.1837]  val_avg_surf_p=97.4531  lr=9.32e-04
    val_single_in_dist         loss=4.2248  surf[p=113.6910 Ux=1.5833 Uy=0.6973]  vol[p=106.2660 Ux=4.3104 Uy=1.6100]
    val_geom_camber_rc         loss=2.7836  surf[p=114.4222 Ux=2.3662 Uy=0.8697]  vol[p=113.2164 Ux=5.0792 Uy=2.2490]
    val_geom_camber_cruise     loss=0.8632  surf[p=69.9323 Ux=1.4000 Uy=0.5068]  vol[p=65.0323 Ux=3.6532 Uy=1.1453]
    val_re_rand                loss=1.7594  surf[p=91.7668 Ux=1.8530 Uy=0.6885]  vol[p=88.3719 Ux=4.1666 Uy=1.6679]
Epoch  22 (251s) [23.6GB]  train[vol=0.3539 surf=0.1978]  val_avg_surf_p=98.2364  lr=9.23e-04
    val_single_in_dist         loss=3.3537  surf[p=117.9002 Ux=1.8282 Uy=0.6670]  vol[p=117.1710 Ux=4.4590 Uy=1.8506]
    val_geom_camber_rc         loss=2.1799  surf[p=104.0490 Ux=2.2924 Uy=0.8685]  vol[p=102.8489 Ux=4.7406 Uy=2.3535]
    val_geom_camber_cruise     loss=0.8423  surf[p=75.8429 Ux=1.3598 Uy=0.5032]  vol[p=66.3874 Ux=3.8394 Uy=1.1750]
    val_re_rand                loss=1.7847  surf[p=95.1537 Ux=1.8848 Uy=0.6674]  vol[p=87.2357 Ux=4.2992 Uy=1.6831]
Epoch  23 (128s) [23.6GB]  train[vol=0.2964 surf=0.1566]  val_avg_surf_p=93.5427  lr=9.14e-04
    val_single_in_dist         loss=2.9471  surf[p=106.7376 Ux=1.4381 Uy=0.6074]  vol[p=108.3945 Ux=3.8470 Uy=1.5861]
    val_geom_camber_rc         loss=2.5794  surf[p=116.4585 Ux=2.1496 Uy=0.8014]  vol[p=112.3427 Ux=4.8670 Uy=2.1525]
    val_geom_camber_cruise     loss=0.6832  surf[p=66.2166 Ux=1.0577 Uy=0.4731]  vol[p=59.0623 Ux=2.9977 Uy=1.1657]
    val_re_rand                loss=1.5312  surf[p=84.7583 Ux=1.4930 Uy=0.6191]  vol[p=79.3257 Ux=3.6004 Uy=1.5571]
Epoch  24 (112s) [23.6GB]  train[vol=0.2871 surf=0.1524]  val_avg_surf_p=88.7378 *  lr=9.05e-04
