wandb: [wandb.login()] Loaded credentials for https://api.wandb.ai from WANDB_API_KEY.
wandb: W&B API key is configured. Use `wandb login --relogin` to force relogin
wandb: Tracking run with wandb version 0.25.1
wandb: Run data is saved locally in /workspace/ml-intern-benchmark/target/wandb/run-20260430_003750-yb87v03s
wandb: Run `wandb offline` to turn off syncing.
wandb: Syncing run mlintern-pai2-24h-v2-r1/wc-lr1e3-100ep-seed2
wandb: ⭐️ View project at https://wandb.ai/wandb-applied-ai-team/senpai-v1-ml-intern
wandb: 🚀 View run at https://wandb.ai/wandb-applied-ai-team/senpai-v1-ml-intern/runs/yb87v03s
Device: cuda
Train: 1499, val_single_in_dist: 100, val_geom_camber_rc: 100, val_geom_camber_cruise: 100, val_re_rand: 100
Model: Transolver (0.66M params)
Epoch   1 (138s) [47.1GB]  train[vol=2.1256 surf=1.4254]  val_avg_surf_p=271.4514 *  lr=2.01e-04
    val_single_in_dist         loss=20.2700  surf[p=334.9822 Ux=4.9202 Uy=1.5087]  vol[p=339.4725 Ux=8.9948 Uy=4.7496]
    val_geom_camber_rc         loss=10.5000  surf[p=271.9971 Ux=6.7040 Uy=1.8332]  vol[p=287.1669 Ux=9.4966 Uy=4.9899]
    val_geom_camber_cruise     loss=4.6358  surf[p=230.1815 Ux=3.2784 Uy=1.0648]  vol[p=208.6020 Ux=6.0878 Uy=2.9811]
    val_re_rand                loss=7.2316  surf[p=248.6449 Ux=5.2304 Uy=1.3033]  vol[p=236.5941 Ux=8.0108 Uy=3.6591]
Epoch   2 (135s) [47.1GB]  train[vol=1.2497 surf=0.7101]  val_avg_surf_p=239.6902 *  lr=4.01e-04
    val_single_in_dist         loss=16.2992  surf[p=330.5862 Ux=3.9089 Uy=1.5773]  vol[p=310.3953 Ux=8.0573 Uy=3.9566]
    val_geom_camber_rc         loss=8.5061  surf[p=233.2527 Ux=4.9691 Uy=1.8634]  vol[p=209.4339 Ux=8.1690 Uy=4.4538]
    val_geom_camber_cruise     loss=4.4264  surf[p=197.8753 Ux=3.0237 Uy=1.1384]  vol[p=160.2657 Ux=6.4168 Uy=3.0271]
    val_re_rand                loss=5.6331  surf[p=197.0467 Ux=3.8939 Uy=1.3295]  vol[p=172.9942 Ux=7.0491 Uy=3.3991]
Epoch   3 (138s) [47.1GB]  train[vol=0.9696 surf=0.6299]  val_avg_surf_p=232.7013 *  lr=6.00e-04
    val_single_in_dist         loss=13.9670  surf[p=291.4565 Ux=5.8871 Uy=1.6908]  vol[p=292.3534 Ux=8.9449 Uy=4.1396]
    val_geom_camber_rc         loss=7.9480  surf[p=228.4555 Ux=6.6756 Uy=1.8054]  vol[p=224.4140 Ux=8.2423 Uy=3.9882]
    val_geom_camber_cruise     loss=3.7128  surf[p=207.2426 Ux=4.4704 Uy=1.1033]  vol[p=180.7936 Ux=6.4713 Uy=2.3898]
    val_re_rand                loss=5.1572  surf[p=203.6505 Ux=5.4372 Uy=1.3822]  vol[p=188.0393 Ux=7.0012 Uy=2.9248]
Epoch   4 (135s) [47.1GB]  train[vol=0.9563 surf=0.6313]  val_avg_surf_p=202.4478 *  lr=8.00e-04
    val_single_in_dist         loss=11.5052  surf[p=244.2733 Ux=3.2319 Uy=1.1762]  vol[p=241.5771 Ux=7.5795 Uy=3.0820]
    val_geom_camber_rc         loss=6.6581  surf[p=220.3363 Ux=4.4150 Uy=1.5374]  vol[p=200.4359 Ux=7.2386 Uy=3.6034]
    val_geom_camber_cruise     loss=3.0322  surf[p=163.5951 Ux=3.4292 Uy=0.8209]  vol[p=149.1170 Ux=5.9346 Uy=1.9140]
    val_re_rand                loss=4.5540  surf[p=181.5864 Ux=3.9215 Uy=1.1480]  vol[p=164.9199 Ux=6.5103 Uy=2.5560]
Epoch   5 (137s) [47.1GB]  train[vol=0.7542 surf=0.4879]  val_avg_surf_p=184.4253 *  lr=1.00e-03
    val_single_in_dist         loss=9.9723  surf[p=220.1709 Ux=3.3479 Uy=1.0320]  vol[p=205.8167 Ux=7.9118 Uy=2.7978]
    val_geom_camber_rc         loss=5.7824  surf[p=195.1320 Ux=3.7232 Uy=1.3301]  vol[p=176.8668 Ux=6.9423 Uy=3.6004]
    val_geom_camber_cruise     loss=3.3325  surf[p=162.3703 Ux=2.5913 Uy=0.7832]  vol[p=150.5848 Ux=5.6965 Uy=1.8855]
    val_re_rand                loss=3.8139  surf[p=160.0281 Ux=3.0625 Uy=1.0080]  vol[p=149.1697 Ux=6.3515 Uy=2.5326]
Epoch   6 (137s) [47.1GB]  train[vol=0.7565 surf=0.5103]  val_avg_surf_p=188.4564  lr=1.00e-03
    val_single_in_dist         loss=9.1294  surf[p=215.3755 Ux=3.6324 Uy=1.1752]  vol[p=220.7172 Ux=8.3577 Uy=2.9456]
    val_geom_camber_rc         loss=7.0888  surf[p=220.1589 Ux=4.0865 Uy=1.4252]  vol[p=209.9334 Ux=7.2804 Uy=3.5542]
    val_geom_camber_cruise     loss=2.9416  surf[p=138.8414 Ux=2.2701 Uy=0.9001]  vol[p=152.5593 Ux=5.2928 Uy=2.0456]
    val_re_rand                loss=4.7760  surf[p=179.4496 Ux=3.0660 Uy=1.0832]  vol[p=169.0463 Ux=5.8857 Uy=2.6063]
Epoch   7 (138s) [47.1GB]  train[vol=0.5192 surf=0.3304]  val_avg_surf_p=161.3954 *  lr=9.99e-04
    val_single_in_dist         loss=6.7692  surf[p=179.2689 Ux=2.2913 Uy=1.0070]  vol[p=187.8350 Ux=6.1418 Uy=2.5795]
    val_geom_camber_rc         loss=4.8669  surf[p=186.3304 Ux=3.2864 Uy=1.2118]  vol[p=180.0118 Ux=6.5963 Uy=3.2574]
    val_geom_camber_cruise     loss=1.6730  surf[p=128.4046 Ux=1.8274 Uy=0.6998]  vol[p=122.5197 Ux=4.4626 Uy=1.5758]
    val_re_rand                loss=3.1110  surf[p=151.5776 Ux=2.5468 Uy=0.9609]  vol[p=144.9231 Ux=5.3529 Uy=2.2314]
Epoch   8 (136s) [47.1GB]  train[vol=0.5428 surf=0.3516]  val_avg_surf_p=148.7523 *  lr=9.98e-04
    val_single_in_dist         loss=6.5353  surf[p=185.6737 Ux=2.3989 Uy=0.9225]  vol[p=183.5074 Ux=6.5589 Uy=2.5097]
    val_geom_camber_rc         loss=4.6355  surf[p=156.4749 Ux=3.4107 Uy=1.1962]  vol[p=159.7184 Ux=6.8787 Uy=3.0140]
    val_geom_camber_cruise     loss=1.7959  surf[p=116.2381 Ux=1.9320 Uy=0.6406]  vol[p=103.0095 Ux=4.2207 Uy=1.5226]
    val_re_rand                loss=3.2222  surf[p=136.6223 Ux=2.7582 Uy=0.9533]  vol[p=130.3316 Ux=5.4329 Uy=2.1603]
Epoch   9 (137s) [47.1GB]  train[vol=0.5228 surf=0.3298]  val_avg_surf_p=127.2031 *  lr=9.96e-04
    val_single_in_dist         loss=5.9945  surf[p=155.9894 Ux=2.0194 Uy=0.8446]  vol[p=163.5992 Ux=5.6854 Uy=2.2399]
    val_geom_camber_rc         loss=3.9353  surf[p=141.5720 Ux=2.7323 Uy=1.0754]  vol[p=146.2631 Ux=5.7467 Uy=2.9866]
    val_geom_camber_cruise     loss=1.2595  surf[p=91.8773 Ux=1.3339 Uy=0.6050]  vol[p=80.2072 Ux=4.0038 Uy=1.3897]
    val_re_rand                loss=2.6781  surf[p=119.3738 Ux=2.0385 Uy=0.8297]  vol[p=112.6384 Ux=4.7969 Uy=2.0683]
Epoch  10 (136s) [47.1GB]  train[vol=0.4733 surf=0.3086]  val_avg_surf_p=146.9461  lr=9.93e-04
    val_single_in_dist         loss=8.5881  surf[p=200.2566 Ux=1.7291 Uy=1.0483]  vol[p=188.5145 Ux=5.4822 Uy=2.8245]
    val_geom_camber_rc         loss=5.1110  surf[p=159.8999 Ux=2.6615 Uy=1.3305]  vol[p=159.9168 Ux=5.9469 Uy=3.4211]
    val_geom_camber_cruise     loss=1.5125  surf[p=101.4913 Ux=1.6841 Uy=0.6454]  vol[p=93.9556 Ux=3.9408 Uy=1.4655]
    val_re_rand                loss=3.0333  surf[p=126.1366 Ux=2.1219 Uy=0.9063]  vol[p=120.6646 Ux=4.7045 Uy=2.2167]
Epoch  11 (135s) [47.1GB]  train[vol=0.4756 surf=0.3143]  val_avg_surf_p=132.6336  lr=9.90e-04
    val_single_in_dist         loss=6.7568  surf[p=169.9009 Ux=2.6393 Uy=0.8727]  vol[p=165.2496 Ux=5.5393 Uy=2.3800]
    val_geom_camber_rc         loss=3.4918  surf[p=144.1457 Ux=3.1459 Uy=1.0438]  vol[p=136.8729 Ux=5.7080 Uy=2.8441]
    val_geom_camber_cruise     loss=1.2593  surf[p=94.6620 Ux=1.7312 Uy=0.6341]  vol[p=88.5166 Ux=3.7273 Uy=1.3990]
    val_re_rand                loss=2.7667  surf[p=121.8259 Ux=2.6228 Uy=0.8136]  vol[p=109.5648 Ux=4.7919 Uy=2.0013]
Epoch  12 (134s) [47.1GB]  train[vol=0.3768 surf=0.2405]  val_avg_surf_p=123.2440 *  lr=9.87e-04
    val_single_in_dist         loss=4.6263  surf[p=137.9187 Ux=1.7163 Uy=0.8321]  vol[p=149.5692 Ux=5.1615 Uy=2.2545]
    val_geom_camber_rc         loss=4.7662  surf[p=141.7516 Ux=2.6455 Uy=1.1057]  vol[p=157.3434 Ux=5.5742 Uy=2.9240]
    val_geom_camber_cruise     loss=1.2568  surf[p=93.7243 Ux=1.3278 Uy=0.6007]  vol[p=88.1493 Ux=3.8116 Uy=1.3602]
    val_re_rand                loss=2.8921  surf[p=119.5812 Ux=2.0749 Uy=0.8597]  vol[p=115.2745 Ux=4.6824 Uy=2.0067]
Epoch  13 (137s) [47.1GB]  train[vol=0.3642 surf=0.2473]  val_avg_surf_p=138.0429  lr=9.83e-04
    val_single_in_dist         loss=4.4789  surf[p=158.3564 Ux=2.2820 Uy=0.7956]  vol[p=143.8530 Ux=5.4624 Uy=2.1427]
    val_geom_camber_rc         loss=3.8390  surf[p=166.8857 Ux=2.9701 Uy=1.0410]  vol[p=160.9619 Ux=5.5300 Uy=2.7068]
    val_geom_camber_cruise     loss=1.4358  surf[p=98.5309 Ux=1.9495 Uy=0.5312]  vol[p=87.3152 Ux=4.1244 Uy=1.3141]
    val_re_rand                loss=2.5556  surf[p=128.3985 Ux=2.3958 Uy=0.7412]  vol[p=113.0174 Ux=4.6915 Uy=1.8909]
Epoch  14 (136s) [47.1GB]  train[vol=0.3830 surf=0.2361]  val_avg_surf_p=122.6258 *  lr=9.78e-04
    val_single_in_dist         loss=4.9192  surf[p=162.1228 Ux=2.2784 Uy=0.8729]  vol[p=158.1659 Ux=5.6653 Uy=2.3029]
    val_geom_camber_rc         loss=3.4193  surf[p=124.8089 Ux=2.8853 Uy=1.0061]  vol[p=128.6140 Ux=5.5491 Uy=2.6630]
    val_geom_camber_cruise     loss=1.3795  surf[p=96.6235 Ux=1.5767 Uy=0.7003]  vol[p=90.7282 Ux=3.5732 Uy=1.4695]
    val_re_rand                loss=2.2094  surf[p=106.9479 Ux=2.1452 Uy=0.8339]  vol[p=101.0871 Ux=4.2998 Uy=1.9551]
Epoch  15 (137s) [47.1GB]  train[vol=0.3702 surf=0.2388]  val_avg_surf_p=109.7227 *  lr=9.73e-04
    val_single_in_dist         loss=4.5362  surf[p=138.7738 Ux=2.4356 Uy=0.7979]  vol[p=135.6976 Ux=5.3489 Uy=2.0487]
    val_geom_camber_rc         loss=3.3307  surf[p=125.4493 Ux=3.1951 Uy=0.9180]  vol[p=131.9604 Ux=5.7250 Uy=2.5471]
    val_geom_camber_cruise     loss=0.9532  surf[p=73.5935 Ux=1.9101 Uy=0.5534]  vol[p=71.5200 Ux=3.8434 Uy=1.2973]
    val_re_rand                loss=2.2442  surf[p=101.0743 Ux=2.6463 Uy=0.7347]  vol[p=99.8073 Ux=4.8841 Uy=1.8501]
Epoch  16 (137s) [47.1GB]  train[vol=0.4314 surf=0.2527]  val_avg_surf_p=116.8895  lr=9.67e-04
    val_single_in_dist         loss=4.6059  surf[p=143.2444 Ux=2.4413 Uy=0.7277]  vol[p=143.3457 Ux=5.4820 Uy=1.9373]
    val_geom_camber_rc         loss=3.1009  surf[p=136.4144 Ux=2.8313 Uy=0.9283]  vol[p=130.2711 Ux=5.3108 Uy=2.5325]
    val_geom_camber_cruise     loss=1.1415  surf[p=83.4977 Ux=1.7042 Uy=0.5644]  vol[p=82.7712 Ux=4.1469 Uy=1.3411]
    val_re_rand                loss=2.1421  surf[p=104.4014 Ux=2.0830 Uy=0.7393]  vol[p=103.1010 Ux=4.4917 Uy=1.8629]
Epoch  17 (136s) [47.1GB]  train[vol=0.4316 surf=0.2510]  val_avg_surf_p=107.3190 *  lr=9.61e-04
    val_single_in_dist         loss=6.3197  surf[p=134.7849 Ux=2.0990 Uy=0.7881]  vol[p=133.2232 Ux=4.8683 Uy=2.0539]
    val_geom_camber_rc         loss=2.6249  surf[p=112.6234 Ux=2.1307 Uy=0.9408]  vol[p=117.7369 Ux=4.8598 Uy=2.4576]
    val_geom_camber_cruise     loss=0.8767  surf[p=78.7974 Ux=1.2277 Uy=0.5932]  vol[p=72.0216 Ux=3.2428 Uy=1.2454]
    val_re_rand                loss=2.0490  surf[p=103.0702 Ux=1.7955 Uy=0.7630]  vol[p=97.5791 Ux=4.0738 Uy=1.7758]
Epoch  18 (136s) [47.1GB]  train[vol=0.3242 surf=0.1949]  val_avg_surf_p=103.7200 *  lr=9.55e-04
    val_single_in_dist         loss=3.7354  surf[p=123.8108 Ux=2.2561 Uy=1.0270]  vol[p=128.9020 Ux=5.1304 Uy=2.3449]
    val_geom_camber_rc         loss=2.7860  surf[p=119.0185 Ux=2.5239 Uy=0.9858]  vol[p=113.3716 Ux=5.0019 Uy=2.4855]
    val_geom_camber_cruise     loss=0.9416  surf[p=75.9510 Ux=1.7673 Uy=0.5560]  vol[p=70.4198 Ux=3.6039 Uy=1.2580]
    val_re_rand                loss=1.9109  surf[p=96.0997 Ux=2.1818 Uy=0.7307]  vol[p=89.8763 Ux=4.2288 Uy=1.7410]
Epoch  19 (137s) [47.1GB]  train[vol=0.3512 surf=0.2092]  val_avg_surf_p=102.5643 *  lr=9.47e-04
    val_single_in_dist         loss=3.7898  surf[p=125.4180 Ux=1.8886 Uy=0.8468]  vol[p=133.2295 Ux=4.7604 Uy=1.8866]
    val_geom_camber_rc         loss=2.6650  surf[p=109.2248 Ux=2.2173 Uy=0.8483]  vol[p=113.1295 Ux=4.9774 Uy=2.3719]
    val_geom_camber_cruise     loss=1.0056  surf[p=80.7937 Ux=1.6426 Uy=0.5712]  vol[p=67.3671 Ux=3.5848 Uy=1.2031]
    val_re_rand                loss=1.7974  surf[p=94.8207 Ux=1.8626 Uy=0.7115]  vol[p=88.5525 Ux=4.1403 Uy=1.7087]
Epoch  20 (138s) [47.1GB]  train[vol=0.2815 surf=0.1768]  val_avg_surf_p=97.7084 *  lr=9.40e-04
    val_single_in_dist         loss=3.3611  surf[p=119.4319 Ux=2.0899 Uy=0.7535]  vol[p=124.8626 Ux=5.0934 Uy=1.8274]
    val_geom_camber_rc         loss=2.6930  surf[p=107.5845 Ux=2.3047 Uy=0.8399]  vol[p=111.0220 Ux=4.9910 Uy=2.3564]
    val_geom_camber_cruise     loss=0.8137  surf[p=71.7806 Ux=1.1420 Uy=0.4919]  vol[p=65.2184 Ux=3.0756 Uy=1.1479]
    val_re_rand                loss=1.7631  surf[p=92.0366 Ux=1.6830 Uy=0.6623]  vol[p=87.0222 Ux=3.8191 Uy=1.6742]
Epoch  21 (138s) [47.1GB]  train[vol=0.3834 surf=0.2467]  val_avg_surf_p=111.3358  lr=9.32e-04
    val_single_in_dist         loss=3.7326  surf[p=128.0523 Ux=1.8801 Uy=0.7460]  vol[p=129.2034 Ux=4.9311 Uy=1.9258]
    val_geom_camber_rc         loss=2.7899  surf[p=127.2292 Ux=2.2503 Uy=0.9413]  vol[p=127.4559 Ux=5.0553 Uy=2.4343]
    val_geom_camber_cruise     loss=1.0103  surf[p=85.3049 Ux=1.2857 Uy=0.5058]  vol[p=72.3362 Ux=3.5078 Uy=1.1792]
    val_re_rand                loss=1.9143  surf[p=104.7570 Ux=1.7378 Uy=0.7277]  vol[p=93.9482 Ux=4.1013 Uy=1.7482]
Epoch  22 (138s) [47.1GB]  train[vol=0.3402 surf=0.2041]  val_avg_surf_p=94.5524 *  lr=9.23e-04
    val_single_in_dist         loss=2.7563  surf[p=101.7990 Ux=1.8223 Uy=0.6582]  vol[p=112.4716 Ux=4.7917 Uy=1.7297]
    val_geom_camber_rc         loss=2.7826  surf[p=116.9362 Ux=2.2579 Uy=0.8141]  vol[p=116.2423 Ux=5.0557 Uy=2.4528]
    val_geom_camber_cruise     loss=0.7406  surf[p=67.0497 Ux=0.9739 Uy=0.5004]  vol[p=67.0515 Ux=3.0787 Uy=1.1427]
    val_re_rand                loss=1.8476  surf[p=92.4248 Ux=1.4536 Uy=0.6412]  vol[p=87.1461 Ux=3.7232 Uy=1.6848]
Epoch  23 (135s) [47.1GB]  train[vol=0.3029 surf=0.1718]  val_avg_surf_p=100.7645  lr=9.14e-04
    val_single_in_dist         loss=3.7441  surf[p=120.1920 Ux=1.4157 Uy=0.7264]  vol[p=116.0399 Ux=4.0263 Uy=1.8472]
    val_geom_camber_rc         loss=2.6330  surf[p=120.1311 Ux=2.0386 Uy=0.8695]  vol[p=122.8934 Ux=4.6705 Uy=2.3947]
    val_geom_camber_cruise     loss=0.8797  surf[p=71.6949 Ux=0.9917 Uy=0.5127]  vol[p=67.8708 Ux=3.0769 Uy=1.1430]
    val_re_rand                loss=1.8188  surf[p=91.0400 Ux=1.5627 Uy=0.6648]  vol[p=88.5328 Ux=3.8307 Uy=1.6540]
Epoch  24 (136s) [47.1GB]  train[vol=0.3144 surf=0.1780]  val_avg_surf_p=95.3055  lr=9.05e-04
    val_single_in_dist         loss=2.9810  surf[p=102.6159 Ux=1.3729 Uy=0.6304]  vol[p=104.4650 Ux=4.1350 Uy=1.6157]
    val_geom_camber_rc         loss=2.7356  surf[p=122.1311 Ux=2.7360 Uy=0.8483]  vol[p=113.0567 Ux=5.2555 Uy=2.3081]
    val_geom_camber_cruise     loss=0.7242  surf[p=67.0556 Ux=1.1159 Uy=0.4774]  vol[p=62.3659 Ux=2.9608 Uy=1.0400]
    val_re_rand                loss=1.6370  surf[p=89.4192 Ux=1.7207 Uy=0.6582]  vol[p=82.4911 Ux=3.7570 Uy=1.5711]
Epoch  25 (137s) [47.1GB]  train[vol=0.1984 surf=0.1135]  val_avg_surf_p=105.3911  lr=8.95e-04
    val_single_in_dist         loss=6.2036  surf[p=156.7610 Ux=1.3000 Uy=0.7466]  vol[p=136.2581 Ux=4.2131 Uy=1.7982]
    val_geom_camber_rc         loss=2.2747  surf[p=102.4852 Ux=1.8085 Uy=0.7615]  vol[p=103.2546 Ux=4.5137 Uy=2.1932]
    val_geom_camber_cruise     loss=0.8595  surf[p=74.6651 Ux=0.9330 Uy=0.4972]  vol[p=65.7394 Ux=2.7675 Uy=1.1587]
    val_re_rand                loss=1.6119  surf[p=87.6532 Ux=1.3967 Uy=0.6479]  vol[p=83.1708 Ux=3.6106 Uy=1.6218]
Epoch  26 (136s) [47.1GB]  train[vol=0.3009 surf=0.1692]  val_avg_surf_p=86.6160 *  lr=8.84e-04
    val_single_in_dist         loss=2.6825  surf[p=97.6414 Ux=1.1319 Uy=0.6327]  vol[p=104.8526 Ux=3.8636 Uy=1.7076]
    val_geom_camber_rc         loss=2.1515  surf[p=100.3594 Ux=1.8605 Uy=0.8950]  vol[p=105.3132 Ux=4.5786 Uy=2.4088]
    val_geom_camber_cruise     loss=0.6810  surf[p=64.9054 Ux=0.8261 Uy=0.4331]  vol[p=58.2588 Ux=2.8134 Uy=1.1422]
    val_re_rand                loss=1.7397  surf[p=83.5578 Ux=1.3790 Uy=0.6142]  vol[p=79.5466 Ux=3.5772 Uy=1.6219]
Epoch  27 (134s) [47.1GB]  train[vol=0.2451 surf=0.1455]  val_avg_surf_p=94.0247  lr=8.73e-04
    val_single_in_dist         loss=3.4498  surf[p=117.9068 Ux=1.1386 Uy=0.7343]  vol[p=117.3100 Ux=3.6871 Uy=1.7287]
    val_geom_camber_rc         loss=2.4664  surf[p=105.7032 Ux=1.9158 Uy=0.8885]  vol[p=104.7730 Ux=4.3563 Uy=2.2369]
    val_geom_camber_cruise     loss=0.6879  surf[p=67.9777 Ux=0.9353 Uy=0.4358]  vol[p=57.1434 Ux=2.6004 Uy=0.9870]
    val_re_rand                loss=1.4862  surf[p=84.5113 Ux=1.4148 Uy=0.6255]  vol[p=78.0925 Ux=3.3936 Uy=1.5297]
Epoch  28 (136s) [47.1GB]  train[vol=0.2405 surf=0.1343]  val_avg_surf_p=84.6291 *  lr=8.62e-04
    val_single_in_dist         loss=2.9191  surf[p=102.8729 Ux=1.2909 Uy=0.5856]  vol[p=110.5138 Ux=3.9818 Uy=1.5227]
    val_geom_camber_rc         loss=1.7151  surf[p=96.2421 Ux=1.9307 Uy=0.8030]  vol[p=100.1177 Ux=4.5537 Uy=2.2290]
    val_geom_camber_cruise     loss=0.5975  surf[p=60.6957 Ux=0.9909 Uy=0.3897]  vol[p=54.1811 Ux=2.7905 Uy=0.9292]
    val_re_rand                loss=1.5727  surf[p=78.7057 Ux=1.4244 Uy=0.5786]  vol[p=76.8459 Ux=3.4802 Uy=1.4995]
Epoch  29 (136s) [47.1GB]  train[vol=0.3815 surf=0.2181]  val_avg_surf_p=81.6933 *  lr=8.51e-04
    val_single_in_dist         loss=2.9182  surf[p=93.2005 Ux=1.3764 Uy=0.5512]  vol[p=103.9317 Ux=3.9372 Uy=1.5180]
    val_geom_camber_rc         loss=2.0057  surf[p=96.9369 Ux=1.7695 Uy=0.7178]  vol[p=100.7320 Ux=4.3201 Uy=2.0669]
    val_geom_camber_cruise     loss=0.6055  surf[p=58.1070 Ux=1.1221 Uy=0.4222]  vol[p=58.1065 Ux=2.9035 Uy=0.9854]
    val_re_rand                loss=1.4008  surf[p=78.5290 Ux=1.4421 Uy=0.5709]  vol[p=76.9053 Ux=3.4503 Uy=1.4376]
Epoch  30 (135s) [47.1GB]  train[vol=0.2674 surf=0.1478]  val_avg_surf_p=92.2559  lr=8.39e-04
    val_single_in_dist         loss=3.2124  surf[p=118.2734 Ux=1.3355 Uy=0.5404]  vol[p=96.5599 Ux=3.9402 Uy=1.5191]
    val_geom_camber_rc         loss=1.8478  surf[p=97.6478 Ux=1.7012 Uy=0.7646]  vol[p=104.3162 Ux=4.2301 Uy=2.0950]
    val_geom_camber_cruise     loss=0.6470  surf[p=67.8982 Ux=0.8719 Uy=0.4431]  vol[p=56.5115 Ux=2.5512 Uy=0.9849]
    val_re_rand                loss=1.6624  surf[p=85.2042 Ux=1.3380 Uy=0.6024]  vol[p=77.6265 Ux=3.2644 Uy=1.4634]
Epoch  31 (137s) [47.1GB]  train[vol=0.2131 surf=0.1287]  val_avg_surf_p=80.9060 *  lr=8.26e-04
    val_single_in_dist         loss=3.4475  surf[p=93.6639 Ux=1.0075 Uy=0.5325]  vol[p=93.3283 Ux=3.4369 Uy=1.4113]
    val_geom_camber_rc         loss=1.5016  surf[p=93.2154 Ux=1.5006 Uy=0.6736]  vol[p=95.8764 Ux=4.0818 Uy=1.9916]
    val_geom_camber_cruise     loss=0.5748  surf[p=58.9943 Ux=0.7972 Uy=0.3825]  vol[p=52.8137 Ux=2.5220 Uy=0.9154]
    val_re_rand                loss=1.5470  surf[p=77.7502 Ux=1.1923 Uy=0.5306]  vol[p=74.2135 Ux=3.2481 Uy=1.3995]
Epoch  32 (137s) [47.1GB]  train[vol=0.1698 surf=0.0879]  val_avg_surf_p=79.1286 *  lr=8.14e-04
    val_single_in_dist         loss=2.4910  surf[p=88.2104 Ux=1.3542 Uy=0.5078]  vol[p=94.9017 Ux=3.7297 Uy=1.3905]
    val_geom_camber_rc         loss=2.2502  surf[p=101.7234 Ux=1.6753 Uy=0.7562]  vol[p=104.5068 Ux=4.3518 Uy=2.0822]
    val_geom_camber_cruise     loss=0.4978  surf[p=51.8928 Ux=0.7950 Uy=0.3839]  vol[p=48.5557 Ux=2.4981 Uy=0.9104]
    val_re_rand                loss=1.3770  surf[p=74.6881 Ux=1.3222 Uy=0.5547]  vol[p=70.6831 Ux=3.3099 Uy=1.4008]
Epoch  33 (138s) [47.1GB]  train[vol=0.1979 surf=0.1088]  val_avg_surf_p=96.4579  lr=8.01e-04
    val_single_in_dist         loss=3.9134  surf[p=141.0468 Ux=1.4218 Uy=0.6552]  vol[p=128.2881 Ux=4.1406 Uy=1.6002]
    val_geom_camber_rc         loss=1.7097  surf[p=103.9025 Ux=1.7979 Uy=0.8206]  vol[p=100.6501 Ux=4.4993 Uy=2.1483]
    val_geom_camber_cruise     loss=0.5226  surf[p=59.7578 Ux=0.8570 Uy=0.4036]  vol[p=52.6544 Ux=2.4826 Uy=0.9110]
    val_re_rand                loss=1.5395  surf[p=81.1244 Ux=1.3519 Uy=0.5758]  vol[p=75.0556 Ux=3.3306 Uy=1.4167]
Epoch  34 (137s) [47.1GB]  train[vol=0.1770 surf=0.0985]  val_avg_surf_p=76.7686 *  lr=7.87e-04
    val_single_in_dist         loss=2.8162  surf[p=96.3964 Ux=1.1674 Uy=0.5719]  vol[p=106.1792 Ux=3.5407 Uy=1.5560]
    val_geom_camber_rc         loss=1.7121  surf[p=86.9158 Ux=1.5066 Uy=0.6993]  vol[p=92.3407 Ux=4.0045 Uy=2.0094]
    val_geom_camber_cruise     loss=0.5200  surf[p=53.5038 Ux=0.7063 Uy=0.3817]  vol[p=50.2251 Ux=2.4421 Uy=0.8907]
    val_re_rand                loss=1.2762  surf[p=70.2585 Ux=1.1849 Uy=0.5278]  vol[p=69.5455 Ux=3.1432 Uy=1.3838]
Epoch  35 (138s) [47.1GB]  train[vol=0.2248 surf=0.1230]  val_avg_surf_p=72.6380 *  lr=7.73e-04
    val_single_in_dist         loss=2.7777  surf[p=83.9584 Ux=1.5014 Uy=0.5004]  vol[p=85.1976 Ux=3.6984 Uy=1.3204]
    val_geom_camber_rc         loss=1.8302  surf[p=90.1744 Ux=1.6516 Uy=0.6642]  vol[p=94.6165 Ux=4.0838 Uy=1.9094]
    val_geom_camber_cruise     loss=0.4336  surf[p=46.2609 Ux=0.9789 Uy=0.3337]  vol[p=44.6310 Ux=2.5917 Uy=0.8481]
    val_re_rand                loss=1.3614  surf[p=70.1582 Ux=1.2774 Uy=0.5122]  vol[p=69.3315 Ux=3.1487 Uy=1.3273]
Epoch  36 (135s) [47.1GB]  train[vol=0.2549 surf=0.1402]  val_avg_surf_p=75.5317  lr=7.59e-04
    val_single_in_dist         loss=2.5460  surf[p=89.7821 Ux=1.0896 Uy=0.5909]  vol[p=94.4486 Ux=3.5558 Uy=1.4560]
    val_geom_camber_rc         loss=1.5377  surf[p=81.0570 Ux=1.5445 Uy=0.6996]  vol[p=87.1542 Ux=4.0596 Uy=2.0199]
    val_geom_camber_cruise     loss=0.5502  surf[p=55.9030 Ux=1.0886 Uy=0.4301]  vol[p=58.0105 Ux=2.7268 Uy=0.9274]
    val_re_rand                loss=1.4279  surf[p=75.3847 Ux=1.3774 Uy=0.5383]  vol[p=74.6525 Ux=3.3140 Uy=1.3522]
Epoch  37 (135s) [47.1GB]  train[vol=0.1458 surf=0.0774]  val_avg_surf_p=75.4400  lr=7.45e-04
    val_single_in_dist         loss=3.6255  surf[p=81.7487 Ux=1.1410 Uy=0.5298]  vol[p=89.3072 Ux=3.3556 Uy=1.3113]
    val_geom_camber_rc         loss=1.3882  surf[p=88.9874 Ux=1.6223 Uy=0.6485]  vol[p=92.9034 Ux=4.0537 Uy=1.8982]
    val_geom_camber_cruise     loss=0.5387  surf[p=57.7615 Ux=1.0234 Uy=0.3606]  vol[p=51.5466 Ux=2.4776 Uy=0.8608]
    val_re_rand                loss=1.4187  surf[p=73.2625 Ux=1.2954 Uy=0.4933]  vol[p=70.7694 Ux=3.0944 Uy=1.3181]
Epoch  38 (135s) [47.1GB]  train[vol=0.2125 surf=0.1219]  val_avg_surf_p=74.7420  lr=7.31e-04
    val_single_in_dist         loss=2.5143  surf[p=88.1855 Ux=1.0907 Uy=0.4900]  vol[p=98.6881 Ux=3.5632 Uy=1.2897]
    val_geom_camber_rc         loss=2.3307  surf[p=91.0389 Ux=1.4153 Uy=0.6614]  vol[p=95.6135 Ux=3.9365 Uy=1.8161]
    val_geom_camber_cruise     loss=0.4176  surf[p=48.6144 Ux=0.8229 Uy=0.3494]  vol[p=44.7725 Ux=2.4925 Uy=0.8045]
    val_re_rand                loss=1.3609  surf[p=71.1291 Ux=1.1679 Uy=0.5253]  vol[p=70.2571 Ux=3.0860 Uy=1.2832]
Epoch  39 (135s) [47.1GB]  train[vol=0.1711 surf=0.0846]  val_avg_surf_p=83.4082  lr=7.16e-04
    val_single_in_dist         loss=3.3422  surf[p=112.7033 Ux=1.3275 Uy=0.5233]  vol[p=115.8529 Ux=3.7592 Uy=1.4191]
    val_geom_camber_rc         loss=1.9336  surf[p=104.1840 Ux=1.5535 Uy=0.6705]  vol[p=111.2131 Ux=4.1082 Uy=1.9577]
    val_geom_camber_cruise     loss=0.4307  surf[p=48.5537 Ux=0.5889 Uy=0.3161]  vol[p=44.3346 Ux=2.3853 Uy=0.8040]
    val_re_rand                loss=1.5198  surf[p=68.1920 Ux=1.0764 Uy=0.4837]  vol[p=68.6035 Ux=3.0768 Uy=1.2793]
Epoch  40 (135s) [47.1GB]  train[vol=0.2509 surf=0.1550]  val_avg_surf_p=91.7758  lr=7.01e-04
    val_single_in_dist         loss=4.4690  surf[p=155.7296 Ux=2.0147 Uy=0.6333]  vol[p=163.5163 Ux=4.0703 Uy=1.5510]
    val_geom_camber_rc         loss=1.8365  surf[p=92.4765 Ux=1.6484 Uy=0.6942]  vol[p=96.0160 Ux=4.0859 Uy=1.8396]
    val_geom_camber_cruise     loss=0.4220  surf[p=47.5044 Ux=0.8187 Uy=0.3327]  vol[p=46.8840 Ux=2.4508 Uy=0.7929]
    val_re_rand                loss=1.2962  surf[p=71.3928 Ux=1.1666 Uy=0.4933]  vol[p=71.6890 Ux=3.0304 Uy=1.2477]
Epoch  41 (136s) [47.1GB]  train[vol=0.1585 surf=0.0825]  val_avg_surf_p=70.4695 *  lr=6.86e-04
    val_single_in_dist         loss=2.7767  surf[p=92.1478 Ux=1.1288 Uy=0.4910]  vol[p=91.2435 Ux=3.4552 Uy=1.3370]
    val_geom_camber_rc         loss=1.5550  surf[p=81.7037 Ux=1.3595 Uy=0.6286]  vol[p=86.5824 Ux=3.8653 Uy=1.7871]
    val_geom_camber_cruise     loss=0.3569  surf[p=42.0348 Ux=0.8227 Uy=0.3101]  vol[p=42.1634 Ux=2.3487 Uy=0.7977]
    val_re_rand                loss=1.2836  surf[p=65.9918 Ux=1.1145 Uy=0.4798]  vol[p=65.2504 Ux=2.9843 Uy=1.2561]
Epoch  42 (136s) [47.1GB]  train[vol=0.1435 surf=0.0717]  val_avg_surf_p=70.0964 *  lr=6.70e-04
    val_single_in_dist         loss=2.5368  surf[p=77.7325 Ux=1.1733 Uy=0.4895]  vol[p=84.0725 Ux=3.3886 Uy=1.2477]
    val_geom_camber_rc         loss=1.3538  surf[p=87.3318 Ux=1.4317 Uy=0.6028]  vol[p=86.5522 Ux=3.7687 Uy=1.7179]
    val_geom_camber_cruise     loss=0.3688  surf[p=45.6393 Ux=0.7218 Uy=0.3221]  vol[p=42.0647 Ux=2.3264 Uy=0.7659]
    val_re_rand                loss=1.2086  surf[p=69.6819 Ux=1.0898 Uy=0.4799]  vol[p=65.6203 Ux=2.9584 Uy=1.2149]
Epoch  43 (136s) [47.1GB]  train[vol=0.2194 surf=0.1129]  val_avg_surf_p=78.0089  lr=6.55e-04
    val_single_in_dist         loss=1.9904  surf[p=99.7344 Ux=1.0902 Uy=0.5953]  vol[p=95.8817 Ux=3.3903 Uy=1.3648]
    val_geom_camber_rc         loss=1.6585  surf[p=96.8560 Ux=1.5831 Uy=0.7367]  vol[p=91.4729 Ux=3.9738 Uy=1.8811]
    val_geom_camber_cruise     loss=0.3970  surf[p=46.5162 Ux=0.8579 Uy=0.3548]  vol[p=41.6691 Ux=2.5226 Uy=0.8072]
    val_re_rand                loss=1.2048  surf[p=68.9289 Ux=1.2703 Uy=0.5127]  vol[p=63.4065 Ux=3.1390 Uy=1.2463]
Epoch  44 (138s) [47.1GB]  train[vol=0.1558 surf=0.0812]  val_avg_surf_p=71.0754  lr=6.39e-04
    val_single_in_dist         loss=1.9985  surf[p=80.2811 Ux=1.7784 Uy=0.4707]  vol[p=80.0110 Ux=4.1190 Uy=1.2495]
    val_geom_camber_rc         loss=1.7926  surf[p=88.9035 Ux=1.5858 Uy=0.6338]  vol[p=89.0472 Ux=3.9829 Uy=1.7354]
    val_geom_camber_cruise     loss=0.4658  surf[p=48.4487 Ux=1.2009 Uy=0.3472]  vol[p=48.0463 Ux=2.9080 Uy=0.8655]
    val_re_rand                loss=1.1784  surf[p=66.6682 Ux=1.3800 Uy=0.4790]  vol[p=66.1568 Ux=3.3512 Uy=1.2472]
Epoch  45 (135s) [47.1GB]  train[vol=0.1670 surf=0.0828]  val_avg_surf_p=64.1722 *  lr=6.23e-04
    val_single_in_dist         loss=1.8733  surf[p=74.9310 Ux=0.9046 Uy=0.4673]  vol[p=77.3751 Ux=3.1498 Uy=1.2368]
    val_geom_camber_rc         loss=1.2383  surf[p=77.4574 Ux=1.2736 Uy=0.6735]  vol[p=81.9506 Ux=3.6241 Uy=1.7378]
    val_geom_camber_cruise     loss=0.3443  surf[p=43.2031 Ux=0.5852 Uy=0.2957]  vol[p=39.6175 Ux=2.0754 Uy=0.7392]
    val_re_rand                loss=1.0089  surf[p=61.0974 Ux=0.9354 Uy=0.4730]  vol[p=59.1233 Ux=2.7553 Uy=1.1901]
Epoch  46 (136s) [47.1GB]  train[vol=0.2603 surf=0.1319]  val_avg_surf_p=62.7593 *  lr=6.07e-04
    val_single_in_dist         loss=1.7349  surf[p=67.0550 Ux=1.0536 Uy=0.4480]  vol[p=75.2744 Ux=3.2123 Uy=1.1486]
    val_geom_camber_rc         loss=1.2548  surf[p=75.9910 Ux=1.3541 Uy=0.5916]  vol[p=81.3108 Ux=3.7214 Uy=1.6748]
    val_geom_camber_cruise     loss=0.4234  surf[p=47.1423 Ux=0.7770 Uy=0.3044]  vol[p=43.1861 Ux=2.2650 Uy=0.7809]
    val_re_rand                loss=0.9971  surf[p=60.8490 Ux=1.0747 Uy=0.4374]  vol[p=59.9179 Ux=2.8504 Uy=1.1687]
Epoch  47 (138s) [47.1GB]  train[vol=0.1890 surf=0.1081]  val_avg_surf_p=76.0954  lr=5.90e-04
    val_single_in_dist         loss=2.0186  surf[p=102.8224 Ux=1.0883 Uy=0.4474]  vol[p=99.7041 Ux=3.3291 Uy=1.1790]
    val_geom_camber_rc         loss=1.4264  surf[p=83.3984 Ux=1.2134 Uy=0.5938]  vol[p=86.4122 Ux=3.6036 Uy=1.6775]
    val_geom_camber_cruise     loss=0.3734  surf[p=47.4764 Ux=0.6822 Uy=0.3059]  vol[p=45.8658 Ux=2.2711 Uy=0.7742]
    val_re_rand                loss=1.2015  surf[p=70.6842 Ux=1.0092 Uy=0.4660]  vol[p=67.6753 Ux=2.8639 Uy=1.1959]
Epoch  48 (135s) [47.1GB]  train[vol=0.1571 surf=0.0883]  val_avg_surf_p=61.3356 *  lr=5.74e-04
    val_single_in_dist         loss=1.2683  surf[p=68.6689 Ux=1.2030 Uy=0.4454]  vol[p=72.8029 Ux=3.4225 Uy=1.1429]
    val_geom_camber_rc         loss=1.1327  surf[p=74.8892 Ux=1.3130 Uy=0.5926]  vol[p=77.8822 Ux=3.6820 Uy=1.6251]
    val_geom_camber_cruise     loss=0.3461  surf[p=41.4445 Ux=0.9115 Uy=0.3033]  vol[p=38.7080 Ux=2.3871 Uy=0.7364]
    val_re_rand                loss=1.0311  surf[p=60.3395 Ux=1.1209 Uy=0.4462]  vol[p=59.6617 Ux=2.9341 Uy=1.1480]
Epoch  49 (136s) [47.1GB]  train[vol=0.1959 surf=0.1040]  val_avg_surf_p=61.4516  lr=5.58e-04
    val_single_in_dist         loss=1.7799  surf[p=72.9156 Ux=0.8802 Uy=0.3884]  vol[p=73.4214 Ux=2.9330 Uy=1.1256]
    val_geom_camber_rc         loss=1.2493  surf[p=73.6805 Ux=1.2451 Uy=0.5609]  vol[p=78.9554 Ux=3.5475 Uy=1.6323]
    val_geom_camber_cruise     loss=0.2979  surf[p=39.0802 Ux=0.8685 Uy=0.2926]  vol[p=37.8965 Ux=2.1549 Uy=0.6928]
    val_re_rand                loss=1.0712  surf[p=60.1300 Ux=1.1119 Uy=0.4364]  vol[p=58.9824 Ux=2.7910 Uy=1.1245]
Epoch  50 (136s) [47.1GB]  train[vol=0.2156 surf=0.1214]  val_avg_surf_p=66.3401  lr=5.41e-04
    val_single_in_dist         loss=2.5496  surf[p=78.9929 Ux=0.8078 Uy=0.4829]  vol[p=81.6377 Ux=3.0064 Uy=1.2220]
    val_geom_camber_rc         loss=1.1712  surf[p=84.2581 Ux=1.2047 Uy=0.6442]  vol[p=87.8625 Ux=3.5985 Uy=1.7234]
    val_geom_camber_cruise     loss=0.3097  surf[p=40.3874 Ux=0.5193 Uy=0.3042]  vol[p=40.9709 Ux=2.0102 Uy=0.7183]
    val_re_rand                loss=1.0660  surf[p=61.7221 Ux=0.8793 Uy=0.4824]  vol[p=62.6884 Ux=2.7193 Uy=1.1926]
Epoch  51 (135s) [47.1GB]  train[vol=0.2811 surf=0.1386]  val_avg_surf_p=61.1827 *  lr=5.25e-04
    val_single_in_dist         loss=1.9929  surf[p=68.9266 Ux=0.7950 Uy=0.4206]  vol[p=73.0291 Ux=2.9190 Uy=1.1252]
    val_geom_camber_rc         loss=1.1052  surf[p=75.5407 Ux=1.1481 Uy=0.5693]  vol[p=77.3902 Ux=3.4423 Uy=1.6605]
    val_geom_camber_cruise     loss=0.3240  surf[p=41.5718 Ux=0.5232 Uy=0.2815]  vol[p=39.6556 Ux=1.9826 Uy=0.7143]
    val_re_rand                loss=0.9818  surf[p=58.6917 Ux=0.8737 Uy=0.4224]  vol[p=58.1172 Ux=2.6388 Uy=1.1375]
Epoch  52 (136s) [47.1GB]  train[vol=0.1794 surf=0.0969]  val_avg_surf_p=59.3532 *  lr=5.08e-04
    val_single_in_dist         loss=1.8486  surf[p=68.1457 Ux=0.9363 Uy=0.4318]  vol[p=74.9557 Ux=2.9662 Uy=1.1173]
    val_geom_camber_rc         loss=1.1790  surf[p=72.6861 Ux=1.4403 Uy=0.5742]  vol[p=75.4800 Ux=3.6542 Uy=1.5988]
    val_geom_camber_cruise     loss=0.3028  surf[p=40.2781 Ux=0.7974 Uy=0.2878]  vol[p=39.1986 Ux=2.1933 Uy=0.7037]
    val_re_rand                loss=1.0026  surf[p=56.3027 Ux=1.1568 Uy=0.4222]  vol[p=56.2853 Ux=2.8502 Uy=1.0877]
Epoch  53 (138s) [47.1GB]  train[vol=0.1396 surf=0.0717]  val_avg_surf_p=57.2951 *  lr=4.92e-04
    val_single_in_dist         loss=1.6890  surf[p=57.9292 Ux=0.8031 Uy=0.3988]  vol[p=66.7085 Ux=2.7591 Uy=1.0672]
    val_geom_camber_rc         loss=1.0665  surf[p=72.1624 Ux=1.2585 Uy=0.5401]  vol[p=73.9557 Ux=3.3368 Uy=1.5205]
    val_geom_camber_cruise     loss=0.3304  surf[p=39.2766 Ux=0.5736 Uy=0.2742]  vol[p=36.4792 Ux=1.9439 Uy=0.6840]
    val_re_rand                loss=1.0170  surf[p=59.8124 Ux=0.9456 Uy=0.4300]  vol[p=56.6945 Ux=2.6054 Uy=1.1006]
Epoch  54 (137s) [47.1GB]  train[vol=0.2228 surf=0.1022]  val_avg_surf_p=55.4173 *  lr=4.75e-04
    val_single_in_dist         loss=1.3256  surf[p=61.6666 Ux=0.7703 Uy=0.3932]  vol[p=68.8201 Ux=2.8461 Uy=1.0494]
    val_geom_camber_rc         loss=1.0485  surf[p=70.2430 Ux=1.1665 Uy=0.5264]  vol[p=74.3491 Ux=3.3984 Uy=1.5322]
    val_geom_camber_cruise     loss=0.2964  surf[p=34.2898 Ux=0.5196 Uy=0.2798]  vol[p=35.0018 Ux=1.9168 Uy=0.6636]
    val_re_rand                loss=0.9620  surf[p=55.4700 Ux=0.8718 Uy=0.4022]  vol[p=54.9643 Ux=2.6411 Uy=1.0719]
Epoch  55 (136s) [47.1GB]  train[vol=0.1574 surf=0.0859]  val_avg_surf_p=58.1258  lr=4.59e-04
    val_single_in_dist         loss=1.8642  surf[p=69.2620 Ux=0.7890 Uy=0.3996]  vol[p=69.5189 Ux=2.7725 Uy=1.0182]
    val_geom_camber_rc         loss=1.2122  surf[p=74.4690 Ux=1.2039 Uy=0.5989]  vol[p=75.9850 Ux=3.4622 Uy=1.6030]
    val_geom_camber_cruise     loss=0.2620  surf[p=33.4682 Ux=0.6175 Uy=0.2898]  vol[p=33.6813 Ux=1.9738 Uy=0.6731]
    val_re_rand                loss=0.9798  surf[p=55.3040 Ux=0.9312 Uy=0.4483]  vol[p=54.1329 Ux=2.6242 Uy=1.1031]
Epoch  56 (137s) [47.1GB]  train[vol=0.2131 surf=0.1046]  val_avg_surf_p=56.4720  lr=4.42e-04
    val_single_in_dist         loss=2.1720  surf[p=66.2494 Ux=1.0412 Uy=0.3969]  vol[p=77.3164 Ux=2.9481 Uy=1.0656]
    val_geom_camber_rc         loss=1.0626  surf[p=68.3151 Ux=1.1276 Uy=0.5381]  vol[p=71.1164 Ux=3.3111 Uy=1.5077]
    val_geom_camber_cruise     loss=0.3026  surf[p=36.7527 Ux=0.5366 Uy=0.2723]  vol[p=37.5255 Ux=1.9317 Uy=0.7104]
    val_re_rand                loss=0.9131  surf[p=54.5707 Ux=0.8313 Uy=0.4074]  vol[p=55.3261 Ux=2.5131 Uy=1.0754]
Epoch  57 (137s) [47.1GB]  train[vol=0.1682 surf=0.0884]  val_avg_surf_p=52.0544 *  lr=4.26e-04
    val_single_in_dist         loss=0.9426  surf[p=55.2987 Ux=0.6795 Uy=0.3391]  vol[p=64.0169 Ux=2.6067 Uy=0.9651]
    val_geom_camber_rc         loss=1.0817  surf[p=68.0362 Ux=1.0954 Uy=0.5129]  vol[p=72.2078 Ux=3.2835 Uy=1.4977]
    val_geom_camber_cruise     loss=0.2501  surf[p=32.8385 Ux=0.5264 Uy=0.2397]  vol[p=33.5068 Ux=1.8585 Uy=0.6308]
    val_re_rand                loss=0.8641  surf[p=52.0441 Ux=0.8275 Uy=0.3792]  vol[p=51.8282 Ux=2.4863 Uy=1.0303]
Epoch  58 (137s) [47.1GB]  train[vol=0.1585 surf=0.0752]  val_avg_surf_p=54.6186  lr=4.10e-04
    val_single_in_dist         loss=2.6685  surf[p=61.3464 Ux=0.7453 Uy=0.3937]  vol[p=67.7099 Ux=2.6786 Uy=1.0261]
    val_geom_camber_rc         loss=1.0145  surf[p=67.0792 Ux=1.1298 Uy=0.5487]  vol[p=70.5097 Ux=3.2745 Uy=1.5130]
    val_geom_camber_cruise     loss=0.2635  surf[p=36.4456 Ux=0.6771 Uy=0.2520]  vol[p=36.7330 Ux=1.9880 Uy=0.6555]
    val_re_rand                loss=0.8926  surf[p=53.6031 Ux=0.9372 Uy=0.3938]  vol[p=53.8100 Ux=2.5711 Uy=1.0437]
Epoch  59 (138s) [47.1GB]  train[vol=0.1373 surf=0.0646]  val_avg_surf_p=55.0679  lr=3.93e-04
    val_single_in_dist         loss=2.1226  surf[p=65.8010 Ux=0.6590 Uy=0.3571]  vol[p=69.9627 Ux=2.6483 Uy=0.9959]
    val_geom_camber_rc         loss=1.1304  surf[p=71.0745 Ux=1.0409 Uy=0.5172]  vol[p=76.8556 Ux=3.2727 Uy=1.5189]
    val_geom_camber_cruise     loss=0.2307  surf[p=32.2656 Ux=0.4754 Uy=0.2515]  vol[p=33.2009 Ux=1.8191 Uy=0.6315]
    val_re_rand                loss=0.8609  surf[p=51.1303 Ux=0.7791 Uy=0.3794]  vol[p=52.1607 Ux=2.4353 Uy=1.0158]
Epoch  60 (137s) [47.1GB]  train[vol=0.1426 surf=0.0661]  val_avg_surf_p=53.8170  lr=3.77e-04
    val_single_in_dist         loss=1.3810  surf[p=63.3582 Ux=0.6751 Uy=0.3465]  vol[p=71.9652 Ux=2.5977 Uy=0.9954]
    val_geom_camber_rc         loss=0.8882  surf[p=64.7240 Ux=1.0260 Uy=0.5199]  vol[p=69.1376 Ux=3.2560 Uy=1.4672]
    val_geom_camber_cruise     loss=0.2445  surf[p=35.0506 Ux=0.5087 Uy=0.2346]  vol[p=36.3852 Ux=1.8227 Uy=0.6412]
    val_re_rand                loss=0.8702  surf[p=52.1352 Ux=0.7780 Uy=0.3754]  vol[p=53.1947 Ux=2.4500 Uy=1.0090]
Epoch  61 (137s) [47.1GB]  train[vol=0.0992 surf=0.0439]  val_avg_surf_p=52.7498  lr=3.61e-04
    val_single_in_dist         loss=1.3744  surf[p=60.0383 Ux=0.6661 Uy=0.3733]  vol[p=64.9895 Ux=2.6018 Uy=0.9736]
    val_geom_camber_rc         loss=1.1011  surf[p=68.1440 Ux=1.0103 Uy=0.5175]  vol[p=73.1793 Ux=3.1962 Uy=1.4340]
    val_geom_camber_cruise     loss=0.2258  surf[p=31.5805 Ux=0.4962 Uy=0.2551]  vol[p=33.0301 Ux=1.8654 Uy=0.6232]
    val_re_rand                loss=0.8409  surf[p=51.2364 Ux=0.8013 Uy=0.3911]  vol[p=51.6828 Ux=2.4542 Uy=0.9934]
Epoch  62 (138s) [47.1GB]  train[vol=0.1026 surf=0.0477]  val_avg_surf_p=52.5144  lr=3.45e-04
    val_single_in_dist         loss=1.2217  surf[p=56.6884 Ux=0.9377 Uy=0.3841]  vol[p=66.2145 Ux=2.8179 Uy=1.0252]
    val_geom_camber_rc         loss=0.9397  surf[p=67.0193 Ux=1.1428 Uy=0.5241]  vol[p=70.7432 Ux=3.3289 Uy=1.4775]
    val_geom_camber_cruise     loss=0.2528  surf[p=34.1094 Ux=0.7175 Uy=0.2520]  vol[p=34.7432 Ux=2.0239 Uy=0.6461]
    val_re_rand                loss=0.8599  surf[p=52.2405 Ux=0.9000 Uy=0.3779]  vol[p=52.2435 Ux=2.5427 Uy=1.0047]
Epoch  63 (137s) [47.1GB]  train[vol=0.1482 surf=0.0593]  val_avg_surf_p=49.0237 *  lr=3.30e-04
    val_single_in_dist         loss=0.7322  surf[p=49.5792 Ux=0.5961 Uy=0.3585]  vol[p=58.7520 Ux=2.4845 Uy=0.9680]
    val_geom_camber_rc         loss=0.9263  surf[p=63.9413 Ux=1.0125 Uy=0.5057]  vol[p=67.7090 Ux=3.1678 Uy=1.4396]
    val_geom_camber_cruise     loss=0.2256  surf[p=31.8225 Ux=0.4288 Uy=0.2542]  vol[p=32.9735 Ux=1.7217 Uy=0.6303]
    val_re_rand                loss=0.8511  surf[p=50.7518 Ux=0.7290 Uy=0.3848]  vol[p=50.0396 Ux=2.3515 Uy=0.9967]
Epoch  64 (138s) [47.1GB]  train[vol=0.1185 surf=0.0614]  val_avg_surf_p=50.8393  lr=3.14e-04
    val_single_in_dist         loss=1.1140  surf[p=52.7457 Ux=0.7046 Uy=0.3407]  vol[p=59.2279 Ux=2.6051 Uy=0.9318]
    val_geom_camber_rc         loss=1.0431  surf[p=68.1844 Ux=1.1940 Uy=0.5231]  vol[p=70.5535 Ux=3.4628 Uy=1.4772]
    val_geom_camber_cruise     loss=0.2308  surf[p=32.4070 Ux=0.5721 Uy=0.2414]  vol[p=32.9889 Ux=1.8854 Uy=0.6226]
    val_re_rand                loss=0.9902  surf[p=50.0202 Ux=0.8920 Uy=0.3798]  vol[p=50.7494 Ux=2.5448 Uy=1.0089]
Epoch  65 (137s) [47.1GB]  train[vol=0.1505 surf=0.0708]  val_avg_surf_p=50.5432  lr=2.99e-04
    val_single_in_dist         loss=1.6093  surf[p=55.5361 Ux=0.9311 Uy=0.3614]  vol[p=60.5912 Ux=2.7304 Uy=0.9361]
    val_geom_camber_rc         loss=0.9349  surf[p=64.7309 Ux=0.9799 Uy=0.4887]  vol[p=68.8688 Ux=3.0786 Uy=1.4238]
    val_geom_camber_cruise     loss=0.2534  surf[p=32.8415 Ux=0.7153 Uy=0.2513]  vol[p=32.7873 Ux=1.9935 Uy=0.6220]
    val_re_rand                loss=0.8336  surf[p=49.0642 Ux=0.8252 Uy=0.3662]  vol[p=49.5450 Ux=2.4102 Uy=0.9783]
Epoch  66 (137s) [47.1GB]  train[vol=0.1144 surf=0.0609]  val_avg_surf_p=48.7810 *  lr=2.84e-04
    val_single_in_dist         loss=0.9254  surf[p=51.0236 Ux=0.7017 Uy=0.3621]  vol[p=59.7387 Ux=2.4516 Uy=0.9229]
    val_geom_camber_rc         loss=0.8916  surf[p=64.8725 Ux=1.0181 Uy=0.4992]  vol[p=69.2792 Ux=3.0606 Uy=1.4175]
    val_geom_camber_cruise     loss=0.2158  surf[p=29.4166 Ux=0.5391 Uy=0.2493]  vol[p=31.6238 Ux=1.7798 Uy=0.6080]
    val_re_rand                loss=0.8811  surf[p=49.8111 Ux=0.8287 Uy=0.3803]  vol[p=50.3206 Ux=2.3828 Uy=0.9863]
Epoch  67 (135s) [47.1GB]  train[vol=0.1754 surf=0.0744]  val_avg_surf_p=46.9963 *  lr=2.69e-04
    val_single_in_dist         loss=1.0807  surf[p=48.0906 Ux=0.6462 Uy=0.3517]  vol[p=57.5298 Ux=2.3969 Uy=0.9193]
    val_geom_camber_rc         loss=0.8361  surf[p=60.8821 Ux=1.0073 Uy=0.4892]  vol[p=64.5172 Ux=3.0439 Uy=1.4348]
    val_geom_camber_cruise     loss=0.2296  surf[p=31.2455 Ux=0.5248 Uy=0.2310]  vol[p=32.3296 Ux=1.7475 Uy=0.6121]
    val_re_rand                loss=0.8425  surf[p=47.7669 Ux=0.7880 Uy=0.3619]  vol[p=49.0627 Ux=2.3097 Uy=0.9675]
Epoch  68 (134s) [47.1GB]  train[vol=0.2056 surf=0.1090]  val_avg_surf_p=48.7174  lr=2.55e-04
    val_single_in_dist         loss=1.1834  surf[p=53.0539 Ux=0.6154 Uy=0.3125]  vol[p=59.8538 Ux=2.4407 Uy=0.8944]
    val_geom_camber_rc         loss=0.8468  surf[p=62.3478 Ux=0.9421 Uy=0.4747]  vol[p=66.4540 Ux=2.9971 Uy=1.3678]
    val_geom_camber_cruise     loss=0.2022  surf[p=30.0659 Ux=0.4334 Uy=0.2178]  vol[p=30.4977 Ux=1.6703 Uy=0.5868]
    val_re_rand                loss=0.8297  surf[p=49.4019 Ux=0.7264 Uy=0.3564]  vol[p=49.4147 Ux=2.2901 Uy=0.9575]
Epoch  69 (135s) [47.1GB]  train[vol=0.1027 surf=0.0416]  val_avg_surf_p=47.1014  lr=2.41e-04
    val_single_in_dist         loss=1.7120  surf[p=49.6987 Ux=0.5992 Uy=0.3301]  vol[p=57.8624 Ux=2.3663 Uy=0.9109]
    val_geom_camber_rc         loss=0.8869  surf[p=61.3988 Ux=0.9302 Uy=0.4752]  vol[p=65.6144 Ux=3.0363 Uy=1.3930]
    val_geom_camber_cruise     loss=0.2044  surf[p=30.4666 Ux=0.4103 Uy=0.2313]  vol[p=31.8651 Ux=1.6448 Uy=0.5901]
    val_re_rand                loss=0.7555  surf[p=46.8417 Ux=0.7027 Uy=0.3570]  vol[p=48.4272 Ux=2.2569 Uy=0.9529]
Epoch  70 (137s) [47.1GB]  train[vol=0.2641 surf=0.1293]  val_avg_surf_p=46.5023 *  lr=2.27e-04
    val_single_in_dist         loss=0.9964  surf[p=47.9695 Ux=0.5552 Uy=0.3205]  vol[p=55.6410 Ux=2.3270 Uy=0.8843]
    val_geom_camber_rc         loss=0.8920  surf[p=61.2288 Ux=0.9420 Uy=0.5077]  vol[p=65.2205 Ux=2.9382 Uy=1.3987]
    val_geom_camber_cruise     loss=0.2151  surf[p=30.1779 Ux=0.4115 Uy=0.2306]  vol[p=30.9670 Ux=1.6681 Uy=0.5903]
    val_re_rand                loss=0.7582  surf[p=46.6328 Ux=0.7143 Uy=0.3631]  vol[p=47.2532 Ux=2.2263 Uy=0.9566]
Epoch  71 (139s) [47.1GB]  train[vol=0.1625 surf=0.0732]  val_avg_surf_p=44.0399 *  lr=2.13e-04
    val_single_in_dist         loss=0.7499  surf[p=43.3615 Ux=0.5541 Uy=0.3043]  vol[p=54.1483 Ux=2.3051 Uy=0.8603]
    val_geom_camber_rc         loss=0.8740  surf[p=59.3251 Ux=0.9587 Uy=0.4709]  vol[p=64.3652 Ux=2.9706 Uy=1.3582]
    val_geom_camber_cruise     loss=0.1935  surf[p=28.6234 Ux=0.3879 Uy=0.2206]  vol[p=30.5314 Ux=1.6268 Uy=0.5823]
    val_re_rand                loss=0.7479  surf[p=44.8498 Ux=0.6942 Uy=0.3532]  vol[p=46.8444 Ux=2.2164 Uy=0.9441]
Epoch  72 (137s) [47.1GB]  train[vol=0.1252 surf=0.0484]  val_avg_surf_p=45.8732  lr=1.99e-04
    val_single_in_dist         loss=1.2748  surf[p=51.6252 Ux=0.6210 Uy=0.3158]  vol[p=56.5585 Ux=2.3514 Uy=0.8718]
    val_geom_camber_rc         loss=0.8100  surf[p=57.7486 Ux=0.9206 Uy=0.4635]  vol[p=62.6606 Ux=2.9601 Uy=1.3430]
    val_geom_camber_cruise     loss=0.2059  surf[p=29.6663 Ux=0.3947 Uy=0.2223]  vol[p=30.9151 Ux=1.6377 Uy=0.5735]
    val_re_rand                loss=0.7199  surf[p=44.4529 Ux=0.6872 Uy=0.3487]  vol[p=46.1627 Ux=2.2148 Uy=0.9266]
Epoch  73 (139s) [47.1GB]  train[vol=0.0668 surf=0.0206]  val_avg_surf_p=44.8400  lr=1.86e-04
    val_single_in_dist         loss=0.6874  surf[p=44.5899 Ux=0.5865 Uy=0.3053]  vol[p=53.6111 Ux=2.3263 Uy=0.8511]
    val_geom_camber_rc         loss=0.9124  surf[p=59.0935 Ux=0.9202 Uy=0.4627]  vol[p=63.6937 Ux=2.9734 Uy=1.3438]
    val_geom_camber_cruise     loss=0.2021  surf[p=29.2732 Ux=0.3745 Uy=0.2149]  vol[p=30.9083 Ux=1.6197 Uy=0.5708]
    val_re_rand                loss=0.7552  surf[p=46.4034 Ux=0.6806 Uy=0.3465]  vol[p=46.8218 Ux=2.2077 Uy=0.9205]
Epoch  74 (137s) [47.1GB]  train[vol=0.0885 surf=0.0300]  val_avg_surf_p=44.3239  lr=1.74e-04
    val_single_in_dist         loss=0.7260  surf[p=45.4912 Ux=0.6274 Uy=0.3050]  vol[p=54.3817 Ux=2.3284 Uy=0.8459]
    val_geom_camber_rc         loss=0.8291  surf[p=58.2021 Ux=0.9157 Uy=0.4634]  vol[p=63.2671 Ux=2.9957 Uy=1.3372]
    val_geom_camber_cruise     loss=0.1992  surf[p=28.6072 Ux=0.4418 Uy=0.2253]  vol[p=30.0867 Ux=1.6974 Uy=0.5812]
    val_re_rand                loss=0.7512  surf[p=44.9950 Ux=0.7081 Uy=0.3437]  vol[p=46.2486 Ux=2.2526 Uy=0.9194]
Epoch  75 (137s) [47.1GB]  train[vol=0.0763 surf=0.0360]  val_avg_surf_p=43.2348 *  lr=1.61e-04
    val_single_in_dist         loss=0.6552  surf[p=41.6329 Ux=0.5299 Uy=0.2990]  vol[p=51.7528 Ux=2.2548 Uy=0.8295]
    val_geom_camber_rc         loss=0.8543  surf[p=58.1930 Ux=0.8921 Uy=0.4662]  vol[p=63.7209 Ux=2.9260 Uy=1.3236]
    val_geom_camber_cruise     loss=0.1919  surf[p=27.6495 Ux=0.3861 Uy=0.2203]  vol[p=29.7826 Ux=1.6023 Uy=0.5657]
    val_re_rand                loss=0.7470  surf[p=45.4637 Ux=0.7018 Uy=0.3482]  vol[p=46.8319 Ux=2.2122 Uy=0.9261]
Epoch  76 (137s) [47.1GB]  train[vol=0.0983 surf=0.0415]  val_avg_surf_p=42.9042 *  lr=1.49e-04
    val_single_in_dist         loss=0.9555  surf[p=43.4798 Ux=0.5640 Uy=0.3039]  vol[p=53.4137 Ux=2.2745 Uy=0.8399]
    val_geom_camber_rc         loss=0.8238  surf[p=57.3896 Ux=0.8975 Uy=0.4628]  vol[p=62.7878 Ux=2.9395 Uy=1.3131]
    val_geom_camber_cruise     loss=0.1848  surf[p=27.3663 Ux=0.4284 Uy=0.2161]  vol[p=29.2389 Ux=1.6706 Uy=0.5589]
    val_re_rand                loss=0.7202  surf[p=43.3812 Ux=0.7097 Uy=0.3435]  vol[p=45.3662 Ux=2.2297 Uy=0.9066]
Epoch  77 (134s) [47.1GB]  train[vol=0.0793 surf=0.0296]  val_avg_surf_p=42.9884  lr=1.38e-04
    val_single_in_dist         loss=0.7261  surf[p=41.8980 Ux=0.5282 Uy=0.2904]  vol[p=51.5191 Ux=2.2165 Uy=0.8286]
    val_geom_camber_rc         loss=0.8414  surf[p=58.1040 Ux=0.8884 Uy=0.4603]  vol[p=62.5086 Ux=2.8687 Uy=1.3261]
    val_geom_camber_cruise     loss=0.1969  surf[p=27.7712 Ux=0.3706 Uy=0.2122]  vol[p=29.4271 Ux=1.5980 Uy=0.5589]
    val_re_rand                loss=0.7618  surf[p=44.1803 Ux=0.6589 Uy=0.3370]  vol[p=45.6407 Ux=2.1679 Uy=0.9093]
Epoch  78 (139s) [47.1GB]  train[vol=0.0966 surf=0.0361]  val_avg_surf_p=41.5056 *  lr=1.27e-04
    val_single_in_dist         loss=0.6333  surf[p=39.6317 Ux=0.4953 Uy=0.2859]  vol[p=51.1809 Ux=2.1883 Uy=0.8195]
    val_geom_camber_rc         loss=0.8083  surf[p=57.0409 Ux=0.8764 Uy=0.4542]  vol[p=61.9203 Ux=2.8735 Uy=1.3192]
    val_geom_camber_cruise     loss=0.1792  surf[p=26.1638 Ux=0.3706 Uy=0.2104]  vol[p=29.1213 Ux=1.5636 Uy=0.5466]
    val_re_rand                loss=0.7295  surf[p=43.1860 Ux=0.6599 Uy=0.3355]  vol[p=45.4188 Ux=2.1489 Uy=0.8993]
Epoch  79 (136s) [47.1GB]  train[vol=0.0943 surf=0.0289]  val_avg_surf_p=43.0443  lr=1.16e-04
    val_single_in_dist         loss=0.7738  surf[p=43.2052 Ux=0.5927 Uy=0.2898]  vol[p=52.8076 Ux=2.2629 Uy=0.8284]
    val_geom_camber_rc         loss=0.7943  surf[p=58.8803 Ux=0.9436 Uy=0.4496]  vol[p=63.3021 Ux=3.0011 Uy=1.3206]
    val_geom_camber_cruise     loss=0.1832  surf[p=26.7896 Ux=0.3627 Uy=0.2085]  vol[p=29.1247 Ux=1.5776 Uy=0.5468]
    val_re_rand                loss=0.7712  surf[p=43.3021 Ux=0.6669 Uy=0.3348]  vol[p=45.3263 Ux=2.1800 Uy=0.9013]
Epoch  80 (134s) [47.1GB]  train[vol=0.1513 surf=0.0608]  val_avg_surf_p=41.2190 *  lr=1.05e-04
    val_single_in_dist         loss=0.7009  surf[p=39.4077 Ux=0.4917 Uy=0.2834]  vol[p=51.1400 Ux=2.1599 Uy=0.8163]
    val_geom_camber_rc         loss=0.7921  surf[p=56.6410 Ux=0.8499 Uy=0.4537]  vol[p=61.6164 Ux=2.8329 Uy=1.3009]
    val_geom_camber_cruise     loss=0.1868  surf[p=26.6108 Ux=0.3832 Uy=0.2069]  vol[p=29.1874 Ux=1.5777 Uy=0.5524]
    val_re_rand                loss=0.7029  surf[p=42.2164 Ux=0.6501 Uy=0.3333]  vol[p=44.8341 Ux=2.1306 Uy=0.8940]
Epoch  81 (137s) [47.1GB]  train[vol=0.0640 surf=0.0191]  val_avg_surf_p=40.8826 *  lr=9.55e-05
    val_single_in_dist         loss=0.7081  surf[p=40.0221 Ux=0.5061 Uy=0.2815]  vol[p=50.7173 Ux=2.1424 Uy=0.8034]
    val_geom_camber_rc         loss=0.7655  surf[p=55.4692 Ux=0.8416 Uy=0.4446]  vol[p=60.8376 Ux=2.8268 Uy=1.2994]
    val_geom_camber_cruise     loss=0.1830  surf[p=25.9004 Ux=0.3657 Uy=0.2058]  vol[p=28.6547 Ux=1.5628 Uy=0.5453]
    val_re_rand                loss=0.7252  surf[p=42.1386 Ux=0.6428 Uy=0.3318]  vol[p=44.7094 Ux=2.1210 Uy=0.8954]
Epoch  82 (137s) [47.1GB]  train[vol=0.0829 surf=0.0357]  val_avg_surf_p=41.4020  lr=8.60e-05
    val_single_in_dist         loss=0.6200  surf[p=39.4598 Ux=0.4869 Uy=0.2784]  vol[p=50.4787 Ux=2.1495 Uy=0.8037]
    val_geom_camber_rc         loss=0.7723  surf[p=56.5919 Ux=0.8392 Uy=0.4416]  vol[p=60.8567 Ux=2.8312 Uy=1.2941]
    val_geom_camber_cruise     loss=0.1799  surf[p=26.5622 Ux=0.3626 Uy=0.2037]  vol[p=29.0926 Ux=1.5558 Uy=0.5377]
    val_re_rand                loss=0.7406  surf[p=42.9942 Ux=0.6442 Uy=0.3308]  vol[p=45.1142 Ux=2.1291 Uy=0.8898]
Epoch  83 (137s) [47.1GB]  train[vol=0.1191 surf=0.0487]  val_avg_surf_p=40.8239 *  lr=7.70e-05
    val_single_in_dist         loss=0.7497  surf[p=39.3363 Ux=0.4865 Uy=0.2823]  vol[p=50.7625 Ux=2.1315 Uy=0.8117]
    val_geom_camber_rc         loss=0.7722  surf[p=55.6495 Ux=0.8351 Uy=0.4436]  vol[p=61.1434 Ux=2.8319 Uy=1.2999]
    val_geom_camber_cruise     loss=0.1831  surf[p=26.3108 Ux=0.3519 Uy=0.2103]  vol[p=28.7141 Ux=1.5515 Uy=0.5467]
    val_re_rand                loss=0.7131  surf[p=41.9992 Ux=0.6338 Uy=0.3303]  vol[p=44.3681 Ux=2.1106 Uy=0.8910]
Epoch  84 (137s) [47.1GB]  train[vol=0.1015 surf=0.0519]  val_avg_surf_p=40.9075  lr=6.84e-05
    val_single_in_dist         loss=0.7104  surf[p=39.0169 Ux=0.4845 Uy=0.2844]  vol[p=50.9364 Ux=2.1421 Uy=0.8061]
    val_geom_camber_rc         loss=0.7945  surf[p=56.0244 Ux=0.8459 Uy=0.4438]  vol[p=60.8951 Ux=2.7954 Uy=1.2808]
    val_geom_camber_cruise     loss=0.1788  surf[p=25.8416 Ux=0.3749 Uy=0.2019]  vol[p=28.7366 Ux=1.5556 Uy=0.5392]
    val_re_rand                loss=0.7121  surf[p=42.7471 Ux=0.6523 Uy=0.3288]  vol[p=44.7284 Ux=2.1069 Uy=0.8802]
Epoch  85 (136s) [47.1GB]  train[vol=0.2208 surf=0.1126]  val_avg_surf_p=41.0781  lr=6.03e-05
    val_single_in_dist         loss=0.7987  surf[p=40.5289 Ux=0.4836 Uy=0.2865]  vol[p=52.6058 Ux=2.1555 Uy=0.8147]
    val_geom_camber_rc         loss=0.7797  surf[p=56.5895 Ux=0.8289 Uy=0.4453]  vol[p=61.0188 Ux=2.8365 Uy=1.3030]
    val_geom_camber_cruise     loss=0.1772  surf[p=25.6638 Ux=0.3605 Uy=0.2011]  vol[p=28.5178 Ux=1.5388 Uy=0.5380]
    val_re_rand                loss=0.7129  surf[p=41.5303 Ux=0.6312 Uy=0.3271]  vol[p=43.9900 Ux=2.0880 Uy=0.8831]
Epoch  86 (135s) [47.1GB]  train[vol=0.1660 surf=0.0500]  val_avg_surf_p=40.1937 *  lr=5.26e-05
    val_single_in_dist         loss=0.5971  surf[p=37.7183 Ux=0.4819 Uy=0.2810]  vol[p=49.8774 Ux=2.1263 Uy=0.7999]
    val_geom_camber_rc         loss=0.7861  surf[p=55.8935 Ux=0.8332 Uy=0.4418]  vol[p=61.0216 Ux=2.7811 Uy=1.2792]
    val_geom_camber_cruise     loss=0.1715  surf[p=24.9873 Ux=0.3631 Uy=0.2009]  vol[p=28.1154 Ux=1.5388 Uy=0.5362]
    val_re_rand                loss=0.7242  surf[p=42.1758 Ux=0.6407 Uy=0.3296]  vol[p=44.5235 Ux=2.0952 Uy=0.8818]
Epoch  87 (136s) [47.1GB]  train[vol=0.0588 surf=0.0214]  val_avg_surf_p=40.3049  lr=4.55e-05
    val_single_in_dist         loss=0.6181  surf[p=38.0719 Ux=0.4727 Uy=0.2796]  vol[p=50.9154 Ux=2.1228 Uy=0.7957]
    val_geom_camber_rc         loss=0.8014  surf[p=56.1653 Ux=0.8340 Uy=0.4405]  vol[p=60.9812 Ux=2.7901 Uy=1.2808]
    val_geom_camber_cruise     loss=0.1704  surf[p=25.0494 Ux=0.3592 Uy=0.1993]  vol[p=28.0976 Ux=1.5409 Uy=0.5314]
    val_re_rand                loss=0.6974  surf[p=41.9330 Ux=0.6372 Uy=0.3275]  vol[p=44.3965 Ux=2.0939 Uy=0.8773]
Epoch  88 (135s) [47.1GB]  train[vol=0.1413 surf=0.0709]  val_avg_surf_p=39.9162 *  lr=3.89e-05
    val_single_in_dist         loss=0.6434  surf[p=37.2398 Ux=0.4664 Uy=0.2751]  vol[p=49.4892 Ux=2.1047 Uy=0.7887]
    val_geom_camber_rc         loss=0.7778  surf[p=55.4850 Ux=0.8256 Uy=0.4381]  vol[p=60.7423 Ux=2.7711 Uy=1.2731]
    val_geom_camber_cruise     loss=0.1732  surf[p=25.1737 Ux=0.3536 Uy=0.1998]  vol[p=27.9726 Ux=1.5351 Uy=0.5316]
    val_re_rand                loss=0.7077  surf[p=41.7663 Ux=0.6351 Uy=0.3257]  vol[p=44.0809 Ux=2.0950 Uy=0.8768]
Epoch  89 (135s) [47.1GB]  train[vol=0.0645 surf=0.0227]  val_avg_surf_p=39.7818 *  lr=3.27e-05
    val_single_in_dist         loss=0.7125  surf[p=37.8307 Ux=0.4647 Uy=0.2764]  vol[p=49.4688 Ux=2.1093 Uy=0.7866]
    val_geom_camber_rc         loss=0.7691  surf[p=54.9354 Ux=0.8199 Uy=0.4345]  vol[p=59.8975 Ux=2.8119 Uy=1.2712]
    val_geom_camber_cruise     loss=0.1707  surf[p=24.8273 Ux=0.3544 Uy=0.1996]  vol[p=27.8483 Ux=1.5307 Uy=0.5290]
    val_re_rand                loss=0.6963  surf[p=41.5338 Ux=0.6357 Uy=0.3248]  vol[p=43.8436 Ux=2.0923 Uy=0.8712]
Epoch  90 (136s) [47.1GB]  train[vol=0.0843 surf=0.0241]  val_avg_surf_p=39.6352 *  lr=2.71e-05
    val_single_in_dist         loss=0.6240  surf[p=37.1766 Ux=0.4617 Uy=0.2736]  vol[p=49.4753 Ux=2.0947 Uy=0.7886]
    val_geom_camber_rc         loss=0.7672  surf[p=55.0680 Ux=0.8196 Uy=0.4369]  vol[p=59.9034 Ux=2.7875 Uy=1.2738]
    val_geom_camber_cruise     loss=0.1720  surf[p=24.9578 Ux=0.3478 Uy=0.2000]  vol[p=27.9602 Ux=1.5311 Uy=0.5291]
    val_re_rand                loss=0.6977  surf[p=41.3385 Ux=0.6249 Uy=0.3242]  vol[p=43.7505 Ux=2.0798 Uy=0.8730]
Epoch  91 (137s) [47.1GB]  train[vol=0.1222 surf=0.0356]  val_avg_surf_p=39.6888  lr=2.20e-05
    val_single_in_dist         loss=0.6277  surf[p=37.1856 Ux=0.4590 Uy=0.2754]  vol[p=49.4016 Ux=2.0901 Uy=0.7895]
    val_geom_camber_rc         loss=0.7692  surf[p=55.4162 Ux=0.8125 Uy=0.4367]  vol[p=60.3004 Ux=2.7803 Uy=1.2773]
    val_geom_camber_cruise     loss=0.1709  surf[p=24.7699 Ux=0.3472 Uy=0.1982]  vol[p=27.8034 Ux=1.5243 Uy=0.5291]
    val_re_rand                loss=0.7065  surf[p=41.3837 Ux=0.6274 Uy=0.3244]  vol[p=43.8395 Ux=2.0775 Uy=0.8718]
Epoch  92 (137s) [47.1GB]  train[vol=0.0898 surf=0.0434]  val_avg_surf_p=39.4521 *  lr=1.74e-05
    val_single_in_dist         loss=0.6450  surf[p=36.6638 Ux=0.4591 Uy=0.2723]  vol[p=49.5396 Ux=2.0949 Uy=0.7851]
    val_geom_camber_rc         loss=0.7678  surf[p=55.0107 Ux=0.8176 Uy=0.4355]  vol[p=60.1899 Ux=2.7738 Uy=1.2706]
    val_geom_camber_cruise     loss=0.1710  surf[p=24.7419 Ux=0.3539 Uy=0.1968]  vol[p=27.7205 Ux=1.5300 Uy=0.5271]
    val_re_rand                loss=0.7024  surf[p=41.3921 Ux=0.6298 Uy=0.3237]  vol[p=43.8630 Ux=2.0789 Uy=0.8710]
Epoch  93 (135s) [47.1GB]  train[vol=0.1633 surf=0.0725]  val_avg_surf_p=39.2661 *  lr=1.33e-05
    val_single_in_dist         loss=0.6191  surf[p=36.3417 Ux=0.4570 Uy=0.2720]  vol[p=48.9233 Ux=2.0829 Uy=0.7821]
    val_geom_camber_rc         loss=0.7615  surf[p=54.7780 Ux=0.8138 Uy=0.4341]  vol[p=59.7578 Ux=2.7710 Uy=1.2683]
    val_geom_camber_cruise     loss=0.1706  surf[p=24.7191 Ux=0.3481 Uy=0.1976]  vol[p=27.7815 Ux=1.5202 Uy=0.5276]
    val_re_rand                loss=0.6979  surf[p=41.2254 Ux=0.6255 Uy=0.3234]  vol[p=43.6840 Ux=2.0723 Uy=0.8712]
Epoch  94 (137s) [47.1GB]  train[vol=0.0559 surf=0.0146]  val_avg_surf_p=39.2239 *  lr=9.81e-06
    val_single_in_dist         loss=0.6200  surf[p=36.4711 Ux=0.4564 Uy=0.2709]  vol[p=48.8116 Ux=2.0851 Uy=0.7795]
    val_geom_camber_rc         loss=0.7655  surf[p=54.6422 Ux=0.8162 Uy=0.4330]  vol[p=59.7603 Ux=2.7770 Uy=1.2649]
    val_geom_camber_cruise     loss=0.1685  surf[p=24.6293 Ux=0.3458 Uy=0.1965]  vol[p=27.8002 Ux=1.5240 Uy=0.5267]
    val_re_rand                loss=0.6932  surf[p=41.1530 Ux=0.6244 Uy=0.3226]  vol[p=43.6839 Ux=2.0768 Uy=0.8693]
Epoch  95 (136s) [47.1GB]  train[vol=0.1589 surf=0.0664]  val_avg_surf_p=39.2286  lr=6.82e-06
    val_single_in_dist         loss=0.6295  surf[p=36.4468 Ux=0.4556 Uy=0.2704]  vol[p=48.9118 Ux=2.0788 Uy=0.7784]
    val_geom_camber_rc         loss=0.7684  surf[p=54.7072 Ux=0.8147 Uy=0.4339]  vol[p=59.7960 Ux=2.7629 Uy=1.2640]
    val_geom_camber_cruise     loss=0.1699  surf[p=24.7389 Ux=0.3477 Uy=0.1974]  vol[p=27.7165 Ux=1.5172 Uy=0.5279]
    val_re_rand                loss=0.6935  surf[p=41.0215 Ux=0.6247 Uy=0.3229]  vol[p=43.5412 Ux=2.0706 Uy=0.8683]
Epoch  96 (137s) [47.1GB]  train[vol=0.1030 surf=0.0549]  val_avg_surf_p=39.2368  lr=4.37e-06
    val_single_in_dist         loss=0.6240  surf[p=36.3694 Ux=0.4548 Uy=0.2702]  vol[p=48.9563 Ux=2.0764 Uy=0.7796]
    val_geom_camber_rc         loss=0.7661  surf[p=54.6656 Ux=0.8137 Uy=0.4337]  vol[p=59.8383 Ux=2.7698 Uy=1.2643]
    val_geom_camber_cruise     loss=0.1694  surf[p=24.8057 Ux=0.3455 Uy=0.1978]  vol[p=27.7919 Ux=1.5185 Uy=0.5276]
    val_re_rand                loss=0.6961  surf[p=41.1065 Ux=0.6246 Uy=0.3227]  vol[p=43.6238 Ux=2.0682 Uy=0.8684]
Epoch  97 (137s) [47.1GB]  train[vol=0.1279 surf=0.0535]  val_avg_surf_p=39.1915 *  lr=2.46e-06
    val_single_in_dist         loss=0.6314  surf[p=36.3961 Ux=0.4536 Uy=0.2708]  vol[p=48.9160 Ux=2.0771 Uy=0.7791]
    val_geom_camber_rc         loss=0.7655  surf[p=54.6848 Ux=0.8120 Uy=0.4326]  vol[p=59.7947 Ux=2.7725 Uy=1.2652]
    val_geom_camber_cruise     loss=0.1694  surf[p=24.6394 Ux=0.3460 Uy=0.1972]  vol[p=27.7248 Ux=1.5198 Uy=0.5270]
    val_re_rand                loss=0.6945  surf[p=41.0455 Ux=0.6241 Uy=0.3225]  vol[p=43.5969 Ux=2.0693 Uy=0.8684]
Epoch  98 (138s) [47.1GB]  train[vol=0.0617 surf=0.0226]  val_avg_surf_p=39.2215  lr=1.09e-06
    val_single_in_dist         loss=0.6283  surf[p=36.4209 Ux=0.4550 Uy=0.2706]  vol[p=48.9142 Ux=2.0775 Uy=0.7790]
    val_geom_camber_rc         loss=0.7704  surf[p=54.7681 Ux=0.8140 Uy=0.4334]  vol[p=59.8887 Ux=2.7664 Uy=1.2632]
    val_geom_camber_cruise     loss=0.1691  surf[p=24.5968 Ux=0.3458 Uy=0.1970]  vol[p=27.6827 Ux=1.5186 Uy=0.5264]
    val_re_rand                loss=0.6947  surf[p=41.1002 Ux=0.6251 Uy=0.3226]  vol[p=43.5971 Ux=2.0684 Uy=0.8681]
Epoch  99 (137s) [47.1GB]  train[vol=0.0927 surf=0.0317]  val_avg_surf_p=39.1749 *  lr=2.73e-07
    val_single_in_dist         loss=0.6262  surf[p=36.3193 Ux=0.4543 Uy=0.2707]  vol[p=48.8945 Ux=2.0783 Uy=0.7788]
    val_geom_camber_rc         loss=0.7691  surf[p=54.7371 Ux=0.8131 Uy=0.4333]  vol[p=59.8168 Ux=2.7690 Uy=1.2639]
    val_geom_camber_cruise     loss=0.1691  surf[p=24.5890 Ux=0.3458 Uy=0.1968]  vol[p=27.6969 Ux=1.5189 Uy=0.5263]
    val_re_rand                loss=0.6944  surf[p=41.0541 Ux=0.6242 Uy=0.3226]  vol[p=43.5764 Ux=2.0683 Uy=0.8680]
Epoch 100 (134s) [47.1GB]  train[vol=0.1261 surf=0.0594]  val_avg_surf_p=39.1695 *  lr=0.00e+00
    val_single_in_dist         loss=0.6263  surf[p=36.3048 Ux=0.4542 Uy=0.2707]  vol[p=48.8877 Ux=2.0782 Uy=0.7788]
    val_geom_camber_rc         loss=0.7686  surf[p=54.7323 Ux=0.8130 Uy=0.4333]  vol[p=59.8051 Ux=2.7687 Uy=1.2641]
    val_geom_camber_cruise     loss=0.1690  surf[p=24.5878 Ux=0.3456 Uy=0.1968]  vol[p=27.6965 Ux=1.5188 Uy=0.5263]
    val_re_rand                loss=0.6949  surf[p=41.0529 Ux=0.6241 Uy=0.3225]  vol[p=43.5771 Ux=2.0683 Uy=0.8681]

Training done in 227.3 min

Best val: epoch 100, val_avg/mae_surf_p = 39.1695

Evaluating on held-out test splits...
Test: test_single_in_dist: 200, test_geom_camber_rc: 200, test_geom_camber_cruise: 200, test_re_rand: 200
wandb: uploading artifact model-mlintern-pai2-24h-v2-r1-wc-lr1e3-100ep-seed2-yb87v03s; updating run metadata
wandb: uploading artifact model-mlintern-pai2-24h-v2-r1-wc-lr1e3-100ep-seed2-yb87v03s
wandb: uploading history steps 37600-37600, summary, console lines 507-514
wandb: 
wandb: Run history:
wandb:                                    epoch ▁▁▁▁▁▂▂▂▂▂▃▃▃▃▃▃▄▄▄▄▄▄▄▄▅▅▅▅▅▆▆▆▆▆▇▇▇▇▇█
wandb:                             epoch_time_s ▃▂▅▆▇▄▃▁▇▇▅▂▄▅▃▆▆▇▅▄▃█▃▃█▄▇▆▇▅▁▃▅█▅▆▅▃▃▆
wandb:                              global_step ▁▁▂▂▂▂▂▂▂▃▃▃▃▃▃▄▄▅▅▅▅▆▆▆▆▇▇▇▇▇▇▇▇▇▇▇▇▇██
wandb:                                       lr ▂▄▇██████▇▇▇▇▇▇▆▆▅▅▅▄▄▄▄▄▃▃▂▂▂▂▂▂▂▁▁▁▁▁▁
wandb:        test/test_geom_camber_cruise/loss ▁
wandb: test/test_geom_camber_cruise/mae_surf_Ux ▁
wandb: test/test_geom_camber_cruise/mae_surf_Uy ▁
wandb:  test/test_geom_camber_cruise/mae_surf_p ▁
wandb:  test/test_geom_camber_cruise/mae_vol_Ux ▁
wandb:  test/test_geom_camber_cruise/mae_vol_Uy ▁
wandb:                                      +82 ...
wandb: 
wandb: Run summary:
wandb:                               best_epoch 100
wandb:                  best_val_avg/mae_surf_p 39.16947
wandb:                                    epoch 100
wandb:                             epoch_time_s 134.0362
wandb:                              global_step 37500
wandb:                                       lr 0
wandb:        test/test_geom_camber_cruise/loss 3.97745
wandb: test/test_geom_camber_cruise/mae_surf_Ux 0.31157
wandb: test/test_geom_camber_cruise/mae_surf_Uy 0.1761
wandb:  test/test_geom_camber_cruise/mae_surf_p 20.1284
wandb:                                      +85 ...
wandb: 
wandb: 🚀 View run mlintern-pai2-24h-v2-r1/wc-lr1e3-100ep-seed2 at: https://wandb.ai/wandb-applied-ai-team/senpai-v1-ml-intern/runs/yb87v03s
wandb: ⭐️ View project at: https://wandb.ai/wandb-applied-ai-team/senpai-v1-ml-intern
wandb: Synced 7 W&B file(s), 0 media file(s), 3 artifact file(s) and 0 other file(s)
wandb: Find logs at: ./wandb/run-20260430_003750-yb87v03s/logs

  TEST  avg_surf_p=34.5914
    test_single_in_dist        loss=0.9228  surf[p=36.5400 Ux=0.4815 Uy=0.2739]  vol[p=46.7428 Ux=2.0156 Uy=0.7756]
    test_geom_camber_rc        loss=0.6505  surf[p=48.0997 Ux=0.7910 Uy=0.4058]  vol[p=54.9740 Ux=2.6873 Uy=1.1868]
    test_geom_camber_cruise    loss=3.9775  surf[p=20.1284 Ux=0.3116 Uy=0.1761]  vol[p=24.1356 Ux=1.4077 Uy=0.4794]
    test_re_rand               loss=0.3694  surf[p=33.5975 Ux=0.4919 Uy=0.2788]  vol[p=37.2564 Ux=1.8795 Uy=0.7549]

Logged model artifact 'model-mlintern-pai2-24h-v2-r1-wc-lr1e3-100ep-seed2-yb87v03s' (aliases: best, epoch-100)
