Device: cuda
Train: 1499, val_single_in_dist: 100, val_geom_camber_rc: 100, val_geom_camber_cruise: 100, val_re_rand: 100
Model: Transolver (0.66M params)
wandb: 🚀 View run at https://wandb.ai/wandb-applied-ai-team/senpai-v1-ml-intern/runs/oat51afr
Epoch   1 (101s) [32.9GB]  train[vol=3.0666 surf=2.7268]  val_avg_surf_p=397.8257 *
    val_single_in_dist         loss=53.9885  surf[p=536.2720 Ux=24.2521 Uy=2.4357]  vol[p=510.3386 Ux=21.8101 Uy=6.1443]
    val_geom_camber_rc         loss=32.4420  surf[p=456.1948 Ux=20.0858 Uy=2.9353]  vol[p=431.3865 Ux=15.1273 Uy=6.4689]
    val_geom_camber_cruise     loss=19.4337  surf[p=273.5017 Ux=22.4036 Uy=1.3876]  vol[p=244.5477 Ux=18.1887 Uy=3.5560]
    val_re_rand                loss=22.5776  surf[p=325.3342 Ux=20.6507 Uy=1.9409]  vol[p=299.3526 Ux=15.9736 Uy=4.5992]
Epoch   2 (99s) [32.9GB]  train[vol=1.7560 surf=0.9952]  val_avg_surf_p=224.6827 *
    val_single_in_dist         loss=17.9164  surf[p=295.6880 Ux=4.1649 Uy=1.6541]  vol[p=266.7688 Ux=9.0493 Uy=4.4255]
    val_geom_camber_rc         loss=8.8977  surf[p=237.7505 Ux=5.9893 Uy=2.1054]  vol[p=225.1396 Ux=8.6545 Uy=4.7140]
    val_geom_camber_cruise     loss=4.3941  surf[p=174.6706 Ux=4.1577 Uy=1.3406]  vol[p=153.7272 Ux=6.3901 Uy=3.4000]
    val_re_rand                loss=5.9328  surf[p=190.6218 Ux=4.8691 Uy=1.6216]  vol[p=173.5134 Ux=7.3359 Uy=3.7992]
Epoch   3 (100s) [32.9GB]  train[vol=1.0933 surf=0.6227]  val_avg_surf_p=226.1509
    val_single_in_dist         loss=12.4998  surf[p=284.5847 Ux=2.7150 Uy=1.4593]  vol[p=236.9679 Ux=8.1635 Uy=3.5656]
    val_geom_camber_rc         loss=7.3442  surf[p=239.0430 Ux=4.3629 Uy=1.7423]  vol[p=208.2978 Ux=8.2710 Uy=3.9185]
    val_geom_camber_cruise     loss=3.8139  surf[p=187.2067 Ux=2.4558 Uy=1.1364]  vol[p=134.4482 Ux=6.0610 Uy=2.7776]
    val_re_rand                loss=5.0021  surf[p=193.7692 Ux=3.2736 Uy=1.3796]  vol[p=155.2514 Ux=6.8025 Uy=3.1284]
Epoch   4 (99s) [32.9GB]  train[vol=0.9817 surf=0.6452]  val_avg_surf_p=230.7112
    val_single_in_dist         loss=14.9725  surf[p=284.6173 Ux=3.9455 Uy=1.2552]  vol[p=270.1276 Ux=8.6437 Uy=3.1656]
    val_geom_camber_rc         loss=12.1399  surf[p=287.6855 Ux=6.4289 Uy=1.7181]  vol[p=276.7206 Ux=9.8798 Uy=3.9481]
    val_geom_camber_cruise     loss=2.8089  surf[p=157.2990 Ux=3.1712 Uy=0.8448]  vol[p=134.7770 Ux=6.0483 Uy=2.1172]
    val_re_rand                loss=5.9183  surf[p=193.2432 Ux=4.2757 Uy=1.1542]  vol[p=176.0387 Ux=7.2165 Uy=2.7788]
Epoch   5 (99s) [32.9GB]  train[vol=0.8265 surf=0.5598]  val_avg_surf_p=209.2714 *
    val_single_in_dist         loss=10.8283  surf[p=259.1172 Ux=3.7862 Uy=1.1636]  vol[p=217.6114 Ux=8.4102 Uy=2.8285]
    val_geom_camber_rc         loss=6.4865  surf[p=213.6694 Ux=4.1756 Uy=1.3430]  vol[p=178.2278 Ux=7.6747 Uy=3.5253]
    val_geom_camber_cruise     loss=3.7192  surf[p=180.5390 Ux=4.2289 Uy=0.8835]  vol[p=131.8691 Ux=7.4863 Uy=2.1004]
    val_re_rand                loss=4.2949  surf[p=183.7598 Ux=3.8841 Uy=1.0693]  vol[p=146.7172 Ux=7.2172 Uy=2.6578]
Epoch   6 (100s) [32.9GB]  train[vol=0.7227 surf=0.4706]  val_avg_surf_p=176.8463 *
    val_single_in_dist         loss=8.8975  surf[p=230.1113 Ux=2.3938 Uy=1.0539]  vol[p=201.6262 Ux=7.1957 Uy=2.9967]
    val_geom_camber_rc         loss=5.6716  surf[p=198.9448 Ux=3.6672 Uy=1.2802]  vol[p=189.5996 Ux=7.1436 Uy=3.3279]
    val_geom_camber_cruise     loss=1.9525  surf[p=127.0544 Ux=1.6185 Uy=0.7587]  vol[p=128.3806 Ux=4.6186 Uy=1.7606]
    val_re_rand                loss=3.5478  surf[p=151.2749 Ux=2.6696 Uy=0.9892]  vol[p=147.8030 Ux=5.7884 Uy=2.4006]
Epoch   7 (100s) [32.9GB]  train[vol=0.5916 surf=0.3824]  val_avg_surf_p=161.8718 *
    val_single_in_dist         loss=9.7742  surf[p=219.3750 Ux=3.7038 Uy=0.9976]  vol[p=206.3405 Ux=8.2815 Uy=2.7396]
    val_geom_camber_rc         loss=5.7215  surf[p=179.0041 Ux=4.8868 Uy=1.2095]  vol[p=165.1093 Ux=7.9526 Uy=3.3131]
    val_geom_camber_cruise     loss=2.0555  surf[p=117.0082 Ux=3.6562 Uy=0.7751]  vol[p=109.4173 Ux=6.2603 Uy=1.6551]
    val_re_rand                loss=3.2203  surf[p=132.0998 Ux=4.1691 Uy=0.9700]  vol[p=128.7213 Ux=6.8731 Uy=2.3374]
Epoch   8 (101s) [32.9GB]  train[vol=0.5787 surf=0.3877]  val_avg_surf_p=144.0357 *
    val_single_in_dist         loss=6.5122  surf[p=175.0185 Ux=2.4133 Uy=1.0903]  vol[p=184.9213 Ux=6.9484 Uy=2.8305]
    val_geom_camber_rc         loss=3.9999  surf[p=152.7186 Ux=2.9691 Uy=1.1868]  vol[p=147.4162 Ux=6.2280 Uy=3.2198]
    val_geom_camber_cruise     loss=1.8774  surf[p=119.7431 Ux=1.5312 Uy=0.7522]  vol[p=100.0663 Ux=4.1023 Uy=1.7595]
    val_re_rand                loss=2.8043  surf[p=128.6625 Ux=2.3003 Uy=0.9726]  vol[p=120.5330 Ux=5.0858 Uy=2.3507]
Epoch   9 (101s) [32.9GB]  train[vol=0.4873 surf=0.2956]  val_avg_surf_p=146.5555
    val_single_in_dist         loss=6.9177  surf[p=192.0007 Ux=3.2145 Uy=1.0547]  vol[p=183.6430 Ux=7.2627 Uy=2.5685]
    val_geom_camber_rc         loss=4.8214  surf[p=156.8913 Ux=3.5151 Uy=1.2031]  vol[p=146.6238 Ux=6.6896 Uy=3.1683]
    val_geom_camber_cruise     loss=1.8535  surf[p=108.7448 Ux=2.5287 Uy=0.6780]  vol[p=95.4379 Ux=5.1034 Uy=1.5710]
    val_re_rand                loss=2.8826  surf[p=128.5852 Ux=2.8368 Uy=0.9260]  vol[p=117.7857 Ux=5.5611 Uy=2.2181]
Epoch  10 (99s) [32.9GB]  train[vol=0.5558 surf=0.3789]  val_avg_surf_p=139.5658 *
    val_single_in_dist         loss=5.6690  surf[p=177.6831 Ux=1.8775 Uy=0.8955]  vol[p=175.6445 Ux=5.9749 Uy=2.2951]
    val_geom_camber_rc         loss=3.9565  surf[p=142.1290 Ux=2.7481 Uy=1.1017]  vol[p=141.8905 Ux=5.8192 Uy=2.9571]
    val_geom_camber_cruise     loss=1.9081  surf[p=115.6127 Ux=1.3513 Uy=0.7027]  vol[p=102.6134 Ux=3.9402 Uy=1.6091]
    val_re_rand                loss=2.5159  surf[p=122.8384 Ux=2.1297 Uy=0.8685]  vol[p=118.5695 Ux=4.8317 Uy=2.1464]
Epoch  11 (101s) [32.9GB]  train[vol=0.4218 surf=0.2625]  val_avg_surf_p=128.6232 *
    val_single_in_dist         loss=4.5535  surf[p=135.0679 Ux=2.2494 Uy=0.8445]  vol[p=145.8006 Ux=5.9059 Uy=2.1557]
    val_geom_camber_rc         loss=4.2379  surf[p=153.5591 Ux=3.2189 Uy=1.0774]  vol[p=145.4205 Ux=6.1518 Uy=2.9367]
    val_geom_camber_cruise     loss=1.7347  surf[p=109.7129 Ux=2.0439 Uy=0.6541]  vol[p=101.1021 Ux=4.2994 Uy=1.5196]
    val_re_rand                loss=2.4650  surf[p=116.1530 Ux=2.4793 Uy=0.8346]  vol[p=112.1309 Ux=4.9743 Uy=2.0725]
Epoch  12 (99s) [32.9GB]  train[vol=0.3894 surf=0.2290]  val_avg_surf_p=146.3741
    val_single_in_dist         loss=7.0678  surf[p=224.2787 Ux=2.1429 Uy=0.9230]  vol[p=207.5064 Ux=5.9366 Uy=2.2865]
    val_geom_camber_rc         loss=4.1137  surf[p=155.6711 Ux=2.5322 Uy=1.0352]  vol[p=136.0624 Ux=5.6511 Uy=2.8317]
    val_geom_camber_cruise     loss=1.2041  surf[p=91.8027 Ux=1.1079 Uy=0.5943]  vol[p=85.0873 Ux=3.4237 Uy=1.3559]
    val_re_rand                loss=2.3407  surf[p=113.7440 Ux=1.8982 Uy=0.7856]  vol[p=107.3818 Ux=4.5140 Uy=1.9494]
Epoch  13 (101s) [32.9GB]  train[vol=0.3709 surf=0.2246]  val_avg_surf_p=151.0313
    val_single_in_dist         loss=8.6517  surf[p=246.2949 Ux=2.1069 Uy=1.0944]  vol[p=222.4048 Ux=5.7543 Uy=2.4725]
    val_geom_camber_rc         loss=3.8132  surf[p=152.3443 Ux=2.5877 Uy=1.0322]  vol[p=137.9756 Ux=5.5247 Uy=2.7165]
    val_geom_camber_cruise     loss=1.1450  surf[p=91.5915 Ux=1.0616 Uy=0.6099]  vol[p=84.0745 Ux=3.3833 Uy=1.4031]
    val_re_rand                loss=2.3340  surf[p=113.8947 Ux=1.7859 Uy=0.7914]  vol[p=103.8376 Ux=4.2663 Uy=1.9537]
Epoch  14 (100s) [32.9GB]  train[vol=0.3845 surf=0.2491]  val_avg_surf_p=138.8999
    val_single_in_dist         loss=7.4682  surf[p=212.1093 Ux=1.9079 Uy=0.9058]  vol[p=181.6739 Ux=5.9960 Uy=2.3346]
    val_geom_camber_rc         loss=4.0135  surf[p=145.9525 Ux=2.8494 Uy=1.1257]  vol[p=127.7766 Ux=6.1874 Uy=3.0291]
    val_geom_camber_cruise     loss=1.2624  surf[p=87.8712 Ux=1.2062 Uy=0.5877]  vol[p=73.6894 Ux=3.4888 Uy=1.3028]
    val_re_rand                loss=2.3366  surf[p=109.6667 Ux=1.8931 Uy=0.7932]  vol[p=97.4733 Ux=4.5400 Uy=2.0288]
Epoch  15 (100s) [32.9GB]  train[vol=0.3883 surf=0.2285]  val_avg_surf_p=113.4764 *
    val_single_in_dist         loss=3.7829  surf[p=141.8803 Ux=2.3547 Uy=0.7620]  vol[p=155.6671 Ux=5.5576 Uy=1.8994]
    val_geom_camber_rc         loss=3.4897  surf[p=125.3674 Ux=3.1259 Uy=1.1358]  vol[p=126.2389 Ux=5.8475 Uy=2.6263]
    val_geom_camber_cruise     loss=1.3447  surf[p=83.6862 Ux=1.6624 Uy=0.5900]  vol[p=75.8738 Ux=3.8001 Uy=1.2366]
    val_re_rand                loss=2.1467  surf[p=102.9718 Ux=2.3792 Uy=0.8172]  vol[p=98.1832 Ux=4.6342 Uy=1.8458]
Epoch  16 (101s) [32.9GB]  train[vol=0.4272 surf=0.2584]  val_avg_surf_p=127.6409
    val_single_in_dist         loss=6.1270  surf[p=173.1568 Ux=1.7619 Uy=0.8395]  vol[p=170.3843 Ux=5.4438 Uy=2.2355]
    val_geom_camber_rc         loss=3.6182  surf[p=145.9194 Ux=2.4333 Uy=1.0502]  vol[p=138.3960 Ux=5.4986 Uy=2.7552]
    val_geom_camber_cruise     loss=0.9765  surf[p=80.5747 Ux=1.1003 Uy=0.5076]  vol[p=76.9200 Ux=3.2813 Uy=1.2503]
    val_re_rand                loss=2.5227  surf[p=110.9125 Ux=1.7546 Uy=0.7266]  vol[p=104.3349 Ux=4.2746 Uy=1.9071]
Epoch  17 (100s) [32.9GB]  train[vol=0.3665 surf=0.2379]  val_avg_surf_p=126.1151
    val_single_in_dist         loss=5.4607  surf[p=165.7339 Ux=1.7241 Uy=0.8326]  vol[p=154.1181 Ux=4.8155 Uy=2.1285]
    val_geom_camber_rc         loss=3.2448  surf[p=136.6648 Ux=2.9204 Uy=0.9849]  vol[p=124.9194 Ux=5.7796 Uy=2.6268]
    val_geom_camber_cruise     loss=1.0264  surf[p=86.4589 Ux=1.3007 Uy=0.5561]  vol[p=77.6478 Ux=3.3368 Uy=1.3496]
    val_re_rand                loss=2.3144  surf[p=115.6029 Ux=2.1451 Uy=0.7481]  vol[p=101.6688 Ux=4.5681 Uy=1.9248]
Epoch  18 (99s) [32.9GB]  train[vol=0.3862 surf=0.2279]  val_avg_surf_p=123.0061
    val_single_in_dist         loss=4.0613  surf[p=141.8556 Ux=2.2316 Uy=0.7122]  vol[p=135.1318 Ux=5.3995 Uy=1.8566]
    val_geom_camber_rc         loss=4.5509  surf[p=174.6414 Ux=2.9667 Uy=1.0327]  vol[p=155.1371 Ux=5.7354 Uy=2.6672]
    val_geom_camber_cruise     loss=0.8750  surf[p=70.9649 Ux=0.9608 Uy=0.5237]  vol[p=65.3224 Ux=3.0681 Uy=1.1840]
    val_re_rand                loss=2.4032  surf[p=104.5623 Ux=1.7129 Uy=0.7064]  vol[p=94.0765 Ux=4.0412 Uy=1.7491]
Epoch  19 (100s) [32.9GB]  train[vol=0.3376 surf=0.1986]  val_avg_surf_p=120.0784
    val_single_in_dist         loss=4.2938  surf[p=154.3325 Ux=2.3318 Uy=0.7331]  vol[p=136.9676 Ux=5.1966 Uy=1.9589]
    val_geom_camber_rc         loss=2.7876  surf[p=125.0559 Ux=2.5358 Uy=0.9032]  vol[p=121.7850 Ux=5.1114 Uy=2.5354]
    val_geom_camber_cruise     loss=1.1374  surf[p=92.8919 Ux=1.3021 Uy=0.5645]  vol[p=77.6464 Ux=3.2541 Uy=1.1805]
    val_re_rand                loss=2.0235  surf[p=108.0334 Ux=1.8536 Uy=0.7094]  vol[p=98.0243 Ux=4.0898 Uy=1.7761]
Epoch  20 (99s) [32.9GB]  train[vol=0.2817 surf=0.1598]  val_avg_surf_p=117.7230
    val_single_in_dist         loss=3.6912  surf[p=131.6133 Ux=1.5200 Uy=0.9085]  vol[p=125.9367 Ux=4.3965 Uy=2.2381]
    val_geom_camber_rc         loss=3.1872  surf[p=132.8504 Ux=2.3368 Uy=1.0930]  vol[p=130.6629 Ux=5.0466 Uy=2.8467]
    val_geom_camber_cruise     loss=1.1390  surf[p=95.1306 Ux=1.2621 Uy=0.6460]  vol[p=84.9332 Ux=3.4412 Uy=1.3237]
    val_re_rand                loss=2.1254  surf[p=111.2976 Ux=1.7050 Uy=0.8345]  vol[p=105.6251 Ux=4.0780 Uy=1.9695]
Epoch  21 (99s) [32.9GB]  train[vol=0.3087 surf=0.1788]  val_avg_surf_p=101.2324 *
    val_single_in_dist         loss=3.6387  surf[p=120.6210 Ux=1.5861 Uy=0.6811]  vol[p=126.2047 Ux=4.4347 Uy=1.7921]
    val_geom_camber_rc         loss=2.8180  surf[p=124.7344 Ux=2.4204 Uy=0.8810]  vol[p=128.6388 Ux=5.1897 Uy=2.5897]
    val_geom_camber_cruise     loss=0.7504  surf[p=69.1434 Ux=1.0311 Uy=0.4823]  vol[p=64.6721 Ux=2.8259 Uy=1.1098]
    val_re_rand                loss=1.7505  surf[p=90.4308 Ux=1.5600 Uy=0.6512]  vol[p=89.5789 Ux=3.7599 Uy=1.7518]
Epoch  22 (101s) [32.9GB]  train[vol=0.3615 surf=0.2261]  val_avg_surf_p=100.4405 *
    val_single_in_dist         loss=3.6217  surf[p=124.7329 Ux=1.8272 Uy=0.6753]  vol[p=121.1247 Ux=4.9958 Uy=1.8478]
    val_geom_camber_rc         loss=2.5791  surf[p=114.2945 Ux=2.5376 Uy=0.8373]  vol[p=114.8204 Ux=5.4709 Uy=2.3973]
    val_geom_camber_cruise     loss=1.0311  surf[p=73.4045 Ux=1.9044 Uy=0.4929]  vol[p=65.5949 Ux=4.3310 Uy=1.1557]
    val_re_rand                loss=1.8027  surf[p=89.3303 Ux=2.0568 Uy=0.6292]  vol[p=85.9394 Ux=4.5946 Uy=1.6955]
Epoch  23 (101s) [32.9GB]  train[vol=0.4865 surf=0.2965]  val_avg_surf_p=102.4173
    val_single_in_dist         loss=3.0624  surf[p=126.6131 Ux=1.9747 Uy=0.6800]  vol[p=125.5956 Ux=4.9785 Uy=1.7480]
    val_geom_camber_rc         loss=2.3335  surf[p=113.9374 Ux=2.1998 Uy=0.8349]  vol[p=110.5325 Ux=4.8459 Uy=2.3644]
    val_geom_camber_cruise     loss=0.7547  surf[p=69.4887 Ux=1.0744 Uy=0.5241]  vol[p=63.4184 Ux=2.9425 Uy=1.0650]
    val_re_rand                loss=2.0375  surf[p=99.6298 Ux=1.6935 Uy=0.6893]  vol[p=91.5501 Ux=3.8363 Uy=1.6590]
Epoch  24 (99s) [32.9GB]  train[vol=0.3482 surf=0.2185]  val_avg_surf_p=93.9378 *
    val_single_in_dist         loss=2.7210  surf[p=114.8486 Ux=1.3822 Uy=0.6964]  vol[p=116.3144 Ux=4.4743 Uy=1.7364]
    val_geom_camber_rc         loss=2.1781  surf[p=95.7672 Ux=1.8943 Uy=0.8301]  vol[p=105.5719 Ux=4.6405 Uy=2.2966]
    val_geom_camber_cruise     loss=0.9281  surf[p=76.0997 Ux=1.3248 Uy=0.5409]  vol[p=67.1950 Ux=3.3328 Uy=1.1830]
    val_re_rand                loss=1.6463  surf[p=89.0356 Ux=1.6146 Uy=0.6692]  vol[p=84.1160 Ux=3.8924 Uy=1.6737]
Epoch  25 (100s) [32.9GB]  train[vol=0.2399 surf=0.1355]  val_avg_surf_p=86.7549 *
    val_single_in_dist         loss=2.6448  surf[p=100.3066 Ux=1.3693 Uy=0.5950]  vol[p=114.1405 Ux=4.3406 Uy=1.7644]
    val_geom_camber_rc         loss=2.0841  surf[p=98.6198 Ux=2.1533 Uy=0.7941]  vol[p=107.3330 Ux=4.9241 Uy=2.3216]
    val_geom_camber_cruise     loss=0.7450  surf[p=65.5720 Ux=0.9350 Uy=0.4846]  vol[p=64.4839 Ux=2.7419 Uy=1.0599]
    val_re_rand                loss=1.6187  surf[p=82.5212 Ux=1.5531 Uy=0.6146]  vol[p=83.0492 Ux=3.6604 Uy=1.5958]
Epoch  26 (101s) [32.9GB]  train[vol=0.3372 surf=0.1954]  val_avg_surf_p=90.9533
    val_single_in_dist         loss=3.3993  surf[p=113.1319 Ux=1.5120 Uy=0.6569]  vol[p=119.4348 Ux=4.1672 Uy=1.7873]
    val_geom_camber_rc         loss=2.0957  surf[p=96.1011 Ux=2.0956 Uy=0.7927]  vol[p=103.3685 Ux=4.7071 Uy=2.3430]
    val_geom_camber_cruise     loss=0.7923  surf[p=69.5693 Ux=1.1115 Uy=0.4845]  vol[p=61.4061 Ux=2.7531 Uy=1.0816]
    val_re_rand                loss=1.7598  surf[p=85.0108 Ux=1.6485 Uy=0.6117]  vol[p=82.1972 Ux=3.6024 Uy=1.6211]
Epoch  27 (102s) [32.9GB]  train[vol=0.2999 surf=0.1763]  val_avg_surf_p=85.1544 *
    val_single_in_dist         loss=2.3189  surf[p=93.6995 Ux=1.3682 Uy=0.7613]  vol[p=98.3542 Ux=4.1149 Uy=1.7697]
    val_geom_camber_rc         loss=2.3360  surf[p=100.8685 Ux=1.9778 Uy=0.9098]  vol[p=102.9710 Ux=4.5035 Uy=2.2234]
    val_geom_camber_cruise     loss=0.7432  surf[p=64.5196 Ux=0.9946 Uy=0.5791]  vol[p=61.3513 Ux=2.9709 Uy=1.1200]
    val_re_rand                loss=1.5616  surf[p=81.5300 Ux=1.4506 Uy=0.7306]  vol[p=78.9081 Ux=3.6244 Uy=1.6255]
Epoch  28 (100s) [32.9GB]  train[vol=0.2800 surf=0.1508]  val_avg_surf_p=95.1292
    val_single_in_dist         loss=2.2535  surf[p=96.2152 Ux=1.2713 Uy=0.6623]  vol[p=103.9534 Ux=4.0623 Uy=1.6505]
    val_geom_camber_rc         loss=2.1850  surf[p=111.3023 Ux=1.8308 Uy=0.8841]  vol[p=111.1156 Ux=4.5892 Uy=2.2885]
    val_geom_camber_cruise     loss=0.9521  surf[p=80.4946 Ux=0.9834 Uy=0.4832]  vol[p=74.4188 Ux=3.0219 Uy=1.1210]
    val_re_rand                loss=1.8347  surf[p=92.5048 Ux=1.4170 Uy=0.6298]  vol[p=86.6390 Ux=3.6118 Uy=1.6098]
Epoch  29 (99s) [32.9GB]  train[vol=0.2691 surf=0.1458]  val_avg_surf_p=91.6441
    val_single_in_dist         loss=3.0322  surf[p=106.2326 Ux=1.7289 Uy=0.5883]  vol[p=109.9383 Ux=4.2265 Uy=1.7014]
    val_geom_camber_rc         loss=2.4101  surf[p=101.8901 Ux=1.9759 Uy=0.7970]  vol[p=107.4948 Ux=4.6600 Uy=2.3103]
    val_geom_camber_cruise     loss=1.1365  surf[p=70.6989 Ux=1.4949 Uy=0.4292]  vol[p=67.0223 Ux=3.1561 Uy=1.0491]
    val_re_rand                loss=2.0276  surf[p=87.7549 Ux=1.7873 Uy=0.5973]  vol[p=83.2671 Ux=3.8794 Uy=1.5834]
Epoch  30 (100s) [32.9GB]  train[vol=0.2928 surf=0.1701]  val_avg_surf_p=88.6223
    val_single_in_dist         loss=3.1274  surf[p=101.7915 Ux=1.1789 Uy=0.5620]  vol[p=107.1864 Ux=4.0840 Uy=1.5656]
    val_geom_camber_rc         loss=2.3307  surf[p=106.1128 Ux=1.9171 Uy=0.8927]  vol[p=114.4765 Ux=4.8786 Uy=2.3791]
    val_geom_camber_cruise     loss=0.6242  surf[p=63.6554 Ux=0.7289 Uy=0.4090]  vol[p=58.3310 Ux=2.6701 Uy=0.9831]
    val_re_rand                loss=1.8182  surf[p=82.9294 Ux=1.3326 Uy=0.5803]  vol[p=80.6737 Ux=3.6103 Uy=1.5265]
Epoch  31 (100s) [32.9GB]  train[vol=0.2842 surf=0.1579]  val_avg_surf_p=89.1342
    val_single_in_dist         loss=2.3866  surf[p=96.7282 Ux=1.3381 Uy=0.5498]  vol[p=106.0738 Ux=4.0521 Uy=1.4972]
    val_geom_camber_rc         loss=1.9934  surf[p=112.8085 Ux=2.0389 Uy=0.7112]  vol[p=110.4322 Ux=4.7532 Uy=2.1108]
    val_geom_camber_cruise     loss=0.6891  surf[p=63.5899 Ux=0.9603 Uy=0.4274]  vol[p=60.7384 Ux=2.8474 Uy=1.0027]
    val_re_rand                loss=1.6417  surf[p=83.4101 Ux=1.4821 Uy=0.5676]  vol[p=80.2237 Ux=3.5680 Uy=1.5011]
Epoch  32 (101s) [32.9GB]  train[vol=0.2855 surf=0.1663]  val_avg_surf_p=78.4836 *
    val_single_in_dist         loss=1.8467  surf[p=85.6487 Ux=1.7719 Uy=0.5383]  vol[p=90.4835 Ux=3.9161 Uy=1.4985]
    val_geom_camber_rc         loss=2.0617  surf[p=98.4621 Ux=2.2512 Uy=0.7669]  vol[p=97.9134 Ux=4.4905 Uy=2.1745]
    val_geom_camber_cruise     loss=0.5700  surf[p=53.7192 Ux=1.5857 Uy=0.3728]  vol[p=50.2173 Ux=2.9029 Uy=0.9618]
    val_re_rand                loss=1.5676  surf[p=76.1043 Ux=1.9223 Uy=0.5463]  vol[p=71.9932 Ux=3.5306 Uy=1.4941]
Epoch  33 (99s) [32.9GB]  train[vol=0.1962 surf=0.1085]  val_avg_surf_p=83.3637
    val_single_in_dist         loss=2.2206  surf[p=101.2026 Ux=1.3811 Uy=0.5454]  vol[p=101.6286 Ux=4.1203 Uy=1.5012]
    val_geom_camber_rc         loss=2.0551  surf[p=97.7139 Ux=1.8809 Uy=0.7600]  vol[p=100.4961 Ux=4.4815 Uy=2.1514]
    val_geom_camber_cruise     loss=0.5582  surf[p=54.8306 Ux=1.0157 Uy=0.4315]  vol[p=50.7340 Ux=2.8222 Uy=0.9492]
    val_re_rand                loss=1.3963  surf[p=79.7078 Ux=1.4344 Uy=0.5741]  vol[p=75.6299 Ux=3.4700 Uy=1.4790]
Epoch  34 (100s) [32.9GB]  train[vol=0.2222 surf=0.1092]  val_avg_surf_p=83.9306
    val_single_in_dist         loss=2.6082  surf[p=108.5952 Ux=1.4451 Uy=0.5462]  vol[p=106.8487 Ux=3.9924 Uy=1.4805]
    val_geom_camber_rc         loss=2.0490  surf[p=92.3973 Ux=1.9856 Uy=0.7650]  vol[p=95.3334 Ux=4.5979 Uy=2.1302]
    val_geom_camber_cruise     loss=0.6005  surf[p=57.3610 Ux=1.1093 Uy=0.4215]  vol[p=54.6646 Ux=2.9255 Uy=0.9660]
    val_re_rand                loss=1.6232  surf[p=77.3690 Ux=1.5810 Uy=0.5731]  vol[p=75.0264 Ux=3.6665 Uy=1.4788]
Epoch  35 (101s) [32.9GB]  train[vol=0.2445 surf=0.1351]  val_avg_surf_p=77.9189 *
    val_single_in_dist         loss=1.9674  surf[p=82.5985 Ux=1.4177 Uy=0.5809]  vol[p=94.4959 Ux=3.8990 Uy=1.5558]
    val_geom_camber_rc         loss=1.8708  surf[p=100.0497 Ux=2.1596 Uy=0.7429]  vol[p=99.2285 Ux=4.5878 Uy=2.0728]
    val_geom_camber_cruise     loss=0.4872  surf[p=52.5051 Ux=1.0151 Uy=0.4372]  vol[p=50.3690 Ux=2.6418 Uy=0.9592]
    val_re_rand                loss=1.5272  surf[p=76.5224 Ux=1.6112 Uy=0.5633]  vol[p=72.3303 Ux=3.5239 Uy=1.4209]
Epoch  36 (101s) [32.9GB]  train[vol=0.2776 surf=0.1540]  val_avg_surf_p=103.1498
    val_single_in_dist         loss=3.1592  surf[p=120.2725 Ux=1.7329 Uy=0.6147]  vol[p=111.2922 Ux=3.9346 Uy=1.5836]
    val_geom_camber_rc         loss=2.6161  surf[p=139.2643 Ux=2.5407 Uy=0.7972]  vol[p=123.5479 Ux=4.9087 Uy=2.1557]
    val_geom_camber_cruise     loss=0.5911  surf[p=61.6115 Ux=1.3436 Uy=0.3790]  vol[p=50.9946 Ux=2.7451 Uy=0.8816]
    val_re_rand                loss=1.7185  surf[p=91.4509 Ux=1.8377 Uy=0.5451]  vol[p=78.3164 Ux=3.5774 Uy=1.4154]
Epoch  37 (100s) [32.9GB]  train[vol=0.2197 surf=0.1132]  val_avg_surf_p=90.9237
    val_single_in_dist         loss=2.7004  surf[p=109.4230 Ux=1.6243 Uy=0.5470]  vol[p=104.1618 Ux=4.0886 Uy=1.4876]
    val_geom_camber_rc         loss=2.4356  surf[p=112.8219 Ux=2.2871 Uy=0.8198]  vol[p=107.9982 Ux=4.6689 Uy=2.1183]
    val_geom_camber_cruise     loss=0.6417  surf[p=60.7425 Ux=1.6316 Uy=0.4387]  vol[p=58.9101 Ux=3.0449 Uy=0.9478]
    val_re_rand                loss=1.4144  surf[p=80.7072 Ux=1.9521 Uy=0.5804]  vol[p=76.7410 Ux=3.6152 Uy=1.4308]
Epoch  38 (99s) [32.9GB]  train[vol=0.2689 surf=0.1403]  val_avg_surf_p=78.7479
    val_single_in_dist         loss=2.2415  surf[p=90.9122 Ux=1.3804 Uy=0.6018]  vol[p=94.4487 Ux=3.6011 Uy=1.4882]
    val_geom_camber_rc         loss=1.9271  surf[p=97.6405 Ux=2.1167 Uy=0.7422]  vol[p=99.4459 Ux=4.4615 Uy=2.0300]
    val_geom_camber_cruise     loss=0.5546  surf[p=52.8310 Ux=1.6832 Uy=0.4480]  vol[p=49.6169 Ux=2.8879 Uy=0.9001]
    val_re_rand                loss=1.4005  surf[p=73.6077 Ux=1.9445 Uy=0.5859]  vol[p=71.2176 Ux=3.6132 Uy=1.4036]
Epoch  39 (99s) [32.9GB]  train[vol=0.2272 surf=0.1408]  val_avg_surf_p=74.2233 *
    val_single_in_dist         loss=2.1927  surf[p=90.8719 Ux=1.0885 Uy=0.5614]  vol[p=90.9728 Ux=3.6142 Uy=1.4853]
    val_geom_camber_rc         loss=1.6339  surf[p=87.6599 Ux=1.4764 Uy=0.6898]  vol[p=91.2991 Ux=4.2004 Uy=2.0341]
    val_geom_camber_cruise     loss=0.4479  surf[p=49.6888 Ux=0.8189 Uy=0.3800]  vol[p=47.6538 Ux=2.4494 Uy=0.8989]
    val_re_rand                loss=1.3262  surf[p=68.6725 Ux=1.1539 Uy=0.5083]  vol[p=67.3095 Ux=3.1404 Uy=1.3761]
Epoch  40 (99s) [32.9GB]  train[vol=0.2575 surf=0.1434]  val_avg_surf_p=80.9241
    val_single_in_dist         loss=2.7326  surf[p=101.9697 Ux=1.0831 Uy=0.5406]  vol[p=104.0982 Ux=3.5566 Uy=1.4717]
    val_geom_camber_rc         loss=1.7854  surf[p=94.4127 Ux=1.4831 Uy=0.6983]  vol[p=101.5787 Ux=4.2116 Uy=2.0319]
    val_geom_camber_cruise     loss=0.5386  surf[p=53.8756 Ux=0.6633 Uy=0.3646]  vol[p=49.9423 Ux=2.5088 Uy=0.9159]
    val_re_rand                loss=1.2338  surf[p=73.4383 Ux=1.1442 Uy=0.5232]  vol[p=70.9860 Ux=3.1921 Uy=1.3918]
Epoch  41 (100s) [32.9GB]  train[vol=0.2119 surf=0.1204]  val_avg_surf_p=76.3842
    val_single_in_dist         loss=2.4418  surf[p=105.2836 Ux=1.6455 Uy=0.4999]  vol[p=105.0971 Ux=3.8195 Uy=1.4176]
    val_geom_camber_rc         loss=1.4604  surf[p=85.3269 Ux=1.6067 Uy=0.6566]  vol[p=94.4157 Ux=4.1627 Uy=1.9923]
    val_geom_camber_cruise     loss=0.4670  surf[p=47.8151 Ux=1.0289 Uy=0.3511]  vol[p=46.3534 Ux=2.6865 Uy=0.8728]
    val_re_rand                loss=1.2180  surf[p=67.1110 Ux=1.3807 Uy=0.4857]  vol[p=66.1342 Ux=3.2921 Uy=1.3355]
Epoch  42 (99s) [32.9GB]  train[vol=0.2697 surf=0.1443]  val_avg_surf_p=71.2957 *
    val_single_in_dist         loss=2.2058  surf[p=92.8787 Ux=0.9974 Uy=0.5220]  vol[p=91.0957 Ux=3.5134 Uy=1.3906]
    val_geom_camber_rc         loss=1.3052  surf[p=77.8918 Ux=1.5042 Uy=0.6434]  vol[p=88.3480 Ux=4.1995 Uy=1.9783]
    val_geom_camber_cruise     loss=0.3891  surf[p=47.4256 Ux=0.7281 Uy=0.3361]  vol[p=46.5250 Ux=2.5553 Uy=0.8185]
    val_re_rand                loss=1.2952  surf[p=66.9868 Ux=1.1446 Uy=0.4931]  vol[p=65.5551 Ux=3.2135 Uy=1.3035]
Epoch  43 (100s) [32.9GB]  train[vol=0.1913 surf=0.0969]  val_avg_surf_p=72.7675
    val_single_in_dist         loss=2.5657  surf[p=86.7813 Ux=1.1647 Uy=0.5044]  vol[p=90.4865 Ux=3.4838 Uy=1.3735]
    val_geom_camber_rc         loss=1.6081  surf[p=86.5567 Ux=1.5143 Uy=0.6775]  vol[p=90.7225 Ux=4.0819 Uy=1.9217]
    val_geom_camber_cruise     loss=0.4268  surf[p=47.0927 Ux=0.7106 Uy=0.3464]  vol[p=46.2977 Ux=2.3333 Uy=0.7853]
    val_re_rand                loss=1.2608  surf[p=70.6394 Ux=1.1571 Uy=0.5078]  vol[p=67.7747 Ux=3.0305 Uy=1.2742]
Epoch  44 (99s) [32.9GB]  train[vol=0.3294 surf=0.1800]  val_avg_surf_p=70.3891 *
    val_single_in_dist         loss=2.4180  surf[p=84.5089 Ux=0.9840 Uy=0.5009]  vol[p=84.4714 Ux=3.3484 Uy=1.3072]
    val_geom_camber_rc         loss=1.7538  surf[p=88.7752 Ux=1.5987 Uy=0.6941]  vol[p=93.0461 Ux=4.2034 Uy=1.9941]
    val_geom_camber_cruise     loss=0.3349  surf[p=44.0471 Ux=0.6230 Uy=0.3237]  vol[p=44.9729 Ux=2.2615 Uy=0.8067]
    val_re_rand                loss=1.3503  surf[p=64.2251 Ux=1.0755 Uy=0.4821]  vol[p=65.2555 Ux=2.9657 Uy=1.2759]
Epoch  45 (100s) [32.9GB]  train[vol=0.2662 surf=0.1481]  val_avg_surf_p=70.3094 *
    val_single_in_dist         loss=1.4860  surf[p=69.6930 Ux=1.0803 Uy=0.4650]  vol[p=80.2891 Ux=3.2947 Uy=1.2880]
    val_geom_camber_rc         loss=1.3989  surf[p=81.4902 Ux=1.3436 Uy=0.6259]  vol[p=82.0708 Ux=3.9325 Uy=1.8644]
    val_geom_camber_cruise     loss=0.5423  surf[p=59.2886 Ux=0.8485 Uy=0.3679]  vol[p=52.4874 Ux=2.3532 Uy=0.8373]
    val_re_rand                loss=1.1878  surf[p=70.7656 Ux=1.1629 Uy=0.5105]  vol[p=64.8942 Ux=3.0151 Uy=1.2820]
Epoch  46 (100s) [32.9GB]  train[vol=0.1939 surf=0.0982]  val_avg_surf_p=69.7594 *
    val_single_in_dist         loss=2.4181  surf[p=81.8423 Ux=1.0440 Uy=0.5003]  vol[p=93.9849 Ux=3.5282 Uy=1.3236]
    val_geom_camber_rc         loss=1.5066  surf[p=84.5368 Ux=1.5094 Uy=0.6395]  vol[p=93.2005 Ux=4.0341 Uy=1.8757]
    val_geom_camber_cruise     loss=0.4327  surf[p=46.8000 Ux=0.9196 Uy=0.3395]  vol[p=43.4689 Ux=2.7382 Uy=0.8040]
    val_re_rand                loss=1.1986  surf[p=65.8585 Ux=1.2193 Uy=0.4792]  vol[p=64.6463 Ux=3.2085 Uy=1.2608]
Epoch  47 (99s) [32.9GB]  train[vol=0.2311 surf=0.1216]  val_avg_surf_p=72.4846
    val_single_in_dist         loss=2.2487  surf[p=82.4377 Ux=1.0966 Uy=0.5079]  vol[p=90.4541 Ux=3.4542 Uy=1.3860]
    val_geom_camber_rc         loss=1.9355  surf[p=90.4527 Ux=1.4430 Uy=0.6961]  vol[p=85.2230 Ux=3.8993 Uy=1.9633]
    val_geom_camber_cruise     loss=0.3884  surf[p=44.9496 Ux=0.7526 Uy=0.3360]  vol[p=44.2138 Ux=2.3040 Uy=0.8158]
    val_re_rand                loss=1.4512  surf[p=72.0985 Ux=1.1594 Uy=0.5001]  vol[p=66.1635 Ux=3.0171 Uy=1.2959]
Epoch  48 (100s) [32.9GB]  train[vol=0.1252 surf=0.0569]  val_avg_surf_p=69.7106 *
    val_single_in_dist         loss=2.3893  surf[p=87.5315 Ux=1.3192 Uy=0.4680]  vol[p=93.1867 Ux=3.5333 Uy=1.2821]
    val_geom_camber_rc         loss=1.4246  surf[p=80.0540 Ux=1.3485 Uy=0.6146]  vol[p=80.6185 Ux=3.8582 Uy=1.8517]
    val_geom_camber_cruise     loss=0.4544  surf[p=47.2162 Ux=0.6978 Uy=0.3340]  vol[p=42.7762 Ux=2.3510 Uy=0.8134]
    val_re_rand                loss=1.1328  surf[p=64.0406 Ux=1.0267 Uy=0.4606]  vol[p=60.5808 Ux=2.9266 Uy=1.2402]
Epoch  49 (100s) [32.9GB]  train[vol=0.2223 surf=0.1231]  val_avg_surf_p=66.5423 *
    val_single_in_dist         loss=2.0690  surf[p=78.4615 Ux=0.8777 Uy=0.4659]  vol[p=83.1904 Ux=3.2470 Uy=1.3116]
    val_geom_camber_rc         loss=1.3864  surf[p=79.2229 Ux=1.3515 Uy=0.5979]  vol[p=79.7440 Ux=3.9023 Uy=1.8383]
    val_geom_camber_cruise     loss=0.3773  surf[p=44.2708 Ux=0.7949 Uy=0.3288]  vol[p=43.2771 Ux=2.3723 Uy=0.7644]
    val_re_rand                loss=1.1754  surf[p=64.2139 Ux=1.0789 Uy=0.4547]  vol[p=61.4584 Ux=2.9667 Uy=1.2390]
Epoch  50 (100s) [32.9GB]  train[vol=0.1921 surf=0.0975]  val_avg_surf_p=70.0447
    val_single_in_dist         loss=2.1064  surf[p=82.9217 Ux=0.9826 Uy=0.5255]  vol[p=85.6509 Ux=3.2306 Uy=1.3638]
    val_geom_camber_rc         loss=1.8356  surf[p=87.3404 Ux=1.4299 Uy=0.6320]  vol[p=86.1755 Ux=3.9507 Uy=1.8582]
    val_geom_camber_cruise     loss=0.3839  surf[p=44.1081 Ux=0.8705 Uy=0.3192]  vol[p=42.4599 Ux=2.5875 Uy=0.7789]
    val_re_rand                loss=1.2170  surf[p=65.8088 Ux=1.2833 Uy=0.4628]  vol[p=62.6095 Ux=3.2445 Uy=1.2223]
Epoch  51 (99s) [32.9GB]  train[vol=0.1694 surf=0.0893]  val_avg_surf_p=71.9647
    val_single_in_dist         loss=2.0126  surf[p=88.3599 Ux=1.2639 Uy=0.4716]  vol[p=86.9677 Ux=3.5286 Uy=1.2735]
    val_geom_camber_rc         loss=1.3111  surf[p=84.2709 Ux=1.4494 Uy=0.5921]  vol[p=81.4830 Ux=3.8249 Uy=1.7772]
    val_geom_camber_cruise     loss=0.4558  surf[p=48.7126 Ux=1.1429 Uy=0.3807]  vol[p=45.2132 Ux=2.6055 Uy=0.8252]
    val_re_rand                loss=1.3134  surf[p=66.5154 Ux=1.4165 Uy=0.4756]  vol[p=62.5590 Ux=3.1204 Uy=1.2266]
Epoch  52 (100s) [32.9GB]  train[vol=0.2655 surf=0.1491]  val_avg_surf_p=61.4558 *
    val_single_in_dist         loss=1.9585  surf[p=75.8500 Ux=0.8369 Uy=0.4622]  vol[p=76.9399 Ux=3.1695 Uy=1.2470]
    val_geom_camber_rc         loss=1.2144  surf[p=74.8124 Ux=1.2490 Uy=0.5857]  vol[p=76.2329 Ux=3.7413 Uy=1.7740]
    val_geom_camber_cruise     loss=0.3190  surf[p=37.7159 Ux=0.6078 Uy=0.2869]  vol[p=38.2227 Ux=2.1626 Uy=0.7420]
    val_re_rand                loss=1.0120  surf[p=57.4449 Ux=0.9470 Uy=0.4366]  vol[p=56.7631 Ux=2.7519 Uy=1.1739]
Epoch  53 (99s) [32.9GB]  train[vol=0.1283 surf=0.0617]  val_avg_surf_p=65.5627
    val_single_in_dist         loss=2.1818  surf[p=76.6721 Ux=0.8888 Uy=0.4462]  vol[p=77.8273 Ux=3.2550 Uy=1.2159]
    val_geom_camber_rc         loss=1.4525  surf[p=78.8348 Ux=1.2552 Uy=0.5842]  vol[p=78.3845 Ux=3.6445 Uy=1.7400]
    val_geom_camber_cruise     loss=0.4030  surf[p=44.4340 Ux=0.7532 Uy=0.3095]  vol[p=41.1380 Ux=2.1799 Uy=0.7633]
    val_re_rand                loss=1.0671  surf[p=62.3100 Ux=1.0713 Uy=0.4493]  vol[p=60.1118 Ux=2.7956 Uy=1.1719]
Epoch  54 (101s) [32.9GB]  train[vol=0.1823 surf=0.1145]  val_avg_surf_p=71.6790
    val_single_in_dist         loss=2.0733  surf[p=86.7203 Ux=0.8822 Uy=0.4563]  vol[p=81.1619 Ux=3.1220 Uy=1.2791]
    val_geom_camber_rc         loss=1.4213  surf[p=95.0168 Ux=1.4320 Uy=0.6620]  vol[p=94.7109 Ux=3.9719 Uy=1.9020]
    val_geom_camber_cruise     loss=0.3547  surf[p=39.1430 Ux=0.8956 Uy=0.3002]  vol[p=39.0067 Ux=2.2703 Uy=0.7448]
    val_re_rand                loss=1.2328  surf[p=65.8360 Ux=1.1407 Uy=0.4625]  vol[p=62.9607 Ux=2.9098 Uy=1.2171]
Epoch  55 (101s) [32.9GB]  train[vol=0.1704 surf=0.0985]  val_avg_surf_p=60.8606 *
    val_single_in_dist         loss=1.7661  surf[p=72.6561 Ux=1.1477 Uy=0.4647]  vol[p=77.7225 Ux=3.2905 Uy=1.2370]
    val_geom_camber_rc         loss=1.1718  surf[p=71.1313 Ux=1.3317 Uy=0.5886]  vol[p=76.3039 Ux=3.6593 Uy=1.7168]
    val_geom_camber_cruise     loss=0.3397  surf[p=41.6104 Ux=0.6527 Uy=0.3299]  vol[p=40.4490 Ux=2.1982 Uy=0.7653]
    val_re_rand                loss=0.9974  surf[p=58.0444 Ux=1.0009 Uy=0.4507]  vol[p=57.0093 Ux=2.8065 Uy=1.1616]
Epoch  56 (100s) [32.9GB]  train[vol=0.1577 surf=0.0845]  val_avg_surf_p=62.2215
    val_single_in_dist         loss=1.8397  surf[p=70.8668 Ux=0.9091 Uy=0.4249]  vol[p=73.8130 Ux=3.1172 Uy=1.1923]
    val_geom_camber_rc         loss=1.1599  surf[p=77.1446 Ux=1.3939 Uy=0.5457]  vol[p=78.7680 Ux=3.8374 Uy=1.6996]
    val_geom_camber_cruise     loss=0.3391  surf[p=41.1960 Ux=0.6768 Uy=0.3034]  vol[p=39.1067 Ux=2.1535 Uy=0.7546]
    val_re_rand                loss=1.0151  surf[p=59.6785 Ux=1.0279 Uy=0.4216]  vol[p=56.9723 Ux=2.8080 Uy=1.1474]
Epoch  57 (100s) [32.9GB]  train[vol=0.1615 surf=0.0920]  val_avg_surf_p=64.1018
    val_single_in_dist         loss=1.7867  surf[p=75.9704 Ux=1.0104 Uy=0.4050]  vol[p=75.5296 Ux=3.1228 Uy=1.2172]
    val_geom_camber_rc         loss=1.3234  surf[p=80.5241 Ux=1.4454 Uy=0.6001]  vol[p=78.5976 Ux=3.7043 Uy=1.7764]
    val_geom_camber_cruise     loss=0.3254  surf[p=38.9473 Ux=0.9275 Uy=0.3021]  vol[p=38.4807 Ux=2.2341 Uy=0.7403]
    val_re_rand                loss=1.0326  surf[p=60.9653 Ux=1.2451 Uy=0.4424]  vol[p=57.7563 Ux=2.8932 Uy=1.1867]
Epoch  58 (100s) [32.9GB]  train[vol=0.1211 surf=0.0628]  val_avg_surf_p=66.6177
    val_single_in_dist         loss=2.1781  surf[p=83.6060 Ux=0.9550 Uy=0.4804]  vol[p=84.8073 Ux=3.2610 Uy=1.2285]
    val_geom_camber_rc         loss=1.2390  surf[p=77.5736 Ux=1.2060 Uy=0.6362]  vol[p=76.9663 Ux=3.7216 Uy=1.7664]
    val_geom_camber_cruise     loss=0.3283  surf[p=41.6113 Ux=0.5979 Uy=0.3147]  vol[p=40.4174 Ux=2.0798 Uy=0.7392]
    val_re_rand                loss=1.2491  surf[p=63.6800 Ux=0.9132 Uy=0.4559]  vol[p=58.5715 Ux=2.6947 Uy=1.1589]
Epoch  59 (100s) [32.9GB]  train[vol=0.1604 surf=0.0836]  val_avg_surf_p=65.8647
    val_single_in_dist         loss=2.6306  surf[p=78.2764 Ux=0.9262 Uy=0.4692]  vol[p=82.5322 Ux=2.9946 Uy=1.2075]
    val_geom_camber_rc         loss=1.4202  surf[p=78.8542 Ux=1.3160 Uy=0.6180]  vol[p=81.6515 Ux=3.5747 Uy=1.7286]
    val_geom_camber_cruise     loss=0.3952  surf[p=45.5112 Ux=0.8240 Uy=0.3132]  vol[p=40.8990 Ux=2.2027 Uy=0.7328]
    val_re_rand                loss=0.9806  surf[p=60.8168 Ux=1.0688 Uy=0.4613]  vol[p=57.4555 Ux=2.7476 Uy=1.1477]
Epoch  60 (100s) [32.9GB]  train[vol=0.1119 surf=0.0522]  val_avg_surf_p=66.4811
    val_single_in_dist         loss=1.3596  surf[p=82.7862 Ux=1.3107 Uy=0.4595]  vol[p=78.8807 Ux=3.2947 Uy=1.1874]
    val_geom_camber_rc         loss=1.1623  surf[p=82.2494 Ux=1.6698 Uy=0.5672]  vol[p=79.0466 Ux=3.9851 Uy=1.6578]
    val_geom_camber_cruise     loss=0.3423  surf[p=39.7101 Ux=1.0963 Uy=0.2930]  vol[p=38.8961 Ux=2.5555 Uy=0.7126]
    val_re_rand                loss=1.0305  surf[p=61.1788 Ux=1.2951 Uy=0.4219]  vol[p=56.7605 Ux=3.0181 Uy=1.1171]
Epoch  61 (99s) [32.9GB]  train[vol=0.2345 surf=0.1226]  val_avg_surf_p=61.0626
    val_single_in_dist         loss=1.9950  surf[p=75.2949 Ux=0.9758 Uy=0.4283]  vol[p=73.8370 Ux=3.0258 Uy=1.1298]
    val_geom_camber_rc         loss=1.2966  surf[p=73.1160 Ux=1.2002 Uy=0.5765]  vol[p=74.5631 Ux=3.4515 Uy=1.6264]
    val_geom_camber_cruise     loss=0.3507  surf[p=39.1105 Ux=0.5875 Uy=0.2819]  vol[p=38.3778 Ux=2.0684 Uy=0.7098]
    val_re_rand                loss=0.9668  surf[p=56.7291 Ux=0.9231 Uy=0.4298]  vol[p=54.2774 Ux=2.6445 Uy=1.0988]
Epoch  62 (100s) [32.9GB]  train[vol=0.1262 surf=0.0594]  val_avg_surf_p=61.0925
    val_single_in_dist         loss=2.1484  surf[p=75.4994 Ux=1.1216 Uy=0.4255]  vol[p=75.7224 Ux=3.0970 Uy=1.1568]
    val_geom_camber_rc         loss=0.9957  surf[p=72.0163 Ux=1.3461 Uy=0.5519]  vol[p=73.9316 Ux=3.5578 Uy=1.6288]
    val_geom_camber_cruise     loss=0.3221  surf[p=40.3233 Ux=0.8389 Uy=0.2720]  vol[p=41.1220 Ux=2.1722 Uy=0.7204]
    val_re_rand                loss=0.8434  surf[p=56.5310 Ux=1.0508 Uy=0.3967]  vol[p=55.5006 Ux=2.6761 Uy=1.0897]
Epoch  63 (101s) [32.9GB]  train[vol=0.1198 surf=0.0599]  val_avg_surf_p=61.8863
    val_single_in_dist         loss=1.3250  surf[p=66.0125 Ux=0.7676 Uy=0.4212]  vol[p=70.0985 Ux=2.9289 Uy=1.1670]
    val_geom_camber_rc         loss=1.3022  surf[p=81.9602 Ux=1.4838 Uy=0.6107]  vol[p=80.5611 Ux=3.6238 Uy=1.6908]
    val_geom_camber_cruise     loss=0.3105  surf[p=38.1899 Ux=0.6108 Uy=0.3010]  vol[p=37.7216 Ux=2.0290 Uy=0.7037]
    val_re_rand                loss=1.0571  surf[p=61.3827 Ux=0.9908 Uy=0.4410]  vol[p=57.4803 Ux=2.6481 Uy=1.1046]
Epoch  64 (99s) [32.9GB]  train[vol=0.1640 surf=0.0946]  val_avg_surf_p=59.3512 *
    val_single_in_dist         loss=1.4591  surf[p=68.6894 Ux=0.8067 Uy=0.4072]  vol[p=75.6597 Ux=2.9652 Uy=1.1339]
    val_geom_camber_rc         loss=1.1537  surf[p=71.4950 Ux=1.1299 Uy=0.5602]  vol[p=76.3023 Ux=3.4257 Uy=1.6638]
    val_geom_camber_cruise     loss=0.3029  surf[p=39.9589 Ux=0.6185 Uy=0.2834]  vol[p=38.9548 Ux=2.0482 Uy=0.7016]
    val_re_rand                loss=1.2605  surf[p=57.2616 Ux=0.8748 Uy=0.4066]  vol[p=56.0738 Ux=2.6375 Uy=1.0864]
Epoch  65 (101s) [32.9GB]  train[vol=0.1587 surf=0.0810]  val_avg_surf_p=62.0102
    val_single_in_dist         loss=1.3695  surf[p=72.4513 Ux=0.8320 Uy=0.4502]  vol[p=77.6197 Ux=2.9513 Uy=1.1917]
    val_geom_camber_rc         loss=1.0881  surf[p=79.9256 Ux=1.1341 Uy=0.5374]  vol[p=82.3932 Ux=3.5091 Uy=1.6106]
    val_geom_camber_cruise     loss=0.2559  surf[p=36.2162 Ux=0.6640 Uy=0.2711]  vol[p=35.4067 Ux=1.9877 Uy=0.6735]
    val_re_rand                loss=1.0708  surf[p=59.4477 Ux=0.9529 Uy=0.3981]  vol[p=56.2246 Ux=2.6407 Uy=1.0813]
Epoch  66 (101s) [32.9GB]  train[vol=0.1548 surf=0.0776]  val_avg_surf_p=59.8149
    val_single_in_dist         loss=1.7832  surf[p=72.1031 Ux=0.9195 Uy=0.4380]  vol[p=76.4890 Ux=2.8723 Uy=1.1278]
    val_geom_camber_rc         loss=1.1594  surf[p=71.0849 Ux=1.0989 Uy=0.5543]  vol[p=74.3533 Ux=3.3965 Uy=1.5990]
    val_geom_camber_cruise     loss=0.3186  surf[p=39.7376 Ux=0.6048 Uy=0.2952]  vol[p=38.1956 Ux=2.0106 Uy=0.7264]
    val_re_rand                loss=0.8253  surf[p=56.3339 Ux=0.8757 Uy=0.4121]  vol[p=54.4555 Ux=2.6124 Uy=1.0947]
Epoch  67 (100s) [32.9GB]  train[vol=0.1187 surf=0.0617]  val_avg_surf_p=55.8401 *
    val_single_in_dist         loss=1.8543  surf[p=63.2027 Ux=0.9216 Uy=0.4109]  vol[p=66.2690 Ux=2.8905 Uy=1.0987]
    val_geom_camber_rc         loss=1.0243  surf[p=67.1766 Ux=1.1079 Uy=0.5298]  vol[p=70.5459 Ux=3.3121 Uy=1.5897]
    val_geom_camber_cruise     loss=0.2880  surf[p=37.2981 Ux=0.6904 Uy=0.2704]  vol[p=37.9456 Ux=2.0431 Uy=0.7009]
    val_re_rand                loss=1.2032  surf[p=55.6831 Ux=0.9873 Uy=0.3973]  vol[p=53.9031 Ux=2.6434 Uy=1.0695]
Epoch  68 (100s) [32.9GB]  train[vol=0.1030 surf=0.0452]  val_avg_surf_p=60.1379
    val_single_in_dist         loss=1.2517  surf[p=68.6113 Ux=0.9094 Uy=0.4351]  vol[p=78.3221 Ux=2.9486 Uy=1.1823]
    val_geom_camber_rc         loss=0.9701  surf[p=72.3750 Ux=1.1100 Uy=0.5577]  vol[p=75.4047 Ux=3.3582 Uy=1.6036]
    val_geom_camber_cruise     loss=0.2995  surf[p=40.1681 Ux=0.6733 Uy=0.2811]  vol[p=38.1423 Ux=2.0915 Uy=0.7146]
    val_re_rand                loss=0.9581  surf[p=59.3970 Ux=0.9378 Uy=0.4241]  vol[p=55.8922 Ux=2.5934 Uy=1.0928]
Epoch  69 (99s) [32.9GB]  train[vol=0.2416 surf=0.1152]  val_avg_surf_p=55.4182 *
    val_single_in_dist         loss=1.6528  surf[p=60.4471 Ux=0.7797 Uy=0.4023]  vol[p=64.6282 Ux=2.8237 Uy=1.0873]
    val_geom_camber_rc         loss=1.3959  surf[p=71.4596 Ux=1.1996 Uy=0.5968]  vol[p=72.8679 Ux=3.4503 Uy=1.6184]
    val_geom_camber_cruise     loss=0.2701  surf[p=34.9241 Ux=0.5584 Uy=0.3023]  vol[p=35.2793 Ux=1.9929 Uy=0.6817]
    val_re_rand                loss=0.9425  surf[p=54.8419 Ux=0.9134 Uy=0.4518]  vol[p=53.8144 Ux=2.5777 Uy=1.0761]
Epoch  70 (100s) [32.9GB]  train[vol=0.1452 surf=0.0758]  val_avg_surf_p=57.9657
    val_single_in_dist         loss=1.3633  surf[p=66.0871 Ux=1.0192 Uy=0.4079]  vol[p=68.9922 Ux=3.0600 Uy=1.1091]
    val_geom_camber_rc         loss=1.0730  surf[p=73.1923 Ux=1.4358 Uy=0.5367]  vol[p=74.3501 Ux=3.7029 Uy=1.5503]
    val_geom_camber_cruise     loss=0.2978  surf[p=36.5293 Ux=0.8963 Uy=0.3210]  vol[p=34.3985 Ux=2.3555 Uy=0.7104]
    val_re_rand                loss=0.9064  surf[p=56.0542 Ux=1.1246 Uy=0.4261]  vol[p=53.2846 Ux=2.7734 Uy=1.0621]
Epoch  71 (100s) [32.9GB]  train[vol=0.1257 surf=0.0662]  val_avg_surf_p=52.2660 *
    val_single_in_dist         loss=1.8488  surf[p=60.2390 Ux=0.8994 Uy=0.4018]  vol[p=70.1818 Ux=2.8687 Uy=1.0602]
    val_geom_camber_rc         loss=0.9075  surf[p=65.9178 Ux=1.0582 Uy=0.5176]  vol[p=69.7341 Ux=3.2673 Uy=1.5455]
    val_geom_camber_cruise     loss=0.2576  surf[p=33.4176 Ux=0.6023 Uy=0.2539]  vol[p=36.5086 Ux=1.9799 Uy=0.6525]
    val_re_rand                loss=0.7583  surf[p=49.4894 Ux=0.8578 Uy=0.3804]  vol[p=49.9027 Ux=2.5249 Uy=1.0250]
Epoch  72 (101s) [32.9GB]  train[vol=0.0908 surf=0.0381]  val_avg_surf_p=53.2717
    val_single_in_dist         loss=0.8733  surf[p=61.3010 Ux=0.7473 Uy=0.4013]  vol[p=70.8120 Ux=2.7389 Uy=1.0607]
    val_geom_camber_rc         loss=0.9490  surf[p=65.0364 Ux=1.0520 Uy=0.5166]  vol[p=70.4008 Ux=3.2143 Uy=1.4953]
    val_geom_camber_cruise     loss=0.2518  surf[p=34.1630 Ux=0.6938 Uy=0.2781]  vol[p=35.4098 Ux=2.0044 Uy=0.6628]
    val_re_rand                loss=0.8186  surf[p=52.5865 Ux=0.8961 Uy=0.4038]  vol[p=52.5473 Ux=2.4756 Uy=1.0172]
Epoch  73 (99s) [32.9GB]  train[vol=0.1945 surf=0.1114]  val_avg_surf_p=66.8481
    val_single_in_dist         loss=2.3715  surf[p=94.4937 Ux=0.8872 Uy=0.4580]  vol[p=87.6457 Ux=2.8908 Uy=1.1816]
    val_geom_camber_rc         loss=1.1766  surf[p=74.9854 Ux=1.2527 Uy=0.6203]  vol[p=77.9401 Ux=3.4337 Uy=1.6425]
    val_geom_camber_cruise     loss=0.2936  surf[p=38.9444 Ux=0.6449 Uy=0.3181]  vol[p=37.5539 Ux=1.9177 Uy=0.6929]
    val_re_rand                loss=1.3163  surf[p=58.9689 Ux=1.0288 Uy=0.4465]  vol[p=56.3865 Ux=2.6251 Uy=1.0812]
Epoch  74 (101s) [32.9GB]  train[vol=0.1606 surf=0.0689]  val_avg_surf_p=51.5765 *
    val_single_in_dist         loss=1.3486  surf[p=59.2940 Ux=0.8017 Uy=0.3759]  vol[p=64.0431 Ux=2.6891 Uy=1.0435]
    val_geom_camber_rc         loss=0.8537  surf[p=63.0413 Ux=0.9980 Uy=0.5137]  vol[p=67.6157 Ux=3.1582 Uy=1.5135]
    val_geom_camber_cruise     loss=0.2497  surf[p=33.5726 Ux=0.5283 Uy=0.2687]  vol[p=32.8344 Ux=1.8380 Uy=0.6391]
    val_re_rand                loss=0.7965  surf[p=50.3982 Ux=0.8149 Uy=0.3908]  vol[p=49.2682 Ux=2.4131 Uy=1.0123]
Epoch  75 (100s) [32.9GB]  train[vol=0.1471 surf=0.0762]  val_avg_surf_p=53.6877
    val_single_in_dist         loss=0.8789  surf[p=54.3825 Ux=0.7369 Uy=0.3580]  vol[p=61.9136 Ux=2.8069 Uy=0.9968]
    val_geom_camber_rc         loss=1.2033  surf[p=69.8148 Ux=1.1258 Uy=0.5184]  vol[p=71.7630 Ux=3.3942 Uy=1.4911]
    val_geom_camber_cruise     loss=0.2457  surf[p=35.4007 Ux=0.5853 Uy=0.2543]  vol[p=35.6402 Ux=1.8760 Uy=0.6452]
    val_re_rand                loss=0.9008  surf[p=55.1527 Ux=0.9107 Uy=0.3894]  vol[p=52.9527 Ux=2.5282 Uy=1.0128]
Epoch  76 (101s) [32.9GB]  train[vol=0.1283 surf=0.0615]  val_avg_surf_p=60.8776
    val_single_in_dist         loss=1.2731  surf[p=62.3225 Ux=0.7172 Uy=0.4316]  vol[p=62.0693 Ux=2.6397 Uy=1.0061]
    val_geom_camber_rc         loss=1.2409  surf[p=83.8898 Ux=1.2918 Uy=0.5894]  vol[p=77.4665 Ux=3.3928 Uy=1.4851]
    val_geom_camber_cruise     loss=0.2874  surf[p=39.1335 Ux=0.6598 Uy=0.2895]  vol[p=34.8381 Ux=1.9336 Uy=0.7004]
    val_re_rand                loss=0.9215  surf[p=58.1646 Ux=0.9569 Uy=0.4260]  vol[p=53.2400 Ux=2.4789 Uy=1.0476]
Epoch  77 (99s) [32.9GB]  train[vol=0.1331 surf=0.0597]  val_avg_surf_p=52.9775
    val_single_in_dist         loss=1.5071  surf[p=63.3276 Ux=0.6919 Uy=0.4921]  vol[p=69.4314 Ux=2.6374 Uy=1.1658]
    val_geom_camber_rc         loss=0.9466  surf[p=65.3497 Ux=1.0377 Uy=0.5389]  vol[p=68.1409 Ux=3.0977 Uy=1.4862]
    val_geom_camber_cruise     loss=0.2489  surf[p=33.7038 Ux=0.5492 Uy=0.3089]  vol[p=34.1854 Ux=1.8250 Uy=0.7397]
    val_re_rand                loss=0.7941  surf[p=49.5290 Ux=0.7946 Uy=0.4219]  vol[p=49.2077 Ux=2.3483 Uy=1.0575]
Epoch  78 (100s) [32.9GB]  train[vol=0.1611 surf=0.0730]  val_avg_surf_p=52.7336
    val_single_in_dist         loss=1.5056  surf[p=58.8206 Ux=0.7373 Uy=0.3647]  vol[p=65.3346 Ux=2.7404 Uy=1.0328]
    val_geom_camber_rc         loss=0.8644  surf[p=64.3403 Ux=0.9919 Uy=0.5000]  vol[p=69.6252 Ux=3.1481 Uy=1.4635]
    val_geom_camber_cruise     loss=0.2927  surf[p=36.9200 Ux=0.5112 Uy=0.2525]  vol[p=35.1329 Ux=1.8709 Uy=0.6449]
    val_re_rand                loss=0.7368  surf[p=50.8534 Ux=0.7714 Uy=0.3741]  vol[p=49.6585 Ux=2.4111 Uy=0.9897]
Epoch  79 (100s) [32.9GB]  train[vol=0.1517 surf=0.0701]  val_avg_surf_p=56.8418
    val_single_in_dist         loss=1.9562  surf[p=73.0590 Ux=0.9584 Uy=0.3755]  vol[p=75.6444 Ux=2.8047 Uy=1.0068]
    val_geom_camber_rc         loss=1.1569  surf[p=69.0013 Ux=1.0935 Uy=0.5170]  vol[p=70.9152 Ux=3.2273 Uy=1.4784]
    val_geom_camber_cruise     loss=0.2546  surf[p=33.7823 Ux=0.5226 Uy=0.2751]  vol[p=36.1117 Ux=1.8271 Uy=0.6615]
    val_re_rand                loss=0.7253  surf[p=51.5246 Ux=0.8329 Uy=0.3848]  vol[p=50.9237 Ux=2.3930 Uy=0.9943]
Epoch  80 (99s) [32.9GB]  train[vol=0.1081 surf=0.0509]  val_avg_surf_p=52.2941
    val_single_in_dist         loss=1.9489  surf[p=57.5280 Ux=0.6398 Uy=0.3613]  vol[p=60.2352 Ux=2.5802 Uy=0.9879]
    val_geom_camber_rc         loss=0.9874  surf[p=67.0777 Ux=0.9923 Uy=0.5224]  vol[p=70.5955 Ux=3.1408 Uy=1.5200]
    val_geom_camber_cruise     loss=0.2794  surf[p=34.1693 Ux=0.4829 Uy=0.2483]  vol[p=32.6237 Ux=1.8073 Uy=0.6279]
    val_re_rand                loss=0.9417  surf[p=50.4013 Ux=0.7663 Uy=0.3790]  vol[p=50.1795 Ux=2.3274 Uy=0.9952]
Epoch  81 (99s) [32.9GB]  train[vol=0.1041 surf=0.0563]  val_avg_surf_p=47.8199 *
    val_single_in_dist         loss=1.2961  surf[p=51.6942 Ux=0.8743 Uy=0.3353]  vol[p=58.4444 Ux=2.7870 Uy=0.9507]
    val_geom_camber_rc         loss=0.8066  surf[p=58.8188 Ux=1.0434 Uy=0.4707]  vol[p=62.6937 Ux=3.1143 Uy=1.3942]
    val_geom_camber_cruise     loss=0.2462  surf[p=31.5977 Ux=0.6164 Uy=0.2449]  vol[p=32.7820 Ux=1.8520 Uy=0.6425]
    val_re_rand                loss=0.8444  surf[p=49.1689 Ux=0.8819 Uy=0.3660]  vol[p=49.3950 Ux=2.3592 Uy=0.9809]
Epoch  82 (100s) [32.9GB]  train[vol=0.1257 surf=0.0704]  val_avg_surf_p=50.9427
    val_single_in_dist         loss=1.5905  surf[p=55.3645 Ux=0.6761 Uy=0.3518]  vol[p=61.4007 Ux=2.5663 Uy=0.9954]
    val_geom_camber_rc         loss=0.8163  surf[p=62.4590 Ux=0.9749 Uy=0.5013]  vol[p=66.6062 Ux=3.1617 Uy=1.4586]
    val_geom_camber_cruise     loss=0.2727  surf[p=34.6899 Ux=0.5666 Uy=0.2596]  vol[p=33.1798 Ux=1.9385 Uy=0.6515]
    val_re_rand                loss=0.8650  surf[p=51.2574 Ux=0.8215 Uy=0.3791]  vol[p=49.6083 Ux=2.4082 Uy=0.9983]
Epoch  83 (101s) [32.9GB]  train[vol=0.1802 surf=0.0926]  val_avg_surf_p=53.9335
    val_single_in_dist         loss=1.3970  surf[p=57.2600 Ux=0.7032 Uy=0.3590]  vol[p=64.3872 Ux=2.6147 Uy=0.9842]
    val_geom_camber_rc         loss=1.0912  surf[p=72.1539 Ux=1.0427 Uy=0.5200]  vol[p=74.1255 Ux=3.1642 Uy=1.5125]
    val_geom_camber_cruise     loss=0.2387  surf[p=33.5226 Ux=0.5199 Uy=0.2601]  vol[p=34.1585 Ux=1.7669 Uy=0.6326]
    val_re_rand                loss=0.8860  surf[p=52.7974 Ux=0.8313 Uy=0.3844]  vol[p=50.6147 Ux=2.3875 Uy=0.9916]
Epoch  84 (101s) [32.9GB]  train[vol=0.1062 surf=0.0420]  val_avg_surf_p=53.6285
    val_single_in_dist         loss=1.4908  surf[p=61.9214 Ux=0.8583 Uy=0.3626]  vol[p=65.9962 Ux=2.6480 Uy=0.9614]
    val_geom_camber_rc         loss=1.1344  surf[p=70.1900 Ux=1.1895 Uy=0.5035]  vol[p=71.2947 Ux=3.2960 Uy=1.4565]
    val_geom_camber_cruise     loss=0.2258  surf[p=32.4455 Ux=0.5347 Uy=0.2391]  vol[p=33.4631 Ux=1.8067 Uy=0.6285]
    val_re_rand                loss=0.7775  surf[p=49.9571 Ux=0.8193 Uy=0.3644]  vol[p=48.7467 Ux=2.3626 Uy=0.9736]
Epoch  85 (100s) [32.9GB]  train[vol=0.1095 surf=0.0521]  val_avg_surf_p=53.2044
    val_single_in_dist         loss=1.2940  surf[p=55.7489 Ux=0.6842 Uy=0.3546]  vol[p=60.4085 Ux=2.5064 Uy=0.9674]
    val_geom_camber_rc         loss=0.9670  surf[p=66.6699 Ux=1.0657 Uy=0.4819]  vol[p=71.3270 Ux=3.2333 Uy=1.4506]
    val_geom_camber_cruise     loss=0.2654  surf[p=37.6508 Ux=0.6308 Uy=0.2674]  vol[p=34.1035 Ux=1.8162 Uy=0.6418]
    val_re_rand                loss=0.7789  surf[p=52.7483 Ux=0.8543 Uy=0.3802]  vol[p=50.0758 Ux=2.3796 Uy=0.9892]
Epoch  86 (100s) [32.9GB]  train[vol=0.1347 surf=0.0667]  val_avg_surf_p=48.8599
    val_single_in_dist         loss=1.4427  surf[p=56.2325 Ux=0.6901 Uy=0.3691]  vol[p=60.3849 Ux=2.5561 Uy=0.9920]
    val_geom_camber_rc         loss=0.9048  surf[p=60.7495 Ux=0.9444 Uy=0.4584]  vol[p=64.6670 Ux=3.0281 Uy=1.4079]
    val_geom_camber_cruise     loss=0.2076  surf[p=31.2517 Ux=0.4755 Uy=0.2326]  vol[p=32.6323 Ux=1.7361 Uy=0.6100]
    val_re_rand                loss=0.6933  surf[p=47.2060 Ux=0.7299 Uy=0.3509]  vol[p=47.5682 Ux=2.2667 Uy=0.9542]
Epoch  87 (100s) [32.9GB]  train[vol=0.1751 surf=0.0941]  val_avg_surf_p=49.7433
    val_single_in_dist         loss=1.2979  surf[p=56.9872 Ux=0.6059 Uy=0.3396]  vol[p=61.2597 Ux=2.4391 Uy=0.9306]
    val_geom_camber_rc         loss=0.8885  surf[p=62.1994 Ux=0.9516 Uy=0.4978]  vol[p=66.9802 Ux=3.0487 Uy=1.4485]
    val_geom_camber_cruise     loss=0.2103  surf[p=31.1439 Ux=0.4551 Uy=0.2507]  vol[p=32.3895 Ux=1.7649 Uy=0.6107]
    val_re_rand                loss=0.9252  surf[p=48.6428 Ux=0.7293 Uy=0.3731]  vol[p=48.0784 Ux=2.2571 Uy=0.9835]
Epoch  88 (98s) [32.9GB]  train[vol=0.1570 surf=0.0748]  val_avg_surf_p=52.6616
    val_single_in_dist         loss=1.1234  surf[p=60.4171 Ux=0.9418 Uy=0.3520]  vol[p=64.9330 Ux=2.6886 Uy=0.9581]
    val_geom_camber_rc         loss=1.0407  surf[p=67.2840 Ux=0.9969 Uy=0.4789]  vol[p=68.7203 Ux=3.0416 Uy=1.4006]
    val_geom_camber_cruise     loss=0.2284  surf[p=32.8883 Ux=0.5052 Uy=0.2304]  vol[p=32.1812 Ux=1.7636 Uy=0.5955]
    val_re_rand                loss=0.6944  surf[p=50.0568 Ux=0.7713 Uy=0.3547]  vol[p=48.3874 Ux=2.2902 Uy=0.9385]
Epoch  89 (100s) [32.9GB]  train[vol=0.2141 surf=0.1140]  val_avg_surf_p=49.8544
    val_single_in_dist         loss=0.8184  surf[p=50.7911 Ux=0.8112 Uy=0.3575]  vol[p=58.1606 Ux=2.6617 Uy=1.0048]
    val_geom_camber_rc         loss=1.0343  surf[p=64.2170 Ux=0.9724 Uy=0.4932]  vol[p=65.0825 Ux=3.0649 Uy=1.4385]
    val_geom_camber_cruise     loss=0.2502  surf[p=35.0667 Ux=0.5015 Uy=0.2667]  vol[p=34.1781 Ux=1.8370 Uy=0.6606]
    val_re_rand                loss=0.7690  surf[p=49.3429 Ux=0.7399 Uy=0.3733]  vol[p=47.5495 Ux=2.3096 Uy=1.0022]
Epoch  90 (100s) [32.9GB]  train[vol=0.0741 surf=0.0294]  val_avg_surf_p=45.5119 *
    val_single_in_dist         loss=0.7414  surf[p=49.0607 Ux=0.8221 Uy=0.3308]  vol[p=56.5457 Ux=2.5556 Uy=0.9473]
    val_geom_camber_rc         loss=0.7663  surf[p=58.0578 Ux=1.0062 Uy=0.4571]  vol[p=62.1716 Ux=3.0412 Uy=1.4020]
    val_geom_camber_cruise     loss=0.2053  surf[p=28.4361 Ux=0.7188 Uy=0.2241]  vol[p=30.5646 Ux=1.8357 Uy=0.5987]
    val_re_rand                loss=0.7832  surf[p=46.4930 Ux=0.9454 Uy=0.3431]  vol[p=46.8236 Ux=2.3925 Uy=0.9507]
Epoch  91 (99s) [32.9GB]  train[vol=0.1153 surf=0.0530]  val_avg_surf_p=51.7755
    val_single_in_dist         loss=2.0291  surf[p=70.2907 Ux=0.6449 Uy=0.3678]  vol[p=68.1050 Ux=2.4664 Uy=0.9370]
    val_geom_camber_rc         loss=0.8035  surf[p=59.8231 Ux=0.9600 Uy=0.5090]  vol[p=64.8581 Ux=2.9297 Uy=1.3725]
    val_geom_camber_cruise     loss=0.2017  surf[p=29.1796 Ux=0.4509 Uy=0.2570]  vol[p=30.4763 Ux=1.7201 Uy=0.5910]
    val_re_rand                loss=0.8036  surf[p=47.8087 Ux=0.7417 Uy=0.3812]  vol[p=47.4339 Ux=2.2651 Uy=0.9548]
Epoch  92 (100s) [32.9GB]  train[vol=0.0874 surf=0.0446]  val_avg_surf_p=47.0731
    val_single_in_dist         loss=1.1428  surf[p=51.9770 Ux=0.5669 Uy=0.3429]  vol[p=57.9715 Ux=2.3765 Uy=0.9256]
    val_geom_camber_rc         loss=0.7765  surf[p=57.9369 Ux=0.9407 Uy=0.4630]  vol[p=61.0701 Ux=2.9182 Uy=1.3665]
    val_geom_camber_cruise     loss=0.2033  surf[p=30.0655 Ux=0.4264 Uy=0.2407]  vol[p=31.5141 Ux=1.6944 Uy=0.5944]
    val_re_rand                loss=0.8067  surf[p=48.3129 Ux=0.7208 Uy=0.3676]  vol[p=47.5724 Ux=2.2263 Uy=0.9564]
Epoch  93 (99s) [32.9GB]  train[vol=0.0880 surf=0.0462]  val_avg_surf_p=49.4634
    val_single_in_dist         loss=1.2067  surf[p=57.1134 Ux=1.0450 Uy=0.3472]  vol[p=58.2315 Ux=2.7081 Uy=0.9210]
    val_geom_camber_rc         loss=0.8760  surf[p=61.6162 Ux=1.0473 Uy=0.4677]  vol[p=62.4404 Ux=2.9820 Uy=1.3608]
    val_geom_camber_cruise     loss=0.2067  surf[p=29.8195 Ux=0.7174 Uy=0.2260]  vol[p=31.3910 Ux=1.9245 Uy=0.5872]
    val_re_rand                loss=0.7973  surf[p=49.3045 Ux=0.9458 Uy=0.3553]  vol[p=47.8743 Ux=2.4254 Uy=0.9450]
Epoch  94 (101s) [32.9GB]  train[vol=0.1257 surf=0.0558]  val_avg_surf_p=49.2746
    val_single_in_dist         loss=1.3824  surf[p=54.5598 Ux=0.6302 Uy=0.3442]  vol[p=58.9539 Ux=2.4329 Uy=0.9138]
    val_geom_camber_rc         loss=0.8783  surf[p=60.3476 Ux=0.8853 Uy=0.4536]  vol[p=63.2411 Ux=2.8809 Uy=1.3707]
    val_geom_camber_cruise     loss=0.2091  surf[p=33.0783 Ux=0.4327 Uy=0.2303]  vol[p=31.1781 Ux=1.6530 Uy=0.5808]
    val_re_rand                loss=0.7836  surf[p=49.1126 Ux=0.7003 Uy=0.3447]  vol[p=46.9102 Ux=2.1979 Uy=0.9297]
Epoch  95 (101s) [32.9GB]  train[vol=0.1828 surf=0.0767]  val_avg_surf_p=51.2650
    val_single_in_dist         loss=1.1765  surf[p=55.4164 Ux=0.6715 Uy=0.3310]  vol[p=57.0983 Ux=2.4369 Uy=0.9060]
    val_geom_camber_rc         loss=0.9724  surf[p=71.9281 Ux=0.9202 Uy=0.4777]  vol[p=70.1008 Ux=2.9608 Uy=1.3685]
    val_geom_camber_cruise     loss=0.1873  surf[p=27.1136 Ux=0.4418 Uy=0.2285]  vol[p=28.9670 Ux=1.6899 Uy=0.5842]
    val_re_rand                loss=0.9536  surf[p=50.6018 Ux=0.7372 Uy=0.3551]  vol[p=48.4471 Ux=2.2484 Uy=0.9407]
Epoch  96 (99s) [32.9GB]  train[vol=0.0958 surf=0.0389]  val_avg_surf_p=46.2411
    val_single_in_dist         loss=1.1884  surf[p=50.2115 Ux=0.7074 Uy=0.3515]  vol[p=58.4092 Ux=2.5176 Uy=0.9461]
    val_geom_camber_rc         loss=0.8100  surf[p=56.3182 Ux=0.8867 Uy=0.4593]  vol[p=60.8216 Ux=2.9179 Uy=1.3549]
    val_geom_camber_cruise     loss=0.2004  surf[p=29.9505 Ux=0.4699 Uy=0.2220]  vol[p=31.6004 Ux=1.7308 Uy=0.5741]
    val_re_rand                loss=0.8695  surf[p=48.4840 Ux=0.7658 Uy=0.3637]  vol[p=48.1461 Ux=2.2993 Uy=0.9421]
Epoch  97 (100s) [32.9GB]  train[vol=0.1627 surf=0.0836]  val_avg_surf_p=47.0241
    val_single_in_dist         loss=0.8865  surf[p=46.2645 Ux=0.5385 Uy=0.3272]  vol[p=52.4190 Ux=2.3367 Uy=0.8780]
    val_geom_camber_rc         loss=0.9488  surf[p=62.8367 Ux=0.9664 Uy=0.4794]  vol[p=63.6497 Ux=3.0187 Uy=1.4014]
    val_geom_camber_cruise     loss=0.1981  surf[p=30.9799 Ux=0.4329 Uy=0.2267]  vol[p=33.1490 Ux=1.6648 Uy=0.5838]
    val_re_rand                loss=0.8268  surf[p=48.0152 Ux=0.7211 Uy=0.3533]  vol[p=47.6339 Ux=2.2227 Uy=0.9516]
Epoch  98 (100s) [32.9GB]  train[vol=0.1449 surf=0.0771]  val_avg_surf_p=44.9113 *
    val_single_in_dist         loss=0.8001  surf[p=47.2346 Ux=0.5827 Uy=0.3373]  vol[p=55.5776 Ux=2.3527 Uy=0.8889]
    val_geom_camber_rc         loss=0.8339  surf[p=57.2707 Ux=0.9163 Uy=0.4616]  vol[p=62.7701 Ux=2.9565 Uy=1.3638]
    val_geom_camber_cruise     loss=0.2005  surf[p=28.7378 Ux=0.4124 Uy=0.2430]  vol[p=30.2177 Ux=1.7133 Uy=0.5895]
    val_re_rand                loss=0.7602  surf[p=46.4020 Ux=0.6900 Uy=0.3483]  vol[p=46.8169 Ux=2.1895 Uy=0.9339]
Epoch  99 (98s) [32.9GB]  train[vol=0.0914 surf=0.0433]  val_avg_surf_p=49.9552
    val_single_in_dist         loss=0.7896  surf[p=51.0461 Ux=0.6081 Uy=0.3514]  vol[p=58.7491 Ux=2.3320 Uy=0.9530]
    val_geom_camber_rc         loss=1.0870  surf[p=69.2683 Ux=0.9932 Uy=0.5012]  vol[p=69.6322 Ux=3.0039 Uy=1.3972]
    val_geom_camber_cruise     loss=0.1998  surf[p=29.7309 Ux=0.4533 Uy=0.2362]  vol[p=31.5979 Ux=1.6844 Uy=0.5772]
    val_re_rand                loss=0.7878  surf[p=49.7755 Ux=0.7164 Uy=0.3604]  vol[p=48.5767 Ux=2.2216 Uy=0.9421]
Epoch 100 (102s) [32.9GB]  train[vol=0.1250 surf=0.0612]  val_avg_surf_p=43.8306 *
    val_single_in_dist         loss=1.2362  surf[p=47.3220 Ux=0.5568 Uy=0.3260]  vol[p=53.5206 Ux=2.3229 Uy=0.8912]
    val_geom_camber_rc         loss=0.7567  surf[p=56.3859 Ux=0.8799 Uy=0.4611]  vol[p=61.1384 Ux=2.8639 Uy=1.3568]
    val_geom_camber_cruise     loss=0.1831  surf[p=26.7437 Ux=0.4049 Uy=0.2395]  vol[p=28.9700 Ux=1.6206 Uy=0.5640]
    val_re_rand                loss=0.7743  surf[p=44.8709 Ux=0.6634 Uy=0.3534]  vol[p=45.3491 Ux=2.1476 Uy=0.9166]
Epoch 101 (100s) [32.9GB]  train[vol=0.1071 surf=0.0478]  val_avg_surf_p=46.4080
    val_single_in_dist         loss=1.2764  surf[p=51.5891 Ux=0.6514 Uy=0.3235]  vol[p=55.1335 Ux=2.3986 Uy=0.8693]
    val_geom_camber_rc         loss=0.9488  surf[p=60.1736 Ux=0.9052 Uy=0.4538]  vol[p=63.1688 Ux=2.8820 Uy=1.3160]
    val_geom_camber_cruise     loss=0.1901  surf[p=27.6525 Ux=0.6189 Uy=0.2332]  vol[p=29.2371 Ux=1.7710 Uy=0.5689]
    val_re_rand                loss=0.7323  surf[p=46.2167 Ux=0.8124 Uy=0.3503]  vol[p=45.1478 Ux=2.2623 Uy=0.9140]
Epoch 102 (101s) [32.9GB]  train[vol=0.1322 surf=0.0729]  val_avg_surf_p=46.1487
    val_single_in_dist         loss=1.3128  surf[p=49.0056 Ux=0.8758 Uy=0.3319]  vol[p=55.0911 Ux=2.5039 Uy=0.8754]
    val_geom_camber_rc         loss=1.0813  surf[p=61.1006 Ux=1.0985 Uy=0.4605]  vol[p=65.5493 Ux=3.0354 Uy=1.3313]
    val_geom_camber_cruise     loss=0.1850  surf[p=27.6321 Ux=0.4462 Uy=0.2162]  vol[p=28.7336 Ux=1.6244 Uy=0.5561]
    val_re_rand                loss=0.7235  surf[p=46.8565 Ux=0.7949 Uy=0.3441]  vol[p=45.6492 Ux=2.2266 Uy=0.9033]
Epoch 103 (101s) [32.9GB]  train[vol=0.1333 surf=0.0774]  val_avg_surf_p=45.2722
    val_single_in_dist         loss=1.2266  surf[p=54.0816 Ux=0.5971 Uy=0.3324]  vol[p=58.6818 Ux=2.2591 Uy=0.8732]
    val_geom_camber_rc         loss=0.7573  surf[p=57.7832 Ux=0.8445 Uy=0.4422]  vol[p=62.1856 Ux=2.8027 Uy=1.3075]
    val_geom_camber_cruise     loss=0.1838  surf[p=26.4925 Ux=0.5297 Uy=0.2210]  vol[p=28.7723 Ux=1.6746 Uy=0.5730]
    val_re_rand                loss=0.7673  surf[p=42.7313 Ux=0.6798 Uy=0.3335]  vol[p=43.4603 Ux=2.1119 Uy=0.9019]
Epoch 104 (100s) [32.9GB]  train[vol=0.1600 surf=0.0829]  val_avg_surf_p=47.1429
    val_single_in_dist         loss=0.8454  surf[p=49.7401 Ux=0.6314 Uy=0.3148]  vol[p=53.6923 Ux=2.3317 Uy=0.8844]
    val_geom_camber_rc         loss=0.9523  surf[p=62.4726 Ux=0.9935 Uy=0.4710]  vol[p=63.2831 Ux=2.9816 Uy=1.3504]
    val_geom_camber_cruise     loss=0.1786  surf[p=27.6588 Ux=0.4829 Uy=0.2192]  vol[p=28.9798 Ux=1.6198 Uy=0.5527]
    val_re_rand                loss=0.7855  surf[p=48.7001 Ux=0.8066 Uy=0.3471]  vol[p=46.7149 Ux=2.2366 Uy=0.9155]
Epoch 105 (101s) [32.9GB]  train[vol=0.1022 surf=0.0577]  val_avg_surf_p=45.6976
    val_single_in_dist         loss=0.7203  surf[p=51.4919 Ux=0.5583 Uy=0.3138]  vol[p=56.8491 Ux=2.2794 Uy=0.8848]
    val_geom_camber_rc         loss=0.8230  surf[p=58.5481 Ux=0.8692 Uy=0.4533]  vol[p=61.5960 Ux=2.8659 Uy=1.3362]
    val_geom_camber_cruise     loss=0.1680  surf[p=27.0574 Ux=0.3909 Uy=0.2146]  vol[p=27.8529 Ux=1.5621 Uy=0.5515]
    val_re_rand                loss=0.8056  surf[p=45.6932 Ux=0.6616 Uy=0.3433]  vol[p=44.7629 Ux=2.1075 Uy=0.9142]
Epoch 106 (100s) [32.9GB]  train[vol=0.1307 surf=0.0684]  val_avg_surf_p=43.6257 *
    val_single_in_dist         loss=0.8398  surf[p=49.5169 Ux=0.5982 Uy=0.4002]  vol[p=57.5556 Ux=2.3835 Uy=0.9268]
    val_geom_camber_rc         loss=0.8484  surf[p=56.8711 Ux=0.8847 Uy=0.5145]  vol[p=61.0926 Ux=2.9000 Uy=1.3546]
    val_geom_camber_cruise     loss=0.1719  surf[p=25.3405 Ux=0.5043 Uy=0.2629]  vol[p=27.6526 Ux=1.6543 Uy=0.5657]
    val_re_rand                loss=0.6765  surf[p=42.7743 Ux=0.7246 Uy=0.3863]  vol[p=42.9755 Ux=2.1468 Uy=0.9144]
Epoch 107 (98s) [32.9GB]  train[vol=0.0879 surf=0.0426]  val_avg_surf_p=42.6923 *
    val_single_in_dist         loss=0.7831  surf[p=48.2822 Ux=0.7467 Uy=0.3154]  vol[p=58.1212 Ux=2.3795 Uy=0.8721]
    val_geom_camber_rc         loss=0.7284  surf[p=54.0607 Ux=0.8329 Uy=0.4309]  vol[p=58.0876 Ux=2.7823 Uy=1.2852]
    val_geom_camber_cruise     loss=0.1702  surf[p=25.5315 Ux=0.4322 Uy=0.2175]  vol[p=28.1032 Ux=1.5532 Uy=0.5454]
    val_re_rand                loss=0.7152  surf[p=42.8949 Ux=0.6791 Uy=0.3265]  vol[p=43.1301 Ux=2.0761 Uy=0.8797]
Epoch 108 (99s) [32.9GB]  train[vol=0.0572 surf=0.0187]  val_avg_surf_p=42.6028 *
    val_single_in_dist         loss=1.0009  surf[p=45.7058 Ux=0.5691 Uy=0.3179]  vol[p=51.9946 Ux=2.1866 Uy=0.8328]
    val_geom_camber_rc         loss=0.7923  surf[p=55.9958 Ux=0.8513 Uy=0.4521]  vol[p=60.1538 Ux=2.7876 Uy=1.2991]
    val_geom_camber_cruise     loss=0.1731  surf[p=25.9313 Ux=0.4222 Uy=0.2065]  vol[p=27.6428 Ux=1.5406 Uy=0.5364]
    val_re_rand                loss=0.7226  surf[p=42.7782 Ux=0.6703 Uy=0.3320]  vol[p=43.0632 Ux=2.0806 Uy=0.8828]
Epoch 109 (100s) [32.9GB]  train[vol=0.0780 surf=0.0327]  val_avg_surf_p=43.2295
    val_single_in_dist         loss=0.7864  surf[p=46.4516 Ux=0.5630 Uy=0.3119]  vol[p=54.1005 Ux=2.2492 Uy=0.8607]
    val_geom_camber_rc         loss=0.7888  surf[p=57.7539 Ux=0.8828 Uy=0.4459]  vol[p=63.6647 Ux=2.8448 Uy=1.3231]
    val_geom_camber_cruise     loss=0.1833  surf[p=26.1984 Ux=0.4137 Uy=0.2096]  vol[p=28.3024 Ux=1.5665 Uy=0.5502]
    val_re_rand                loss=0.7400  surf[p=42.5141 Ux=0.6491 Uy=0.3295]  vol[p=43.0246 Ux=2.0743 Uy=0.8755]
Epoch 110 (101s) [32.9GB]  train[vol=0.1030 surf=0.0487]  val_avg_surf_p=46.7097
    val_single_in_dist         loss=0.8824  surf[p=52.1507 Ux=0.5552 Uy=0.2956]  vol[p=53.6634 Ux=2.2046 Uy=0.8102]
    val_geom_camber_rc         loss=0.8134  surf[p=61.1356 Ux=0.8938 Uy=0.4397]  vol[p=63.5595 Ux=2.8605 Uy=1.2951]
    val_geom_camber_cruise     loss=0.1830  surf[p=27.1438 Ux=0.3753 Uy=0.2087]  vol[p=28.5891 Ux=1.5307 Uy=0.5354]
    val_re_rand                loss=0.7194  surf[p=46.4088 Ux=0.6667 Uy=0.3255]  vol[p=45.4689 Ux=2.0945 Uy=0.8761]
Epoch 111 (101s) [32.9GB]  train[vol=0.0922 surf=0.0309]  val_avg_surf_p=42.6185
    val_single_in_dist         loss=0.7770  surf[p=44.6919 Ux=0.5303 Uy=0.3022]  vol[p=54.3105 Ux=2.1416 Uy=0.8544]
    val_geom_camber_rc         loss=0.7687  surf[p=53.8502 Ux=0.8327 Uy=0.4270]  vol[p=57.8922 Ux=2.7507 Uy=1.2637]
    val_geom_camber_cruise     loss=0.1894  surf[p=27.8217 Ux=0.4876 Uy=0.2131]  vol[p=28.8598 Ux=1.6432 Uy=0.5512]
    val_re_rand                loss=0.7240  surf[p=44.1102 Ux=0.6973 Uy=0.3288]  vol[p=44.1835 Ux=2.1006 Uy=0.8802]
Epoch 112 (99s) [32.9GB]  train[vol=0.0872 surf=0.0346]  val_avg_surf_p=40.2254 *
    val_single_in_dist         loss=1.0006  surf[p=43.3296 Ux=0.5395 Uy=0.3014]  vol[p=50.3817 Ux=2.1474 Uy=0.8258]
    val_geom_camber_rc         loss=0.6923  surf[p=52.5018 Ux=0.8289 Uy=0.4285]  vol[p=58.6552 Ux=2.7476 Uy=1.2693]
    val_geom_camber_cruise     loss=0.1680  surf[p=24.8769 Ux=0.3699 Uy=0.2175]  vol[p=27.5799 Ux=1.5423 Uy=0.5324]
    val_re_rand                loss=0.6427  surf[p=40.1933 Ux=0.6148 Uy=0.3234]  vol[p=42.0378 Ux=2.0398 Uy=0.8640]
Epoch 113 (99s) [32.9GB]  train[vol=0.0613 surf=0.0237]  val_avg_surf_p=41.6061
    val_single_in_dist         loss=1.5326  surf[p=48.1673 Ux=0.4910 Uy=0.3014]  vol[p=51.7522 Ux=2.1332 Uy=0.8272]
    val_geom_camber_rc         loss=0.6758  surf[p=51.4379 Ux=0.7971 Uy=0.4203]  vol[p=57.5540 Ux=2.7157 Uy=1.2534]
    val_geom_camber_cruise     loss=0.1743  surf[p=25.5034 Ux=0.3731 Uy=0.2041]  vol[p=27.7586 Ux=1.5421 Uy=0.5275]
    val_re_rand                loss=0.6398  surf[p=41.3159 Ux=0.6061 Uy=0.3144]  vol[p=42.3011 Ux=2.0245 Uy=0.8530]
Epoch 114 (101s) [32.9GB]  train[vol=0.0994 surf=0.0551]  val_avg_surf_p=40.5976
    val_single_in_dist         loss=0.8754  surf[p=41.9021 Ux=0.4751 Uy=0.2948]  vol[p=50.0417 Ux=2.1477 Uy=0.8090]
    val_geom_camber_rc         loss=0.7930  surf[p=56.5491 Ux=0.8905 Uy=0.4649]  vol[p=61.4847 Ux=2.8940 Uy=1.3227]
    val_geom_camber_cruise     loss=0.1585  surf[p=23.5685 Ux=0.3554 Uy=0.1989]  vol[p=26.7821 Ux=1.5182 Uy=0.5194]
    val_re_rand                loss=0.7498  surf[p=40.3707 Ux=0.6245 Uy=0.3209]  vol[p=41.9034 Ux=2.0439 Uy=0.8560]
Epoch 115 (100s) [32.9GB]  train[vol=0.0785 surf=0.0461]  val_avg_surf_p=41.8791
    val_single_in_dist         loss=0.9521  surf[p=45.4879 Ux=0.6851 Uy=0.2983]  vol[p=50.5969 Ux=2.2780 Uy=0.8310]
    val_geom_camber_rc         loss=0.8546  surf[p=53.8359 Ux=0.8540 Uy=0.4306]  vol[p=58.5120 Ux=2.7723 Uy=1.2724]
    val_geom_camber_cruise     loss=0.1834  surf[p=25.7735 Ux=0.5203 Uy=0.2071]  vol[p=28.1560 Ux=1.6276 Uy=0.5350]
    val_re_rand                loss=0.6716  surf[p=42.4189 Ux=0.6920 Uy=0.3216]  vol[p=43.0801 Ux=2.0945 Uy=0.8682]
Epoch 116 (100s) [32.9GB]  train[vol=0.0733 surf=0.0234]  val_avg_surf_p=40.8907
    val_single_in_dist         loss=0.9317  surf[p=43.0001 Ux=0.5456 Uy=0.3092]  vol[p=49.6101 Ux=2.1315 Uy=0.8197]
    val_geom_camber_rc         loss=0.8225  surf[p=53.8541 Ux=0.8345 Uy=0.4383]  vol[p=58.3136 Ux=2.7168 Uy=1.2742]
    val_geom_camber_cruise     loss=0.1792  surf[p=24.9923 Ux=0.4702 Uy=0.2111]  vol[p=27.1355 Ux=1.5349 Uy=0.5416]
    val_re_rand                loss=0.6606  surf[p=41.7163 Ux=0.6658 Uy=0.3254]  vol[p=42.2803 Ux=2.0257 Uy=0.8688]
Epoch 117 (100s) [32.9GB]  train[vol=0.0874 surf=0.0287]  val_avg_surf_p=42.0929
    val_single_in_dist         loss=0.8131  surf[p=42.4228 Ux=0.5018 Uy=0.2826]  vol[p=48.0920 Ux=2.1317 Uy=0.7851]
    val_geom_camber_rc         loss=0.8178  surf[p=58.4443 Ux=0.9541 Uy=0.4209]  vol[p=60.9015 Ux=2.7833 Uy=1.2463]
    val_geom_camber_cruise     loss=0.1607  surf[p=24.0856 Ux=0.3917 Uy=0.2101]  vol[p=26.4937 Ux=1.5603 Uy=0.5363]
    val_re_rand                loss=0.6697  surf[p=43.4190 Ux=0.6671 Uy=0.3178]  vol[p=42.8792 Ux=2.0497 Uy=0.8545]
Epoch 118 (101s) [32.9GB]  train[vol=0.0869 surf=0.0453]  val_avg_surf_p=42.5350
    val_single_in_dist         loss=0.9631  surf[p=54.1647 Ux=0.5783 Uy=0.3148]  vol[p=59.6145 Ux=2.1958 Uy=0.8498]
    val_geom_camber_rc         loss=0.6846  surf[p=52.5098 Ux=0.8030 Uy=0.4173]  vol[p=56.5182 Ux=2.6984 Uy=1.2398]
    val_geom_camber_cruise     loss=0.1534  surf[p=23.1104 Ux=0.3629 Uy=0.1914]  vol[p=26.0625 Ux=1.4803 Uy=0.5124]
    val_re_rand                loss=0.6520  surf[p=40.3550 Ux=0.6083 Uy=0.3113]  vol[p=41.1133 Ux=1.9918 Uy=0.8485]
Epoch 119 (100s) [32.9GB]  train[vol=0.1335 surf=0.0650]  val_avg_surf_p=41.0682
    val_single_in_dist         loss=0.8674  surf[p=44.4165 Ux=0.5173 Uy=0.3069]  vol[p=50.1824 Ux=2.1189 Uy=0.7967]
    val_geom_camber_rc         loss=0.8007  surf[p=54.1422 Ux=0.8135 Uy=0.4327]  vol[p=58.3180 Ux=2.6955 Uy=1.2442]
    val_geom_camber_cruise     loss=0.1545  surf[p=24.6294 Ux=0.3445 Uy=0.2032]  vol[p=26.6707 Ux=1.4726 Uy=0.5256]
    val_re_rand                loss=0.6534  surf[p=41.0847 Ux=0.5869 Uy=0.3126]  vol[p=41.5217 Ux=1.9759 Uy=0.8462]
Epoch 120 (100s) [32.9GB]  train[vol=0.0683 surf=0.0281]  val_avg_surf_p=40.3079
    val_single_in_dist         loss=0.9606  surf[p=41.3150 Ux=0.5328 Uy=0.2811]  vol[p=48.6802 Ux=2.1125 Uy=0.8074]
    val_geom_camber_rc         loss=0.6498  surf[p=51.0696 Ux=0.7905 Uy=0.4151]  vol[p=55.3460 Ux=2.6840 Uy=1.2376]
    val_geom_camber_cruise     loss=0.1801  surf[p=26.2405 Ux=0.4946 Uy=0.1994]  vol[p=28.2689 Ux=1.6186 Uy=0.5280]
    val_re_rand                loss=0.7600  surf[p=42.6066 Ux=0.6797 Uy=0.3145]  vol[p=42.8156 Ux=2.0844 Uy=0.8554]
Epoch 121 (99s) [32.9GB]  train[vol=0.0954 surf=0.0418]  val_avg_surf_p=40.7656
    val_single_in_dist         loss=0.9118  surf[p=45.1922 Ux=0.6296 Uy=0.2841]  vol[p=51.8889 Ux=2.1974 Uy=0.8023]
    val_geom_camber_rc         loss=0.6936  surf[p=51.8117 Ux=0.8597 Uy=0.4322]  vol[p=56.5068 Ux=2.7449 Uy=1.2487]
    val_geom_camber_cruise     loss=0.1603  surf[p=24.8320 Ux=0.3761 Uy=0.2014]  vol[p=27.2030 Ux=1.5014 Uy=0.5224]
    val_re_rand                loss=0.6897  surf[p=41.2264 Ux=0.6252 Uy=0.3170]  vol[p=41.9065 Ux=2.0168 Uy=0.8556]
Epoch 122 (99s) [32.9GB]  train[vol=0.0526 surf=0.0157]  val_avg_surf_p=39.2014 *
    val_single_in_dist         loss=0.7080  surf[p=37.6507 Ux=0.4577 Uy=0.2840]  vol[p=47.3262 Ux=2.0414 Uy=0.7819]
    val_geom_camber_rc         loss=0.8197  surf[p=51.9943 Ux=0.8154 Uy=0.4173]  vol[p=57.0029 Ux=2.7179 Uy=1.2323]
    val_geom_camber_cruise     loss=0.1557  surf[p=24.7623 Ux=0.3615 Uy=0.1928]  vol[p=27.2969 Ux=1.4711 Uy=0.5122]
    val_re_rand                loss=0.6796  surf[p=42.3984 Ux=0.6141 Uy=0.3130]  vol[p=42.5269 Ux=2.0066 Uy=0.8469]
Epoch 123 (101s) [32.9GB]  train[vol=0.1084 surf=0.0499]  val_avg_surf_p=38.7899 *
    val_single_in_dist         loss=0.9160  surf[p=40.3460 Ux=0.4591 Uy=0.2817]  vol[p=49.1077 Ux=2.0395 Uy=0.7830]
    val_geom_camber_rc         loss=0.6730  surf[p=52.0363 Ux=0.7998 Uy=0.4214]  vol[p=55.7135 Ux=2.6683 Uy=1.2435]
    val_geom_camber_cruise     loss=0.1490  surf[p=23.0363 Ux=0.3510 Uy=0.2041]  vol[p=26.0354 Ux=1.4791 Uy=0.5199]
    val_re_rand                loss=0.6824  surf[p=39.7409 Ux=0.5855 Uy=0.3110]  vol[p=40.7218 Ux=1.9654 Uy=0.8427]
Epoch 124 (100s) [32.9GB]  train[vol=0.0639 surf=0.0276]  val_avg_surf_p=41.2631
    val_single_in_dist         loss=1.2355  surf[p=45.8577 Ux=0.5105 Uy=0.2781]  vol[p=50.8251 Ux=2.0972 Uy=0.7881]
    val_geom_camber_rc         loss=0.7951  surf[p=52.8241 Ux=0.7915 Uy=0.4181]  vol[p=57.1093 Ux=2.6956 Uy=1.2279]
    val_geom_camber_cruise     loss=0.1700  surf[p=25.2056 Ux=0.4390 Uy=0.1958]  vol[p=26.7047 Ux=1.5488 Uy=0.5104]
    val_re_rand                loss=0.6067  surf[p=41.1651 Ux=0.6455 Uy=0.3040]  vol[p=41.7337 Ux=2.0109 Uy=0.8298]
Epoch 125 (99s) [32.9GB]  train[vol=0.1059 surf=0.0545]  val_avg_surf_p=38.8327
    val_single_in_dist         loss=0.7581  surf[p=40.6328 Ux=0.4801 Uy=0.2761]  vol[p=48.6041 Ux=2.0799 Uy=0.7786]
    val_geom_camber_rc         loss=0.7779  surf[p=51.3965 Ux=0.7955 Uy=0.4155]  vol[p=56.1291 Ux=2.6842 Uy=1.2281]
    val_geom_camber_cruise     loss=0.1589  surf[p=23.4400 Ux=0.4029 Uy=0.1912]  vol[p=25.6995 Ux=1.4842 Uy=0.5072]
    val_re_rand                loss=0.6100  surf[p=39.8616 Ux=0.6149 Uy=0.3049]  vol[p=40.7996 Ux=1.9669 Uy=0.8295]
Epoch 126 (101s) [32.9GB]  train[vol=0.0926 surf=0.0339]  val_avg_surf_p=38.1316 *
    val_single_in_dist         loss=0.7367  surf[p=38.3348 Ux=0.4800 Uy=0.2804]  vol[p=47.2327 Ux=2.0605 Uy=0.7763]
    val_geom_camber_rc         loss=0.7080  surf[p=51.6712 Ux=0.7708 Uy=0.4055]  vol[p=56.3124 Ux=2.6465 Uy=1.2141]
    val_geom_camber_cruise     loss=0.1534  surf[p=22.5989 Ux=0.3760 Uy=0.1916]  vol[p=25.4209 Ux=1.4746 Uy=0.5028]
    val_re_rand                loss=0.6425  surf[p=39.9216 Ux=0.5938 Uy=0.3063]  vol[p=41.3237 Ux=1.9622 Uy=0.8340]
Epoch 127 (100s) [32.9GB]  train[vol=0.0745 surf=0.0324]  val_avg_surf_p=39.7636
    val_single_in_dist         loss=0.8364  surf[p=40.5645 Ux=0.4647 Uy=0.2785]  vol[p=48.2244 Ux=2.0343 Uy=0.7757]
    val_geom_camber_rc         loss=0.8066  surf[p=53.7063 Ux=0.8371 Uy=0.4200]  vol[p=57.1043 Ux=2.6919 Uy=1.2405]
    val_geom_camber_cruise     loss=0.1496  surf[p=23.0453 Ux=0.3549 Uy=0.1887]  vol[p=25.7934 Ux=1.4579 Uy=0.5028]
    val_re_rand                loss=0.6571  surf[p=41.7384 Ux=0.6132 Uy=0.3070]  vol[p=41.9327 Ux=1.9773 Uy=0.8393]
Epoch 128 (100s) [32.9GB]  train[vol=0.0970 surf=0.0381]  val_avg_surf_p=39.3772
    val_single_in_dist         loss=0.7623  surf[p=39.0159 Ux=0.4573 Uy=0.2741]  vol[p=47.4480 Ux=2.0198 Uy=0.7752]
    val_geom_camber_rc         loss=0.7085  surf[p=54.5106 Ux=0.8355 Uy=0.4107]  vol[p=58.2245 Ux=2.7012 Uy=1.2200]
    val_geom_camber_cruise     loss=0.1622  surf[p=23.3885 Ux=0.3910 Uy=0.1873]  vol[p=25.8790 Ux=1.4837 Uy=0.5008]
    val_re_rand                loss=0.6601  surf[p=40.5938 Ux=0.6195 Uy=0.3000]  vol[p=41.2569 Ux=1.9601 Uy=0.8293]
Epoch 129 (101s) [32.9GB]  train[vol=0.0981 surf=0.0377]  val_avg_surf_p=38.1839
    val_single_in_dist         loss=0.6967  surf[p=38.2721 Ux=0.4396 Uy=0.2700]  vol[p=46.4236 Ux=1.9857 Uy=0.7501]
    val_geom_camber_rc         loss=0.6534  surf[p=51.6570 Ux=0.7837 Uy=0.4049]  vol[p=54.7074 Ux=2.6376 Uy=1.2095]
    val_geom_camber_cruise     loss=0.1518  surf[p=22.7138 Ux=0.3668 Uy=0.1877]  vol[p=25.4358 Ux=1.4385 Uy=0.4947]
    val_re_rand                loss=0.6724  surf[p=40.0924 Ux=0.5914 Uy=0.3012]  vol[p=40.7233 Ux=1.9397 Uy=0.8252]
Epoch 130 (99s) [32.9GB]  train[vol=0.1052 surf=0.0407]  val_avg_surf_p=37.5965 *
    val_single_in_dist         loss=0.6662  surf[p=37.9837 Ux=0.4588 Uy=0.2749]  vol[p=46.1723 Ux=2.0027 Uy=0.7577]
    val_geom_camber_rc         loss=0.7105  surf[p=50.8883 Ux=0.7707 Uy=0.4106]  vol[p=55.7882 Ux=2.6362 Uy=1.2175]
    val_geom_camber_cruise     loss=0.1514  surf[p=22.2882 Ux=0.3572 Uy=0.1884]  vol[p=25.3020 Ux=1.4385 Uy=0.4988]
    val_re_rand                loss=0.6785  surf[p=39.2258 Ux=0.5743 Uy=0.3045]  vol[p=40.3133 Ux=1.9281 Uy=0.8258]
Epoch 131 (99s) [32.9GB]  train[vol=0.1064 surf=0.0589]  val_avg_surf_p=39.5314
    val_single_in_dist         loss=1.2339  surf[p=44.1831 Ux=0.4785 Uy=0.2812]  vol[p=51.0955 Ux=2.0330 Uy=0.7838]
    val_geom_camber_rc         loss=0.6435  surf[p=51.0313 Ux=0.7702 Uy=0.4057]  vol[p=55.2250 Ux=2.6722 Uy=1.2069]
    val_geom_camber_cruise     loss=0.1520  surf[p=23.1406 Ux=0.3559 Uy=0.1934]  vol[p=25.7382 Ux=1.4292 Uy=0.4995]
    val_re_rand                loss=0.6448  surf[p=39.7704 Ux=0.5952 Uy=0.3001]  vol[p=40.6710 Ux=1.9327 Uy=0.8192]
Epoch 132 (100s) [32.9GB]  train[vol=0.0841 surf=0.0376]  val_avg_surf_p=39.7509
    val_single_in_dist         loss=1.0984  surf[p=44.2886 Ux=0.5087 Uy=0.2818]  vol[p=50.9664 Ux=2.0775 Uy=0.7719]
    val_geom_camber_rc         loss=0.7172  surf[p=51.2427 Ux=0.7809 Uy=0.4068]  vol[p=55.0758 Ux=2.6260 Uy=1.2050]
    val_geom_camber_cruise     loss=0.1490  surf[p=23.4571 Ux=0.3445 Uy=0.1914]  vol[p=25.4768 Ux=1.4421 Uy=0.5102]
    val_re_rand                loss=0.6385  surf[p=40.0152 Ux=0.5731 Uy=0.3044]  vol[p=40.4992 Ux=1.9236 Uy=0.8238]
Epoch 133 (100s) [32.9GB]  train[vol=0.0731 surf=0.0276]  val_avg_surf_p=38.5793
    val_single_in_dist         loss=0.7530  surf[p=40.5664 Ux=0.4597 Uy=0.2775]  vol[p=47.7654 Ux=2.0097 Uy=0.7813]
    val_geom_camber_rc         loss=0.6768  surf[p=51.4268 Ux=0.7677 Uy=0.4057]  vol[p=54.8756 Ux=2.6434 Uy=1.2156]
    val_geom_camber_cruise     loss=0.1558  surf[p=22.7440 Ux=0.3673 Uy=0.1878]  vol[p=25.6753 Ux=1.4544 Uy=0.5086]
    val_re_rand                loss=0.6552  surf[p=39.5799 Ux=0.5938 Uy=0.3045]  vol[p=40.5299 Ux=1.9492 Uy=0.8326]
Epoch 134 (100s) [32.9GB]  train[vol=0.0526 surf=0.0205]  val_avg_surf_p=38.1958
    val_single_in_dist         loss=0.9878  surf[p=40.9550 Ux=0.4461 Uy=0.2698]  vol[p=49.6227 Ux=1.9954 Uy=0.7652]
    val_geom_camber_rc         loss=0.6705  surf[p=50.4908 Ux=0.7791 Uy=0.3979]  vol[p=54.4015 Ux=2.6227 Uy=1.1868]
    val_geom_camber_cruise     loss=0.1414  surf[p=22.3452 Ux=0.3444 Uy=0.1856]  vol[p=25.4077 Ux=1.4163 Uy=0.4912]
    val_re_rand                loss=0.6349  surf[p=38.9920 Ux=0.5748 Uy=0.2957]  vol[p=40.0778 Ux=1.9130 Uy=0.8090]
Epoch 135 (102s) [32.9GB]  train[vol=0.1108 surf=0.0506]  val_avg_surf_p=38.1032
    val_single_in_dist         loss=0.6765  surf[p=38.3145 Ux=0.4728 Uy=0.2731]  vol[p=47.4639 Ux=2.0156 Uy=0.7599]
    val_geom_camber_rc         loss=0.7102  surf[p=51.7535 Ux=0.7643 Uy=0.4071]  vol[p=55.0920 Ux=2.6325 Uy=1.1972]
    val_geom_camber_cruise     loss=0.1536  surf[p=22.7879 Ux=0.5229 Uy=0.1884]  vol[p=25.5217 Ux=1.5618 Uy=0.4894]
    val_re_rand                loss=0.6274  surf[p=39.5567 Ux=0.6729 Uy=0.2973]  vol[p=40.1142 Ux=1.9794 Uy=0.8119]
Epoch 136 (100s) [32.9GB]  train[vol=0.0612 surf=0.0182]  val_avg_surf_p=38.6738
    val_single_in_dist         loss=0.9534  surf[p=38.9857 Ux=0.4861 Uy=0.2735]  vol[p=48.8737 Ux=2.0317 Uy=0.7601]
    val_geom_camber_rc         loss=0.6698  surf[p=54.2872 Ux=0.8019 Uy=0.4156]  vol[p=57.8114 Ux=2.6628 Uy=1.2059]
    val_geom_camber_cruise     loss=0.1414  surf[p=21.7573 Ux=0.3433 Uy=0.1864]  vol[p=25.1014 Ux=1.4054 Uy=0.4867]
    val_re_rand                loss=0.6537  surf[p=39.6650 Ux=0.5898 Uy=0.3012]  vol[p=40.8127 Ux=1.9235 Uy=0.8177]
Epoch 137 (101s) [32.9GB]  train[vol=0.0658 surf=0.0224]  val_avg_surf_p=37.5575 *
    val_single_in_dist         loss=0.7082  surf[p=38.2580 Ux=0.4648 Uy=0.2727]  vol[p=45.9741 Ux=1.9712 Uy=0.7564]
    val_geom_camber_rc         loss=0.7116  surf[p=50.8769 Ux=0.7758 Uy=0.4054]  vol[p=55.5680 Ux=2.6065 Uy=1.2064]
    val_geom_camber_cruise     loss=0.1424  surf[p=21.6827 Ux=0.3301 Uy=0.1830]  vol[p=24.7733 Ux=1.3856 Uy=0.4912]
    val_re_rand                loss=0.6580  surf[p=39.4122 Ux=0.5560 Uy=0.3008]  vol[p=40.4187 Ux=1.8884 Uy=0.8158]
Epoch 138 (100s) [32.9GB]  train[vol=0.0441 surf=0.0123]  val_avg_surf_p=36.9085 *
    val_single_in_dist         loss=0.6738  surf[p=37.5123 Ux=0.4661 Uy=0.2660]  vol[p=46.4530 Ux=1.9869 Uy=0.7447]
    val_geom_camber_rc         loss=0.6540  surf[p=49.7163 Ux=0.7683 Uy=0.3986]  vol[p=54.0751 Ux=2.6071 Uy=1.1890]
    val_geom_camber_cruise     loss=0.1395  surf[p=21.7873 Ux=0.3297 Uy=0.1816]  vol[p=24.7953 Ux=1.3965 Uy=0.4857]
    val_re_rand                loss=0.6183  surf[p=38.6181 Ux=0.5594 Uy=0.2933]  vol[p=39.8340 Ux=1.8963 Uy=0.8031]
Epoch 139 (101s) [32.9GB]  train[vol=0.0721 surf=0.0271]  val_avg_surf_p=36.9954
    val_single_in_dist         loss=0.9737  surf[p=39.4090 Ux=0.4363 Uy=0.2720]  vol[p=47.2094 Ux=1.9600 Uy=0.7504]
    val_geom_camber_rc         loss=0.6585  surf[p=49.6326 Ux=0.7432 Uy=0.4010]  vol[p=53.6577 Ux=2.5818 Uy=1.1934]
    val_geom_camber_cruise     loss=0.1357  surf[p=20.9277 Ux=0.3395 Uy=0.1829]  vol[p=24.3264 Ux=1.4058 Uy=0.4864]
    val_re_rand                loss=0.6375  surf[p=38.0124 Ux=0.5613 Uy=0.2939]  vol[p=39.3777 Ux=1.8892 Uy=0.8039]
Epoch 140 (100s) [32.9GB]  train[vol=0.0794 surf=0.0377]  val_avg_surf_p=37.3458
    val_single_in_dist         loss=0.7770  surf[p=38.1153 Ux=0.4466 Uy=0.2697]  vol[p=46.9283 Ux=1.9581 Uy=0.7399]
    val_geom_camber_rc         loss=0.7378  surf[p=51.3029 Ux=0.7892 Uy=0.4049]  vol[p=55.2384 Ux=2.6244 Uy=1.1891]
    val_geom_camber_cruise     loss=0.1404  surf[p=21.3827 Ux=0.3274 Uy=0.1842]  vol[p=24.4868 Ux=1.3877 Uy=0.4869]
    val_re_rand                loss=0.6397  surf[p=38.5821 Ux=0.5562 Uy=0.2966]  vol[p=39.7952 Ux=1.8780 Uy=0.8042]
Epoch 141 (101s) [32.9GB]  train[vol=0.1128 surf=0.0551]  val_avg_surf_p=37.2752
    val_single_in_dist         loss=0.7006  surf[p=39.1800 Ux=0.4264 Uy=0.2699]  vol[p=47.8278 Ux=1.9590 Uy=0.7412]
    val_geom_camber_rc         loss=0.7430  surf[p=50.0978 Ux=0.7509 Uy=0.4022]  vol[p=54.7571 Ux=2.5959 Uy=1.1891]
    val_geom_camber_cruise     loss=0.1420  surf[p=21.4768 Ux=0.3372 Uy=0.1827]  vol[p=24.5374 Ux=1.3895 Uy=0.4842]
    val_re_rand                loss=0.6216  surf[p=38.3464 Ux=0.5548 Uy=0.2965]  vol[p=39.4769 Ux=1.8671 Uy=0.8033]
Epoch 142 (100s) [32.9GB]  train[vol=0.0636 surf=0.0252]  val_avg_surf_p=37.0124
    val_single_in_dist         loss=0.8228  surf[p=38.8691 Ux=0.4848 Uy=0.2688]  vol[p=47.8838 Ux=2.0121 Uy=0.7483]
    val_geom_camber_rc         loss=0.7028  surf[p=49.7357 Ux=0.7577 Uy=0.4014]  vol[p=54.6982 Ux=2.6051 Uy=1.1795]
    val_geom_camber_cruise     loss=0.1394  surf[p=21.4737 Ux=0.3229 Uy=0.1836]  vol[p=24.5781 Ux=1.3850 Uy=0.4863]
    val_re_rand                loss=0.6074  surf[p=37.9712 Ux=0.5502 Uy=0.2932]  vol[p=39.3314 Ux=1.8762 Uy=0.8005]
Epoch 143 (101s) [32.9GB]  train[vol=0.0477 surf=0.0168]  val_avg_surf_p=37.3945
    val_single_in_dist         loss=0.7893  surf[p=39.5488 Ux=0.4337 Uy=0.2635]  vol[p=47.5668 Ux=1.9488 Uy=0.7421]
    val_geom_camber_rc         loss=0.6823  surf[p=50.5157 Ux=0.7549 Uy=0.4055]  vol[p=55.2479 Ux=2.5933 Uy=1.1982]
    val_geom_camber_cruise     loss=0.1375  surf[p=21.0788 Ux=0.3179 Uy=0.1803]  vol[p=24.3909 Ux=1.3781 Uy=0.4844]
    val_re_rand                loss=0.6246  surf[p=38.4346 Ux=0.5601 Uy=0.2994]  vol[p=39.9741 Ux=1.8870 Uy=0.8100]
Epoch 144 (101s) [32.9GB]  train[vol=0.0818 surf=0.0276]  val_avg_surf_p=36.8970 *
    val_single_in_dist         loss=0.7873  surf[p=37.7287 Ux=0.4545 Uy=0.2669]  vol[p=47.4575 Ux=1.9545 Uy=0.7470]
    val_geom_camber_rc         loss=0.6874  surf[p=50.4770 Ux=0.7472 Uy=0.4010]  vol[p=54.8237 Ux=2.5776 Uy=1.1840]
    val_geom_camber_cruise     loss=0.1362  surf[p=21.1794 Ux=0.3222 Uy=0.1843]  vol[p=24.4460 Ux=1.3721 Uy=0.4812]
    val_re_rand                loss=0.6281  surf[p=38.2029 Ux=0.5533 Uy=0.2986]  vol[p=39.5184 Ux=1.8723 Uy=0.8033]
Epoch 145 (101s) [32.9GB]  train[vol=0.0598 surf=0.0242]  val_avg_surf_p=36.5097 *
    val_single_in_dist         loss=0.7652  surf[p=37.9124 Ux=0.4192 Uy=0.2734]  vol[p=47.3617 Ux=1.9382 Uy=0.7440]
    val_geom_camber_rc         loss=0.6415  surf[p=49.8097 Ux=0.7375 Uy=0.3976]  vol[p=53.6510 Ux=2.5664 Uy=1.1716]
    val_geom_camber_cruise     loss=0.1324  surf[p=20.7888 Ux=0.3361 Uy=0.1802]  vol[p=24.3103 Ux=1.3925 Uy=0.4815]
    val_re_rand                loss=0.6256  surf[p=37.5280 Ux=0.5572 Uy=0.2930]  vol[p=39.1119 Ux=1.8727 Uy=0.7963]
Epoch 146 (99s) [32.9GB]  train[vol=0.0788 surf=0.0284]  val_avg_surf_p=36.8325
    val_single_in_dist         loss=0.8759  surf[p=39.3040 Ux=0.4348 Uy=0.2638]  vol[p=48.3671 Ux=1.9437 Uy=0.7375]
    val_geom_camber_rc         loss=0.6555  surf[p=49.4564 Ux=0.7438 Uy=0.3970]  vol[p=54.1358 Ux=2.5593 Uy=1.1683]
    val_geom_camber_cruise     loss=0.1344  surf[p=20.8233 Ux=0.3197 Uy=0.1792]  vol[p=24.1933 Ux=1.3618 Uy=0.4798]
    val_re_rand                loss=0.6135  surf[p=37.7463 Ux=0.5440 Uy=0.2904]  vol[p=39.2267 Ux=1.8508 Uy=0.7954]
Epoch 147 (101s) [32.9GB]  train[vol=0.0757 surf=0.0354]  val_avg_surf_p=36.6565
    val_single_in_dist         loss=0.6338  surf[p=36.9917 Ux=0.4023 Uy=0.2586]  vol[p=46.7234 Ux=1.9466 Uy=0.7379]
    val_geom_camber_rc         loss=0.6481  surf[p=49.6449 Ux=0.7414 Uy=0.3969]  vol[p=54.1677 Ux=2.5748 Uy=1.1822]
    val_geom_camber_cruise     loss=0.1374  surf[p=21.5517 Ux=0.3229 Uy=0.1798]  vol[p=24.3710 Ux=1.3761 Uy=0.4833]
    val_re_rand                loss=0.6164  surf[p=38.4375 Ux=0.5548 Uy=0.2948]  vol[p=39.6562 Ux=1.8706 Uy=0.8031]
Epoch 148 (100s) [32.9GB]  train[vol=0.0690 surf=0.0190]  val_avg_surf_p=36.5586
    val_single_in_dist         loss=0.8040  surf[p=38.1024 Ux=0.4325 Uy=0.2712]  vol[p=47.4868 Ux=1.9532 Uy=0.7356]
    val_geom_camber_rc         loss=0.6424  surf[p=49.1221 Ux=0.7850 Uy=0.3939]  vol[p=53.6702 Ux=2.5763 Uy=1.1668]
    val_geom_camber_cruise     loss=0.1367  surf[p=21.0615 Ux=0.3200 Uy=0.1785]  vol[p=24.3322 Ux=1.3687 Uy=0.4789]
    val_re_rand                loss=0.6164  surf[p=37.9483 Ux=0.5516 Uy=0.2903]  vol[p=39.4289 Ux=1.8679 Uy=0.7947]
Epoch 149 (100s) [32.9GB]  train[vol=0.0696 surf=0.0224]  val_avg_surf_p=36.2072 *
    val_single_in_dist         loss=0.8074  surf[p=37.2620 Ux=0.4121 Uy=0.2623]  vol[p=46.9236 Ux=1.9172 Uy=0.7325]
    val_geom_camber_rc         loss=0.6503  surf[p=49.0046 Ux=0.7492 Uy=0.3956]  vol[p=53.8448 Ux=2.5742 Uy=1.1673]
    val_geom_camber_cruise     loss=0.1331  surf[p=20.8501 Ux=0.3200 Uy=0.1782]  vol[p=24.1623 Ux=1.3562 Uy=0.4780]
    val_re_rand                loss=0.6017  surf[p=37.7121 Ux=0.5484 Uy=0.2910]  vol[p=39.1670 Ux=1.8511 Uy=0.7919]
Epoch 150 (101s) [32.9GB]  train[vol=0.0627 surf=0.0286]  val_avg_surf_p=36.2586
    val_single_in_dist         loss=0.7499  surf[p=37.3761 Ux=0.4279 Uy=0.2692]  vol[p=47.1184 Ux=1.9365 Uy=0.7363]
    val_geom_camber_rc         loss=0.6386  surf[p=49.6132 Ux=0.7362 Uy=0.3997]  vol[p=53.4801 Ux=2.5725 Uy=1.1695]
    val_geom_camber_cruise     loss=0.1359  surf[p=20.9377 Ux=0.3270 Uy=0.1822]  vol[p=24.1753 Ux=1.3717 Uy=0.4771]
    val_re_rand                loss=0.6042  surf[p=37.1074 Ux=0.5433 Uy=0.2898]  vol[p=38.6399 Ux=1.8528 Uy=0.7895]
Epoch 151 (100s) [32.9GB]  train[vol=0.1005 surf=0.0439]  val_avg_surf_p=36.4674
    val_single_in_dist         loss=0.8307  surf[p=38.5597 Ux=0.4628 Uy=0.2742]  vol[p=48.7468 Ux=1.9525 Uy=0.7458]
    val_geom_camber_rc         loss=0.6446  surf[p=49.3069 Ux=0.7357 Uy=0.3942]  vol[p=53.7241 Ux=2.5482 Uy=1.1648]
    val_geom_camber_cruise     loss=0.1361  surf[p=20.8491 Ux=0.3186 Uy=0.1805]  vol[p=24.0794 Ux=1.3549 Uy=0.4760]
    val_re_rand                loss=0.6026  surf[p=37.1539 Ux=0.5361 Uy=0.2886]  vol[p=38.6816 Ux=1.8396 Uy=0.7898]
Epoch 152 (99s) [32.9GB]  train[vol=0.1007 surf=0.0497]  val_avg_surf_p=36.2702
    val_single_in_dist         loss=0.8448  surf[p=38.5394 Ux=0.4246 Uy=0.2639]  vol[p=49.1031 Ux=1.9313 Uy=0.7352]
    val_geom_camber_rc         loss=0.6472  surf[p=48.8536 Ux=0.7339 Uy=0.3920]  vol[p=53.3891 Ux=2.5583 Uy=1.1616]
    val_geom_camber_cruise     loss=0.1341  surf[p=20.6795 Ux=0.3244 Uy=0.1789]  vol[p=24.1591 Ux=1.3638 Uy=0.4764]
    val_re_rand                loss=0.5940  surf[p=37.0085 Ux=0.5417 Uy=0.2904]  vol[p=38.6814 Ux=1.8479 Uy=0.7890]
Epoch 153 (100s) [32.9GB]  train[vol=0.1244 surf=0.0610]  val_avg_surf_p=36.7173
    val_single_in_dist         loss=0.8067  surf[p=39.5685 Ux=0.4532 Uy=0.2642]  vol[p=49.9405 Ux=1.9672 Uy=0.7346]
    val_geom_camber_rc         loss=0.6731  surf[p=49.3980 Ux=0.7359 Uy=0.3957]  vol[p=53.7271 Ux=2.5588 Uy=1.1653]
    val_geom_camber_cruise     loss=0.1326  surf[p=20.5664 Ux=0.3180 Uy=0.1786]  vol[p=24.0468 Ux=1.3519 Uy=0.4742]
    val_re_rand                loss=0.5928  surf[p=37.3363 Ux=0.5405 Uy=0.2900]  vol[p=38.9383 Ux=1.8464 Uy=0.7898]
Epoch 154 (101s) [32.9GB]  train[vol=0.0916 surf=0.0414]  val_avg_surf_p=36.9024
    val_single_in_dist         loss=0.9440  surf[p=40.8886 Ux=0.4341 Uy=0.2668]  vol[p=50.2440 Ux=1.9524 Uy=0.7377]
    val_geom_camber_rc         loss=0.6489  surf[p=48.5892 Ux=0.7310 Uy=0.3922]  vol[p=53.2626 Ux=2.5574 Uy=1.1620]
    val_geom_camber_cruise     loss=0.1338  surf[p=20.6076 Ux=0.3135 Uy=0.1781]  vol[p=23.9329 Ux=1.3509 Uy=0.4756]
    val_re_rand                loss=0.6126  surf[p=37.5243 Ux=0.5414 Uy=0.2905]  vol[p=39.2338 Ux=1.8469 Uy=0.7901]
Epoch 155 (100s) [32.9GB]  train[vol=0.0425 surf=0.0113]  val_avg_surf_p=36.8049
    val_single_in_dist         loss=0.9182  surf[p=40.1500 Ux=0.4272 Uy=0.2630]  vol[p=49.7200 Ux=1.9505 Uy=0.7357]
    val_geom_camber_rc         loss=0.6398  surf[p=48.7222 Ux=0.7370 Uy=0.3952]  vol[p=53.3156 Ux=2.5575 Uy=1.1597]
    val_geom_camber_cruise     loss=0.1323  surf[p=20.8219 Ux=0.3158 Uy=0.1811]  vol[p=24.2083 Ux=1.3516 Uy=0.4771]
    val_re_rand                loss=0.6111  surf[p=37.5256 Ux=0.5437 Uy=0.2920]  vol[p=39.0764 Ux=1.8448 Uy=0.7888]
Epoch 156 (99s) [32.9GB]  train[vol=0.0604 surf=0.0265]  val_avg_surf_p=36.6874
    val_single_in_dist         loss=0.8970  surf[p=40.1718 Ux=0.4199 Uy=0.2608]  vol[p=49.8679 Ux=1.9441 Uy=0.7310]
    val_geom_camber_rc         loss=0.6349  surf[p=48.7212 Ux=0.7380 Uy=0.3932]  vol[p=53.2743 Ux=2.5533 Uy=1.1607]
    val_geom_camber_cruise     loss=0.1317  surf[p=20.5179 Ux=0.3137 Uy=0.1792]  vol[p=24.1780 Ux=1.3484 Uy=0.4726]
    val_re_rand                loss=0.6205  surf[p=37.3386 Ux=0.5325 Uy=0.2889]  vol[p=39.0552 Ux=1.8360 Uy=0.7864]
Epoch 157 (100s) [32.9GB]  train[vol=0.0891 surf=0.0444]  val_avg_surf_p=36.7912
    val_single_in_dist         loss=0.9436  surf[p=41.0056 Ux=0.4272 Uy=0.2629]  vol[p=50.7271 Ux=1.9490 Uy=0.7353]
    val_geom_camber_rc         loss=0.6306  surf[p=48.3667 Ux=0.7279 Uy=0.3921]  vol[p=52.9436 Ux=2.5475 Uy=1.1558]
    val_geom_camber_cruise     loss=0.1330  surf[p=20.6331 Ux=0.3104 Uy=0.1794]  vol[p=24.1311 Ux=1.3468 Uy=0.4730]
    val_re_rand                loss=0.6001  surf[p=37.1592 Ux=0.5322 Uy=0.2883]  vol[p=38.8509 Ux=1.8315 Uy=0.7837]
Epoch 158 (100s) [32.9GB]  train[vol=0.0424 surf=0.0106]  val_avg_surf_p=36.5459
    val_single_in_dist         loss=0.9365  surf[p=40.6008 Ux=0.4262 Uy=0.2638]  vol[p=50.5342 Ux=1.9382 Uy=0.7334]
    val_geom_camber_rc         loss=0.6284  surf[p=48.2525 Ux=0.7324 Uy=0.3907]  vol[p=52.9202 Ux=2.5290 Uy=1.1545]
    val_geom_camber_cruise     loss=0.1321  surf[p=20.4334 Ux=0.3131 Uy=0.1776]  vol[p=23.9079 Ux=1.3491 Uy=0.4734]
    val_re_rand                loss=0.6016  surf[p=36.8969 Ux=0.5270 Uy=0.2874]  vol[p=38.6327 Ux=1.8254 Uy=0.7833]
Epoch 159 (100s) [32.9GB]  train[vol=0.0575 surf=0.0165]  val_avg_surf_p=36.4946
    val_single_in_dist         loss=0.9509  surf[p=40.0083 Ux=0.4371 Uy=0.2633]  vol[p=49.8609 Ux=1.9372 Uy=0.7314]
    val_geom_camber_rc         loss=0.6365  surf[p=48.4769 Ux=0.7295 Uy=0.3902]  vol[p=53.1473 Ux=2.5436 Uy=1.1599]
    val_geom_camber_cruise     loss=0.1322  surf[p=20.3928 Ux=0.3091 Uy=0.1775]  vol[p=23.9485 Ux=1.3422 Uy=0.4727]
    val_re_rand                loss=0.6136  surf[p=37.1005 Ux=0.5313 Uy=0.2881]  vol[p=38.7770 Ux=1.8353 Uy=0.7865]
Epoch 160 (98s) [32.9GB]  train[vol=0.0446 surf=0.0141]  val_avg_surf_p=36.5821
    val_single_in_dist         loss=0.9122  surf[p=39.6989 Ux=0.4149 Uy=0.2615]  vol[p=49.8987 Ux=1.9286 Uy=0.7298]
    val_geom_camber_rc         loss=0.6358  surf[p=48.6769 Ux=0.7276 Uy=0.3910]  vol[p=53.0721 Ux=2.5357 Uy=1.1545]
    val_geom_camber_cruise     loss=0.1312  surf[p=20.6017 Ux=0.3068 Uy=0.1780]  vol[p=23.9646 Ux=1.3388 Uy=0.4714]
    val_re_rand                loss=0.6141  surf[p=37.3508 Ux=0.5308 Uy=0.2889]  vol[p=38.8744 Ux=1.8297 Uy=0.7869]
Epoch 161 (100s) [32.9GB]  train[vol=0.0789 surf=0.0275]  val_avg_surf_p=36.2046 *
    val_single_in_dist         loss=0.8855  surf[p=39.1305 Ux=0.4258 Uy=0.2622]  vol[p=49.3553 Ux=1.9250 Uy=0.7275]
    val_geom_camber_rc         loss=0.6429  surf[p=48.3839 Ux=0.7250 Uy=0.3899]  vol[p=52.8653 Ux=2.5276 Uy=1.1528]
    val_geom_camber_cruise     loss=0.1314  surf[p=20.3308 Ux=0.3086 Uy=0.1777]  vol[p=23.7611 Ux=1.3437 Uy=0.4719]
    val_re_rand                loss=0.6014  surf[p=36.9731 Ux=0.5297 Uy=0.2861]  vol[p=38.6285 Ux=1.8334 Uy=0.7840]
Epoch 162 (99s) [32.9GB]  train[vol=0.0853 surf=0.0364]  val_avg_surf_p=36.5677
    val_single_in_dist         loss=0.8467  surf[p=39.8965 Ux=0.4312 Uy=0.2604]  vol[p=49.9347 Ux=1.9389 Uy=0.7278]
    val_geom_camber_rc         loss=0.6324  surf[p=48.7534 Ux=0.7249 Uy=0.3914]  vol[p=53.3585 Ux=2.5396 Uy=1.1586]
    val_geom_camber_cruise     loss=0.1317  surf[p=20.5359 Ux=0.3090 Uy=0.1779]  vol[p=23.9675 Ux=1.3406 Uy=0.4730]
    val_re_rand                loss=0.6028  surf[p=37.0849 Ux=0.5312 Uy=0.2882]  vol[p=38.7890 Ux=1.8303 Uy=0.7860]
Epoch 163 (102s) [32.9GB]  train[vol=0.0693 surf=0.0272]  val_avg_surf_p=36.3995
    val_single_in_dist         loss=0.8771  surf[p=39.5860 Ux=0.4236 Uy=0.2596]  vol[p=49.6967 Ux=1.9328 Uy=0.7250]
    val_geom_camber_rc         loss=0.6319  surf[p=48.5544 Ux=0.7267 Uy=0.3913]  vol[p=52.9886 Ux=2.5413 Uy=1.1549]
    val_geom_camber_cruise     loss=0.1312  surf[p=20.3711 Ux=0.3075 Uy=0.1769]  vol[p=23.9100 Ux=1.3398 Uy=0.4704]
    val_re_rand                loss=0.6062  surf[p=37.0865 Ux=0.5334 Uy=0.2877]  vol[p=38.7364 Ux=1.8289 Uy=0.7844]
Epoch 164 (101s) [32.9GB]  train[vol=0.0635 surf=0.0171]  val_avg_surf_p=36.3646
    val_single_in_dist         loss=0.8607  surf[p=39.2091 Ux=0.4254 Uy=0.2591]  vol[p=49.7292 Ux=1.9337 Uy=0.7251]
    val_geom_camber_rc         loss=0.6389  surf[p=48.5866 Ux=0.7291 Uy=0.3917]  vol[p=53.1299 Ux=2.5411 Uy=1.1579]
    val_geom_camber_cruise     loss=0.1306  surf[p=20.4349 Ux=0.3134 Uy=0.1761]  vol[p=23.8965 Ux=1.3431 Uy=0.4692]
    val_re_rand                loss=0.6068  surf[p=37.2279 Ux=0.5369 Uy=0.2877]  vol[p=38.7718 Ux=1.8296 Uy=0.7846]
Epoch 165 (99s) [32.9GB]  train[vol=0.1061 surf=0.0373]  val_avg_surf_p=36.4802
    val_single_in_dist         loss=0.9212  surf[p=39.9801 Ux=0.4307 Uy=0.2619]  vol[p=50.1267 Ux=1.9357 Uy=0.7294]
    val_geom_camber_rc         loss=0.6425  surf[p=48.4437 Ux=0.7247 Uy=0.3909]  vol[p=53.1062 Ux=2.5316 Uy=1.1544]
    val_geom_camber_cruise     loss=0.1309  surf[p=20.4005 Ux=0.3084 Uy=0.1784]  vol[p=23.8812 Ux=1.3387 Uy=0.4708]
    val_re_rand                loss=0.6018  surf[p=37.0963 Ux=0.5296 Uy=0.2873]  vol[p=38.8023 Ux=1.8230 Uy=0.7837]
Epoch 166 (100s) [32.9GB]  train[vol=0.0644 surf=0.0262]  val_avg_surf_p=36.3538
    val_single_in_dist         loss=0.9058  surf[p=39.6431 Ux=0.4227 Uy=0.2594]  vol[p=49.7561 Ux=1.9259 Uy=0.7252]
    val_geom_camber_rc         loss=0.6255  surf[p=48.3927 Ux=0.7265 Uy=0.3901]  vol[p=52.9361 Ux=2.5349 Uy=1.1545]
    val_geom_camber_cruise     loss=0.1297  surf[p=20.2515 Ux=0.3068 Uy=0.1768]  vol[p=23.7006 Ux=1.3347 Uy=0.4705]
    val_re_rand                loss=0.6060  surf[p=37.1281 Ux=0.5305 Uy=0.2878]  vol[p=38.7809 Ux=1.8248 Uy=0.7839]
Epoch 167 (101s) [32.9GB]  train[vol=0.0523 surf=0.0163]  val_avg_surf_p=36.2460
    val_single_in_dist         loss=0.8998  surf[p=39.4037 Ux=0.4166 Uy=0.2592]  vol[p=49.5363 Ux=1.9228 Uy=0.7243]
    val_geom_camber_rc         loss=0.6283  surf[p=48.0871 Ux=0.7254 Uy=0.3888]  vol[p=52.7661 Ux=2.5301 Uy=1.1528]
    val_geom_camber_cruise     loss=0.1314  surf[p=20.3918 Ux=0.3086 Uy=0.1764]  vol[p=23.8248 Ux=1.3373 Uy=0.4708]
    val_re_rand                loss=0.6095  surf[p=37.1014 Ux=0.5303 Uy=0.2864]  vol[p=38.7477 Ux=1.8251 Uy=0.7827]
Epoch 168 (99s) [32.9GB]  train[vol=0.0724 surf=0.0305]  val_avg_surf_p=36.2382
    val_single_in_dist         loss=0.9145  surf[p=39.6772 Ux=0.4197 Uy=0.2596]  vol[p=49.6679 Ux=1.9209 Uy=0.7250]
    val_geom_camber_rc         loss=0.6350  surf[p=48.1617 Ux=0.7233 Uy=0.3904]  vol[p=52.7726 Ux=2.5289 Uy=1.1531]
    val_geom_camber_cruise     loss=0.1311  surf[p=20.2460 Ux=0.3076 Uy=0.1762]  vol[p=23.8082 Ux=1.3365 Uy=0.4686]
    val_re_rand                loss=0.6036  surf[p=36.8679 Ux=0.5259 Uy=0.2864]  vol[p=38.6147 Ux=1.8193 Uy=0.7810]
Epoch 169 (101s) [32.9GB]  train[vol=0.0638 surf=0.0228]  val_avg_surf_p=36.3753
    val_single_in_dist         loss=0.9237  surf[p=39.8240 Ux=0.4225 Uy=0.2602]  vol[p=49.9919 Ux=1.9257 Uy=0.7254]
    val_geom_camber_rc         loss=0.6361  surf[p=48.3745 Ux=0.7235 Uy=0.3908]  vol[p=52.7851 Ux=2.5343 Uy=1.1530]
    val_geom_camber_cruise     loss=0.1306  surf[p=20.3567 Ux=0.3094 Uy=0.1769]  vol[p=23.8880 Ux=1.3362 Uy=0.4694]
    val_re_rand                loss=0.6038  surf[p=36.9458 Ux=0.5273 Uy=0.2865]  vol[p=38.5750 Ux=1.8206 Uy=0.7818]
Epoch 170 (100s) [32.9GB]  train[vol=0.0656 surf=0.0253]  val_avg_surf_p=36.3583
    val_single_in_dist         loss=0.8933  surf[p=39.9434 Ux=0.4235 Uy=0.2594]  vol[p=50.0684 Ux=1.9263 Uy=0.7252]
    val_geom_camber_rc         loss=0.6296  surf[p=48.1326 Ux=0.7222 Uy=0.3887]  vol[p=52.6690 Ux=2.5297 Uy=1.1505]
    val_geom_camber_cruise     loss=0.1307  surf[p=20.3177 Ux=0.3090 Uy=0.1765]  vol[p=23.8546 Ux=1.3354 Uy=0.4701]
    val_re_rand                loss=0.6101  surf[p=37.0395 Ux=0.5293 Uy=0.2871]  vol[p=38.7345 Ux=1.8194 Uy=0.7823]
Epoch 171 (101s) [32.9GB]  train[vol=0.0716 surf=0.0195]  val_avg_surf_p=36.2314
    val_single_in_dist         loss=0.8740  surf[p=39.3601 Ux=0.4185 Uy=0.2588]  vol[p=49.5481 Ux=1.9240 Uy=0.7242]
    val_geom_camber_rc         loss=0.6249  surf[p=48.2356 Ux=0.7206 Uy=0.3888]  vol[p=52.7978 Ux=2.5290 Uy=1.1517]
    val_geom_camber_cruise     loss=0.1309  surf[p=20.2710 Ux=0.3086 Uy=0.1768]  vol[p=23.7916 Ux=1.3388 Uy=0.4707]
    val_re_rand                loss=0.6093  surf[p=37.0588 Ux=0.5283 Uy=0.2871]  vol[p=38.7781 Ux=1.8222 Uy=0.7832]
Epoch 172 (102s) [32.9GB]  train[vol=0.0607 surf=0.0198]  val_avg_surf_p=36.1092 *
    val_single_in_dist         loss=0.8745  surf[p=39.2062 Ux=0.4195 Uy=0.2587]  vol[p=49.4847 Ux=1.9214 Uy=0.7238]
    val_geom_camber_rc         loss=0.6244  surf[p=47.9839 Ux=0.7228 Uy=0.3882]  vol[p=52.5408 Ux=2.5283 Uy=1.1501]
    val_geom_camber_cruise     loss=0.1296  surf[p=20.1699 Ux=0.3061 Uy=0.1750]  vol[p=23.7666 Ux=1.3371 Uy=0.4696]
    val_re_rand                loss=0.6109  surf[p=37.0768 Ux=0.5293 Uy=0.2872]  vol[p=38.7175 Ux=1.8236 Uy=0.7825]
Epoch 173 (100s) [32.9GB]  train[vol=0.0586 surf=0.0153]  val_avg_surf_p=36.1936
    val_single_in_dist         loss=0.8813  surf[p=39.2287 Ux=0.4184 Uy=0.2589]  vol[p=49.4176 Ux=1.9210 Uy=0.7239]
    val_geom_camber_rc         loss=0.6236  surf[p=48.2213 Ux=0.7221 Uy=0.3892]  vol[p=52.7058 Ux=2.5308 Uy=1.1511]
    val_geom_camber_cruise     loss=0.1301  surf[p=20.2221 Ux=0.3075 Uy=0.1761]  vol[p=23.7492 Ux=1.3352 Uy=0.4697]
    val_re_rand                loss=0.6105  surf[p=37.1024 Ux=0.5295 Uy=0.2872]  vol[p=38.7644 Ux=1.8214 Uy=0.7821]
Epoch 174 (101s) [32.9GB]  train[vol=0.0592 surf=0.0156]  val_avg_surf_p=36.0917 *
    val_single_in_dist         loss=0.8683  surf[p=39.0591 Ux=0.4176 Uy=0.2584]  vol[p=49.2798 Ux=1.9202 Uy=0.7240]
    val_geom_camber_rc         loss=0.6237  surf[p=48.0598 Ux=0.7221 Uy=0.3893]  vol[p=52.5547 Ux=2.5275 Uy=1.1504]
    val_geom_camber_cruise     loss=0.1306  surf[p=20.2248 Ux=0.3083 Uy=0.1757]  vol[p=23.7893 Ux=1.3367 Uy=0.4697]
    val_re_rand                loss=0.6091  surf[p=37.0232 Ux=0.5293 Uy=0.2869]  vol[p=38.7069 Ux=1.8194 Uy=0.7819]
Epoch 175 (101s) [32.9GB]  train[vol=0.0696 surf=0.0253]  val_avg_surf_p=36.0761 *
    val_single_in_dist         loss=0.8689  surf[p=39.0571 Ux=0.4209 Uy=0.2583]  vol[p=49.4271 Ux=1.9216 Uy=0.7242]
    val_geom_camber_rc         loss=0.6255  surf[p=48.0936 Ux=0.7213 Uy=0.3886]  vol[p=52.5780 Ux=2.5263 Uy=1.1501]
    val_geom_camber_cruise     loss=0.1297  surf[p=20.1698 Ux=0.3087 Uy=0.1756]  vol[p=23.7366 Ux=1.3355 Uy=0.4690]
    val_re_rand                loss=0.6068  surf[p=36.9839 Ux=0.5294 Uy=0.2865]  vol[p=38.6708 Ux=1.8193 Uy=0.7812]
Epoch 176 (99s) [32.9GB]  train[vol=0.0709 surf=0.0353]  val_avg_surf_p=36.1242
    val_single_in_dist         loss=0.8809  surf[p=39.2216 Ux=0.4203 Uy=0.2585]  vol[p=49.4298 Ux=1.9238 Uy=0.7240]
    val_geom_camber_rc         loss=0.6261  surf[p=48.1248 Ux=0.7221 Uy=0.3891]  vol[p=52.5877 Ux=2.5289 Uy=1.1505]
    val_geom_camber_cruise     loss=0.1304  surf[p=20.2191 Ux=0.3091 Uy=0.1758]  vol[p=23.7749 Ux=1.3377 Uy=0.4693]
    val_re_rand                loss=0.6069  surf[p=36.9314 Ux=0.5291 Uy=0.2864]  vol[p=38.6297 Ux=1.8200 Uy=0.7808]
Epoch 177 (99s) [32.9GB]  train[vol=0.0508 surf=0.0164]  val_avg_surf_p=36.1298
    val_single_in_dist         loss=0.8858  surf[p=39.2309 Ux=0.4185 Uy=0.2583]  vol[p=49.4142 Ux=1.9223 Uy=0.7239]
    val_geom_camber_rc         loss=0.6280  surf[p=48.1184 Ux=0.7210 Uy=0.3891]  vol[p=52.6362 Ux=2.5281 Uy=1.1505]
    val_geom_camber_cruise     loss=0.1304  surf[p=20.2237 Ux=0.3093 Uy=0.1760]  vol[p=23.7851 Ux=1.3367 Uy=0.4694]
    val_re_rand                loss=0.6069  surf[p=36.9464 Ux=0.5293 Uy=0.2865]  vol[p=38.6446 Ux=1.8193 Uy=0.7809]
Epoch 178 (100s) [32.9GB]  train[vol=0.0793 surf=0.0261]  val_avg_surf_p=36.1148
    val_single_in_dist         loss=0.8846  surf[p=39.1859 Ux=0.4185 Uy=0.2582]  vol[p=49.4211 Ux=1.9217 Uy=0.7236]
    val_geom_camber_rc         loss=0.6269  surf[p=48.1171 Ux=0.7211 Uy=0.3887]  vol[p=52.6183 Ux=2.5282 Uy=1.1505]
    val_geom_camber_cruise     loss=0.1302  surf[p=20.1998 Ux=0.3083 Uy=0.1759]  vol[p=23.7631 Ux=1.3353 Uy=0.4694]
    val_re_rand                loss=0.6068  surf[p=36.9566 Ux=0.5289 Uy=0.2865]  vol[p=38.6476 Ux=1.8195 Uy=0.7811]
Epoch 179 (100s) [32.9GB]  train[vol=0.0716 surf=0.0257]  val_avg_surf_p=36.1174
    val_single_in_dist         loss=0.8875  surf[p=39.2372 Ux=0.4190 Uy=0.2584]  vol[p=49.4605 Ux=1.9221 Uy=0.7239]
    val_geom_camber_rc         loss=0.6270  surf[p=48.0958 Ux=0.7211 Uy=0.3888]  vol[p=52.5967 Ux=2.5283 Uy=1.1503]
    val_geom_camber_cruise     loss=0.1301  surf[p=20.1982 Ux=0.3087 Uy=0.1760]  vol[p=23.7624 Ux=1.3355 Uy=0.4694]
    val_re_rand                loss=0.6062  surf[p=36.9384 Ux=0.5285 Uy=0.2865]  vol[p=38.6305 Ux=1.8191 Uy=0.7808]
Epoch 180 (101s) [32.9GB]  train[vol=0.0764 surf=0.0360]  val_avg_surf_p=36.1186
    val_single_in_dist         loss=0.8871  surf[p=39.2293 Ux=0.4189 Uy=0.2584]  vol[p=49.4622 Ux=1.9221 Uy=0.7239]
    val_geom_camber_rc         loss=0.6270  surf[p=48.1063 Ux=0.7210 Uy=0.3888]  vol[p=52.6014 Ux=2.5284 Uy=1.1503]
    val_geom_camber_cruise     loss=0.1301  surf[p=20.1973 Ux=0.3087 Uy=0.1760]  vol[p=23.7627 Ux=1.3356 Uy=0.4694]
    val_re_rand                loss=0.6063  surf[p=36.9413 Ux=0.5286 Uy=0.2865]  vol[p=38.6319 Ux=1.8192 Uy=0.7809]
Training done in 300.1 min
Best val: epoch 175, val_avg/mae_surf_p = 36.0761
wandb: Run summary:
wandb: best_val_avg/mae_surf_p 36.07611
wandb: 🚀 View run mlintern-pai2-r3-retry-r1/p3-amp-bs4-warm-clip-180ep at: https://wandb.ai/wandb-applied-ai-team/senpai-v1-ml-intern/runs/oat51afr
