Device: cuda
Train: 1499, val_single_in_dist: 100, val_geom_camber_rc: 100, val_geom_camber_cruise: 100, val_re_rand: 100
Model: Transolver (1.76M params)
wandb: 🚀 View run at https://wandb.ai/wandb-applied-ai-team/senpai-v1-ml-intern/runs/kpl6iy2n
Epoch   1 (266s) [80.2GB]  train[vol=3.1105 surf=2.6648]  val_avg_surf_p=389.7578 *
    val_single_in_dist         loss=52.8962  surf[p=524.8903 Ux=23.2774 Uy=2.4774]  vol[p=489.9454 Ux=21.5345 Uy=6.1901]
    val_geom_camber_rc         loss=30.7311  surf[p=452.6563 Ux=18.5205 Uy=2.9055]  vol[p=419.1487 Ux=14.9429 Uy=6.4225]
    val_geom_camber_cruise     loss=18.2263  surf[p=263.1845 Ux=21.0737 Uy=1.4064]  vol[p=240.3702 Ux=18.0488 Uy=3.5391]
    val_re_rand                loss=20.9442  surf[p=318.3002 Ux=19.0995 Uy=1.9366]  vol[p=293.0477 Ux=15.7561 Uy=4.5565]
Epoch   2 (267s) [80.2GB]  train[vol=1.4458 surf=0.8405]  val_avg_surf_p=212.2559 *
    val_single_in_dist         loss=14.4159  surf[p=257.4521 Ux=3.8812 Uy=1.5448]  vol[p=245.7721 Ux=8.4109 Uy=3.8805]
    val_geom_camber_rc         loss=8.4040  surf[p=237.3763 Ux=5.1210 Uy=1.7636]  vol[p=229.9519 Ux=8.5198 Uy=4.0834]
    val_geom_camber_cruise     loss=3.9768  surf[p=178.0176 Ux=3.5544 Uy=1.3287]  vol[p=154.3865 Ux=6.6009 Uy=3.0183]
    val_re_rand                loss=5.1096  surf[p=176.1777 Ux=4.1585 Uy=1.4598]  vol[p=157.9854 Ux=7.2371 Uy=3.2942]
Epoch   3 (268s) [80.2GB]  train[vol=0.9597 surf=0.6261]  val_avg_surf_p=195.8342 *
    val_single_in_dist         loss=11.8211  surf[p=236.9863 Ux=3.0449 Uy=1.2408]  vol[p=238.4215 Ux=8.8100 Uy=3.4002]
    val_geom_camber_rc         loss=7.9257  surf[p=230.8760 Ux=4.3462 Uy=1.5750]  vol[p=195.8609 Ux=8.1211 Uy=3.8247]
    val_geom_camber_cruise     loss=3.1204  surf[p=149.2739 Ux=2.9479 Uy=0.8156]  vol[p=150.1743 Ux=6.4089 Uy=2.3098]
    val_re_rand                loss=4.4644  surf[p=166.2007 Ux=3.4564 Uy=1.0721]  vol[p=156.3239 Ux=7.0186 Uy=2.8133]
Epoch   4 (267s) [80.2GB]  train[vol=0.7820 surf=0.5066]  val_avg_surf_p=195.6519 *
    val_single_in_dist         loss=11.0470  surf[p=246.2702 Ux=3.1448 Uy=1.4873]  vol[p=227.3201 Ux=7.7970 Uy=3.1423]
    val_geom_camber_rc         loss=6.6347  surf[p=218.0970 Ux=4.2532 Uy=1.6746]  vol[p=203.5687 Ux=7.1586 Uy=3.6093]
    val_geom_camber_cruise     loss=2.8130  surf[p=151.8379 Ux=2.6671 Uy=1.2121]  vol[p=139.3037 Ux=6.3478 Uy=2.0762]
    val_re_rand                loss=4.2296  surf[p=166.4024 Ux=3.6331 Uy=1.4035]  vol[p=156.0290 Ux=7.1109 Uy=2.6967]
Epoch   5 (268s) [80.2GB]  train[vol=0.6766 surf=0.4620]  val_avg_surf_p=197.5809
    val_single_in_dist         loss=14.5621  surf[p=278.3891 Ux=3.5703 Uy=1.2388]  vol[p=228.7508 Ux=7.5978 Uy=2.9883]
    val_geom_camber_rc         loss=6.6651  surf[p=207.9687 Ux=4.4174 Uy=1.3040]  vol[p=175.2833 Ux=7.5616 Uy=3.3514]
    val_geom_camber_cruise     loss=2.9668  surf[p=148.8186 Ux=3.5649 Uy=0.7040]  vol[p=120.3481 Ux=6.2533 Uy=1.6917]
    val_re_rand                loss=4.0474  surf[p=155.1470 Ux=4.0218 Uy=0.9323]  vol[p=130.7090 Ux=6.8539 Uy=2.3427]
Epoch   6 (271s) [80.2GB]  train[vol=0.6226 surf=0.4273]  val_avg_surf_p=181.3855 *
    val_single_in_dist         loss=10.6952  surf[p=235.7274 Ux=3.1355 Uy=1.1975]  vol[p=200.6571 Ux=8.2516 Uy=2.7721]
    val_geom_camber_rc         loss=6.9889  surf[p=225.3766 Ux=4.6811 Uy=1.4197]  vol[p=188.7218 Ux=8.2481 Uy=3.3287]
    val_geom_camber_cruise     loss=1.7351  surf[p=121.8288 Ux=1.4542 Uy=0.6387]  vol[p=124.5300 Ux=4.2151 Uy=1.6380]
    val_re_rand                loss=3.2476  surf[p=142.6091 Ux=2.4476 Uy=0.9333]  vol[p=134.9238 Ux=5.3909 Uy=2.2223]
Epoch   7 (260s) [80.2GB]  train[vol=0.6213 surf=0.4206]  val_avg_surf_p=178.7107 *
    val_single_in_dist         loss=7.5227  surf[p=224.7214 Ux=2.4744 Uy=1.1844]  vol[p=189.3672 Ux=6.2432 Uy=2.4151]
    val_geom_camber_rc         loss=5.2467  surf[p=201.1279 Ux=3.3526 Uy=1.3467]  vol[p=158.1161 Ux=6.5190 Uy=3.1068]
    val_geom_camber_cruise     loss=1.9721  surf[p=128.5406 Ux=1.8388 Uy=0.9385]  vol[p=106.0726 Ux=4.1839 Uy=1.6452]
    val_re_rand                loss=3.6204  surf[p=160.4531 Ux=2.5846 Uy=1.1376]  vol[p=123.5270 Ux=5.1636 Uy=2.1657]
Epoch   8 (265s) [80.2GB]  train[vol=0.5075 surf=0.3250]  val_avg_surf_p=147.9321 *
    val_single_in_dist         loss=6.2139  surf[p=174.1907 Ux=2.3095 Uy=0.9294]  vol[p=171.7082 Ux=6.1547 Uy=2.2857]
    val_geom_camber_rc         loss=3.8885  surf[p=145.3621 Ux=2.8931 Uy=1.1775]  vol[p=145.0938 Ux=6.2608 Uy=2.9687]
    val_geom_camber_cruise     loss=1.9294  surf[p=125.9605 Ux=1.4264 Uy=0.7114]  vol[p=106.6298 Ux=4.2507 Uy=1.5367]
    val_re_rand                loss=3.3651  surf[p=146.2153 Ux=2.4654 Uy=0.9517]  vol[p=131.7411 Ux=5.4025 Uy=2.1328]
Epoch   9 (269s) [80.2GB]  train[vol=0.5169 surf=0.3352]  val_avg_surf_p=149.2074
    val_single_in_dist         loss=7.7109  surf[p=186.2155 Ux=2.7089 Uy=1.0189]  vol[p=178.1934 Ux=6.3591 Uy=2.5062]
    val_geom_camber_rc         loss=4.7430  surf[p=168.8107 Ux=3.2331 Uy=1.2210]  vol[p=154.5889 Ux=6.1905 Uy=3.0816]
    val_geom_camber_cruise     loss=2.0001  surf[p=116.2294 Ux=2.6100 Uy=0.7506]  vol[p=94.9358 Ux=5.0983 Uy=1.6073]
    val_re_rand                loss=2.7623  surf[p=125.5738 Ux=2.5783 Uy=0.9167]  vol[p=111.7965 Ux=5.1232 Uy=2.1782]
Epoch  10 (269s) [80.2GB]  train[vol=0.4664 surf=0.3114]  val_avg_surf_p=133.9335 *
    val_single_in_dist         loss=4.8473  surf[p=167.4271 Ux=1.9397 Uy=1.0440]  vol[p=156.1222 Ux=5.5162 Uy=2.4434]
    val_geom_camber_rc         loss=3.6294  surf[p=141.0115 Ux=2.7594 Uy=1.1643]  vol[p=147.1439 Ux=5.9467 Uy=2.8771]
    val_geom_camber_cruise     loss=1.3249  surf[p=102.4716 Ux=1.7743 Uy=0.6416]  vol[p=95.3406 Ux=4.1940 Uy=1.3766]
    val_re_rand                loss=2.7052  surf[p=124.8240 Ux=2.4206 Uy=0.9021]  vol[p=122.5861 Ux=5.0471 Uy=2.0447]
Epoch  11 (270s) [80.2GB]  train[vol=0.4300 surf=0.2710]  val_avg_surf_p=121.9606 *
    val_single_in_dist         loss=6.2504  surf[p=157.5642 Ux=1.6452 Uy=0.9318]  vol[p=157.0304 Ux=5.2408 Uy=2.1018]
    val_geom_camber_rc         loss=3.6273  surf[p=134.2904 Ux=3.0881 Uy=1.1805]  vol[p=132.3192 Ux=6.1123 Uy=2.7725]
    val_geom_camber_cruise     loss=1.1916  surf[p=89.2055 Ux=1.2409 Uy=0.7229]  vol[p=81.0841 Ux=3.5076 Uy=1.3440]
    val_re_rand                loss=2.2423  surf[p=106.7824 Ux=1.9695 Uy=0.9258]  vol[p=100.7027 Ux=4.4186 Uy=1.9453]
Epoch  12 (267s) [80.2GB]  train[vol=0.5814 surf=0.3618]  val_avg_surf_p=128.3507
    val_single_in_dist         loss=4.4365  surf[p=151.6026 Ux=1.7907 Uy=0.9579]  vol[p=141.0252 Ux=5.0797 Uy=2.2225]
    val_geom_camber_rc         loss=3.3020  surf[p=131.6528 Ux=2.6417 Uy=0.9958]  vol[p=135.0354 Ux=5.5780 Uy=2.6768]
    val_geom_camber_cruise     loss=1.4182  surf[p=107.0514 Ux=1.1084 Uy=0.6640]  vol[p=93.8834 Ux=3.7093 Uy=1.5539]
    val_re_rand                loss=2.6890  surf[p=123.0961 Ux=2.0747 Uy=0.8248]  vol[p=120.0794 Ux=4.7044 Uy=2.0315]
Epoch  13 (270s) [80.2GB]  train[vol=0.4330 surf=0.2692]  val_avg_surf_p=116.8905 *
    val_single_in_dist         loss=4.3249  surf[p=138.6987 Ux=2.3312 Uy=0.8525]  vol[p=145.5613 Ux=5.1424 Uy=2.0635]
    val_geom_camber_rc         loss=3.3225  surf[p=128.9375 Ux=2.5895 Uy=0.9650]  vol[p=127.6916 Ux=5.3801 Uy=2.6697]
    val_geom_camber_cruise     loss=1.1524  surf[p=89.5435 Ux=1.9557 Uy=0.6123]  vol[p=80.1831 Ux=3.6864 Uy=1.3415]
    val_re_rand                loss=2.2470  surf[p=110.3824 Ux=2.4122 Uy=0.7703]  vol[p=102.9237 Ux=4.5296 Uy=1.8926]
Epoch  14 (267s) [80.2GB]  train[vol=0.4113 surf=0.2586]  val_avg_surf_p=125.5206
    val_single_in_dist         loss=4.5157  surf[p=162.0739 Ux=1.8414 Uy=0.8860]  vol[p=151.0652 Ux=5.1864 Uy=2.0360]
    val_geom_camber_rc         loss=3.2086  surf[p=127.3581 Ux=2.4316 Uy=0.9594]  vol[p=128.6408 Ux=5.7232 Uy=2.6319]
    val_geom_camber_cruise     loss=1.4242  surf[p=103.9649 Ux=1.2010 Uy=0.5805]  vol[p=90.9796 Ux=3.6036 Uy=1.3286]
    val_re_rand                loss=2.0891  surf[p=108.6854 Ux=1.7632 Uy=0.7362]  vol[p=98.6263 Ux=4.2831 Uy=1.8435]
Epoch  15 (271s) [80.2GB]  train[vol=0.4416 surf=0.2777]  val_avg_surf_p=116.1103 *
    val_single_in_dist         loss=4.8314  surf[p=145.9271 Ux=1.5825 Uy=0.7576]  vol[p=137.1255 Ux=4.6204 Uy=2.0365]
    val_geom_camber_rc         loss=2.9687  surf[p=130.0554 Ux=2.2918 Uy=1.0183]  vol[p=127.2556 Ux=5.0844 Uy=2.6398]
    val_geom_camber_cruise     loss=0.9698  surf[p=81.0158 Ux=1.2966 Uy=0.5370]  vol[p=72.2305 Ux=3.5993 Uy=1.3017]
    val_re_rand                loss=2.2461  surf[p=107.4428 Ux=1.8119 Uy=0.7372]  vol[p=98.6866 Ux=4.2501 Uy=1.8407]
Epoch  16 (269s) [80.2GB]  train[vol=0.3783 surf=0.2202]  val_avg_surf_p=117.4365
    val_single_in_dist         loss=3.9632  surf[p=150.9566 Ux=1.8847 Uy=0.8033]  vol[p=151.3881 Ux=5.1143 Uy=2.0703]
    val_geom_camber_rc         loss=3.0839  surf[p=118.3394 Ux=2.3995 Uy=0.8768]  vol[p=119.0715 Ux=5.2091 Uy=2.5536]
    val_geom_camber_cruise     loss=1.3291  surf[p=100.1094 Ux=1.5001 Uy=0.5633]  vol[p=87.3034 Ux=3.4968 Uy=1.2863]
    val_re_rand                loss=1.8616  surf[p=100.3408 Ux=1.9253 Uy=0.7071]  vol[p=97.0672 Ux=4.0964 Uy=1.8246]
Epoch  17 (266s) [80.2GB]  train[vol=0.3399 surf=0.2016]  val_avg_surf_p=110.2993 *
    val_single_in_dist         loss=4.1947  surf[p=142.1501 Ux=2.0465 Uy=0.7361]  vol[p=145.1925 Ux=5.1792 Uy=1.8953]
    val_geom_camber_rc         loss=2.5003  surf[p=122.0192 Ux=2.2452 Uy=0.9093]  vol[p=122.2613 Ux=5.0708 Uy=2.4242]
    val_geom_camber_cruise     loss=0.9642  surf[p=78.4178 Ux=1.4020 Uy=0.6175]  vol[p=74.2648 Ux=3.6916 Uy=1.3250]
    val_re_rand                loss=1.8146  surf[p=98.6100 Ux=1.9321 Uy=0.7325]  vol[p=95.7291 Ux=4.3050 Uy=1.7760]
Epoch  18 (268s) [80.2GB]  train[vol=0.2642 surf=0.1543]  val_avg_surf_p=93.8874 *
    val_single_in_dist         loss=3.3652  surf[p=117.0141 Ux=1.5286 Uy=0.6827]  vol[p=122.1230 Ux=4.3497 Uy=1.8288]
    val_geom_camber_rc         loss=2.5489  surf[p=105.1954 Ux=2.1713 Uy=0.8718]  vol[p=106.4033 Ux=4.6513 Uy=2.3610]
    val_geom_camber_cruise     loss=0.8054  surf[p=69.1003 Ux=1.0606 Uy=0.5349]  vol[p=65.9115 Ux=2.9910 Uy=1.1974]
    val_re_rand                loss=1.6378  surf[p=84.2397 Ux=1.6926 Uy=0.6912]  vol[p=83.6986 Ux=3.6663 Uy=1.7045]
Epoch  19 (272s) [80.2GB]  train[vol=0.2665 surf=0.1474]  val_avg_surf_p=110.2125
    val_single_in_dist         loss=4.5050  surf[p=135.7985 Ux=1.5476 Uy=0.7093]  vol[p=135.5471 Ux=4.6538 Uy=1.9765]
    val_geom_camber_rc         loss=2.8986  surf[p=127.1877 Ux=2.1670 Uy=0.9285]  vol[p=124.7843 Ux=5.0774 Uy=2.5820]
    val_geom_camber_cruise     loss=0.8606  surf[p=74.2732 Ux=1.1100 Uy=0.5641]  vol[p=72.9748 Ux=3.1177 Uy=1.2167]
    val_re_rand                loss=2.3780  surf[p=103.5906 Ux=1.6027 Uy=0.7282]  vol[p=96.2623 Ux=3.9092 Uy=1.7902]
Epoch  20 (271s) [80.2GB]  train[vol=0.2497 surf=0.1543]  val_avg_surf_p=101.2004
    val_single_in_dist         loss=3.9447  surf[p=140.3326 Ux=1.4720 Uy=0.7404]  vol[p=130.1254 Ux=4.4564 Uy=1.8899]
    val_geom_camber_rc         loss=2.2999  surf[p=108.2995 Ux=1.9561 Uy=0.9386]  vol[p=109.2193 Ux=4.7782 Uy=2.4122]
    val_geom_camber_cruise     loss=0.9160  surf[p=67.7672 Ux=0.9677 Uy=0.5115]  vol[p=62.0741 Ux=2.9206 Uy=1.1470]
    val_re_rand                loss=1.8463  surf[p=88.4022 Ux=1.5859 Uy=0.6648]  vol[p=84.5552 Ux=3.6682 Uy=1.6417]
Epoch  21 (269s) [80.2GB]  train[vol=0.2997 surf=0.1817]  val_avg_surf_p=95.2240
    val_single_in_dist         loss=3.4033  surf[p=118.7305 Ux=1.4033 Uy=0.6449]  vol[p=112.7936 Ux=4.4679 Uy=1.7908]
    val_geom_camber_rc         loss=2.9537  surf[p=116.7867 Ux=1.9260 Uy=0.8511]  vol[p=114.9772 Ux=4.8494 Uy=2.3514]
    val_geom_camber_cruise     loss=0.6884  surf[p=62.4274 Ux=0.9190 Uy=0.4407]  vol[p=63.2929 Ux=2.9618 Uy=1.0952]
    val_re_rand                loss=1.6378  surf[p=82.9515 Ux=1.4290 Uy=0.6264]  vol[p=82.7910 Ux=3.7187 Uy=1.5914]
Epoch  22 (268s) [80.2GB]  train[vol=0.2354 surf=0.1340]  val_avg_surf_p=98.8891
    val_single_in_dist         loss=3.0906  surf[p=120.4948 Ux=1.5380 Uy=0.7165]  vol[p=120.3969 Ux=4.4494 Uy=1.8025]
    val_geom_camber_rc         loss=2.5331  surf[p=117.3969 Ux=2.3639 Uy=0.7981]  vol[p=114.1181 Ux=4.9708 Uy=2.2396]
    val_geom_camber_cruise     loss=0.7974  surf[p=68.9203 Ux=1.4618 Uy=0.4468]  vol[p=66.8601 Ux=3.2940 Uy=1.0675]
    val_re_rand                loss=1.6889  surf[p=88.7443 Ux=1.7412 Uy=0.6110]  vol[p=82.6285 Ux=3.7942 Uy=1.5930]
Epoch  23 (267s) [80.2GB]  train[vol=0.2976 surf=0.1651]  val_avg_surf_p=89.0807 *
    val_single_in_dist         loss=2.5701  surf[p=100.4665 Ux=1.2546 Uy=0.5944]  vol[p=104.4630 Ux=3.9842 Uy=1.5568]
    val_geom_camber_rc         loss=1.9091  surf[p=101.6257 Ux=2.1167 Uy=0.7778]  vol[p=103.8338 Ux=4.6114 Uy=2.1119]
    val_geom_camber_cruise     loss=0.7153  surf[p=67.2773 Ux=0.9385 Uy=0.4604]  vol[p=58.6878 Ux=2.6997 Uy=0.9811]
    val_re_rand                loss=1.6604  surf[p=86.9532 Ux=1.5725 Uy=0.6092]  vol[p=81.1574 Ux=3.5470 Uy=1.4881]
Epoch  24 (269s) [80.2GB]  train[vol=0.3007 surf=0.1643]  val_avg_surf_p=96.3003
    val_single_in_dist         loss=4.4787  surf[p=133.2844 Ux=1.2031 Uy=0.6174]  vol[p=127.7256 Ux=3.8145 Uy=1.6388]
    val_geom_camber_rc         loss=2.2916  surf[p=100.9337 Ux=1.7053 Uy=0.7781]  vol[p=98.4321 Ux=4.2643 Uy=2.1175]
    val_geom_camber_cruise     loss=0.7478  surf[p=67.4064 Ux=0.7494 Uy=0.4653]  vol[p=56.1003 Ux=2.5578 Uy=1.0046]
    val_re_rand                loss=1.5516  surf[p=83.5768 Ux=1.2589 Uy=0.6163]  vol[p=75.9650 Ux=3.2483 Uy=1.4888]
Epoch  25 (270s) [80.2GB]  train[vol=0.2356 surf=0.1448]  val_avg_surf_p=86.9347 *
    val_single_in_dist         loss=3.4065  surf[p=113.9246 Ux=1.3215 Uy=0.6353]  vol[p=109.4331 Ux=3.7149 Uy=1.6639]
    val_geom_camber_rc         loss=1.9613  surf[p=90.2123 Ux=1.9110 Uy=0.7463]  vol[p=95.8465 Ux=4.1783 Uy=2.0182]
    val_geom_camber_cruise     loss=0.7283  surf[p=64.8623 Ux=1.5661 Uy=0.4216]  vol[p=58.0598 Ux=3.2665 Uy=0.9786]
    val_re_rand                loss=1.4317  surf[p=78.7398 Ux=1.6800 Uy=0.5854]  vol[p=74.0487 Ux=3.5114 Uy=1.4377]
Epoch  26 (267s) [80.2GB]  train[vol=0.3131 surf=0.1816]  val_avg_surf_p=94.8897
    val_single_in_dist         loss=3.6540  surf[p=130.5307 Ux=1.5190 Uy=0.6374]  vol[p=134.9360 Ux=3.8881 Uy=1.6816]
    val_geom_camber_rc         loss=2.5366  surf[p=104.5650 Ux=1.9355 Uy=0.7483]  vol[p=107.8834 Ux=4.5051 Uy=2.1629]
    val_geom_camber_cruise     loss=0.6324  surf[p=61.5873 Ux=1.2356 Uy=0.4195]  vol[p=58.1534 Ux=3.0196 Uy=1.0465]
    val_re_rand                loss=1.6659  surf[p=82.8756 Ux=1.5619 Uy=0.5750]  vol[p=79.0288 Ux=3.6377 Uy=1.5005]
Epoch  27 (269s) [80.2GB]  train[vol=0.3048 surf=0.1688]  val_avg_surf_p=80.8679 *
    val_single_in_dist         loss=2.7861  surf[p=98.8716 Ux=1.4280 Uy=0.5677]  vol[p=101.7210 Ux=4.0965 Uy=1.4983]
    val_geom_camber_rc         loss=1.6691  surf[p=91.4463 Ux=1.7749 Uy=0.6908]  vol[p=92.6781 Ux=4.3780 Uy=2.0243]
    val_geom_camber_cruise     loss=0.5563  surf[p=57.7535 Ux=0.9083 Uy=0.4250]  vol[p=54.6928 Ux=2.6873 Uy=0.9446]
    val_re_rand                loss=1.4212  surf[p=75.4003 Ux=1.3703 Uy=0.5601]  vol[p=72.9077 Ux=3.3948 Uy=1.4497]
Epoch  28 (270s) [80.2GB]  train[vol=0.2895 surf=0.1478]  val_avg_surf_p=85.6286
    val_single_in_dist         loss=2.9267  surf[p=113.2473 Ux=1.3794 Uy=0.5858]  vol[p=105.2347 Ux=3.7754 Uy=1.4600]
    val_geom_camber_rc         loss=1.8675  surf[p=96.7979 Ux=1.9555 Uy=0.7727]  vol[p=96.7980 Ux=4.3935 Uy=2.0880]
    val_geom_camber_cruise     loss=0.5679  surf[p=55.5396 Ux=1.1613 Uy=0.3767]  vol[p=49.1545 Ux=2.9184 Uy=0.8589]
    val_re_rand                loss=1.7031  surf[p=76.9297 Ux=1.4371 Uy=0.5308]  vol[p=70.9024 Ux=3.3733 Uy=1.3730]
Epoch  29 (266s) [80.2GB]  train[vol=0.2930 surf=0.1534]  val_avg_surf_p=84.7394
    val_single_in_dist         loss=2.8044  surf[p=104.3761 Ux=1.1114 Uy=0.5785]  vol[p=103.2005 Ux=3.9918 Uy=1.5732]
    val_geom_camber_rc         loss=1.7248  surf[p=93.9684 Ux=1.7981 Uy=0.7220]  vol[p=101.4229 Ux=4.5095 Uy=2.0341]
    val_geom_camber_cruise     loss=0.6276  surf[p=62.6888 Ux=0.7664 Uy=0.4280]  vol[p=56.5829 Ux=2.5905 Uy=0.9655]
    val_re_rand                loss=1.4772  surf[p=77.9242 Ux=1.2628 Uy=0.5545]  vol[p=74.5430 Ux=3.3205 Uy=1.4336]
Epoch  30 (265s) [80.2GB]  train[vol=0.2329 surf=0.1275]  val_avg_surf_p=90.7210
    val_single_in_dist         loss=2.9346  surf[p=99.8478 Ux=1.1284 Uy=0.5529]  vol[p=103.4091 Ux=3.6427 Uy=1.4824]
    val_geom_camber_rc         loss=1.9757  surf[p=105.3411 Ux=1.6034 Uy=0.7234]  vol[p=100.7089 Ux=4.1506 Uy=2.0198]
    val_geom_camber_cruise     loss=0.6603  surf[p=68.0215 Ux=0.9211 Uy=0.3615]  vol[p=60.5584 Ux=2.4821 Uy=0.9346]
    val_re_rand                loss=1.6111  surf[p=89.6736 Ux=1.3194 Uy=0.5327]  vol[p=80.6215 Ux=3.1759 Uy=1.4215]
Epoch  31 (267s) [80.2GB]  train[vol=0.2073 surf=0.1131]  val_avg_surf_p=83.9939
    val_single_in_dist         loss=2.3586  surf[p=91.8110 Ux=1.3132 Uy=0.5748]  vol[p=101.3318 Ux=3.7963 Uy=1.4587]
    val_geom_camber_rc         loss=2.0539  surf[p=103.3000 Ux=1.9124 Uy=0.7414]  vol[p=99.6658 Ux=4.2354 Uy=2.0431]
    val_geom_camber_cruise     loss=0.5549  surf[p=57.5224 Ux=0.9660 Uy=0.3694]  vol[p=51.4879 Ux=2.7442 Uy=0.8980]
    val_re_rand                loss=1.6204  surf[p=83.3421 Ux=1.5711 Uy=0.5606]  vol[p=77.1234 Ux=3.4228 Uy=1.4066]
Epoch  32 (268s) [80.2GB]  train[vol=0.1926 surf=0.0994]  val_avg_surf_p=69.0445 *
    val_single_in_dist         loss=1.8979  surf[p=80.5515 Ux=1.2541 Uy=0.4683]  vol[p=87.5206 Ux=3.7151 Uy=1.3295]
    val_geom_camber_rc         loss=1.4026  surf[p=78.8552 Ux=1.5405 Uy=0.6301]  vol[p=85.6070 Ux=4.0381 Uy=1.8476]
    val_geom_camber_cruise     loss=0.4233  surf[p=47.6314 Ux=0.8124 Uy=0.3425]  vol[p=45.8932 Ux=2.3935 Uy=0.8239]
    val_re_rand                loss=1.2713  surf[p=69.1399 Ux=1.1251 Uy=0.4857]  vol[p=66.6527 Ux=3.0256 Uy=1.2756]
Epoch  33 (271s) [80.2GB]  train[vol=0.1664 surf=0.0996]  val_avg_surf_p=72.8352
    val_single_in_dist         loss=2.1570  surf[p=81.5560 Ux=1.1407 Uy=0.5209]  vol[p=87.4126 Ux=3.6234 Uy=1.3511]
    val_geom_camber_rc         loss=2.1948  surf[p=93.8914 Ux=1.5652 Uy=0.7221]  vol[p=91.3477 Ux=4.0155 Uy=1.9417]
    val_geom_camber_cruise     loss=0.3935  surf[p=46.1134 Ux=0.7388 Uy=0.3200]  vol[p=44.4328 Ux=2.2877 Uy=0.7856]
    val_re_rand                loss=1.3265  surf[p=69.7800 Ux=1.1131 Uy=0.5071]  vol[p=65.4617 Ux=2.9231 Uy=1.3035]
Epoch  34 (272s) [80.2GB]  train[vol=0.1422 surf=0.0694]  val_avg_surf_p=67.7188 *
    val_single_in_dist         loss=1.8915  surf[p=79.5867 Ux=1.0730 Uy=0.4843]  vol[p=89.2588 Ux=3.3205 Uy=1.3211]
    val_geom_camber_rc         loss=1.6293  surf[p=80.7019 Ux=1.7172 Uy=0.6693]  vol[p=82.6232 Ux=4.2918 Uy=1.8381]
    val_geom_camber_cruise     loss=0.4245  surf[p=47.5126 Ux=0.9181 Uy=0.3017]  vol[p=45.4300 Ux=2.4552 Uy=0.7748]
    val_re_rand                loss=1.0159  surf[p=63.0739 Ux=1.2673 Uy=0.4594]  vol[p=61.7016 Ux=3.0913 Uy=1.2142]
Epoch  35 (269s) [80.2GB]  train[vol=0.2305 surf=0.1243]  val_avg_surf_p=66.0237 *
    val_single_in_dist         loss=1.8077  surf[p=76.3754 Ux=0.8908 Uy=0.5438]  vol[p=85.0122 Ux=3.1649 Uy=1.3630]
    val_geom_camber_rc         loss=1.6397  surf[p=85.1125 Ux=1.5259 Uy=0.6834]  vol[p=88.2736 Ux=3.8818 Uy=1.8647]
    val_geom_camber_cruise     loss=0.3532  surf[p=41.2639 Ux=0.6271 Uy=0.2976]  vol[p=41.2648 Ux=2.2223 Uy=0.7366]
    val_re_rand                loss=1.1073  surf[p=61.3431 Ux=1.0297 Uy=0.4733]  vol[p=61.2002 Ux=2.8723 Uy=1.2285]
Epoch  36 (267s) [80.2GB]  train[vol=0.2173 surf=0.1317]  val_avg_surf_p=71.1089
    val_single_in_dist         loss=2.1561  surf[p=83.1497 Ux=1.2242 Uy=0.5332]  vol[p=89.0120 Ux=3.6884 Uy=1.4372]
    val_geom_camber_rc         loss=1.3762  surf[p=79.4360 Ux=1.5321 Uy=0.5934]  vol[p=83.6723 Ux=4.0482 Uy=1.7659]
    val_geom_camber_cruise     loss=0.5495  surf[p=55.3304 Ux=0.8465 Uy=0.3667]  vol[p=49.2039 Ux=2.6112 Uy=0.9034]
    val_re_rand                loss=1.0878  surf[p=66.5194 Ux=1.1049 Uy=0.4772]  vol[p=63.6842 Ux=3.0546 Uy=1.2694]
Epoch  37 (264s) [80.2GB]  train[vol=0.1570 surf=0.0828]  val_avg_surf_p=64.3804 *
    val_single_in_dist         loss=2.8457  surf[p=77.4653 Ux=0.8560 Uy=0.4726]  vol[p=82.4406 Ux=3.1238 Uy=1.2440]
    val_geom_camber_rc         loss=1.1947  surf[p=73.1064 Ux=1.4723 Uy=0.5882]  vol[p=76.8870 Ux=3.8496 Uy=1.7448]
    val_geom_camber_cruise     loss=0.3758  surf[p=44.5707 Ux=0.6593 Uy=0.3184]  vol[p=42.3306 Ux=2.2024 Uy=0.7922]
    val_re_rand                loss=0.9667  surf[p=62.3790 Ux=1.0055 Uy=0.4572]  vol[p=60.8270 Ux=2.7851 Uy=1.2207]
Epoch  38 (268s) [80.2GB]  train[vol=0.1749 surf=0.0921]  val_avg_surf_p=64.1294 *
    val_single_in_dist         loss=2.2312  surf[p=70.4387 Ux=0.9658 Uy=0.4748]  vol[p=78.3223 Ux=3.1414 Uy=1.2281]
    val_geom_camber_rc         loss=1.4846  surf[p=76.4647 Ux=1.6070 Uy=0.6014]  vol[p=78.3516 Ux=3.9498 Uy=1.7273]
    val_geom_camber_cruise     loss=0.4580  surf[p=47.1224 Ux=0.6454 Uy=0.4004]  vol[p=42.8965 Ux=2.1314 Uy=0.8436]
    val_re_rand                loss=1.0555  surf[p=62.4920 Ux=1.0895 Uy=0.4968]  vol[p=60.2166 Ux=2.8470 Uy=1.2181]
Epoch  39 (268s) [80.2GB]  train[vol=0.2477 surf=0.1342]  val_avg_surf_p=63.6740 *
    val_single_in_dist         loss=1.2604  surf[p=68.2177 Ux=0.8506 Uy=0.4356]  vol[p=74.3046 Ux=3.1902 Uy=1.2158]
    val_geom_camber_rc         loss=1.6454  surf[p=85.5453 Ux=1.6451 Uy=0.6650]  vol[p=85.7793 Ux=4.2384 Uy=1.8639]
    val_geom_camber_cruise     loss=0.3024  surf[p=39.8615 Ux=0.5458 Uy=0.2926]  vol[p=39.2550 Ux=2.0240 Uy=0.7311]
    val_re_rand                loss=1.4599  surf[p=61.0714 Ux=1.0378 Uy=0.4638]  vol[p=59.6517 Ux=2.8282 Uy=1.1982]
Epoch  40 (270s) [80.2GB]  train[vol=0.1412 surf=0.0735]  val_avg_surf_p=61.0100 *
    val_single_in_dist         loss=1.3169  surf[p=71.1545 Ux=0.9316 Uy=0.4516]  vol[p=77.0565 Ux=3.0982 Uy=1.2165]
    val_geom_camber_rc         loss=1.2137  surf[p=75.5157 Ux=1.3598 Uy=0.6066]  vol[p=79.5584 Ux=3.7003 Uy=1.7481]
    val_geom_camber_cruise     loss=0.3114  surf[p=38.7978 Ux=0.6657 Uy=0.2719]  vol[p=39.5547 Ux=2.0791 Uy=0.7119]
    val_re_rand                loss=1.1852  surf[p=58.5719 Ux=0.9833 Uy=0.4271]  vol[p=58.6554 Ux=2.7552 Uy=1.1565]
Epoch  41 (271s) [80.2GB]  train[vol=0.1555 surf=0.0777]  val_avg_surf_p=62.1092
    val_single_in_dist         loss=1.1781  surf[p=68.0059 Ux=1.0451 Uy=0.4296]  vol[p=76.9667 Ux=3.3027 Uy=1.1919]
    val_geom_camber_rc         loss=1.0781  surf[p=74.0825 Ux=1.2379 Uy=0.5740]  vol[p=78.6027 Ux=3.5882 Uy=1.7108]
    val_geom_camber_cruise     loss=0.3755  surf[p=44.7657 Ux=0.6695 Uy=0.2869]  vol[p=40.7420 Ux=2.1579 Uy=0.7043]
    val_re_rand                loss=0.9772  surf[p=61.5827 Ux=0.9589 Uy=0.4290]  vol[p=59.9370 Ux=2.7033 Uy=1.1586]
Epoch  42 (266s) [80.2GB]  train[vol=0.1150 surf=0.0544]  val_avg_surf_p=57.9594 *
    val_single_in_dist         loss=1.5991  surf[p=69.2205 Ux=1.1103 Uy=0.4092]  vol[p=79.4347 Ux=3.1256 Uy=1.1260]
    val_geom_camber_rc         loss=1.1603  surf[p=71.4608 Ux=1.2488 Uy=0.5377]  vol[p=77.3825 Ux=3.5546 Uy=1.6062]
    val_geom_camber_cruise     loss=0.3062  surf[p=35.9639 Ux=0.8799 Uy=0.2696]  vol[p=36.1117 Ux=2.1892 Uy=0.6623]
    val_re_rand                loss=0.9085  surf[p=55.1926 Ux=1.0780 Uy=0.4095]  vol[p=54.9946 Ux=2.7349 Uy=1.0843]
Epoch  43 (268s) [80.2GB]  train[vol=0.1620 surf=0.0911]  val_avg_surf_p=57.9315 *
    val_single_in_dist         loss=1.3649  surf[p=67.0725 Ux=0.7487 Uy=0.3974]  vol[p=73.5189 Ux=2.9156 Uy=1.1080]
    val_geom_camber_rc         loss=1.0732  surf[p=70.4845 Ux=1.1820 Uy=0.5458]  vol[p=74.2433 Ux=3.5218 Uy=1.5959]
    val_geom_camber_cruise     loss=0.2999  surf[p=37.6932 Ux=0.4988 Uy=0.2721]  vol[p=38.2476 Ux=2.0012 Uy=0.6725]
    val_re_rand                loss=0.9067  surf[p=56.4758 Ux=0.8775 Uy=0.4195]  vol[p=55.9427 Ux=2.6369 Uy=1.0978]
Epoch  44 (269s) [80.2GB]  train[vol=0.1831 surf=0.0882]  val_avg_surf_p=56.5992 *
    val_single_in_dist         loss=1.6886  surf[p=63.2463 Ux=0.7040 Uy=0.3837]  vol[p=71.7451 Ux=2.8346 Uy=1.0814]
    val_geom_camber_rc         loss=1.0346  surf[p=71.0840 Ux=1.1232 Uy=0.5400]  vol[p=74.7991 Ux=3.4159 Uy=1.5796]
    val_geom_camber_cruise     loss=0.3093  surf[p=35.5041 Ux=0.5850 Uy=0.2716]  vol[p=36.4924 Ux=1.9859 Uy=0.6725]
    val_re_rand                loss=0.9034  surf[p=56.5624 Ux=0.8868 Uy=0.4157]  vol[p=55.0354 Ux=2.5804 Uy=1.0935]
Epoch  45 (271s) [80.2GB]  train[vol=0.1840 surf=0.0909]  val_avg_surf_p=55.4049 *
    val_single_in_dist         loss=1.0149  surf[p=59.8457 Ux=0.8553 Uy=0.4075]  vol[p=67.5062 Ux=2.8883 Uy=1.0915]
    val_geom_camber_rc         loss=1.1062  surf[p=70.2693 Ux=1.3231 Uy=0.5772]  vol[p=73.0189 Ux=3.4730 Uy=1.5952]
    val_geom_camber_cruise     loss=0.2872  surf[p=36.5812 Ux=0.5260 Uy=0.2778]  vol[p=36.5695 Ux=1.8828 Uy=0.6545]
    val_re_rand                loss=0.8853  surf[p=54.9233 Ux=0.9177 Uy=0.4248]  vol[p=54.5786 Ux=2.5370 Uy=1.0803]
Epoch  46 (267s) [80.2GB]  train[vol=0.1537 surf=0.0786]  val_avg_surf_p=52.7463 *
    val_single_in_dist         loss=1.3857  surf[p=59.5782 Ux=0.6416 Uy=0.3775]  vol[p=68.4621 Ux=2.7292 Uy=1.0477]
    val_geom_camber_rc         loss=1.0513  surf[p=66.2398 Ux=1.0996 Uy=0.5153]  vol[p=71.9840 Ux=3.3877 Uy=1.5366]
    val_geom_camber_cruise     loss=0.2596  surf[p=33.3798 Ux=0.4634 Uy=0.2461]  vol[p=35.1826 Ux=1.8364 Uy=0.6454]
    val_re_rand                loss=0.8410  surf[p=51.7876 Ux=0.8094 Uy=0.3881]  vol[p=52.9913 Ux=2.4746 Uy=1.0493]
Epoch  47 (270s) [80.2GB]  train[vol=0.1048 surf=0.0477]  val_avg_surf_p=54.8191
    val_single_in_dist         loss=1.6030  surf[p=66.0397 Ux=0.7650 Uy=0.3942]  vol[p=71.5593 Ux=2.7613 Uy=1.0634]
    val_geom_camber_rc         loss=1.1189  surf[p=65.6864 Ux=1.2387 Uy=0.5353]  vol[p=70.5899 Ux=3.3974 Uy=1.5323]
    val_geom_camber_cruise     loss=0.2792  surf[p=34.8976 Ux=0.5711 Uy=0.2564]  vol[p=35.8949 Ux=1.9364 Uy=0.6396]
    val_re_rand                loss=0.8525  surf[p=52.6529 Ux=0.8685 Uy=0.3989]  vol[p=53.3952 Ux=2.5091 Uy=1.0385]
Epoch  48 (264s) [80.2GB]  train[vol=0.0932 surf=0.0372]  val_avg_surf_p=53.4748
    val_single_in_dist         loss=1.6524  surf[p=59.7147 Ux=0.7154 Uy=0.3725]  vol[p=68.5335 Ux=2.6980 Uy=1.0648]
    val_geom_camber_rc         loss=0.9967  surf[p=66.6886 Ux=1.0596 Uy=0.5064]  vol[p=72.0276 Ux=3.2458 Uy=1.5356]
    val_geom_camber_cruise     loss=0.2649  surf[p=34.7689 Ux=0.5122 Uy=0.2420]  vol[p=33.9244 Ux=1.7968 Uy=0.6211]
    val_re_rand                loss=0.8448  surf[p=52.7270 Ux=0.8042 Uy=0.3839]  vol[p=52.5982 Ux=2.4012 Uy=1.0375]
Epoch  49 (269s) [80.2GB]  train[vol=0.0878 surf=0.0332]  val_avg_surf_p=50.7919 *
    val_single_in_dist         loss=1.7339  surf[p=57.9471 Ux=0.6115 Uy=0.3485]  vol[p=65.1621 Ux=2.6645 Uy=1.0213]
    val_geom_camber_rc         loss=0.9681  surf[p=63.1038 Ux=1.0491 Uy=0.4904]  vol[p=66.6712 Ux=3.2488 Uy=1.4644]
    val_geom_camber_cruise     loss=0.2575  surf[p=32.6376 Ux=0.4394 Uy=0.2394]  vol[p=33.1287 Ux=1.7909 Uy=0.6090]
    val_re_rand                loss=0.8123  surf[p=49.4791 Ux=0.7439 Uy=0.3716]  vol[p=49.8833 Ux=2.3739 Uy=1.0072]
Epoch  50 (268s) [80.2GB]  train[vol=0.1493 surf=0.0724]  val_avg_surf_p=51.0765
    val_single_in_dist         loss=1.2995  surf[p=56.3155 Ux=0.6424 Uy=0.3648]  vol[p=65.5963 Ux=2.6143 Uy=1.0291]
    val_geom_camber_rc         loss=1.1721  surf[p=65.9884 Ux=1.0678 Uy=0.5102]  vol[p=71.8190 Ux=3.2266 Uy=1.4773]
    val_geom_camber_cruise     loss=0.2347  surf[p=32.4477 Ux=0.4427 Uy=0.2434]  vol[p=34.4710 Ux=1.7604 Uy=0.6195]
    val_re_rand                loss=0.7859  surf[p=49.5544 Ux=0.7533 Uy=0.3828]  vol[p=51.3288 Ux=2.3606 Uy=1.0126]
Epoch  51 (270s) [80.2GB]  train[vol=0.1165 surf=0.0597]  val_avg_surf_p=48.6421 *
    val_single_in_dist         loss=1.2058  surf[p=54.2078 Ux=0.6756 Uy=0.3503]  vol[p=63.6498 Ux=2.6748 Uy=0.9989]
    val_geom_camber_rc         loss=0.8848  surf[p=61.2242 Ux=1.0768 Uy=0.4988]  vol[p=67.3170 Ux=3.2584 Uy=1.4707]
    val_geom_camber_cruise     loss=0.2330  surf[p=30.8845 Ux=0.5523 Uy=0.2360]  vol[p=32.8091 Ux=1.8369 Uy=0.6096]
    val_re_rand                loss=0.8214  surf[p=48.2518 Ux=0.8178 Uy=0.3675]  vol[p=49.9323 Ux=2.3980 Uy=1.0072]
Epoch  52 (269s) [80.2GB]  train[vol=0.0956 surf=0.0397]  val_avg_surf_p=49.5400
    val_single_in_dist         loss=1.6674  surf[p=56.7120 Ux=0.6368 Uy=0.3492]  vol[p=64.2674 Ux=2.5873 Uy=0.9964]
    val_geom_camber_rc         loss=0.9912  surf[p=60.5954 Ux=1.0295 Uy=0.4856]  vol[p=66.0576 Ux=3.1472 Uy=1.4257]
    val_geom_camber_cruise     loss=0.2352  surf[p=31.4535 Ux=0.4525 Uy=0.2372]  vol[p=32.5764 Ux=1.7292 Uy=0.5887]
    val_re_rand                loss=0.7929  surf[p=49.3991 Ux=0.7566 Uy=0.3659]  vol[p=49.5850 Ux=2.3410 Uy=0.9856]
Epoch  53 (268s) [80.2GB]  train[vol=0.1785 surf=0.0886]  val_avg_surf_p=47.8851 *
    val_single_in_dist         loss=1.1842  surf[p=49.6007 Ux=0.5733 Uy=0.3498]  vol[p=60.0453 Ux=2.4812 Uy=0.9588]
    val_geom_camber_rc         loss=0.9219  surf[p=63.2258 Ux=1.0320 Uy=0.4906]  vol[p=67.9650 Ux=3.1664 Uy=1.4335]
    val_geom_camber_cruise     loss=0.2163  surf[p=30.7269 Ux=0.4125 Uy=0.2348]  vol[p=32.7017 Ux=1.7063 Uy=0.5825]
    val_re_rand                loss=0.7858  surf[p=47.9872 Ux=0.7115 Uy=0.3644]  vol[p=49.2155 Ux=2.2863 Uy=0.9772]
Epoch  54 (271s) [80.2GB]  train[vol=0.1050 surf=0.0519]  val_avg_surf_p=46.6785 *
    val_single_in_dist         loss=1.1548  surf[p=50.0966 Ux=0.6176 Uy=0.3290]  vol[p=60.5306 Ux=2.5820 Uy=0.9655]
    val_geom_camber_rc         loss=0.9037  surf[p=60.9391 Ux=0.9848 Uy=0.4759]  vol[p=66.1563 Ux=3.1632 Uy=1.4348]
    val_geom_camber_cruise     loss=0.2119  surf[p=29.2323 Ux=0.4223 Uy=0.2257]  vol[p=31.8470 Ux=1.7341 Uy=0.5840]
    val_re_rand                loss=0.7719  surf[p=46.4460 Ux=0.7009 Uy=0.3553]  vol[p=47.6933 Ux=2.2808 Uy=0.9717]
Epoch  55 (272s) [80.2GB]  train[vol=0.1346 surf=0.0635]  val_avg_surf_p=47.2345
    val_single_in_dist         loss=1.2069  surf[p=49.4683 Ux=0.5567 Uy=0.3276]  vol[p=59.5020 Ux=2.4897 Uy=0.9390]
    val_geom_camber_rc         loss=0.9965  surf[p=62.8388 Ux=0.9998 Uy=0.4875]  vol[p=69.3665 Ux=3.1845 Uy=1.4353]
    val_geom_camber_cruise     loss=0.2206  surf[p=29.8932 Ux=0.4252 Uy=0.2224]  vol[p=31.1214 Ux=1.6876 Uy=0.5679]
    val_re_rand                loss=0.7359  surf[p=46.7375 Ux=0.7118 Uy=0.3562]  vol[p=47.8683 Ux=2.2691 Uy=0.9569]
Epoch  56 (266s) [80.2GB]  train[vol=0.0775 surf=0.0280]  val_avg_surf_p=45.7995 *
    val_single_in_dist         loss=0.9262  surf[p=46.6662 Ux=0.5592 Uy=0.3281]  vol[p=56.6425 Ux=2.4462 Uy=0.9330]
    val_geom_camber_rc         loss=0.9352  surf[p=60.5796 Ux=0.9527 Uy=0.4726]  vol[p=66.3104 Ux=3.0812 Uy=1.3989]
    val_geom_camber_cruise     loss=0.2094  surf[p=29.1447 Ux=0.4165 Uy=0.2226]  vol[p=30.9936 Ux=1.6956 Uy=0.5601]
    val_re_rand                loss=0.7797  surf[p=46.8074 Ux=0.7009 Uy=0.3559]  vol[p=47.9231 Ux=2.2555 Uy=0.9563]
Epoch  57 (272s) [80.2GB]  train[vol=0.1828 surf=0.0840]  val_avg_surf_p=46.4145
    val_single_in_dist         loss=1.1282  surf[p=51.1882 Ux=0.5620 Uy=0.3278]  vol[p=59.8610 Ux=2.4845 Uy=0.9503]
    val_geom_camber_rc         loss=0.8464  surf[p=59.9466 Ux=0.9754 Uy=0.4740]  vol[p=65.4349 Ux=3.1121 Uy=1.4235]
    val_geom_camber_cruise     loss=0.2074  surf[p=28.8690 Ux=0.3889 Uy=0.2150]  vol[p=31.4231 Ux=1.6544 Uy=0.5596]
    val_re_rand                loss=0.7490  surf[p=45.6541 Ux=0.6898 Uy=0.3519]  vol[p=46.9372 Ux=2.2400 Uy=0.9530]
Epoch  58 (267s) [80.2GB]  train[vol=0.1836 surf=0.0945]  val_avg_surf_p=45.4930 *
    val_single_in_dist         loss=1.1348  surf[p=48.0045 Ux=0.5787 Uy=0.3298]  vol[p=57.3880 Ux=2.4950 Uy=0.9384]
    val_geom_camber_rc         loss=0.9462  surf[p=60.6649 Ux=0.9428 Uy=0.4697]  vol[p=66.4516 Ux=3.0656 Uy=1.3993]
    val_geom_camber_cruise     loss=0.1972  surf[p=27.7351 Ux=0.4160 Uy=0.2173]  vol[p=30.6383 Ux=1.6818 Uy=0.5624]
    val_re_rand                loss=0.7384  surf[p=45.5676 Ux=0.6923 Uy=0.3515]  vol[p=46.9477 Ux=2.2513 Uy=0.9490]
Epoch  59 (267s) [80.2GB]  train[vol=0.1432 surf=0.0545]  val_avg_surf_p=44.6088 *
    val_single_in_dist         loss=1.2582  surf[p=47.6462 Ux=0.5508 Uy=0.3201]  vol[p=56.7544 Ux=2.4361 Uy=0.9139]
    val_geom_camber_rc         loss=0.8376  surf[p=58.1268 Ux=0.9445 Uy=0.4605]  vol[p=64.0002 Ux=3.0575 Uy=1.3716]
    val_geom_camber_cruise     loss=0.1916  surf[p=27.5570 Ux=0.3903 Uy=0.2166]  vol[p=30.2410 Ux=1.6630 Uy=0.5573]
    val_re_rand                loss=0.7408  surf[p=45.1051 Ux=0.6720 Uy=0.3437]  vol[p=46.7692 Ux=2.2315 Uy=0.9411]
Epoch  60 (271s) [80.2GB]  train[vol=0.1348 surf=0.0588]  val_avg_surf_p=44.1261 *
    val_single_in_dist         loss=1.0824  surf[p=46.7100 Ux=0.5503 Uy=0.3249]  vol[p=56.4052 Ux=2.4571 Uy=0.9122]
    val_geom_camber_rc         loss=0.8281  surf[p=57.9424 Ux=0.9344 Uy=0.4609]  vol[p=64.1988 Ux=3.0457 Uy=1.3721]
    val_geom_camber_cruise     loss=0.1937  surf[p=27.3893 Ux=0.3916 Uy=0.2201]  vol[p=30.1678 Ux=1.6469 Uy=0.5539]
    val_re_rand                loss=0.7257  surf[p=44.4628 Ux=0.6669 Uy=0.3489]  vol[p=45.9526 Ux=2.2181 Uy=0.9329]
Epoch  61 (266s) [80.2GB]  train[vol=0.1009 surf=0.0375]  val_avg_surf_p=44.3100
    val_single_in_dist         loss=1.1033  surf[p=46.0495 Ux=0.5316 Uy=0.3149]  vol[p=56.5999 Ux=2.4073 Uy=0.9108]
    val_geom_camber_rc         loss=0.8695  surf[p=60.0143 Ux=0.9538 Uy=0.4688]  vol[p=65.5787 Ux=3.0414 Uy=1.3830]
    val_geom_camber_cruise     loss=0.1869  surf[p=26.7809 Ux=0.3734 Uy=0.2136]  vol[p=30.1674 Ux=1.6359 Uy=0.5544]
    val_re_rand                loss=0.7499  surf[p=44.3951 Ux=0.6633 Uy=0.3406]  vol[p=45.9694 Ux=2.1957 Uy=0.9291]
Epoch  62 (267s) [80.2GB]  train[vol=0.1131 surf=0.0420]  val_avg_surf_p=44.3167
    val_single_in_dist         loss=1.0687  surf[p=45.2906 Ux=0.5244 Uy=0.3144]  vol[p=55.8243 Ux=2.4038 Uy=0.9006]
    val_geom_camber_rc         loss=0.9016  surf[p=59.9925 Ux=0.9565 Uy=0.4640]  vol[p=65.4912 Ux=3.0340 Uy=1.3703]
    val_geom_camber_cruise     loss=0.1909  surf[p=26.9161 Ux=0.3806 Uy=0.2143]  vol[p=29.8494 Ux=1.6338 Uy=0.5518]
    val_re_rand                loss=0.7575  surf[p=45.0676 Ux=0.6710 Uy=0.3450]  vol[p=46.4140 Ux=2.1981 Uy=0.9283]
Epoch  63 (268s) [80.2GB]  train[vol=0.1286 surf=0.0575]  val_avg_surf_p=43.4920 *
    val_single_in_dist         loss=0.9234  surf[p=43.8201 Ux=0.5179 Uy=0.3103]  vol[p=55.0967 Ux=2.3859 Uy=0.8992]
    val_geom_camber_rc         loss=0.8837  surf[p=58.7113 Ux=0.9274 Uy=0.4576]  vol[p=64.5295 Ux=3.0178 Uy=1.3664]
    val_geom_camber_cruise     loss=0.1893  surf[p=26.9838 Ux=0.3736 Uy=0.2125]  vol[p=29.9770 Ux=1.6217 Uy=0.5490]
    val_re_rand                loss=0.7396  surf[p=44.4529 Ux=0.6602 Uy=0.3420]  vol[p=46.0210 Ux=2.1851 Uy=0.9280]
Epoch  64 (271s) [80.2GB]  train[vol=0.1740 surf=0.0840]  val_avg_surf_p=43.1629 *
    val_single_in_dist         loss=0.8936  surf[p=43.9275 Ux=0.5314 Uy=0.3114]  vol[p=54.4524 Ux=2.3938 Uy=0.8941]
    val_geom_camber_rc         loss=0.8755  surf[p=57.8999 Ux=0.9209 Uy=0.4577]  vol[p=64.5624 Ux=3.0253 Uy=1.3673]
    val_geom_camber_cruise     loss=0.1901  surf[p=26.7999 Ux=0.3856 Uy=0.2122]  vol[p=29.9856 Ux=1.6258 Uy=0.5462]
    val_re_rand                loss=0.7287  surf[p=44.0244 Ux=0.6565 Uy=0.3415]  vol[p=45.8338 Ux=2.1897 Uy=0.9239]
Epoch  65 (265s) [80.2GB]  train[vol=0.2436 surf=0.1057]  val_avg_surf_p=42.9057 *
    val_single_in_dist         loss=0.9888  surf[p=43.6532 Ux=0.5133 Uy=0.3077]  vol[p=54.6086 Ux=2.3675 Uy=0.8949]
    val_geom_camber_rc         loss=0.8416  surf[p=57.4982 Ux=0.9182 Uy=0.4573]  vol[p=64.0768 Ux=3.0036 Uy=1.3607]
    val_geom_camber_cruise     loss=0.1878  surf[p=26.5814 Ux=0.3721 Uy=0.2110]  vol[p=29.8380 Ux=1.6198 Uy=0.5452]
    val_re_rand                loss=0.7392  surf[p=43.8899 Ux=0.6555 Uy=0.3398]  vol[p=45.6723 Ux=2.1795 Uy=0.9227]
Epoch  66 (268s) [80.2GB]  train[vol=0.0684 surf=0.0212]  val_avg_surf_p=43.0214
    val_single_in_dist         loss=1.0718  surf[p=44.1753 Ux=0.5047 Uy=0.3059]  vol[p=54.7509 Ux=2.3722 Uy=0.8936]
    val_geom_camber_rc         loss=0.8557  surf[p=57.6924 Ux=0.9180 Uy=0.4536]  vol[p=64.2735 Ux=3.0094 Uy=1.3610]
    val_geom_camber_cruise     loss=0.1869  surf[p=26.4585 Ux=0.3711 Uy=0.2103]  vol[p=29.6903 Ux=1.6206 Uy=0.5462]
    val_re_rand                loss=0.7320  surf[p=43.7596 Ux=0.6488 Uy=0.3384]  vol[p=45.7275 Ux=2.1763 Uy=0.9206]
Epoch  67 (268s) [80.2GB]  train[vol=0.2546 surf=0.1317]  val_avg_surf_p=43.0364
    val_single_in_dist         loss=1.0448  surf[p=43.8394 Ux=0.5030 Uy=0.3060]  vol[p=54.4378 Ux=2.3674 Uy=0.8919]
    val_geom_camber_rc         loss=0.8597  surf[p=57.7726 Ux=0.9181 Uy=0.4536]  vol[p=64.3013 Ux=3.0050 Uy=1.3580]
    val_geom_camber_cruise     loss=0.1874  surf[p=26.5949 Ux=0.3739 Uy=0.2104]  vol[p=29.6716 Ux=1.6224 Uy=0.5444]
    val_re_rand                loss=0.7366  surf[p=43.9388 Ux=0.6509 Uy=0.3388]  vol[p=45.7099 Ux=2.1795 Uy=0.9204]
Epoch  68 (268s) [80.2GB]  train[vol=0.2259 surf=0.1110]  val_avg_surf_p=42.9394
    val_single_in_dist         loss=1.0290  surf[p=43.6874 Ux=0.4985 Uy=0.3055]  vol[p=54.3482 Ux=2.3669 Uy=0.8917]
    val_geom_camber_rc         loss=0.8464  surf[p=57.8205 Ux=0.9200 Uy=0.4550]  vol[p=64.3555 Ux=3.0032 Uy=1.3621]
    val_geom_camber_cruise     loss=0.1868  surf[p=26.4321 Ux=0.3688 Uy=0.2102]  vol[p=29.7277 Ux=1.6153 Uy=0.5438]
    val_re_rand                loss=0.7476  surf[p=43.8177 Ux=0.6494 Uy=0.3386]  vol[p=45.6978 Ux=2.1737 Uy=0.9204]
Epoch  69 (269s) [80.2GB]  train[vol=0.0835 surf=0.0410]  val_avg_surf_p=42.8236 *
    val_single_in_dist         loss=0.9926  surf[p=43.1646 Ux=0.4986 Uy=0.3053]  vol[p=54.0714 Ux=2.3642 Uy=0.8894]
    val_geom_camber_rc         loss=0.8525  surf[p=57.8093 Ux=0.9176 Uy=0.4541]  vol[p=64.2113 Ux=2.9982 Uy=1.3590]
    val_geom_camber_cruise     loss=0.1865  surf[p=26.4948 Ux=0.3683 Uy=0.2102]  vol[p=29.6982 Ux=1.6154 Uy=0.5437]
    val_re_rand                loss=0.7380  surf[p=43.8258 Ux=0.6473 Uy=0.3381]  vol[p=45.5804 Ux=2.1710 Uy=0.9190]
Epoch  70 (264s) [80.2GB]  train[vol=0.1319 surf=0.0646]  val_avg_surf_p=42.7314 *
    val_single_in_dist         loss=0.9932  surf[p=43.0888 Ux=0.5001 Uy=0.3058]  vol[p=54.0065 Ux=2.3650 Uy=0.8893]
    val_geom_camber_rc         loss=0.8510  surf[p=57.7084 Ux=0.9171 Uy=0.4546]  vol[p=64.2249 Ux=2.9979 Uy=1.3593]
    val_geom_camber_cruise     loss=0.1860  surf[p=26.4032 Ux=0.3681 Uy=0.2101]  vol[p=29.6717 Ux=1.6144 Uy=0.5436]
    val_re_rand                loss=0.7366  surf[p=43.7252 Ux=0.6477 Uy=0.3380]  vol[p=45.5431 Ux=2.1712 Uy=0.9187]
Training done in 312.9 min
Best val: epoch 70, val_avg/mae_surf_p = 42.7314
wandb: Run summary:
wandb: best_val_avg/mae_surf_p 42.7314
wandb: 🚀 View run mlintern-pai2-r3-retry-r1/p3-h192-l6-s128-warm-clip-70ep at: https://wandb.ai/wandb-applied-ai-team/senpai-v1-ml-intern/runs/kpl6iy2n
