wandb: [wandb.login()] Loaded credentials for https://api.wandb.ai from WANDB_API_KEY.
wandb: W&B API key is configured. Use `wandb login --relogin` to force relogin
wandb: Tracking run with wandb version 0.26.1
wandb: Run data is saved locally in /workspace/senpai/target/wandb/run-20260516_052509-ftalrjey
wandb: Run `wandb offline` to turn off syncing.
wandb: Syncing run willowpai2i48h2-alphonse/debug-d0.5
wandb: ⭐️ View project at https://wandb.ai/wandb-applied-ai-team/senpai-v1
wandb: 🚀 View run at https://wandb.ai/wandb-applied-ai-team/senpai-v1/runs/ftalrjey
Device: cuda [DEBUG]
Train: 6, val_single_in_dist: 2, val_geom_camber_rc: 2, val_geom_camber_cruise: 2, val_re_rand: 2
Model: Transolver (0.66M params)
Epoch 1/3:   0%|          | 0/2 [00:00<?, ?it/s]Epoch 1/3:  50%|█████     | 1/2 [00:00<00:00,  1.34it/s]                                                        [ASINH-DEBUG scale=1.0] y_norm[p] range=[-7.345,3.814] y_target[p] range=[-2.692,2.049] pred[p] range=[-0.037,0.024] pred_inv[p] range=[-0.037,0.024] pred_phys[p] range=[-154.425,-113.178]
Epoch   1 (2s) [15.1GB]  train[vol=0.5906 surf=0.5526]  val_avg_surf_p=492.2261 *
    val_single_in_dist         loss=51.0761  surf[p=1075.6415 Ux=27.2978 Uy=3.3163]  vol[p=902.8091 Ux=24.7353 Uy=8.0426]
    val_geom_camber_rc         loss=27.6590  surf[p=574.6809 Ux=21.7975 Uy=3.6193]  vol[p=549.7732 Ux=16.6074 Uy=7.6868]
    val_geom_camber_cruise     loss=14.3958  surf[p=224.6813 Ux=21.2199 Uy=1.2632]  vol[p=194.3972 Ux=15.1049 Uy=2.9194]
    val_re_rand                loss=12.9387  surf[p=93.9008 Ux=21.8930 Uy=1.0982]  vol[p=103.5383 Ux=17.1937 Uy=2.6409]
Epoch 2/3:   0%|          | 0/2 [00:00<?, ?it/s]Epoch 2/3:  50%|█████     | 1/2 [00:00<00:00,  4.51it/s]                                                        Epoch   2 (1s) [15.1GB]  train[vol=0.4812 surf=0.4644]  val_avg_surf_p=489.8824 *
    val_single_in_dist         loss=51.0797  surf[p=1072.9381 Ux=27.2809 Uy=3.3090]  vol[p=900.2472 Ux=24.8322 Uy=8.0313]
    val_geom_camber_rc         loss=27.5186  surf[p=573.0826 Ux=21.6704 Uy=3.6176]  vol[p=548.3967 Ux=16.6121 Uy=7.6852]
    val_geom_camber_cruise     loss=14.1930  surf[p=222.1942 Ux=21.0517 Uy=1.2610]  vol[p=194.1968 Ux=15.0627 Uy=2.9209]
    val_re_rand                loss=12.6868  surf[p=91.3146 Ux=21.6457 Uy=1.0958]  vol[p=103.3664 Ux=17.2131 Uy=2.6387]
Epoch 3/3:   0%|          | 0/2 [00:00<?, ?it/s]Epoch 3/3:  50%|█████     | 1/2 [00:00<00:00,  4.80it/s]                                                        Epoch   3 (1s) [15.1GB]  train[vol=0.5172 surf=0.4924]  val_avg_surf_p=487.4362 *
    val_single_in_dist         loss=51.0860  surf[p=1070.0621 Ux=27.2639 Uy=3.3027]  vol[p=897.2733 Ux=24.9310 Uy=8.0191]
    val_geom_camber_rc         loss=27.3649  surf[p=571.2960 Ux=21.5333 Uy=3.6172]  vol[p=546.8277 Ux=16.6156 Uy=7.6832]
    val_geom_camber_cruise     loss=13.9815  surf[p=219.7084 Ux=20.8717 Uy=1.2592]  vol[p=193.9736 Ux=15.0151 Uy=2.9230]
    val_re_rand                loss=12.4173  surf[p=88.6786 Ux=21.3780 Uy=1.0949]  vol[p=103.2063 Ux=17.2317 Uy=2.6363]

Training done in 0.1 min

Best val: epoch 3, val_avg/mae_surf_p = 487.4362

Evaluating on held-out test splits...
Test: test_single_in_dist: 2, test_geom_camber_rc: 2, test_geom_camber_cruise: 2, test_re_rand: 2
wandb: updating run metadata; uploading artifact model-willowpai2i48h2-alphonse-debug-d0.5-ftalrjey
wandb: uploading artifact model-willowpai2i48h2-alphonse-debug-d0.5-ftalrjey; uploading config.yaml; uploading code/train.py; uploading diff.patch; uploading wandb-metadata.json (+ 3 more)
wandb: uploading artifact model-willowpai2i48h2-alphonse-debug-d0.5-ftalrjey
wandb: uploading history steps 0-9, summary, console lines 0-31
wandb: 
wandb: Run history:
wandb:                             epoch_time_s █▁▁
wandb:                              global_step ▁▂▂▄▅▅▇██
wandb:                                       lr █▃▁
wandb:        test/test_geom_camber_cruise/loss ▁
wandb: test/test_geom_camber_cruise/mae_surf_Ux ▁
wandb: test/test_geom_camber_cruise/mae_surf_Uy ▁
wandb:  test/test_geom_camber_cruise/mae_surf_p ▁
wandb:  test/test_geom_camber_cruise/mae_vol_Ux ▁
wandb:  test/test_geom_camber_cruise/mae_vol_Uy ▁
wandb:   test/test_geom_camber_cruise/mae_vol_p ▁
wandb:                                      +90 ...
wandb: 
wandb: Run summary:
wandb:                               best_epoch 3
wandb:                  best_val_avg/mae_surf_p 487.43624
wandb:                             epoch_time_s 0.71129
wandb:                              global_step 6
wandb:                                       lr 0
wandb:        test/test_geom_camber_cruise/loss 20.91622
wandb: test/test_geom_camber_cruise/mae_surf_Ux 26.82341
wandb: test/test_geom_camber_cruise/mae_surf_Uy 1.35354
wandb:  test/test_geom_camber_cruise/mae_surf_p 267.24345
wandb:  test/test_geom_camber_cruise/mae_vol_Ux 24.61045
wandb:                                      +93 ...
wandb: 
wandb: 🚀 View run willowpai2i48h2-alphonse/debug-d0.5 at: https://wandb.ai/wandb-applied-ai-team/senpai-v1/runs/ftalrjey
wandb: ⭐️ View project at: https://wandb.ai/wandb-applied-ai-team/senpai-v1
wandb: Synced 7 W&B file(s), 0 media file(s), 3 artifact file(s) and 0 other file(s)
wandb: Find logs at: ./wandb/run-20260516_052509-ftalrjey/logs

  TEST  avg_surf_p=367.5837
    test_single_in_dist        loss=18.2545  surf[p=287.3431 Ux=22.3934 Uy=1.1897]  vol[p=261.7762 Ux=18.7091 Uy=2.9095]
    test_geom_camber_rc        loss=22.5834  surf[p=480.9235 Ux=21.4594 Uy=2.2644]  vol[p=467.5805 Ux=16.0575 Uy=5.6476]
    test_geom_camber_cruise    loss=20.9162  surf[p=267.2435 Ux=26.8234 Uy=1.3535]  vol[p=254.9654 Ux=24.6104 Uy=3.6940]
    test_re_rand               loss=20.9509  surf[p=434.8248 Ux=19.4893 Uy=3.5720]  vol[p=409.0690 Ux=13.4358 Uy=7.5015]

Logged model artifact 'model-willowpai2i48h2-alphonse-debug-d0.5-ftalrjey' (aliases: best, epoch-3)
