Device: cuda
Train: 1499, val_single_in_dist: 100, val_geom_camber_rc: 100, val_geom_camber_cruise: 100, val_re_rand: 100
[sampler-reweight] domain keys: ['racecar_single', 'racecar_tandem', 'cruise']
[sampler-reweight] sizes: {'racecar_single': 599, 'racecar_tandem': 457, 'cruise': 443}
[sampler-reweight] boosting domain 'racecar_single' by 2.0x
[sampler-reweight] pre-boost domain mass: racecar_single=1.0000, racecar_tandem=1.0000, cruise=1.0000
[sampler-reweight] post-boost domain mass: racecar_single=2.0000, racecar_tandem=1.0000, cruise=1.0000
slice_num: 24
slice_num: 24 (down from 32, -25% slicing ops/block) — budget-freeing PhysicsAttention granularity probe; 3rd orthogonal budget-bound axis after n_layers (#2268) and n_hidden (#2290)
n_head: 2 (dim_head=48)
Depth: n_layers=4 (TransolverBlock x 4) — depth-down probe, budget-bound vs capacity-saturated diagnostic
Width: n_hidden=96 (hidden_dim=96, down from 128) — budget-freeing width-down probe; ~40-45% per-epoch wall-clock savings
Model: Transolver (0.33M params)
LayerScale: per-channel learnable gain init=1e-4 on both attn and mlp residual branches in all 4 TransolverBlocks
Feature-stream FiLM gate: zero-init Linear(3, 96) applied before block 0; channels [13, 14, 18] = [log_Re, AoA0_rad, AoA1_rad] (per #2531); residual-stream conditioning vs output-side (closed #2531+#2588); +~384 params; baseline to beat: val_avg/mae_surf_p < 33.4935
MHA attention shape: alpha-entmax(1.5) (Peters et al. 2019) replaces softmax over slice tokens; slice-routing softmax UNCHANGED. Sparse with row-sum=1; library `entmax.entmax15` with custom analytical backward; scores cast to fp32 for numerical stability under bf16 AMP.
Actual total params: 328619
torch.compile: enabled (dynamic=True)
AMP: bfloat16
Optimizer: Lion (Chen et al. 2023) | lr=0.00015, wd=0.0003, betas=(0.9, 0.99) | sign-based momentum update | replaces AdamW
Lion LR sweep: lr=0.00015 (1.5x the #2524 baseline lr=1e-4); wd=3e-4, betas=(0.9, 0.99); new baseline to beat: val_avg/mae_surf_p < 36.3994
Scheduler: LinearLR(0.1->1.0 over 3 epochs) -> CosineAnnealingLR(T_max=67)
LR check ep0: 0.000015 (expect 0.000015)
[start] alpha-entmax(1.5) MHA diagnostics:
Block   Sparsity     Top-1   NonZero/G   MaxProb
    val_single_in_dist         loss=20.1493  surf[p=483.4741 Ux=18.5431 Uy=2.2679]  vol[p=439.5326 Ux=20.2184 Uy=5.9788]
    val_geom_camber_rc         loss=17.3777  surf[p=399.8577 Ux=14.8167 Uy=2.7198]  vol[p=365.8680 Ux=14.0954 Uy=6.3202]
    val_geom_camber_cruise     loss=13.9803  surf[p=233.4038 Ux=16.9604 Uy=1.3038]  vol[p=216.3444 Ux=16.4318 Uy=3.4181]
    val_re_rand                loss=14.4830  surf[p=278.9862 Ux=15.2281 Uy=1.7921]  vol[p=252.6921 Ux=14.5050 Uy=4.4432]
    val_single_in_dist         loss=9.8325  surf[p=373.3302 Ux=2.6823 Uy=1.4845]  vol[p=327.2194 Ux=11.7504 Uy=5.3752]
    val_geom_camber_rc         loss=10.2846  surf[p=286.6165 Ux=5.7601 Uy=1.8704]  vol[p=256.9497 Ux=11.0554 Uy=5.6126]
    val_geom_camber_cruise     loss=7.3433  surf[p=228.9115 Ux=2.9467 Uy=1.4703]  vol[p=203.4033 Ux=9.6006 Uy=3.6436]
    val_re_rand                loss=8.0859  surf[p=227.0741 Ux=4.2263 Uy=1.5080]  vol[p=200.9346 Ux=9.9750 Uy=4.2581]
    val_single_in_dist         loss=6.3195  surf[p=231.8952 Ux=1.7464 Uy=1.0195]  vol[p=214.2190 Ux=7.1500 Uy=3.8119]
    val_geom_camber_rc         loss=6.9790  surf[p=191.3954 Ux=3.7417 Uy=1.2663]  vol[p=195.8830 Ux=8.4527 Uy=4.0666]
    val_geom_camber_cruise     loss=5.4749  surf[p=184.9296 Ux=1.6863 Uy=1.1286]  vol[p=159.1147 Ux=5.6512 Uy=3.2032]
    val_re_rand                loss=5.9166  surf[p=174.5143 Ux=2.6446 Uy=1.1820]  vol[p=162.0286 Ux=6.7723 Uy=3.4269]
    val_single_in_dist         loss=5.2554  surf[p=193.4347 Ux=1.5155 Uy=0.8462]  vol[p=183.5506 Ux=5.6885 Uy=2.8662]
    val_geom_camber_rc         loss=6.1462  surf[p=169.9583 Ux=3.3847 Uy=1.0910]  vol[p=162.2571 Ux=7.3437 Uy=3.4841]
    val_geom_camber_cruise     loss=4.4000  surf[p=154.8717 Ux=1.4716 Uy=0.7506]  vol[p=145.3428 Ux=4.5036 Uy=2.4877]
    val_re_rand                loss=5.2534  surf[p=156.6471 Ux=2.4827 Uy=0.9291]  vol[p=146.3513 Ux=5.7512 Uy=2.8717]
    val_single_in_dist         loss=4.3270  surf[p=156.0416 Ux=1.2429 Uy=0.7001]  vol[p=163.4196 Ux=5.1300 Uy=2.4118]
    val_geom_camber_rc         loss=5.4880  surf[p=151.0002 Ux=2.8906 Uy=1.0217]  vol[p=156.9763 Ux=6.6097 Uy=3.0923]
    val_geom_camber_cruise     loss=3.4378  surf[p=116.9552 Ux=1.2056 Uy=0.6025]  vol[p=112.7639 Ux=4.1297 Uy=1.8493]
    val_re_rand                loss=4.6953  surf[p=133.6355 Ux=2.2907 Uy=0.8263]  vol[p=130.2409 Ux=5.5551 Uy=2.3834]
    val_single_in_dist         loss=4.4258  surf[p=158.8920 Ux=1.2911 Uy=0.7662]  vol[p=157.4592 Ux=4.8778 Uy=2.2433]
    val_geom_camber_rc         loss=5.0124  surf[p=136.9579 Ux=2.5697 Uy=0.9761]  vol[p=137.2752 Ux=6.0827 Uy=2.8549]
    val_geom_camber_cruise     loss=3.1726  surf[p=113.5333 Ux=1.0212 Uy=0.5489]  vol[p=97.6015 Ux=3.7197 Uy=1.5154]
    val_re_rand                loss=4.1389  surf[p=121.7937 Ux=1.8017 Uy=0.7737]  vol[p=113.6368 Ux=4.6261 Uy=2.1258]
    val_single_in_dist         loss=3.5147  surf[p=121.2173 Ux=1.1084 Uy=0.6046]  vol[p=130.0821 Ux=4.3321 Uy=1.8992]
    val_geom_camber_rc         loss=4.5413  surf[p=124.8592 Ux=2.2692 Uy=0.9046]  vol[p=123.5808 Ux=5.3624 Uy=2.6357]
    val_geom_camber_cruise     loss=2.8162  surf[p=92.1713 Ux=1.0874 Uy=0.5245]  vol[p=84.6740 Ux=3.4592 Uy=1.3577]
    val_re_rand                loss=3.7804  surf[p=107.3891 Ux=1.8127 Uy=0.7153]  vol[p=103.3086 Ux=4.4665 Uy=1.9211]
    val_single_in_dist         loss=3.4082  surf[p=119.3554 Ux=1.0663 Uy=0.5718]  vol[p=132.4626 Ux=4.1761 Uy=1.7526]
    val_geom_camber_rc         loss=4.5595  surf[p=123.7085 Ux=2.3069 Uy=0.8979]  vol[p=127.2619 Ux=5.5483 Uy=2.6533]
    val_geom_camber_cruise     loss=2.6429  surf[p=86.6881 Ux=1.0066 Uy=0.4905]  vol[p=80.1102 Ux=3.3973 Uy=1.2486]
    val_re_rand                loss=3.5088  surf[p=101.2757 Ux=1.5606 Uy=0.6536]  vol[p=100.2732 Ux=4.1929 Uy=1.8194]
    val_single_in_dist         loss=3.4143  surf[p=112.4069 Ux=1.4242 Uy=0.5198]  vol[p=118.1540 Ux=4.5770 Uy=1.7200]
    val_geom_camber_rc         loss=4.1922  surf[p=118.6697 Ux=1.9321 Uy=0.8607]  vol[p=111.5408 Ux=4.8119 Uy=2.4366]
    val_geom_camber_cruise     loss=2.7505  surf[p=91.1113 Ux=1.0792 Uy=0.5134]  vol[p=74.4157 Ux=3.3278 Uy=1.2245]
    val_re_rand                loss=3.4443  surf[p=102.8531 Ux=1.4578 Uy=0.6697]  vol[p=91.2174 Ux=3.8777 Uy=1.7792]
    val_single_in_dist         loss=3.1537  surf[p=110.9530 Ux=0.9636 Uy=0.5612]  vol[p=103.0035 Ux=3.7141 Uy=1.6906]
    val_geom_camber_rc         loss=3.9153  surf[p=111.7928 Ux=1.8683 Uy=0.7300]  vol[p=108.8712 Ux=4.7195 Uy=2.3357]
    val_geom_camber_cruise     loss=2.2757  surf[p=74.7379 Ux=0.7654 Uy=0.4596]  vol[p=65.1037 Ux=3.0791 Uy=1.1310]
    val_re_rand                loss=3.0391  surf[p=88.2937 Ux=1.2649 Uy=0.5887]  vol[p=82.1250 Ux=3.7455 Uy=1.6699]
    val_single_in_dist         loss=2.6318  surf[p=90.0930 Ux=0.8592 Uy=0.4390]  vol[p=94.4225 Ux=3.5202 Uy=1.4845]
    val_geom_camber_rc         loss=3.6854  surf[p=103.4444 Ux=1.7122 Uy=0.7396]  vol[p=98.9652 Ux=4.5988 Uy=2.2877]
    val_geom_camber_cruise     loss=2.0580  surf[p=67.7113 Ux=0.6828 Uy=0.4044]  vol[p=59.2711 Ux=2.9444 Uy=1.0818]
    val_re_rand                loss=2.8653  surf[p=81.4997 Ux=1.1875 Uy=0.5604]  vol[p=76.8805 Ux=3.6255 Uy=1.6383]
    val_single_in_dist         loss=3.0617  surf[p=104.6040 Ux=1.1179 Uy=0.5248]  vol[p=98.8377 Ux=3.7011 Uy=1.4190]
    val_geom_camber_rc         loss=4.8759  surf[p=144.7625 Ux=2.3721 Uy=0.9373]  vol[p=129.7581 Ux=5.1439 Uy=2.3755]
    val_geom_camber_cruise     loss=1.9800  surf[p=62.5765 Ux=0.7219 Uy=0.3947]  vol[p=59.2659 Ux=2.7987 Uy=1.0442]
    val_re_rand                loss=3.2679  surf[p=95.5271 Ux=1.3957 Uy=0.5983]  vol[p=86.4603 Ux=3.6970 Uy=1.6097]
    val_single_in_dist         loss=2.8211  surf[p=89.4678 Ux=1.3169 Uy=0.4251]  vol[p=97.0237 Ux=3.7137 Uy=1.3855]
    val_geom_camber_rc         loss=3.4890  surf[p=94.2597 Ux=1.6789 Uy=0.7249]  vol[p=95.3834 Ux=4.4212 Uy=2.1583]
    val_geom_camber_cruise     loss=1.9383  surf[p=62.7402 Ux=0.6925 Uy=0.3774]  vol[p=55.8653 Ux=2.7131 Uy=1.0065]
    val_re_rand                loss=2.7994  surf[p=78.9820 Ux=1.2097 Uy=0.5357]  vol[p=76.0461 Ux=3.4032 Uy=1.5269]
    val_single_in_dist         loss=2.5658  surf[p=81.7437 Ux=1.0536 Uy=0.4286]  vol[p=90.1743 Ux=3.4618 Uy=1.3716]
    val_geom_camber_rc         loss=3.4777  surf[p=97.2185 Ux=1.6734 Uy=0.6624]  vol[p=99.4466 Ux=4.4368 Uy=2.1190]
    val_geom_camber_cruise     loss=1.8034  surf[p=57.5581 Ux=0.6267 Uy=0.3623]  vol[p=52.1234 Ux=2.5904 Uy=0.9883]
    val_re_rand                loss=2.6317  surf[p=74.8406 Ux=1.0811 Uy=0.4996]  vol[p=73.9810 Ux=3.2613 Uy=1.4822]
    val_single_in_dist         loss=2.4208  surf[p=81.2630 Ux=0.8444 Uy=0.4103]  vol[p=88.4147 Ux=3.2357 Uy=1.2897]
    val_geom_camber_rc         loss=3.3939  surf[p=93.9812 Ux=1.6093 Uy=0.6781]  vol[p=93.3720 Ux=4.3389 Uy=2.0899]
    val_geom_camber_cruise     loss=1.8944  surf[p=60.6981 Ux=0.7484 Uy=0.3460]  vol[p=54.1328 Ux=2.7214 Uy=0.9553]
    val_re_rand                loss=2.7232  surf[p=76.5605 Ux=1.1676 Uy=0.5200]  vol[p=72.1368 Ux=3.4220 Uy=1.4740]
    val_single_in_dist         loss=2.1856  surf[p=70.2432 Ux=0.7978 Uy=0.3815]  vol[p=78.4313 Ux=3.2151 Uy=1.2197]
    val_geom_camber_rc         loss=3.2215  surf[p=85.7368 Ux=1.5227 Uy=0.6888]  vol[p=90.9853 Ux=4.0920 Uy=2.0535]
    val_geom_camber_cruise     loss=1.6679  surf[p=51.2254 Ux=0.5794 Uy=0.3592]  vol[p=49.1375 Ux=2.4424 Uy=0.9272]
    val_re_rand                loss=2.5222  surf[p=69.9056 Ux=1.0582 Uy=0.4896]  vol[p=69.4441 Ux=3.2191 Uy=1.4198]
    val_single_in_dist         loss=2.3084  surf[p=71.4926 Ux=1.0567 Uy=0.3652]  vol[p=80.0985 Ux=3.2490 Uy=1.2228]
    val_geom_camber_rc         loss=3.1501  surf[p=85.5510 Ux=1.5103 Uy=0.6304]  vol[p=90.7872 Ux=4.0697 Uy=1.9638]
    val_geom_camber_cruise     loss=1.6243  surf[p=50.7193 Ux=0.6125 Uy=0.3152]  vol[p=47.7157 Ux=2.4439 Uy=0.8858]
    val_re_rand                loss=2.4376  surf[p=69.2930 Ux=0.9906 Uy=0.4678]  vol[p=67.5376 Ux=3.0709 Uy=1.3819]
    val_single_in_dist         loss=2.2533  surf[p=75.3413 Ux=0.8780 Uy=0.3551]  vol[p=77.0008 Ux=3.0113 Uy=1.1711]
    val_geom_camber_rc         loss=3.0289  surf[p=80.3851 Ux=1.4614 Uy=0.6266]  vol[p=83.0356 Ux=4.0570 Uy=1.9278]
    val_geom_camber_cruise     loss=1.6289  surf[p=52.8635 Ux=0.5886 Uy=0.3021]  vol[p=50.5142 Ux=2.3102 Uy=0.8809]
    val_re_rand                loss=2.4727  surf[p=69.7909 Ux=1.0373 Uy=0.4734]  vol[p=68.5999 Ux=3.0559 Uy=1.3735]
    val_single_in_dist         loss=1.8932  surf[p=60.7576 Ux=0.6342 Uy=0.3408]  vol[p=68.9865 Ux=2.8745 Uy=1.1485]
    val_geom_camber_rc         loss=3.0431  surf[p=80.0155 Ux=1.4813 Uy=0.6247]  vol[p=84.9993 Ux=4.1104 Uy=1.9706]
    val_geom_camber_cruise     loss=1.5254  surf[p=48.7246 Ux=0.5460 Uy=0.2933]  vol[p=44.7888 Ux=2.3128 Uy=0.8282]
    val_re_rand                loss=2.4122  surf[p=66.8232 Ux=1.0383 Uy=0.4578]  vol[p=64.9301 Ux=3.1377 Uy=1.3454]
    val_single_in_dist         loss=2.1287  surf[p=70.9310 Ux=0.7283 Uy=0.3819]  vol[p=72.2765 Ux=2.8482 Uy=1.1523]
    val_geom_camber_rc         loss=3.0243  surf[p=80.4782 Ux=1.4432 Uy=0.6364]  vol[p=79.3191 Ux=4.0146 Uy=1.9211]
    val_geom_camber_cruise     loss=1.6456  surf[p=51.4966 Ux=0.6428 Uy=0.3196]  vol[p=46.6750 Ux=2.3647 Uy=0.8540]
    val_re_rand                loss=2.3457  surf[p=65.4788 Ux=0.9819 Uy=0.4564]  vol[p=63.0332 Ux=3.0133 Uy=1.3275]
    val_single_in_dist         loss=2.3429  surf[p=73.9209 Ux=1.0544 Uy=0.3884]  vol[p=76.5830 Ux=3.0382 Uy=1.1662]
    val_geom_camber_rc         loss=2.8599  surf[p=74.8700 Ux=1.4288 Uy=0.5776]  vol[p=75.2076 Ux=3.9965 Uy=1.8656]
    val_geom_camber_cruise     loss=1.6657  surf[p=47.9998 Ux=0.8713 Uy=0.2825]  vol[p=45.0910 Ux=2.5982 Uy=0.8189]
    val_re_rand                loss=2.3023  surf[p=62.7185 Ux=1.0874 Uy=0.4236]  vol[p=62.0212 Ux=3.1055 Uy=1.2815]
    val_single_in_dist         loss=1.9111  surf[p=60.4718 Ux=0.7099 Uy=0.3378]  vol[p=67.8626 Ux=2.8197 Uy=1.0979]
    val_geom_camber_rc         loss=3.0574  surf[p=83.0233 Ux=1.4183 Uy=0.6428]  vol[p=82.4690 Ux=3.8968 Uy=1.9405]
    val_geom_camber_cruise     loss=1.3565  surf[p=41.5781 Ux=0.5202 Uy=0.2624]  vol[p=41.4952 Ux=2.0981 Uy=0.7721]
    val_re_rand                loss=2.3066  surf[p=65.9161 Ux=0.9022 Uy=0.4362]  vol[p=64.0259 Ux=2.8796 Uy=1.2966]
    val_single_in_dist         loss=1.7283  surf[p=53.4250 Ux=0.6306 Uy=0.3168]  vol[p=64.1853 Ux=2.6877 Uy=1.0289]
    val_geom_camber_rc         loss=2.8597  surf[p=75.0223 Ux=1.4656 Uy=0.5666]  vol[p=79.2667 Ux=3.8530 Uy=1.8036]
    val_geom_camber_cruise     loss=1.2722  surf[p=40.5250 Ux=0.4206 Uy=0.2495]  vol[p=37.7562 Ux=2.0588 Uy=0.7463]
    val_re_rand                loss=2.1848  surf[p=61.2478 Ux=0.8884 Uy=0.4081]  vol[p=60.5243 Ux=2.8025 Uy=1.2481]
    val_single_in_dist         loss=1.9666  surf[p=61.2881 Ux=0.8680 Uy=0.3253]  vol[p=63.3819 Ux=2.8466 Uy=1.0036]
    val_geom_camber_rc         loss=2.7826  surf[p=73.3332 Ux=1.3607 Uy=0.5697]  vol[p=76.3875 Ux=3.8479 Uy=1.7665]
    val_geom_camber_cruise     loss=1.2583  surf[p=38.3536 Ux=0.4773 Uy=0.2408]  vol[p=37.7151 Ux=2.1017 Uy=0.7380]
    val_re_rand                loss=2.0955  surf[p=56.7565 Ux=0.8842 Uy=0.4025]  vol[p=55.9651 Ux=2.8448 Uy=1.1983]
    val_single_in_dist         loss=1.7199  surf[p=54.0367 Ux=0.6352 Uy=0.3086]  vol[p=62.7428 Ux=2.6155 Uy=0.9868]
    val_geom_camber_rc         loss=2.7484  surf[p=73.9140 Ux=1.3478 Uy=0.5340]  vol[p=78.3374 Ux=3.7555 Uy=1.7401]
    val_geom_camber_cruise     loss=1.2791  surf[p=41.0135 Ux=0.4172 Uy=0.2514]  vol[p=39.4893 Ux=2.0326 Uy=0.7277]
    val_re_rand                loss=2.1029  surf[p=58.2352 Ux=0.8878 Uy=0.3842]  vol[p=58.5471 Ux=2.7781 Uy=1.1699]
    val_single_in_dist         loss=1.7227  surf[p=55.2303 Ux=0.5992 Uy=0.3134]  vol[p=60.7386 Ux=2.6094 Uy=1.0057]
    val_geom_camber_rc         loss=2.8813  surf[p=77.6342 Ux=1.3880 Uy=0.5794]  vol[p=79.1542 Ux=3.8081 Uy=1.7786]
    val_geom_camber_cruise     loss=1.2127  surf[p=36.9316 Ux=0.4240 Uy=0.2427]  vol[p=36.6678 Ux=2.0931 Uy=0.7362]
    val_re_rand                loss=2.0521  surf[p=55.7258 Ux=0.8487 Uy=0.3929]  vol[p=56.1209 Ux=2.7520 Uy=1.1720]
    val_single_in_dist         loss=1.8247  surf[p=58.4681 Ux=0.7186 Uy=0.3196]  vol[p=59.2062 Ux=2.6041 Uy=0.9647]
    val_geom_camber_rc         loss=2.7018  surf[p=75.8115 Ux=1.2294 Uy=0.5276]  vol[p=74.0250 Ux=3.6721 Uy=1.7013]
    val_geom_camber_cruise     loss=1.1655  surf[p=32.8817 Ux=0.5292 Uy=0.2213]  vol[p=34.0303 Ux=2.0100 Uy=0.6762]
    val_re_rand                loss=2.0115  surf[p=56.3788 Ux=0.8147 Uy=0.3742]  vol[p=55.7997 Ux=2.6927 Uy=1.1403]
    val_single_in_dist         loss=1.6380  surf[p=51.2880 Ux=0.6338 Uy=0.2926]  vol[p=54.8565 Ux=2.4699 Uy=0.9122]
    val_geom_camber_rc         loss=2.5976  surf[p=68.5314 Ux=1.2223 Uy=0.5480]  vol[p=70.5827 Ux=3.6073 Uy=1.6984]
    val_geom_camber_cruise     loss=1.2605  surf[p=36.2691 Ux=0.5987 Uy=0.2296]  vol[p=35.7258 Ux=2.0661 Uy=0.6726]
    val_re_rand                loss=2.0114  surf[p=55.0499 Ux=0.9025 Uy=0.3661]  vol[p=54.4407 Ux=2.7384 Uy=1.1271]
    val_single_in_dist         loss=1.9972  surf[p=72.9818 Ux=0.5697 Uy=0.3336]  vol[p=67.2792 Ux=2.4959 Uy=1.0092]
    val_geom_camber_rc         loss=2.6207  surf[p=74.3734 Ux=1.1229 Uy=0.5269]  vol[p=73.2846 Ux=3.5817 Uy=1.7084]
    val_geom_camber_cruise     loss=1.1813  surf[p=35.6310 Ux=0.4456 Uy=0.2356]  vol[p=35.5187 Ux=1.9463 Uy=0.6735]
    val_re_rand                loss=2.0277  surf[p=57.3155 Ux=0.8048 Uy=0.3737]  vol[p=55.4802 Ux=2.6337 Uy=1.1278]
    val_single_in_dist         loss=1.5110  surf[p=46.3310 Ux=0.5555 Uy=0.2809]  vol[p=53.7435 Ux=2.4088 Uy=0.8887]
    val_geom_camber_rc         loss=2.6443  surf[p=69.4737 Ux=1.3383 Uy=0.5234]  vol[p=71.3125 Ux=3.7370 Uy=1.6608]
    val_geom_camber_cruise     loss=1.1865  surf[p=36.4478 Ux=0.4742 Uy=0.2166]  vol[p=35.0008 Ux=1.9898 Uy=0.6586]
    val_re_rand                loss=2.0094  surf[p=55.3655 Ux=0.8671 Uy=0.3729]  vol[p=54.6484 Ux=2.7138 Uy=1.1127]
    val_single_in_dist         loss=1.6023  surf[p=51.2603 Ux=0.5795 Uy=0.2788]  vol[p=58.9263 Ux=2.5080 Uy=0.8975]
    val_geom_camber_rc         loss=2.4484  surf[p=65.4683 Ux=1.1313 Uy=0.4954]  vol[p=71.7876 Ux=3.5192 Uy=1.6261]
    val_geom_camber_cruise     loss=1.0907  surf[p=33.1363 Ux=0.3830 Uy=0.2208]  vol[p=32.1865 Ux=1.8441 Uy=0.6692]
    val_re_rand                loss=1.8457  surf[p=51.1038 Ux=0.7175 Uy=0.3540]  vol[p=51.6168 Ux=2.5354 Uy=1.0916]
    val_single_in_dist         loss=1.5762  surf[p=48.9359 Ux=0.6249 Uy=0.2791]  vol[p=53.1706 Ux=2.4574 Uy=0.8870]
    val_geom_camber_rc         loss=2.4501  surf[p=62.3617 Ux=1.2349 Uy=0.5096]  vol[p=65.7595 Ux=3.5198 Uy=1.6146]
    val_geom_camber_cruise     loss=1.0573  surf[p=30.3807 Ux=0.4350 Uy=0.2086]  vol[p=30.6570 Ux=1.8711 Uy=0.6382]
    val_re_rand                loss=1.8822  surf[p=49.4769 Ux=0.8328 Uy=0.3569]  vol[p=49.7463 Ux=2.6187 Uy=1.0791]
    val_single_in_dist         loss=1.6065  surf[p=52.4931 Ux=0.5257 Uy=0.3064]  vol[p=52.2316 Ux=2.3875 Uy=0.8609]
    val_geom_camber_rc         loss=2.6424  surf[p=74.6957 Ux=1.1488 Uy=0.5281]  vol[p=71.7036 Ux=3.6380 Uy=1.6659]
    val_geom_camber_cruise     loss=1.0009  surf[p=30.2095 Ux=0.3505 Uy=0.2011]  vol[p=30.0269 Ux=1.7907 Uy=0.6111]
    val_re_rand                loss=1.7974  surf[p=49.5241 Ux=0.6855 Uy=0.3449]  vol[p=49.6783 Ux=2.5198 Uy=1.0612]
    val_single_in_dist         loss=1.4160  surf[p=43.4429 Ux=0.5154 Uy=0.2660]  vol[p=49.2228 Ux=2.3071 Uy=0.8360]
    val_geom_camber_rc         loss=2.3500  surf[p=61.7109 Ux=1.0737 Uy=0.4949]  vol[p=67.0108 Ux=3.4595 Uy=1.5825]
    val_geom_camber_cruise     loss=1.0749  surf[p=32.3760 Ux=0.4225 Uy=0.2049]  vol[p=31.1173 Ux=1.8191 Uy=0.6333]
    val_re_rand                loss=1.8290  surf[p=50.4921 Ux=0.7334 Uy=0.3418]  vol[p=50.9372 Ux=2.5284 Uy=1.0631]
    val_single_in_dist         loss=1.3646  surf[p=41.4665 Ux=0.4668 Uy=0.2696]  vol[p=48.3133 Ux=2.3059 Uy=0.8249]
    val_geom_camber_rc         loss=2.2389  surf[p=58.2328 Ux=1.0283 Uy=0.4677]  vol[p=64.0385 Ux=3.3981 Uy=1.5707]
    val_geom_camber_cruise     loss=0.9652  surf[p=27.9110 Ux=0.3449 Uy=0.2045]  vol[p=29.4890 Ux=1.7253 Uy=0.6201]
    val_re_rand                loss=1.7671  surf[p=47.4156 Ux=0.7031 Uy=0.3408]  vol[p=49.2756 Ux=2.4702 Uy=1.0452]
    val_single_in_dist         loss=1.3570  surf[p=42.2123 Ux=0.4518 Uy=0.2522]  vol[p=51.9133 Ux=2.3383 Uy=0.8112]
    val_geom_camber_rc         loss=2.3181  surf[p=62.6369 Ux=1.0534 Uy=0.4700]  vol[p=68.7350 Ux=3.3936 Uy=1.5317]
    val_geom_camber_cruise     loss=0.9907  surf[p=30.2480 Ux=0.3458 Uy=0.1925]  vol[p=30.1034 Ux=1.7827 Uy=0.6154]
    val_re_rand                loss=1.7696  surf[p=48.9183 Ux=0.6963 Uy=0.3296]  vol[p=48.9008 Ux=2.4960 Uy=1.0238]
    val_single_in_dist         loss=1.2756  surf[p=38.4559 Ux=0.4312 Uy=0.2510]  vol[p=46.3073 Ux=2.2401 Uy=0.7931]
    val_geom_camber_rc         loss=2.3313  surf[p=62.7304 Ux=1.0409 Uy=0.4776]  vol[p=66.7113 Ux=3.4509 Uy=1.5674]
    val_geom_camber_cruise     loss=0.9540  surf[p=28.4110 Ux=0.3480 Uy=0.1880]  vol[p=29.2788 Ux=1.7349 Uy=0.5890]
    val_re_rand                loss=1.7253  surf[p=47.6856 Ux=0.6567 Uy=0.3254]  vol[p=48.9480 Ux=2.4269 Uy=1.0195]
    val_single_in_dist         loss=1.4803  surf[p=48.1775 Ux=0.5190 Uy=0.2596]  vol[p=54.7685 Ux=2.2374 Uy=0.7990]
    val_geom_camber_rc         loss=2.3088  surf[p=63.5971 Ux=1.0003 Uy=0.4751]  vol[p=66.5581 Ux=3.3112 Uy=1.5194]
    val_geom_camber_cruise     loss=0.9582  surf[p=29.1117 Ux=0.3315 Uy=0.1868]  vol[p=30.1408 Ux=1.7562 Uy=0.5956]
    val_re_rand                loss=1.7308  surf[p=48.3314 Ux=0.6481 Uy=0.3230]  vol[p=48.6019 Ux=2.4243 Uy=1.0050]
    val_single_in_dist         loss=1.3501  surf[p=43.2439 Ux=0.4333 Uy=0.2514]  vol[p=46.4361 Ux=2.2419 Uy=0.8062]
    val_geom_camber_rc         loss=2.3767  surf[p=62.7242 Ux=1.0625 Uy=0.5245]  vol[p=62.8449 Ux=3.3539 Uy=1.5641]
    val_geom_camber_cruise     loss=0.9070  surf[p=26.4003 Ux=0.3293 Uy=0.1851]  vol[p=26.9041 Ux=1.7077 Uy=0.5799]
    val_re_rand                loss=1.7720  surf[p=47.9487 Ux=0.6918 Uy=0.3422]  vol[p=47.7063 Ux=2.4394 Uy=1.0280]
    val_single_in_dist         loss=1.2534  surf[p=38.4723 Ux=0.4224 Uy=0.2402]  vol[p=44.8995 Ux=2.1619 Uy=0.7645]
    val_geom_camber_rc         loss=2.1539  surf[p=56.7966 Ux=0.9539 Uy=0.4560]  vol[p=60.9636 Ux=3.2728 Uy=1.4902]
    val_geom_camber_cruise     loss=0.8789  surf[p=24.3625 Ux=0.3478 Uy=0.1835]  vol[p=25.7545 Ux=1.6689 Uy=0.5641]
    val_re_rand                loss=1.6519  surf[p=45.1216 Ux=0.6253 Uy=0.3191]  vol[p=45.5476 Ux=2.3777 Uy=0.9881]
    val_single_in_dist         loss=1.2983  surf[p=41.7070 Ux=0.4216 Uy=0.2381]  vol[p=44.9766 Ux=2.1877 Uy=0.7745]
    val_geom_camber_rc         loss=2.1630  surf[p=58.6424 Ux=0.9337 Uy=0.4507]  vol[p=62.2923 Ux=3.2587 Uy=1.4692]
    val_geom_camber_cruise     loss=0.8594  surf[p=24.6500 Ux=0.3128 Uy=0.1753]  vol[p=27.2784 Ux=1.6488 Uy=0.5598]
    val_re_rand                loss=1.6339  surf[p=44.9972 Ux=0.6066 Uy=0.3110]  vol[p=45.5276 Ux=2.3385 Uy=0.9706]
    val_single_in_dist         loss=1.2536  surf[p=36.9306 Ux=0.4619 Uy=0.2469]  vol[p=44.5133 Ux=2.1466 Uy=0.7668]
    val_geom_camber_rc         loss=2.0902  surf[p=56.4661 Ux=0.8966 Uy=0.4330]  vol[p=61.6628 Ux=3.2080 Uy=1.4599]
    val_geom_camber_cruise     loss=0.8754  surf[p=25.0649 Ux=0.3332 Uy=0.1753]  vol[p=26.5915 Ux=1.6777 Uy=0.5605]
    val_re_rand                loss=1.6064  surf[p=43.9407 Ux=0.6037 Uy=0.3094]  vol[p=44.9885 Ux=2.3386 Uy=0.9589]
    val_single_in_dist         loss=1.2252  surf[p=37.3046 Ux=0.4183 Uy=0.2382]  vol[p=43.1837 Ux=2.1183 Uy=0.7434]
    val_geom_camber_rc         loss=2.1062  surf[p=56.7922 Ux=0.8896 Uy=0.4514]  vol[p=61.3146 Ux=3.1445 Uy=1.4470]
    val_geom_camber_cruise     loss=0.9036  surf[p=25.8555 Ux=0.3587 Uy=0.1789]  vol[p=26.5136 Ux=1.6831 Uy=0.5705]
    val_re_rand                loss=1.6225  surf[p=44.5043 Ux=0.6085 Uy=0.3152]  vol[p=45.0805 Ux=2.3096 Uy=0.9638]
    val_single_in_dist         loss=1.3231  surf[p=42.3846 Ux=0.4605 Uy=0.2428]  vol[p=43.9157 Ux=2.1464 Uy=0.7387]
    val_geom_camber_rc         loss=2.0897  surf[p=56.7734 Ux=0.8976 Uy=0.4347]  vol[p=59.3880 Ux=3.1585 Uy=1.4377]
    val_geom_camber_cruise     loss=0.8998  surf[p=25.3588 Ux=0.3706 Uy=0.1773]  vol[p=27.2339 Ux=1.6789 Uy=0.5590]
    val_re_rand                loss=1.6135  surf[p=44.4296 Ux=0.6186 Uy=0.3065]  vol[p=45.0749 Ux=2.2974 Uy=0.9454]
    val_single_in_dist         loss=1.1217  surf[p=32.8009 Ux=0.3745 Uy=0.2258]  vol[p=42.1062 Ux=2.0816 Uy=0.7195]
    val_geom_camber_rc         loss=2.1245  surf[p=56.0150 Ux=0.9733 Uy=0.4333]  vol[p=60.9268 Ux=3.3196 Uy=1.4392]
    val_geom_camber_cruise     loss=0.8495  surf[p=24.8279 Ux=0.3072 Uy=0.1699]  vol[p=25.9800 Ux=1.6155 Uy=0.5491]
    val_re_rand                loss=1.5769  surf[p=42.7965 Ux=0.6052 Uy=0.2997]  vol[p=43.8613 Ux=2.2929 Uy=0.9428]
    val_single_in_dist         loss=1.1427  surf[p=34.0731 Ux=0.3784 Uy=0.2294]  vol[p=41.7872 Ux=2.0773 Uy=0.7194]
    val_geom_camber_rc         loss=2.0786  surf[p=56.5476 Ux=0.8723 Uy=0.4363]  vol[p=62.8091 Ux=3.1649 Uy=1.4014]
    val_geom_camber_cruise     loss=0.8400  surf[p=23.7546 Ux=0.3229 Uy=0.1712]  vol[p=25.3267 Ux=1.6008 Uy=0.5431]
    val_re_rand                loss=1.5814  surf[p=42.9273 Ux=0.6015 Uy=0.3065]  vol[p=43.9846 Ux=2.2609 Uy=0.9439]
    val_single_in_dist         loss=1.2076  surf[p=38.4664 Ux=0.3839 Uy=0.2295]  vol[p=42.1624 Ux=2.0272 Uy=0.7086]
    val_geom_camber_rc         loss=2.0131  surf[p=54.9278 Ux=0.8407 Uy=0.4189]  vol[p=58.6833 Ux=3.1174 Uy=1.4020]
    val_geom_camber_cruise     loss=0.8247  surf[p=23.6199 Ux=0.3065 Uy=0.1667]  vol[p=25.3469 Ux=1.5883 Uy=0.5379]
    val_re_rand                loss=1.5330  surf[p=41.7363 Ux=0.5712 Uy=0.2944]  vol[p=43.2015 Ux=2.2253 Uy=0.9231]
    val_single_in_dist         loss=1.1564  surf[p=35.2591 Ux=0.3764 Uy=0.2290]  vol[p=40.8452 Ux=2.0249 Uy=0.7168]
    val_geom_camber_rc         loss=2.0503  surf[p=56.0812 Ux=0.8670 Uy=0.4250]  vol[p=60.6781 Ux=3.0837 Uy=1.3953]
    val_geom_camber_cruise     loss=0.7867  surf[p=21.6485 Ux=0.2976 Uy=0.1649]  vol[p=24.6725 Ux=1.5537 Uy=0.5333]
    val_re_rand                loss=1.5490  surf[p=42.2420 Ux=0.5847 Uy=0.2954]  vol[p=43.4693 Ux=2.2368 Uy=0.9242]
    val_single_in_dist         loss=1.0991  surf[p=33.2970 Ux=0.3545 Uy=0.2171]  vol[p=39.7449 Ux=2.0083 Uy=0.6965]
    val_geom_camber_rc         loss=1.9794  surf[p=53.8051 Ux=0.8297 Uy=0.4131]  vol[p=58.7054 Ux=3.0442 Uy=1.3680]
    val_geom_camber_cruise     loss=0.8137  surf[p=23.5026 Ux=0.2882 Uy=0.1687]  vol[p=24.7597 Ux=1.5572 Uy=0.5316]
    val_re_rand                loss=1.5065  surf[p=41.0627 Ux=0.5547 Uy=0.2904]  vol[p=42.6379 Ux=2.2117 Uy=0.9136]
    val_single_in_dist         loss=1.0883  surf[p=32.1164 Ux=0.3621 Uy=0.2180]  vol[p=40.0930 Ux=2.0142 Uy=0.7007]
    val_geom_camber_rc         loss=2.0270  surf[p=55.4627 Ux=0.8576 Uy=0.4219]  vol[p=59.2443 Ux=3.0298 Uy=1.3819]
    val_geom_camber_cruise     loss=0.7987  surf[p=23.4546 Ux=0.2791 Uy=0.1592]  vol[p=24.8117 Ux=1.5515 Uy=0.5300]
    val_re_rand                loss=1.5019  surf[p=40.6265 Ux=0.5596 Uy=0.2913]  vol[p=42.2413 Ux=2.1882 Uy=0.9078]
    val_single_in_dist         loss=1.0736  surf[p=31.5764 Ux=0.3620 Uy=0.2154]  vol[p=39.2278 Ux=1.9715 Uy=0.6923]
    val_geom_camber_rc         loss=1.9468  surf[p=53.0518 Ux=0.8041 Uy=0.4088]  vol[p=57.7177 Ux=2.9974 Uy=1.3580]
    val_geom_camber_cruise     loss=0.7566  surf[p=21.0556 Ux=0.2702 Uy=0.1593]  vol[p=23.9135 Ux=1.5311 Uy=0.5242]
    val_re_rand                loss=1.4845  surf[p=40.3932 Ux=0.5356 Uy=0.2881]  vol[p=42.2137 Ux=2.1715 Uy=0.9048]
    val_single_in_dist         loss=1.0387  surf[p=30.3416 Ux=0.3393 Uy=0.2112]  vol[p=39.0543 Ux=1.9609 Uy=0.6737]
    val_geom_camber_rc         loss=1.9723  surf[p=54.0448 Ux=0.8173 Uy=0.4086]  vol[p=58.7322 Ux=3.0471 Uy=1.3687]
    val_geom_camber_cruise     loss=0.7686  surf[p=21.6859 Ux=0.2757 Uy=0.1586]  vol[p=24.1860 Ux=1.5510 Uy=0.5197]
    val_re_rand                loss=1.4807  surf[p=40.3495 Ux=0.5388 Uy=0.2848]  vol[p=42.1794 Ux=2.1897 Uy=0.8984]
    val_single_in_dist         loss=1.0769  surf[p=33.0237 Ux=0.3353 Uy=0.2101]  vol[p=40.2416 Ux=1.9543 Uy=0.6821]
    val_geom_camber_rc         loss=1.9514  surf[p=53.3623 Ux=0.8037 Uy=0.4065]  vol[p=58.3822 Ux=2.9957 Uy=1.3608]
    val_geom_camber_cruise     loss=0.7560  surf[p=21.2105 Ux=0.2656 Uy=0.1579]  vol[p=23.9516 Ux=1.5411 Uy=0.5245]
    val_re_rand                loss=1.4735  surf[p=40.0874 Ux=0.5384 Uy=0.2821]  vol[p=41.8887 Ux=2.1615 Uy=0.8957]
    val_single_in_dist         loss=1.0191  surf[p=29.1060 Ux=0.3504 Uy=0.2086]  vol[p=37.4772 Ux=1.9482 Uy=0.6694]
    val_geom_camber_rc         loss=1.9480  surf[p=53.2950 Ux=0.8124 Uy=0.4028]  vol[p=57.3399 Ux=2.9990 Uy=1.3556]
    val_geom_camber_cruise     loss=0.7475  surf[p=20.9914 Ux=0.2740 Uy=0.1509]  vol[p=23.7081 Ux=1.5326 Uy=0.5142]
    val_re_rand                loss=1.4546  surf[p=39.4495 Ux=0.5329 Uy=0.2790]  vol[p=41.3016 Ux=2.1630 Uy=0.8929]
    val_single_in_dist         loss=1.0608  surf[p=30.9627 Ux=0.3732 Uy=0.2085]  vol[p=39.0196 Ux=1.9703 Uy=0.6783]
    val_geom_camber_rc         loss=1.8964  surf[p=51.7414 Ux=0.7756 Uy=0.3953]  vol[p=56.7857 Ux=2.9604 Uy=1.3428]
    val_geom_camber_cruise     loss=0.7339  surf[p=20.2430 Ux=0.2673 Uy=0.1527]  vol[p=23.2644 Ux=1.5138 Uy=0.5154]
    val_re_rand                loss=1.4363  surf[p=39.1942 Ux=0.5147 Uy=0.2753]  vol[p=41.3422 Ux=2.1400 Uy=0.8898]
    val_single_in_dist         loss=1.0066  surf[p=29.6226 Ux=0.3208 Uy=0.2044]  vol[p=37.6541 Ux=1.9221 Uy=0.6602]
    val_geom_camber_rc         loss=1.9337  surf[p=53.2213 Ux=0.7847 Uy=0.4025]  vol[p=57.5932 Ux=2.9585 Uy=1.3494]
    val_geom_camber_cruise     loss=0.7436  surf[p=20.3559 Ux=0.2754 Uy=0.1562]  vol[p=23.4881 Ux=1.5275 Uy=0.5132]
    val_re_rand                loss=1.4384  surf[p=39.0972 Ux=0.5177 Uy=0.2771]  vol[p=41.2050 Ux=2.1387 Uy=0.8860]
    val_single_in_dist         loss=1.0235  surf[p=30.6341 Ux=0.3156 Uy=0.2084]  vol[p=37.6751 Ux=1.9094 Uy=0.6699]
    val_geom_camber_rc         loss=1.8955  surf[p=51.7050 Ux=0.7768 Uy=0.3970]  vol[p=56.7171 Ux=2.9366 Uy=1.3266]
    val_geom_camber_cruise     loss=0.7245  surf[p=19.9342 Ux=0.2652 Uy=0.1496]  vol[p=23.0729 Ux=1.5101 Uy=0.5124]
    val_re_rand                loss=1.4177  surf[p=38.2439 Ux=0.5135 Uy=0.2757]  vol[p=40.3904 Ux=2.1202 Uy=0.8785]
    val_single_in_dist         loss=0.9626  surf[p=27.4063 Ux=0.3102 Uy=0.2012]  vol[p=36.5659 Ux=1.8962 Uy=0.6538]
    val_geom_camber_rc         loss=1.9027  surf[p=52.1504 Ux=0.7701 Uy=0.3989]  vol[p=57.0198 Ux=2.9360 Uy=1.3301]
    val_geom_camber_cruise     loss=0.7208  surf[p=19.8765 Ux=0.2554 Uy=0.1510]  vol[p=23.4065 Ux=1.5103 Uy=0.5103]
    val_re_rand                loss=1.4266  surf[p=38.7615 Ux=0.5101 Uy=0.2760]  vol[p=40.8790 Ux=2.1196 Uy=0.8777]
    val_single_in_dist         loss=0.9589  surf[p=27.3715 Ux=0.3096 Uy=0.2006]  vol[p=36.0532 Ux=1.8739 Uy=0.6508]
    val_geom_camber_rc         loss=1.8853  surf[p=51.2275 Ux=0.7742 Uy=0.3937]  vol[p=56.5153 Ux=2.9606 Uy=1.3298]
    val_geom_camber_cruise     loss=0.7256  surf[p=19.9260 Ux=0.2612 Uy=0.1526]  vol[p=23.2104 Ux=1.5088 Uy=0.5107]
    val_re_rand                loss=1.4077  surf[p=37.8646 Ux=0.5080 Uy=0.2741]  vol[p=40.3219 Ux=2.1199 Uy=0.8744]
    val_single_in_dist         loss=0.9781  surf[p=28.5281 Ux=0.3095 Uy=0.2011]  vol[p=36.9045 Ux=1.8823 Uy=0.6528]
    val_geom_camber_rc         loss=1.8761  surf[p=50.9184 Ux=0.7590 Uy=0.3973]  vol[p=56.6513 Ux=2.9274 Uy=1.3351]
    val_geom_camber_cruise     loss=0.7180  surf[p=19.6592 Ux=0.2572 Uy=0.1515]  vol[p=22.9662 Ux=1.5071 Uy=0.5090]
    val_re_rand                loss=1.4101  surf[p=38.2945 Ux=0.4995 Uy=0.2730]  vol[p=40.7407 Ux=2.1118 Uy=0.8768]
Training done in 30.1 min
Lion momentum non-zero fraction at terminal: 0.9987 (328190/328619 elements)
Best val: epoch 59, val_avg/mae_surf_p = 34.0974
LayerScale final gammas (best-checkpoint weights):
  block[0]: gamma_attn mean=0.003400 abs_mean=0.016645 | gamma_mlp mean=-0.002194 abs_mean=0.072859
  block[1]: gamma_attn mean=0.002347 abs_mean=0.024747 | gamma_mlp mean=-0.006464 abs_mean=0.098832
  block[2]: gamma_attn mean=0.001048 abs_mean=0.019016 | gamma_mlp mean=0.001656 abs_mean=0.108441
  block[3]: gamma_attn mean=0.000023 abs_mean=0.008860 | gamma_mlp mean=0.010411 abs_mean=0.095518
Feature-stream FiLM final diagnostics (best-checkpoint weights):
  film.weight.norm: 2.5514
  film.bias.norm:   0.8315
  film_scale |1+gamma| mean on val_re_rand batch: 0.9215
[end_ep59] alpha-entmax(1.5) MHA diagnostics:
Block   Sparsity     Top-1   NonZero/G   MaxProb
Evaluating on held-out test splits...
Test: test_single_in_dist: 200, test_geom_camber_rc: 200, test_geom_camber_cruise: 200, test_re_rand: 200
  TEST  avg_surf_p=29.1550
    test_single_in_dist        loss=0.9435  surf[p=25.9286 Ux=0.3292 Uy=0.2031]  vol[p=32.9988 Ux=1.7527 Uy=0.6388]
    test_geom_camber_rc        loss=1.6964  surf[p=44.6192 Ux=0.7293 Uy=0.3651]  vol[p=49.9118 Ux=2.8896 Uy=1.2311]
    test_geom_camber_cruise    loss=nan  surf[p=16.2995 Ux=0.2294 Uy=0.1312]  vol[p=19.6532 Ux=1.3914 Uy=0.4564]
    test_re_rand               loss=1.0921  surf[p=29.7727 Ux=0.4030 Uy=0.2295]  vol[p=32.7018 Ux=1.9179 Uy=0.7580]
Saved experiment summary to models/model-charliepai2g48h5-askeladd-entmax15-attn-20260514-013731/metrics.yaml
