Device: cuda
Train: 1499, val_single_in_dist: 100, val_geom_camber_rc: 100, val_geom_camber_cruise: 100, val_re_rand: 100
[H90] model_class=geompnn — skipping FourierCoordEnc (raw normalized x).
Model: GeoMPNN hidden=288 layers=5 k=16 (3.13M params)
n_params (total trainable): 3133443
[H90] layer 0: layer_scale init avg=0.1000 (target 0.1)
[H90] layer 1: layer_scale init avg=0.1000 (target 0.1)
[H90] layer 2: layer_scale init avg=0.1000 (target 0.1)
[H90] layer 3: layer_scale init avg=0.1000 (target 0.1)
[H90] layer 4: layer_scale init avg=0.1000 (target 0.1)
[H90] Optimizer param groups: other lr=5.00e-04 wd=1e-04 (3132003 params), layerscale lr=5.00e-03 wd=0e+00 (1440 params, expected 1440)
LR schedule: linear warmup over 750 batches (1 epoch), then cosine T_max=10500 batches (14 epochs)
Epoch 1/12:   0%|          | 0/750 [00:00<?, ?it/s]Epoch 1/12:   0%|          | 1/750 [00:02<34:03,  2.73s/it]                                                           Traceback (most recent call last):
  File "/workspace/senpai/target/train.py", line 968, in <module>
    pred = model({"x": x_norm, "pos": pos, "mask": mask})["preds"]
  File "/usr/local/lib/python3.10/dist-packages/torch/nn/modules/module.py", line 1779, in _wrapped_call_impl
    return self._call_impl(*args, **kwargs)
  File "/usr/local/lib/python3.10/dist-packages/torch/nn/modules/module.py", line 1790, in _call_impl
    return forward_call(*args, **kwargs)
  File "/workspace/senpai/target/train.py", line 493, in forward
    h = layer(h, edge_h, knn_idx)
  File "/usr/local/lib/python3.10/dist-packages/torch/nn/modules/module.py", line 1779, in _wrapped_call_impl
    return self._call_impl(*args, **kwargs)
  File "/usr/local/lib/python3.10/dist-packages/torch/nn/modules/module.py", line 1790, in _call_impl
    return forward_call(*args, **kwargs)
  File "/workspace/senpai/target/train.py", line 396, in forward
    msgs = self.msg_out(F.gelu(h_i_p + h_j_p + e_p))             # [B, N, K, H]
torch.OutOfMemoryError: CUDA out of memory. Tried to allocate 4.84 GiB. GPU 0 has a total capacity of 94.97 GiB of which 185.75 MiB is free. Including non-PyTorch memory, this process has 94.78 GiB memory in use. Of the allocated memory 92.61 GiB is allocated by PyTorch, and 1.53 GiB is reserved by PyTorch but unallocated. If reserved but unallocated memory is large try setting PYTORCH_CUDA_ALLOC_CONF=expandable_segments:True to avoid fragmentation.  See documentation for Memory Management  (https://docs.pytorch.org/docs/stable/notes/cuda.html#optimizing-memory-usage-with-pytorch-cuda-alloc-conf)
