Device: cuda [DEBUG]
Train: 6, val_single_in_dist: 2, val_geom_camber_rc: 2, val_geom_camber_cruise: 2, val_re_rand: 2
slice_num: 32
slice_num=32 (was 24, +33% routing capacity); in_project_slice = Linear(48, 32) per head — rectangular projection with 16 dims of headroom; total slice tokens per sample: 64 (vs 48 baseline slice_num=24); isolates slice-routing capacity axis without touching n_head/dim_head
n_head: 2 (dim_head=48)
Depth: n_layers=4 (TransolverBlock x 4) — depth-down probe, budget-bound vs capacity-saturated diagnostic
Width: n_hidden=96 (hidden_dim=96, down from 128) — budget-freeing width-down probe; ~40-45% per-epoch wall-clock savings
Model: Transolver (0.41M params)
LayerScale: per-channel learnable gain init=1e-4 on both attn and mlp residual branches in all 4 TransolverBlocks
Feature-stream FiLM gate: zero-init Linear(3, 96) applied before block 0; channels [13, 14, 18] = [log_Re, AoA0_rad, AoA1_rad] (per #2531); residual-stream conditioning vs output-side (closed #2531+#2588); +~384 params; baseline to beat: val_avg/mae_surf_p < 33.4935
Actual total params: 409508
Squeeze-Excitation with ATTENTION POOL (block 3 only, deepest): added 1 SE modules, +4825 params (reduction=4); attention pool: Linear(96,1) -> softmax over tokens (masked); fc1(96->24) -> GELU -> fc2(24->96) -> sigmoid -> broadcast multiply; applied at END of TransolverBlock 3 only (blocks 0..2 carry no SE); zero-init fc2 -> gate=0.5 uniform at step 0; attn_pool trunc_normal_ init (std=0.02) -> softmax over T~100K ~ uniform at step 0 (~mean pool baseline); baseline to beat: val_avg/mae_surf_p < 31.3216 (SE r=4 mean pool #2765)
SwiGLU MLP (Shazeer 2020): replaced GELU-MLP in 4 TransolverBlocks; hidden_swiglu=192 (param-matched: round(d*mlp_ratio*2/3)/8 from full hidden 288); act=SiLU; total SwiGLU params=223104 vs standard-MLP params=222720 (delta=+384, +0.17%); baseline to beat: val_avg/mae_surf_p < 33.0195
torch.compile: enabled (dynamic=True)
AMP: bfloat16
Optimizer: Lion (Chen et al. 2023) | lr=0.0005, wd=0.0001, betas=(0.9, 0.99) | sign-based momentum update | replaces AdamW
Lion LR sweep: lr=0.0005 (1.5x the #2524 baseline lr=1e-4); wd=3e-4, betas=(0.9, 0.99); new baseline to beat: val_avg/mae_surf_p < 36.3994
Scheduler: LinearLR(0.1->1.0 over 3 epochs) -> CosineAnnealingLR(T_max=1)
LR check ep0: 0.000050 (expect 0.000050)
Epoch 1/3:   0%|          | 0/2 [00:00<?, ?it/s]/usr/local/lib/python3.10/dist-packages/torch/_inductor/lowering.py:7836: UserWarning: 
Online softmax is disabled on the fly since Inductor decides to
split the reduction. Cut an issue to PyTorch if this is an
important use case and you want to speed it up with online
softmax.

  warnings.warn(
Epoch 1/3:  50%|█████     | 1/2 [00:28<00:28, 28.62s/it]/usr/local/lib/python3.10/dist-packages/torch/_inductor/lowering.py:7836: UserWarning: 
Online softmax is disabled on the fly since Inductor decides to
split the reduction. Cut an issue to PyTorch if this is an
important use case and you want to speed it up with online
softmax.

  warnings.warn(
Epoch 1/3: 100%|██████████| 2/2 [00:49<00:00, 23.82s/it]                                                        /usr/local/lib/python3.10/dist-packages/torch/_inductor/lowering.py:7836: UserWarning: 
Online softmax is disabled on the fly since Inductor decides to
split the reduction. Cut an issue to PyTorch if this is an
important use case and you want to speed it up with online
softmax.

  warnings.warn(
Epoch   1 (58s) [5.9GB]  train[vol=1.6812 surf=1.6433]  val_avg_surf_p=494.4149 *
    val_single_in_dist         loss=35.1848  surf[p=1077.1199 Ux=27.3455 Uy=3.3939]  vol[p=910.2214 Ux=24.6957 Uy=7.9828]
    val_geom_camber_rc         loss=24.7828  surf[p=577.0406 Ux=21.9497 Uy=3.7443]  vol[p=556.5365 Ux=16.5057 Uy=7.7124]
    val_geom_camber_cruise     loss=15.7895  surf[p=224.4171 Ux=21.3275 Uy=1.3482]  vol[p=210.5973 Ux=15.1938 Uy=2.9530]
    val_re_rand                loss=13.9847  surf[p=99.0818 Ux=21.9707 Uy=1.1965]  vol[p=111.6380 Ux=16.9049 Uy=2.6350]
Epoch 2/3:   0%|          | 0/2 [00:00<?, ?it/s]Epoch 2/3:  50%|█████     | 1/2 [00:00<00:00,  9.11it/s]                                                        Epoch   2 (0s) [5.9GB]  train[vol=1.9514 surf=1.8382]  val_avg_surf_p=485.3993 *
    val_single_in_dist         loss=34.8825  surf[p=1068.6967 Ux=27.2784 Uy=3.2631]  vol[p=899.4673 Ux=24.8785 Uy=7.9260]
    val_geom_camber_rc         loss=24.3813  surf[p=572.0048 Ux=21.6114 Uy=3.5876]  vol[p=550.7111 Ux=16.5174 Uy=7.6817]
    val_geom_camber_cruise     loss=15.3418  surf[p=213.4004 Ux=20.9128 Uy=1.2602]  vol[p=209.6335 Ux=15.1147 Uy=2.9548]
    val_re_rand                loss=13.3115  surf[p=87.4953 Ux=21.2603 Uy=1.0373]  vol[p=107.8537 Ux=16.8091 Uy=2.6048]
Epoch 3/3:   0%|          | 0/2 [00:00<?, ?it/s]Epoch 3/3: 100%|██████████| 2/2 [00:00<00:00, 18.18it/s]                                                        Epoch   3 (0s) [5.9GB]  train[vol=1.7453 surf=1.6590]  val_avg_surf_p=471.4255 *
    val_single_in_dist         loss=34.6402  surf[p=1059.6027 Ux=27.1585 Uy=3.2303]  vol[p=880.8511 Ux=25.1571 Uy=7.8761]
    val_geom_camber_rc         loss=23.9132  surf[p=564.2959 Ux=21.0213 Uy=3.5249]  vol[p=540.4974 Ux=16.5264 Uy=7.6349]
    val_geom_camber_cruise     loss=14.7027  surf[p=193.0149 Ux=20.2162 Uy=1.2516]  vol[p=206.7743 Ux=14.9654 Uy=2.9613]
    val_re_rand                loss=12.3979  surf[p=68.7885 Ux=20.0234 Uy=0.9916]  vol[p=100.7889 Ux=16.6100 Uy=2.5655]

Training done in 1.0 min
Lion momentum non-zero fraction at terminal: 0.7259 (297256/409508 elements)

Best val: epoch 3, val_avg/mae_surf_p = 471.4255

LayerScale final gammas (best-checkpoint weights):
  block[0]: gamma_attn mean=0.000372 abs_mean=0.000945 | gamma_mlp mean=0.000085 abs_mean=0.001004
  block[1]: gamma_attn mean=-0.000009 abs_mean=0.000947 | gamma_mlp mean=0.000297 abs_mean=0.000978
  block[2]: gamma_attn mean=0.000327 abs_mean=0.000946 | gamma_mlp mean=0.000311 abs_mean=0.000993
  block[3]: gamma_attn mean=0.000154 abs_mean=0.000965 | gamma_mlp mean=0.000258 abs_mean=0.000981

Feature-stream FiLM final diagnostics (best-checkpoint weights):
  film.weight.norm: 0.0162
  film.bias.norm:   0.0093
  film_scale |1+gamma| mean on val_re_rand batch: 0.9999

PhysicsAttention slice-routing entropy per split (best-checkpoint, slice_num=32):
  Split: val_single_in_dist
    block[0]: range_means=0.0001  h0[mean=3.4644 min=3.4628 max=3.4654 std=0.0006]  h1[mean=3.4643 min=3.4631 max=3.4653 std=0.0006]  temp_per_head=[0.4994, 0.5005]
    block[1]: range_means=0.0009  h0[mean=3.4649 min=3.4632 max=3.4656 std=0.0004]  h1[mean=3.4640 min=3.4607 max=3.4653 std=0.0013]  temp_per_head=[0.4988, 0.4988]
    block[2]: range_means=0.0002  h0[mean=3.4643 min=3.4616 max=3.4654 std=0.0007]  h1[mean=3.4645 min=3.4634 max=3.4651 std=0.0003]  temp_per_head=[0.4998, 0.5007]
    block[3]: range_means=0.0000  h0[mean=3.4645 min=3.4628 max=3.4653 std=0.0006]  h1[mean=3.4645 min=3.4633 max=3.4651 std=0.0004]  temp_per_head=[0.4993, 0.501]
  Split: val_geom_camber_rc
    block[0]: range_means=0.0002  h0[mean=3.4645 min=3.4633 max=3.4652 std=0.0003]  h1[mean=3.4644 min=3.4630 max=3.4649 std=0.0002]  temp_per_head=[0.4994, 0.5005]
    block[1]: range_means=0.0003  h0[mean=3.4645 min=3.4627 max=3.4651 std=0.0004]  h1[mean=3.4642 min=3.4629 max=3.4654 std=0.0005]  temp_per_head=[0.4988, 0.4988]
    block[2]: range_means=0.0004  h0[mean=3.4641 min=3.4618 max=3.4652 std=0.0007]  h1[mean=3.4644 min=3.4635 max=3.4653 std=0.0003]  temp_per_head=[0.4998, 0.5007]
    block[3]: range_means=0.0001  h0[mean=3.4645 min=3.4633 max=3.4654 std=0.0004]  h1[mean=3.4646 min=3.4637 max=3.4652 std=0.0003]  temp_per_head=[0.4993, 0.501]
  Split: val_geom_camber_cruise
    block[0]: range_means=0.0009  h0[mean=3.4637 min=3.4620 max=3.4648 std=0.0006]  h1[mean=3.4646 min=3.4632 max=3.4653 std=0.0003]  temp_per_head=[0.4994, 0.5005]
    block[1]: range_means=0.0001  h0[mean=3.4645 min=3.4631 max=3.4651 std=0.0002]  h1[mean=3.4643 min=3.4632 max=3.4653 std=0.0004]  temp_per_head=[0.4988, 0.4988]
    block[2]: range_means=0.0000  h0[mean=3.4645 min=3.4628 max=3.4653 std=0.0004]  h1[mean=3.4645 min=3.4630 max=3.4651 std=0.0004]  temp_per_head=[0.4998, 0.5007]
    block[3]: range_means=0.0000  h0[mean=3.4646 min=3.4630 max=3.4653 std=0.0003]  h1[mean=3.4647 min=3.4635 max=3.4653 std=0.0003]  temp_per_head=[0.4993, 0.501]
  Split: val_re_rand
    block[0]: range_means=0.0000  h0[mean=3.4645 min=3.4633 max=3.4653 std=0.0003]  h1[mean=3.4645 min=3.4632 max=3.4650 std=0.0002]  temp_per_head=[0.4994, 0.5005]
    block[1]: range_means=0.0001  h0[mean=3.4645 min=3.4627 max=3.4652 std=0.0004]  h1[mean=3.4644 min=3.4630 max=3.4653 std=0.0005]  temp_per_head=[0.4988, 0.4988]
    block[2]: range_means=0.0001  h0[mean=3.4641 min=3.4622 max=3.4652 std=0.0007]  h1[mean=3.4642 min=3.4631 max=3.4650 std=0.0003]  temp_per_head=[0.4998, 0.5007]
    block[3]: range_means=0.0000  h0[mean=3.4643 min=3.4629 max=3.4653 std=0.0006]  h1[mean=3.4643 min=3.4634 max=3.4649 std=0.0003]  temp_per_head=[0.4993, 0.501]

SE gate stats per split (best-checkpoint weights, block-3-only):
  Split: val_single_in_dist
    SE block[3]: gate mean=0.5000  std=0.0000  min=0.5000  max=0.5000
  Split: val_geom_camber_rc
    SE block[3]: gate mean=0.5000  std=0.0000  min=0.5000  max=0.5000
  Split: val_geom_camber_cruise
    SE block[3]: gate mean=0.5000  std=0.0000  min=0.5000  max=0.5000
  Split: val_re_rand
    SE block[3]: gate mean=0.5000  std=0.0000  min=0.5000  max=0.5000

SE attention-pool stats per split (best-checkpoint weights):
  Split: val_single_in_dist  SE block[3]: max_w_mean=0.0000  entropy_mean=11.3499  surface_frac_mean=0.0191  n_active(w>0.1)_mean=0.0  n_real_mean=84954
  Split: val_geom_camber_rc  SE block[3]: max_w_mean=0.0000  entropy_mean=11.8309  surface_frac_mean=0.0195  n_active(w>0.1)_mean=0.0  n_real_mean=137747
  Split: val_geom_camber_cruise  SE block[3]: max_w_mean=0.0000  entropy_mean=12.2593  surface_frac_mean=0.0155  n_active(w>0.1)_mean=0.0  n_real_mean=211128
  Split: val_re_rand  SE block[3]: max_w_mean=0.0000  entropy_mean=11.7431  surface_frac_mean=0.0196  n_active(w>0.1)_mean=0.0  n_real_mean=126674

SwiGLU gate stats per block (sample val batch, best-checkpoint weights):
  SwiGLU block[0]: gate_mean=0.0011  std=0.0929  abs_mean=0.0734  zero_frac=0.0880  value_abs_mean=0.1511  corr(gate,value)=-0.0684
  SwiGLU block[1]: gate_mean=0.0164  std=0.1044  abs_mean=0.0815  zero_frac=0.0807  value_abs_mean=0.1612  corr(gate,value)=-0.0304
  SwiGLU block[2]: gate_mean=0.0068  std=0.0998  abs_mean=0.0795  zero_frac=0.0792  value_abs_mean=0.1631  corr(gate,value)=0.0525
  SwiGLU block[3]: gate_mean=0.0023  std=0.1001  abs_mean=0.0789  zero_frac=0.0755  value_abs_mean=0.1630  corr(gate,value)=-0.0058

Evaluating on held-out test splits...
Test: test_single_in_dist: 2, test_geom_camber_rc: 2, test_geom_camber_cruise: 2, test_re_rand: 2
