++ date -Is
+ echo '=== sw10 starting 2026-05-15T18:23:17+00:00 ==='
=== sw10 starting 2026-05-15T18:23:17+00:00 ===
+ python train.py --surf_weight 10 --wandb_group surf-weight-sweep --wandb_name sw10 --epochs 50
++ date -Is
+ echo '=== sw10 done 2026-05-15T18:57:27+00:00 exit=0 ==='
=== sw10 done 2026-05-15T18:57:27+00:00 exit=0 ===
++ date -Is
+ echo '=== sw30 starting 2026-05-15T18:57:27+00:00 ==='
=== sw30 starting 2026-05-15T18:57:27+00:00 ===
+ python train.py --surf_weight 30 --wandb_group surf-weight-sweep --wandb_name sw30 --epochs 50
++ date -Is
+ echo '=== sw30 done 2026-05-15T19:31:34+00:00 exit=0 ==='
=== sw30 done 2026-05-15T19:31:34+00:00 exit=0 ===
++ date -Is
+ echo '=== sw80 starting 2026-05-15T19:31:34+00:00 ==='
=== sw80 starting 2026-05-15T19:31:34+00:00 ===
+ python train.py --surf_weight 80 --wandb_group surf-weight-sweep --wandb_name sw80 --epochs 50
++ date -Is
+ echo '=== sw80 done 2026-05-15T20:05:45+00:00 exit=0 ==='
=== sw80 done 2026-05-15T20:05:45+00:00 exit=0 ===
